[0.019s] Invoking command in '/home/jewoo/ros2_ws/src/build/ros2_interfaces_tutorial': CMAKE_PREFIX_PATH=${CMAKE_PREFIX_PATH}:/home/jewoo/ros2_ws/install/ros2_python_tutorial /usr/bin/cmake /home/jewoo/ros2_ws/src/ros2_interfaces_tutorial -DAMENT_CMAKE_SYMLINK_INSTALL=1 -DCMAKE_INSTALL_PREFIX=/home/jewoo/ros2_ws/src/install/ros2_interfaces_tutorial
[0.233s] -- The C compiler identification is GNU 11.4.0
[0.233s] -- The CXX compiler identification is GNU 11.4.0
[0.234s] -- Detecting C compiler ABI info
[0.265s] -- Detecting C compiler ABI info - done
[0.271s] -- Check for working C compiler: /usr/bin/cc - skipped
[0.272s] -- Detecting C compile features
[0.272s] -- Detecting C compile features - done
[0.275s] -- Detecting CXX compiler ABI info
[0.349s] -- Detecting CXX compiler ABI info - done
[0.356s] -- Check for working CXX compiler: /usr/bin/c++ - skipped
[0.356s] -- Detecting CXX compile features
[0.356s] -- Detecting CXX compile features - done
[0.366s] [31mCMake Error at CMakeLists.txt:9 (find_package):
[0.366s]   By not providing "Findament_cmake.cmake" in CMAKE_MODULE_PATH this project
[0.366s]   has asked CMake to find a package configuration file provided by
[0.366s]   "ament_cmake", but CMake did not find one.
[0.366s] 
[0.366s]   Could not find a package configuration file provided by "ament_cmake" with
[0.366s]   any of the following names:
[0.366s] 
[0.367s]     ament_cmakeConfig.cmake
[0.367s]     ament_cmake-config.cmake
[0.367s] 
[0.367s]   Add the installation prefix of "ament_cmake" to CMAKE_PREFIX_PATH or set
[0.367s]   "ament_cmake_DIR" to a directory containing one of the above files.  If
[0.367s]   "ament_cmake" provides a separate development package or SDK, be sure it
[0.367s]   has been installed.
[0.367s] 
[0.367s] [0m
[0.369s] -- Configuring incomplete, errors occurred!
[0.369s] See also "/home/jewoo/ros2_ws/src/build/ros2_interfaces_tutorial/CMakeFiles/CMakeOutput.log".
[0.439s] Invoked command in '/home/jewoo/ros2_ws/src/build/ros2_interfaces_tutorial' returned '1': CMAKE_PREFIX_PATH=${CMAKE_PREFIX_PATH}:/home/jewoo/ros2_ws/install/ros2_python_tutorial /usr/bin/cmake /home/jewoo/ros2_ws/src/ros2_interfaces_tutorial -DAMENT_CMAKE_SYMLINK_INSTALL=1 -DCMAKE_INSTALL_PREFIX=/home/jewoo/ros2_ws/src/install/ros2_interfaces_tutorial
