[0.029s] Invoking command in '/home/jewoo/ros2_ws/build/ros2_interfaces_tutorial': CMAKE_PREFIX_PATH=${CMAKE_PREFIX_PATH}:/opt/ros/humble:/home/jewoo/ros2_ws/install/ros2_python_tutorial /usr/bin/cmake --build /home/jewoo/ros2_ws/build/ros2_interfaces_tutorial -- -j12 -l12
[0.114s] [  2%] Built target ros2_interfaces_tutorial__cpp
[0.117s] [ 12%] Built target ros2_interfaces_tutorial__rosidl_generator_c
[0.131s] [ 12%] Built target ament_cmake_python_symlink_ros2_interfaces_tutorial
[0.164s] [ 23%] Built target ros2_interfaces_tutorial__rosidl_typesupport_introspection_cpp
[0.167s] [ 44%] Built target ros2_interfaces_tutorial__rosidl_typesupport_fastrtps_cpp
[0.168s] [ 44%] Built target ros2_interfaces_tutorial__rosidl_typesupport_introspection_c
[0.168s] [ 61%] Built target ros2_interfaces_tutorial__rosidl_typesupport_cpp
[0.169s] [ 65%] Built target ros2_interfaces_tutorial__rosidl_typesupport_fastrtps_c
[0.170s] [ 76%] Built target ros2_interfaces_tutorial__rosidl_typesupport_c
[0.200s] [ 76%] Built target ros2_interfaces_tutorial
[0.234s] [ 78%] Built target ros2_interfaces_tutorial__py
[0.270s] [ 87%] Built target ros2_interfaces_tutorial__rosidl_generator_py
[0.305s] [ 91%] Built target ros2_interfaces_tutorial__rosidl_typesupport_fastrtps_c__pyext
[0.308s] [ 95%] Built target ros2_interfaces_tutorial__rosidl_typesupport_introspection_c__pyext
[0.313s] [100%] Built target ros2_interfaces_tutorial__rosidl_typesupport_c__pyext
[0.678s] running egg_info
[0.679s] writing ros2_interfaces_tutorial.egg-info/PKG-INFO
[0.680s] writing dependency_links to ros2_interfaces_tutorial.egg-info/dependency_links.txt
[0.680s] writing top-level names to ros2_interfaces_tutorial.egg-info/top_level.txt
[0.736s] reading manifest file 'ros2_interfaces_tutorial.egg-info/SOURCES.txt'
[0.737s] writing manifest file 'ros2_interfaces_tutorial.egg-info/SOURCES.txt'
[0.789s] [100%] Built target ament_cmake_python_build_ros2_interfaces_tutorial_egg
[0.808s] Invoked command in '/home/jewoo/ros2_ws/build/ros2_interfaces_tutorial' returned '0': CMAKE_PREFIX_PATH=${CMAKE_PREFIX_PATH}:/opt/ros/humble:/home/jewoo/ros2_ws/install/ros2_python_tutorial /usr/bin/cmake --build /home/jewoo/ros2_ws/build/ros2_interfaces_tutorial -- -j12 -l12
[0.970s] Invoking command in '/home/jewoo/ros2_ws/build/ros2_interfaces_tutorial': CMAKE_PREFIX_PATH=${CMAKE_PREFIX_PATH}:/opt/ros/humble:/home/jewoo/ros2_ws/install/ros2_python_tutorial /usr/bin/cmake --install /home/jewoo/ros2_ws/build/ros2_interfaces_tutorial
[0.981s] -- Install configuration: ""
[0.981s] -- Execute custom install script
[0.982s] -- Up-to-date symlink: /home/jewoo/ros2_ws/install/ros2_interfaces_tutorial/share/ament_index/resource_index/rosidl_interfaces/ros2_interfaces_tutorial
[0.983s] -- Up-to-date symlink: /home/jewoo/ros2_ws/install/ros2_interfaces_tutorial/include/ros2_interfaces_tutorial/ros2_interfaces_tutorial/msg/detail/sphere__functions.h
[0.983s] -- Up-to-date symlink: /home/jewoo/ros2_ws/install/ros2_interfaces_tutorial/include/ros2_interfaces_tutorial/ros2_interfaces_tutorial/msg/detail/sphere__struct.h
[0.983s] -- Up-to-date symlink: /home/jewoo/ros2_ws/install/ros2_interfaces_tutorial/include/ros2_interfaces_tutorial/ros2_interfaces_tutorial/msg/detail/sphere__type_support.h
[0.984s] -- Up-to-date symlink: /home/jewoo/ros2_ws/install/ros2_interfaces_tutorial/include/ros2_interfaces_tutorial/ros2_interfaces_tutorial/msg/detail/spheres__functions.h
[0.984s] -- Up-to-date symlink: /home/jewoo/ros2_ws/install/ros2_interfaces_tutorial/include/ros2_interfaces_tutorial/ros2_interfaces_tutorial/msg/detail/spheres__struct.h
[0.984s] -- Up-to-date symlink: /home/jewoo/ros2_ws/install/ros2_interfaces_tutorial/include/ros2_interfaces_tutorial/ros2_interfaces_tutorial/msg/detail/spheres__type_support.h
[0.985s] -- Up-to-date symlink: /home/jewoo/ros2_ws/install/ros2_interfaces_tutorial/include/ros2_interfaces_tutorial/ros2_interfaces_tutorial/msg/rosidl_generator_c__visibility_control.h
[0.985s] -- Up-to-date symlink: /home/jewoo/ros2_ws/install/ros2_interfaces_tutorial/include/ros2_interfaces_tutorial/ros2_interfaces_tutorial/msg/sphere.h
[0.985s] -- Up-to-date symlink: /home/jewoo/ros2_ws/install/ros2_interfaces_tutorial/include/ros2_interfaces_tutorial/ros2_interfaces_tutorial/msg/spheres.h
[0.985s] -- Up-to-date symlink: /home/jewoo/ros2_ws/install/ros2_interfaces_tutorial/include/ros2_interfaces_tutorial/ros2_interfaces_tutorial/srv/add_three_ints.h
[0.986s] -- Up-to-date symlink: /home/jewoo/ros2_ws/install/ros2_interfaces_tutorial/include/ros2_interfaces_tutorial/ros2_interfaces_tutorial/srv/detail/add_three_ints__functions.h
[0.986s] -- Up-to-date symlink: /home/jewoo/ros2_ws/install/ros2_interfaces_tutorial/include/ros2_interfaces_tutorial/ros2_interfaces_tutorial/srv/detail/add_three_ints__struct.h
[0.986s] -- Up-to-date symlink: /home/jewoo/ros2_ws/install/ros2_interfaces_tutorial/include/ros2_interfaces_tutorial/ros2_interfaces_tutorial/srv/detail/add_three_ints__type_support.h
[0.986s] -- Up-to-date symlink: /home/jewoo/ros2_ws/install/ros2_interfaces_tutorial/share/ros2_interfaces_tutorial/environment/library_path.sh
[0.987s] -- Up-to-date symlink: /home/jewoo/ros2_ws/install/ros2_interfaces_tutorial/share/ros2_interfaces_tutorial/environment/library_path.dsv
[0.987s] -- Up-to-date symlink: /home/jewoo/ros2_ws/install/ros2_interfaces_tutorial/include/ros2_interfaces_tutorial/ros2_interfaces_tutorial/msg/detail/sphere__rosidl_typesupport_fastrtps_c.h
[0.987s] -- Up-to-date symlink: /home/jewoo/ros2_ws/install/ros2_interfaces_tutorial/include/ros2_interfaces_tutorial/ros2_interfaces_tutorial/msg/detail/spheres__rosidl_typesupport_fastrtps_c.h
[0.988s] -- Up-to-date symlink: /home/jewoo/ros2_ws/install/ros2_interfaces_tutorial/include/ros2_interfaces_tutorial/ros2_interfaces_tutorial/msg/rosidl_typesupport_fastrtps_c__visibility_control.h
[0.988s] -- Up-to-date symlink: /home/jewoo/ros2_ws/install/ros2_interfaces_tutorial/include/ros2_interfaces_tutorial/ros2_interfaces_tutorial/srv/detail/add_three_ints__rosidl_typesupport_fastrtps_c.h
[0.988s] -- Up-to-date symlink: /home/jewoo/ros2_ws/install/ros2_interfaces_tutorial/include/ros2_interfaces_tutorial/ros2_interfaces_tutorial/msg/detail/sphere__builder.hpp
[0.989s] -- Up-to-date symlink: /home/jewoo/ros2_ws/install/ros2_interfaces_tutorial/include/ros2_interfaces_tutorial/ros2_interfaces_tutorial/msg/detail/sphere__struct.hpp
[0.989s] -- Up-to-date symlink: /home/jewoo/ros2_ws/install/ros2_interfaces_tutorial/include/ros2_interfaces_tutorial/ros2_interfaces_tutorial/msg/detail/sphere__traits.hpp
[0.989s] -- Up-to-date symlink: /home/jewoo/ros2_ws/install/ros2_interfaces_tutorial/include/ros2_interfaces_tutorial/ros2_interfaces_tutorial/msg/detail/spheres__builder.hpp
[0.989s] -- Up-to-date symlink: /home/jewoo/ros2_ws/install/ros2_interfaces_tutorial/include/ros2_interfaces_tutorial/ros2_interfaces_tutorial/msg/detail/spheres__struct.hpp
[0.990s] -- Up-to-date symlink: /home/jewoo/ros2_ws/install/ros2_interfaces_tutorial/include/ros2_interfaces_tutorial/ros2_interfaces_tutorial/msg/detail/spheres__traits.hpp
[0.990s] -- Up-to-date symlink: /home/jewoo/ros2_ws/install/ros2_interfaces_tutorial/include/ros2_interfaces_tutorial/ros2_interfaces_tutorial/msg/sphere.hpp
[0.990s] -- Up-to-date symlink: /home/jewoo/ros2_ws/install/ros2_interfaces_tutorial/include/ros2_interfaces_tutorial/ros2_interfaces_tutorial/msg/spheres.hpp
[0.990s] -- Up-to-date symlink: /home/jewoo/ros2_ws/install/ros2_interfaces_tutorial/include/ros2_interfaces_tutorial/ros2_interfaces_tutorial/srv/add_three_ints.hpp
[0.991s] -- Up-to-date symlink: /home/jewoo/ros2_ws/install/ros2_interfaces_tutorial/include/ros2_interfaces_tutorial/ros2_interfaces_tutorial/srv/detail/add_three_ints__builder.hpp
[0.991s] -- Up-to-date symlink: /home/jewoo/ros2_ws/install/ros2_interfaces_tutorial/include/ros2_interfaces_tutorial/ros2_interfaces_tutorial/srv/detail/add_three_ints__struct.hpp
[0.991s] -- Up-to-date symlink: /home/jewoo/ros2_ws/install/ros2_interfaces_tutorial/include/ros2_interfaces_tutorial/ros2_interfaces_tutorial/srv/detail/add_three_ints__traits.hpp
[0.992s] -- Up-to-date symlink: /home/jewoo/ros2_ws/install/ros2_interfaces_tutorial/include/ros2_interfaces_tutorial/ros2_interfaces_tutorial/msg/detail/sphere__rosidl_typesupport_fastrtps_cpp.hpp
[0.992s] -- Up-to-date symlink: /home/jewoo/ros2_ws/install/ros2_interfaces_tutorial/include/ros2_interfaces_tutorial/ros2_interfaces_tutorial/msg/detail/spheres__rosidl_typesupport_fastrtps_cpp.hpp
[0.992s] -- Up-to-date symlink: /home/jewoo/ros2_ws/install/ros2_interfaces_tutorial/include/ros2_interfaces_tutorial/ros2_interfaces_tutorial/msg/rosidl_typesupport_fastrtps_cpp__visibility_control.h
[0.993s] -- Up-to-date symlink: /home/jewoo/ros2_ws/install/ros2_interfaces_tutorial/include/ros2_interfaces_tutorial/ros2_interfaces_tutorial/srv/detail/add_three_ints__rosidl_typesupport_fastrtps_cpp.hpp
[0.993s] -- Up-to-date symlink: /home/jewoo/ros2_ws/install/ros2_interfaces_tutorial/include/ros2_interfaces_tutorial/ros2_interfaces_tutorial/msg/detail/sphere__rosidl_typesupport_introspection_c.h
[0.993s] -- Up-to-date symlink: /home/jewoo/ros2_ws/install/ros2_interfaces_tutorial/include/ros2_interfaces_tutorial/ros2_interfaces_tutorial/msg/detail/spheres__rosidl_typesupport_introspection_c.h
[0.994s] -- Up-to-date symlink: /home/jewoo/ros2_ws/install/ros2_interfaces_tutorial/include/ros2_interfaces_tutorial/ros2_interfaces_tutorial/msg/rosidl_typesupport_introspection_c__visibility_control.h
[0.994s] -- Up-to-date symlink: /home/jewoo/ros2_ws/install/ros2_interfaces_tutorial/include/ros2_interfaces_tutorial/ros2_interfaces_tutorial/srv/detail/add_three_ints__rosidl_typesupport_introspection_c.h
[0.994s] -- Up-to-date symlink: /home/jewoo/ros2_ws/install/ros2_interfaces_tutorial/include/ros2_interfaces_tutorial/ros2_interfaces_tutorial/msg/detail/sphere__rosidl_typesupport_introspection_cpp.hpp
[0.995s] -- Up-to-date symlink: /home/jewoo/ros2_ws/install/ros2_interfaces_tutorial/include/ros2_interfaces_tutorial/ros2_interfaces_tutorial/msg/detail/spheres__rosidl_typesupport_introspection_cpp.hpp
[0.995s] -- Up-to-date symlink: /home/jewoo/ros2_ws/install/ros2_interfaces_tutorial/include/ros2_interfaces_tutorial/ros2_interfaces_tutorial/srv/detail/add_three_ints__rosidl_typesupport_introspection_cpp.hpp
[0.995s] -- Up-to-date symlink: /home/jewoo/ros2_ws/install/ros2_interfaces_tutorial/share/ros2_interfaces_tutorial/environment/pythonpath.sh
[0.995s] -- Up-to-date symlink: /home/jewoo/ros2_ws/install/ros2_interfaces_tutorial/share/ros2_interfaces_tutorial/environment/pythonpath.dsv
[0.996s] -- Up-to-date symlink: /home/jewoo/ros2_ws/install/ros2_interfaces_tutorial/local/lib/python3.10/dist-packages/ros2_interfaces_tutorial-0.0.0-py3.10.egg-info/PKG-INFO
[0.996s] -- Up-to-date symlink: /home/jewoo/ros2_ws/install/ros2_interfaces_tutorial/local/lib/python3.10/dist-packages/ros2_interfaces_tutorial-0.0.0-py3.10.egg-info/SOURCES.txt
[0.996s] -- Up-to-date symlink: /home/jewoo/ros2_ws/install/ros2_interfaces_tutorial/local/lib/python3.10/dist-packages/ros2_interfaces_tutorial-0.0.0-py3.10.egg-info/dependency_links.txt
[0.997s] -- Up-to-date symlink: /home/jewoo/ros2_ws/install/ros2_interfaces_tutorial/local/lib/python3.10/dist-packages/ros2_interfaces_tutorial-0.0.0-py3.10.egg-info/top_level.txt
[0.998s] -- Up-to-date symlink: /home/jewoo/ros2_ws/install/ros2_interfaces_tutorial/local/lib/python3.10/dist-packages/ros2_interfaces_tutorial/__init__.py
[0.998s] -- Up-to-date symlink: /home/jewoo/ros2_ws/install/ros2_interfaces_tutorial/local/lib/python3.10/dist-packages/ros2_interfaces_tutorial/_ros2_interfaces_tutorial_s.ep.rosidl_typesupport_c.c
[0.998s] -- Up-to-date symlink: /home/jewoo/ros2_ws/install/ros2_interfaces_tutorial/local/lib/python3.10/dist-packages/ros2_interfaces_tutorial/_ros2_interfaces_tutorial_s.ep.rosidl_typesupport_fastrtps_c.c
[0.999s] -- Up-to-date symlink: /home/jewoo/ros2_ws/install/ros2_interfaces_tutorial/local/lib/python3.10/dist-packages/ros2_interfaces_tutorial/_ros2_interfaces_tutorial_s.ep.rosidl_typesupport_introspection_c.c
[0.999s] -- Up-to-date symlink: /home/jewoo/ros2_ws/install/ros2_interfaces_tutorial/local/lib/python3.10/dist-packages/ros2_interfaces_tutorial/libros2_interfaces_tutorial__rosidl_generator_py.so
[0.999s] -- Up-to-date symlink: /home/jewoo/ros2_ws/install/ros2_interfaces_tutorial/local/lib/python3.10/dist-packages/ros2_interfaces_tutorial/msg/__init__.py
[0.999s] -- Up-to-date symlink: /home/jewoo/ros2_ws/install/ros2_interfaces_tutorial/local/lib/python3.10/dist-packages/ros2_interfaces_tutorial/msg/_sphere.py
[0.999s] -- Up-to-date symlink: /home/jewoo/ros2_ws/install/ros2_interfaces_tutorial/local/lib/python3.10/dist-packages/ros2_interfaces_tutorial/msg/_sphere_s.c
[0.999s] -- Up-to-date symlink: /home/jewoo/ros2_ws/install/ros2_interfaces_tutorial/local/lib/python3.10/dist-packages/ros2_interfaces_tutorial/msg/_spheres.py
[1.000s] -- Up-to-date symlink: /home/jewoo/ros2_ws/install/ros2_interfaces_tutorial/local/lib/python3.10/dist-packages/ros2_interfaces_tutorial/msg/_spheres_s.c
[1.000s] -- Up-to-date symlink: /home/jewoo/ros2_ws/install/ros2_interfaces_tutorial/local/lib/python3.10/dist-packages/ros2_interfaces_tutorial/ros2_interfaces_tutorial_s__rosidl_typesupport_c.cpython-310-x86_64-linux-gnu.so
[1.000s] -- Up-to-date symlink: /home/jewoo/ros2_ws/install/ros2_interfaces_tutorial/local/lib/python3.10/dist-packages/ros2_interfaces_tutorial/ros2_interfaces_tutorial_s__rosidl_typesupport_fastrtps_c.cpython-310-x86_64-linux-gnu.so
[1.000s] -- Up-to-date symlink: /home/jewoo/ros2_ws/install/ros2_interfaces_tutorial/local/lib/python3.10/dist-packages/ros2_interfaces_tutorial/ros2_interfaces_tutorial_s__rosidl_typesupport_introspection_c.cpython-310-x86_64-linux-gnu.so
[1.000s] -- Up-to-date symlink: /home/jewoo/ros2_ws/install/ros2_interfaces_tutorial/local/lib/python3.10/dist-packages/ros2_interfaces_tutorial/srv/__init__.py
[1.000s] -- Up-to-date symlink: /home/jewoo/ros2_ws/install/ros2_interfaces_tutorial/local/lib/python3.10/dist-packages/ros2_interfaces_tutorial/srv/_add_three_ints.py
[1.001s] -- Up-to-date symlink: /home/jewoo/ros2_ws/install/ros2_interfaces_tutorial/local/lib/python3.10/dist-packages/ros2_interfaces_tutorial/srv/_add_three_ints_s.c
[1.001s] -- Up-to-date symlink: /home/jewoo/ros2_ws/install/ros2_interfaces_tutorial/local/lib/python3.10/dist-packages/ros2_interfaces_tutorial/ros2_interfaces_tutorial_s__rosidl_typesupport_fastrtps_c.cpython-310-x86_64-linux-gnu.so
[1.002s] -- Up-to-date symlink: /home/jewoo/ros2_ws/install/ros2_interfaces_tutorial/local/lib/python3.10/dist-packages/ros2_interfaces_tutorial/ros2_interfaces_tutorial_s__rosidl_typesupport_introspection_c.cpython-310-x86_64-linux-gnu.so
[1.002s] -- Up-to-date symlink: /home/jewoo/ros2_ws/install/ros2_interfaces_tutorial/local/lib/python3.10/dist-packages/ros2_interfaces_tutorial/ros2_interfaces_tutorial_s__rosidl_typesupport_c.cpython-310-x86_64-linux-gnu.so
[1.002s] -- Up-to-date symlink: /home/jewoo/ros2_ws/install/ros2_interfaces_tutorial/share/ros2_interfaces_tutorial/msg/Sphere.idl
[1.003s] -- Up-to-date symlink: /home/jewoo/ros2_ws/install/ros2_interfaces_tutorial/share/ros2_interfaces_tutorial/msg/Spheres.idl
[1.003s] -- Up-to-date symlink: /home/jewoo/ros2_ws/install/ros2_interfaces_tutorial/share/ros2_interfaces_tutorial/srv/AddThreeInts.idl
[1.003s] -- Up-to-date symlink: /home/jewoo/ros2_ws/install/ros2_interfaces_tutorial/share/ros2_interfaces_tutorial/msg/Sphere.msg
[1.003s] -- Up-to-date symlink: /home/jewoo/ros2_ws/install/ros2_interfaces_tutorial/share/ros2_interfaces_tutorial/msg/Spheres.msg
[1.003s] -- Up-to-date symlink: /home/jewoo/ros2_ws/install/ros2_interfaces_tutorial/share/ros2_interfaces_tutorial/srv/AddThreeInts.srv
[1.004s] -- Up-to-date symlink: /home/jewoo/ros2_ws/install/ros2_interfaces_tutorial/share/ros2_interfaces_tutorial/srv/AddThreeInts_Request.msg
[1.004s] -- Up-to-date symlink: /home/jewoo/ros2_ws/install/ros2_interfaces_tutorial/share/ros2_interfaces_tutorial/srv/AddThreeInts_Response.msg
[1.004s] -- Up-to-date symlink: /home/jewoo/ros2_ws/install/ros2_interfaces_tutorial/share/ament_index/resource_index/package_run_dependencies/ros2_interfaces_tutorial
[1.005s] -- Up-to-date symlink: /home/jewoo/ros2_ws/install/ros2_interfaces_tutorial/share/ament_index/resource_index/parent_prefix_path/ros2_interfaces_tutorial
[1.005s] -- Up-to-date symlink: /home/jewoo/ros2_ws/install/ros2_interfaces_tutorial/share/ros2_interfaces_tutorial/environment/ament_prefix_path.sh
[1.005s] -- Up-to-date symlink: /home/jewoo/ros2_ws/install/ros2_interfaces_tutorial/share/ros2_interfaces_tutorial/environment/ament_prefix_path.dsv
[1.005s] -- Up-to-date symlink: /home/jewoo/ros2_ws/install/ros2_interfaces_tutorial/share/ros2_interfaces_tutorial/environment/path.sh
[1.006s] -- Up-to-date symlink: /home/jewoo/ros2_ws/install/ros2_interfaces_tutorial/share/ros2_interfaces_tutorial/environment/path.dsv
[1.006s] -- Up-to-date symlink: /home/jewoo/ros2_ws/install/ros2_interfaces_tutorial/share/ros2_interfaces_tutorial/local_setup.bash
[1.006s] -- Up-to-date symlink: /home/jewoo/ros2_ws/install/ros2_interfaces_tutorial/share/ros2_interfaces_tutorial/local_setup.sh
[1.006s] -- Up-to-date symlink: /home/jewoo/ros2_ws/install/ros2_interfaces_tutorial/share/ros2_interfaces_tutorial/local_setup.zsh
[1.007s] -- Up-to-date symlink: /home/jewoo/ros2_ws/install/ros2_interfaces_tutorial/share/ros2_interfaces_tutorial/local_setup.dsv
[1.007s] -- Symlinking: /home/jewoo/ros2_ws/install/ros2_interfaces_tutorial/share/ros2_interfaces_tutorial/package.dsv
[1.021s] -- Up-to-date symlink: /home/jewoo/ros2_ws/install/ros2_interfaces_tutorial/share/ament_index/resource_index/packages/ros2_interfaces_tutorial
[1.021s] -- Up-to-date symlink: /home/jewoo/ros2_ws/install/ros2_interfaces_tutorial/share/ros2_interfaces_tutorial/cmake/rosidl_cmake-extras.cmake
[1.021s] -- Up-to-date symlink: /home/jewoo/ros2_ws/install/ros2_interfaces_tutorial/share/ros2_interfaces_tutorial/cmake/ament_cmake_export_dependencies-extras.cmake
[1.022s] -- Up-to-date symlink: /home/jewoo/ros2_ws/install/ros2_interfaces_tutorial/share/ros2_interfaces_tutorial/cmake/ament_cmake_export_include_directories-extras.cmake
[1.022s] -- Up-to-date symlink: /home/jewoo/ros2_ws/install/ros2_interfaces_tutorial/share/ros2_interfaces_tutorial/cmake/ament_cmake_export_libraries-extras.cmake
[1.022s] -- Up-to-date symlink: /home/jewoo/ros2_ws/install/ros2_interfaces_tutorial/share/ros2_interfaces_tutorial/cmake/ament_cmake_export_targets-extras.cmake
[1.022s] -- Up-to-date symlink: /home/jewoo/ros2_ws/install/ros2_interfaces_tutorial/share/ros2_interfaces_tutorial/cmake/rosidl_cmake_export_typesupport_targets-extras.cmake
[1.023s] -- Up-to-date symlink: /home/jewoo/ros2_ws/install/ros2_interfaces_tutorial/share/ros2_interfaces_tutorial/cmake/rosidl_cmake_export_typesupport_libraries-extras.cmake
[1.023s] -- Up-to-date symlink: /home/jewoo/ros2_ws/install/ros2_interfaces_tutorial/share/ros2_interfaces_tutorial/cmake/ros2_interfaces_tutorialConfig.cmake
[1.024s] -- Up-to-date symlink: /home/jewoo/ros2_ws/install/ros2_interfaces_tutorial/share/ros2_interfaces_tutorial/cmake/ros2_interfaces_tutorialConfig-version.cmake
[1.024s] -- Up-to-date symlink: /home/jewoo/ros2_ws/install/ros2_interfaces_tutorial/share/ros2_interfaces_tutorial/package.xml
[1.025s] -- Up-to-date: /home/jewoo/ros2_ws/install/ros2_interfaces_tutorial/lib/libros2_interfaces_tutorial__rosidl_generator_c.so
[1.026s] -- Up-to-date: /home/jewoo/ros2_ws/install/ros2_interfaces_tutorial/lib/libros2_interfaces_tutorial__rosidl_typesupport_fastrtps_c.so
[1.027s] -- Up-to-date: /home/jewoo/ros2_ws/install/ros2_interfaces_tutorial/lib/libros2_interfaces_tutorial__rosidl_typesupport_fastrtps_cpp.so
[1.027s] -- Up-to-date: /home/jewoo/ros2_ws/install/ros2_interfaces_tutorial/lib/libros2_interfaces_tutorial__rosidl_typesupport_introspection_c.so
[1.028s] -- Up-to-date: /home/jewoo/ros2_ws/install/ros2_interfaces_tutorial/lib/libros2_interfaces_tutorial__rosidl_typesupport_c.so
[1.029s] -- Up-to-date: /home/jewoo/ros2_ws/install/ros2_interfaces_tutorial/lib/libros2_interfaces_tutorial__rosidl_typesupport_introspection_cpp.so
[1.030s] -- Up-to-date: /home/jewoo/ros2_ws/install/ros2_interfaces_tutorial/lib/libros2_interfaces_tutorial__rosidl_typesupport_cpp.so
[1.087s] Listing '/home/jewoo/ros2_ws/install/ros2_interfaces_tutorial/local/lib/python3.10/dist-packages/ros2_interfaces_tutorial'...
[1.087s] Listing '/home/jewoo/ros2_ws/install/ros2_interfaces_tutorial/local/lib/python3.10/dist-packages/ros2_interfaces_tutorial/msg'...
[1.088s] Listing '/home/jewoo/ros2_ws/install/ros2_interfaces_tutorial/local/lib/python3.10/dist-packages/ros2_interfaces_tutorial/srv'...
[1.098s] -- Up-to-date: /home/jewoo/ros2_ws/install/ros2_interfaces_tutorial/lib/libros2_interfaces_tutorial__rosidl_generator_py.so
[1.098s] -- Up-to-date: /home/jewoo/ros2_ws/install/ros2_interfaces_tutorial/share/ros2_interfaces_tutorial/cmake/export_ros2_interfaces_tutorial__rosidl_generator_cExport.cmake
[1.098s] -- Up-to-date: /home/jewoo/ros2_ws/install/ros2_interfaces_tutorial/share/ros2_interfaces_tutorial/cmake/export_ros2_interfaces_tutorial__rosidl_generator_cExport-noconfig.cmake
[1.098s] -- Up-to-date: /home/jewoo/ros2_ws/install/ros2_interfaces_tutorial/share/ros2_interfaces_tutorial/cmake/export_ros2_interfaces_tutorial__rosidl_typesupport_fastrtps_cExport.cmake
[1.099s] -- Up-to-date: /home/jewoo/ros2_ws/install/ros2_interfaces_tutorial/share/ros2_interfaces_tutorial/cmake/export_ros2_interfaces_tutorial__rosidl_typesupport_fastrtps_cExport-noconfig.cmake
[1.099s] -- Up-to-date: /home/jewoo/ros2_ws/install/ros2_interfaces_tutorial/share/ros2_interfaces_tutorial/cmake/export_ros2_interfaces_tutorial__rosidl_generator_cppExport.cmake
[1.099s] -- Up-to-date: /home/jewoo/ros2_ws/install/ros2_interfaces_tutorial/share/ros2_interfaces_tutorial/cmake/export_ros2_interfaces_tutorial__rosidl_typesupport_fastrtps_cppExport.cmake
[1.099s] -- Up-to-date: /home/jewoo/ros2_ws/install/ros2_interfaces_tutorial/share/ros2_interfaces_tutorial/cmake/export_ros2_interfaces_tutorial__rosidl_typesupport_fastrtps_cppExport-noconfig.cmake
[1.099s] -- Up-to-date: /home/jewoo/ros2_ws/install/ros2_interfaces_tutorial/share/ros2_interfaces_tutorial/cmake/ros2_interfaces_tutorial__rosidl_typesupport_introspection_cExport.cmake
[1.100s] -- Up-to-date: /home/jewoo/ros2_ws/install/ros2_interfaces_tutorial/share/ros2_interfaces_tutorial/cmake/ros2_interfaces_tutorial__rosidl_typesupport_introspection_cExport-noconfig.cmake
[1.100s] -- Up-to-date: /home/jewoo/ros2_ws/install/ros2_interfaces_tutorial/share/ros2_interfaces_tutorial/cmake/ros2_interfaces_tutorial__rosidl_typesupport_cExport.cmake
[1.100s] -- Up-to-date: /home/jewoo/ros2_ws/install/ros2_interfaces_tutorial/share/ros2_interfaces_tutorial/cmake/ros2_interfaces_tutorial__rosidl_typesupport_cExport-noconfig.cmake
[1.100s] -- Up-to-date: /home/jewoo/ros2_ws/install/ros2_interfaces_tutorial/share/ros2_interfaces_tutorial/cmake/ros2_interfaces_tutorial__rosidl_typesupport_introspection_cppExport.cmake
[1.100s] -- Up-to-date: /home/jewoo/ros2_ws/install/ros2_interfaces_tutorial/share/ros2_interfaces_tutorial/cmake/ros2_interfaces_tutorial__rosidl_typesupport_introspection_cppExport-noconfig.cmake
[1.100s] -- Up-to-date: /home/jewoo/ros2_ws/install/ros2_interfaces_tutorial/share/ros2_interfaces_tutorial/cmake/ros2_interfaces_tutorial__rosidl_typesupport_cppExport.cmake
[1.100s] -- Up-to-date: /home/jewoo/ros2_ws/install/ros2_interfaces_tutorial/share/ros2_interfaces_tutorial/cmake/ros2_interfaces_tutorial__rosidl_typesupport_cppExport-noconfig.cmake
[1.101s] -- Up-to-date: /home/jewoo/ros2_ws/install/ros2_interfaces_tutorial/share/ros2_interfaces_tutorial/cmake/export_ros2_interfaces_tutorial__rosidl_generator_pyExport.cmake
[1.101s] -- Up-to-date: /home/jewoo/ros2_ws/install/ros2_interfaces_tutorial/share/ros2_interfaces_tutorial/cmake/export_ros2_interfaces_tutorial__rosidl_generator_pyExport-noconfig.cmake
[1.105s] Invoked command in '/home/jewoo/ros2_ws/build/ros2_interfaces_tutorial' returned '0': CMAKE_PREFIX_PATH=${CMAKE_PREFIX_PATH}:/opt/ros/humble:/home/jewoo/ros2_ws/install/ros2_python_tutorial /usr/bin/cmake --install /home/jewoo/ros2_ws/build/ros2_interfaces_tutorial
