[0.046s] Invoking command in '/home/jewoo/ros2_ws/src/build/rqt_gui': /usr/bin/cmake /home/jewoo/ros2_ws/src/rqt/rqt_gui -DCATKIN_INSTALL_INTO_PREFIX_ROOT=0 -DCATKIN_SYMLINK_INSTALL=ON -DCMAKE_INSTALL_PREFIX=/home/jewoo/ros2_ws/src/install/rqt_gui
[0.637s] -- The C compiler identification is GNU 11.4.0
[0.638s] -- The CXX compiler identification is GNU 11.4.0
[0.638s] -- Detecting C compiler ABI info
[0.638s] -- Detecting C compiler ABI info - done
[0.639s] -- Check for working C compiler: /usr/bin/cc - skipped
[0.639s] -- Detecting C compile features
[0.639s] -- Detecting C compile features - done
[0.639s] -- Detecting CXX compiler ABI info
[0.641s] -- Detecting CXX compiler ABI info - done
[0.642s] -- Check for working CXX compiler: /usr/bin/c++ - skipped
[0.642s] -- Detecting CXX compile features
[0.643s] -- Detecting CXX compile features - done
[0.644s] -- Configuring incomplete, errors occurred!
[0.644s] See also "/home/jewoo/ros2_ws/src/build/rqt_gui/CMakeFiles/CMakeOutput.log".
[0.645s] [31mCMake Error at CMakeLists.txt:4 (find_package):
[0.646s]   By not providing "Findcatkin.cmake" in CMAKE_MODULE_PATH this project has
[0.646s]   asked CMake to find a package configuration file provided by "catkin", but
[0.646s]   CMake did not find one.
[0.650s] 
[0.650s]   Could not find a package configuration file provided by "catkin" with any
[0.651s]   of the following names:
[0.652s] 
[0.653s]     catkinConfig.cmake
[0.653s]     catkin-config.cmake
[0.656s] 
[0.657s]   Add the installation prefix of "catkin" to CMAKE_PREFIX_PATH or set
[0.657s]   "catkin_DIR" to a directory containing one of the above files.  If "catkin"
[0.657s]   provides a separate development package or SDK, be sure it has been
[0.657s]   installed.
[0.657s] 
[0.657s] [0m
[0.668s] Invoked command in '/home/jewoo/ros2_ws/src/build/rqt_gui' returned '1': /usr/bin/cmake /home/jewoo/ros2_ws/src/rqt/rqt_gui -DCATKIN_INSTALL_INTO_PREFIX_ROOT=0 -DCATKIN_SYMLINK_INSTALL=ON -DCMAKE_INSTALL_PREFIX=/home/jewoo/ros2_ws/src/install/rqt_gui
