[0.059s] Invoking command in '/home/jewoo/ros2_ws/src/build/rqt_gui': /usr/bin/cmake /home/jewoo/ros2_ws/src/rqt/rqt_gui -DCATKIN_INSTALL_INTO_PREFIX_ROOT=0 -DCATKIN_SYMLINK_INSTALL=ON -DCMAKE_INSTALL_PREFIX=/home/jewoo/ros2_ws/src/install/rqt_gui
[0.590s] [31mCMake Error at CMakeLists.txt:4 (find_package):
[0.590s]   By not providing "Findcatkin.cmake" in CMAKE_MODULE_PATH this project has
[0.591s]   asked CMake to find a package configuration file provided by "catkin", but
[0.591s]   CMake did not find one.
[0.591s] 
[0.591s]   Could not find a package configuration file provided by "catkin" with any
[0.592s]   of the following names:
[0.593s] 
[0.593s]     catkinConfig.cmake
[0.593s]     catkin-config.cmake
[0.594s] 
[0.596s]   Add the installation prefix of "catkin" to CMAKE_PREFIX_PATH or set
[0.596s]   "catkin_DIR" to a directory containing one of the above files.  If "catkin"
[0.597s]   provides a separate development package or SDK, be sure it has been
[0.598s]   installed.
[0.598s] 
[0.599s] [0m
[0.600s] -- Configuring incomplete, errors occurred!
[0.602s] See also "/home/jewoo/ros2_ws/src/build/rqt_gui/CMakeFiles/CMakeOutput.log".
[0.611s] Invoked command in '/home/jewoo/ros2_ws/src/build/rqt_gui' returned '1': /usr/bin/cmake /home/jewoo/ros2_ws/src/rqt/rqt_gui -DCATKIN_INSTALL_INTO_PREFIX_ROOT=0 -DCATKIN_SYMLINK_INSTALL=ON -DCMAKE_INSTALL_PREFIX=/home/jewoo/ros2_ws/src/install/rqt_gui
