[0.018s] Invoking command in '/home/jewoo/ros2_ws/build/ros2_interfaces_tutorial': CMAKE_PREFIX_PATH=${CMAKE_PREFIX_PATH}:/home/jewoo/ros2_ws/install/ros2_python_tutorial /usr/bin/cmake /home/jewoo/ros2_ws/src/ros2_interfaces_tutorial -DAMENT_CMAKE_SYMLINK_INSTALL=1 -DCMAKE_INSTALL_PREFIX=/home/jewoo/ros2_ws/install/ros2_interfaces_tutorial
[0.039s] -- Found ament_cmake: 1.3.10 (/opt/ros/humble/share/ament_cmake/cmake)
[0.260s] Traceback (most recent call last):
[0.261s]   File "/opt/ros/humble/share/ament_cmake_core/cmake/package_templates/templates_2_cmake.py", line 21, in <module>
[0.261s]     from ament_package.templates import get_environment_hook_template_path
[0.261s] ModuleNotFoundError: No module named 'ament_package'
[0.276s] [31mCMake Error at /opt/ros/humble/share/ament_cmake_core/cmake/ament_cmake_package_templates-extras.cmake:41 (message):
[0.276s]   execute_process(/usr/bin/python3
[0.276s]   /opt/ros/humble/share/ament_cmake_core/cmake/package_templates/templates_2_cmake.py
[0.276s]   /home/jewoo/ros2_ws/build/ros2_interfaces_tutorial/ament_cmake_package_templates/templates.cmake)
[0.276s]   returned error code 1
[0.276s] Call Stack (most recent call first):
[0.277s]   /opt/ros/humble/share/ament_cmake_core/cmake/ament_cmake_coreConfig.cmake:41 (include)
[0.277s]   /opt/ros/humble/share/ament_cmake/cmake/ament_cmake_export_dependencies-extras.cmake:15 (find_package)
[0.277s]   /opt/ros/humble/share/ament_cmake/cmake/ament_cmakeConfig.cmake:41 (include)
[0.277s]   CMakeLists.txt:9 (find_package)
[0.277s] 
[0.277s] [0m
[0.277s] -- Configuring incomplete, errors occurred!
[0.277s] See also "/home/jewoo/ros2_ws/build/ros2_interfaces_tutorial/CMakeFiles/CMakeOutput.log".
[0.377s] Invoked command in '/home/jewoo/ros2_ws/build/ros2_interfaces_tutorial' returned '1': CMAKE_PREFIX_PATH=${CMAKE_PREFIX_PATH}:/home/jewoo/ros2_ws/install/ros2_python_tutorial /usr/bin/cmake /home/jewoo/ros2_ws/src/ros2_interfaces_tutorial -DAMENT_CMAKE_SYMLINK_INSTALL=1 -DCMAKE_INSTALL_PREFIX=/home/jewoo/ros2_ws/install/ros2_interfaces_tutorial
