[0.029s] Invoking command in '/home/jewoo/ros2_ws/build/ros2_cpp_tutorial': CMAKE_PREFIX_PATH=${CMAKE_PREFIX_PATH}:/opt/ros/humble:/home/jewoo/ros2_ws/install/ros2_python_tutorial /usr/bin/cmake --build /home/jewoo/ros2_ws/build/ros2_cpp_tutorial -- -j12 -l12
[0.473s] -- Found ament_cmake: 1.3.10 (/opt/ros/humble/share/ament_cmake/cmake)
[0.473s] -- Override CMake install command with custom implementation using symlinks instead of copying resources
[0.473s] -- Found rclcpp: 16.0.10 (/opt/ros/humble/share/rclcpp/cmake)
[0.473s] -- Found rosidl_generator_c: 3.1.5 (/opt/ros/humble/share/rosidl_generator_c/cmake)
[0.474s] -- Found rosidl_adapter: 3.1.5 (/opt/ros/humble/share/rosidl_adapter/cmake)
[0.474s] -- Found rosidl_generator_cpp: 3.1.5 (/opt/ros/humble/share/rosidl_generator_cpp/cmake)
[0.474s] -- Using all available rosidl_typesupport_c: rosidl_typesupport_fastrtps_c;rosidl_typesupport_introspection_c
[0.474s] -- Using all available rosidl_typesupport_cpp: rosidl_typesupport_fastrtps_cpp;rosidl_typesupport_introspection_cpp
[0.474s] -- Found rmw_implementation_cmake: 6.1.2 (/opt/ros/humble/share/rmw_implementation_cmake/cmake)
[0.474s] -- Found rmw_fastrtps_cpp: 6.2.7 (/opt/ros/humble/share/rmw_fastrtps_cpp/cmake)
[0.576s] -- Using RMW implementation 'rmw_fastrtps_cpp' as default
[0.661s] -- Found example_interfaces: 0.9.3 (/opt/ros/humble/share/example_interfaces/cmake)
[0.728s] -- Found ament_lint_auto: 0.12.11 (/opt/ros/humble/share/ament_lint_auto/cmake)
[0.843s] -- Added test 'cppcheck' to perform static code analysis on C / C++ code
[0.843s] -- Configured cppcheck include dirs: $<BUILD_INTERFACE:/home/jewoo/ros2_ws/src/ros2_cpp_tutorial/include>
[0.844s] -- Configured cppcheck exclude dirs and/or files: 
[0.844s] -- Added test 'lint_cmake' to check CMake code style
[0.846s] -- Added test 'uncrustify' to check C / C++ code style
[0.846s] -- Configured uncrustify additional arguments: 
[0.847s] -- Added test 'xmllint' to check XML markup files
[0.849s] -- Configuring done
[0.870s] -- Generating done
[0.873s] -- Build files have been written to: /home/jewoo/ros2_ws/build/ros2_cpp_tutorial
[0.909s] [35m[1mConsolidate compiler generated dependencies of target cpp_node[0m
[0.910s] [35m[1mConsolidate compiler generated dependencies of target talker[0m
[0.910s] [35m[1mConsolidate compiler generated dependencies of target listener[0m
[0.924s] [ 33%] Built target cpp_node
[0.934s] [100%] Built target talker
[0.935s] [100%] Built target listener
