[0.029s] Invoking command in '/home/jewoo/ros2_ws/build/ros2_cpp_tutorial': CMAKE_PREFIX_PATH=${CMAKE_PREFIX_PATH}:/opt/ros/humble:/home/jewoo/ros2_ws/install/ros2_python_tutorial /usr/bin/cmake /home/jewoo/ros2_ws/src/ros2_cpp_tutorial -DAMENT_CMAKE_SYMLINK_INSTALL=1 -DCMAKE_INSTALL_PREFIX=/home/jewoo/ros2_ws/install/ros2_cpp_tutorial
[0.458s] -- Found ament_cmake: 1.3.10 (/opt/ros/humble/share/ament_cmake/cmake)
[0.459s] -- Override CMake install command with custom implementation using symlinks instead of copying resources
[0.460s] -- Found rclcpp: 16.0.10 (/opt/ros/humble/share/rclcpp/cmake)
[0.460s] -- Found rosidl_generator_c: 3.1.5 (/opt/ros/humble/share/rosidl_generator_c/cmake)
[0.460s] -- Found rosidl_adapter: 3.1.5 (/opt/ros/humble/share/rosidl_adapter/cmake)
[0.460s] -- Found rosidl_generator_cpp: 3.1.5 (/opt/ros/humble/share/rosidl_generator_cpp/cmake)
[0.461s] -- Using all available rosidl_typesupport_c: rosidl_typesupport_fastrtps_c;rosidl_typesupport_introspection_c
[0.461s] -- Using all available rosidl_typesupport_cpp: rosidl_typesupport_fastrtps_cpp;rosidl_typesupport_introspection_cpp
[0.461s] -- Found rmw_implementation_cmake: 6.1.2 (/opt/ros/humble/share/rmw_implementation_cmake/cmake)
[0.461s] -- Found rmw_fastrtps_cpp: 6.2.7 (/opt/ros/humble/share/rmw_fastrtps_cpp/cmake)
[0.595s] -- Using RMW implementation 'rmw_fastrtps_cpp' as default
[0.680s] -- Found example_interfaces: 0.9.3 (/opt/ros/humble/share/example_interfaces/cmake)
[0.749s] -- Found ament_lint_auto: 0.12.11 (/opt/ros/humble/share/ament_lint_auto/cmake)
[0.872s] [31mCMake Error at CMakeLists.txt:50 (find_package):
[0.873s]   By not providing "Findros2_interfaces_tutorial.cmake" in CMAKE_MODULE_PATH
[0.873s]   this project has asked CMake to find a package configuration file provided
[0.873s]   by "ros2_interfaces_tutorial", but CMake did not find one.
[0.873s] 
[0.873s]   Could not find a package configuration file provided by
[0.874s]   "ros2_interfaces_tutorial" with any of the following names:
[0.874s] 
[0.874s]     ros2_interfaces_tutorialConfig.cmake
[0.874s]     ros2_interfaces_tutorial-config.cmake
[0.874s] 
[0.874s]   Add the installation prefix of "ros2_interfaces_tutorial" to
[0.875s]   CMAKE_PREFIX_PATH or set "ros2_interfaces_tutorial_DIR" to a directory
[0.875s]   containing one of the above files.  If "ros2_interfaces_tutorial" provides
[0.875s]   a separate development package or SDK, be sure it has been installed.
[0.875s] 
[0.875s] [0m
[0.876s] -- Configuring incomplete, errors occurred!
[0.876s] See also "/home/jewoo/ros2_ws/build/ros2_cpp_tutorial/CMakeFiles/CMakeOutput.log".
[0.884s] Invoked command in '/home/jewoo/ros2_ws/build/ros2_cpp_tutorial' returned '1': CMAKE_PREFIX_PATH=${CMAKE_PREFIX_PATH}:/opt/ros/humble:/home/jewoo/ros2_ws/install/ros2_python_tutorial /usr/bin/cmake /home/jewoo/ros2_ws/src/ros2_cpp_tutorial -DAMENT_CMAKE_SYMLINK_INSTALL=1 -DCMAKE_INSTALL_PREFIX=/home/jewoo/ros2_ws/install/ros2_cpp_tutorial
