[0.126s] DEBUG:colcon:Command line arguments: ['/usr/bin/colcon', 'build', '--symlink-install']
[0.126s] DEBUG:colcon:Parsed command line arguments: Namespace(log_base=None, log_level=None, verb_name='build', build_base='build', install_base='install', merge_install=False, symlink_install=True, test_result_base=None, continue_on_error=False, executor='parallel', parallel_workers=12, event_handlers=None, ignore_user_meta=False, metas=['./colcon.meta'], base_paths=['.'], packages_ignore=None, packages_ignore_regex=None, paths=None, packages_up_to=None, packages_up_to_regex=None, packages_above=None, packages_above_and_dependencies=None, packages_above_depth=None, packages_select_by_dep=None, packages_skip_by_dep=None, packages_skip_up_to=None, packages_select_build_failed=False, packages_skip_build_finished=False, packages_select_test_failures=False, packages_skip_test_passed=False, packages_select=None, packages_skip=None, packages_select_regex=None, packages_skip_regex=None, packages_start=None, packages_end=None, allow_overriding=[], cmake_args=None, cmake_target=None, cmake_target_skip_unavailable=False, cmake_clean_cache=False, cmake_clean_first=False, cmake_force_configure=False, ament_cmake_args=None, catkin_cmake_args=None, catkin_skip_building_tests=False, verb_parser=<colcon_defaults.argument_parser.defaults.DefaultArgumentsDecorator object at 0x7b11a132c700>, verb_extension=<colcon_core.verb.build.BuildVerb object at 0x7b11a132c130>, main=<bound method BuildVerb.main of <colcon_core.verb.build.BuildVerb object at 0x7b11a132c130>>)
[0.292s] Level 1:colcon.colcon_core.package_discovery:discover_packages(colcon_meta) check parameters
[0.292s] Level 1:colcon.colcon_core.package_discovery:discover_packages(recursive) check parameters
[0.292s] Level 1:colcon.colcon_core.package_discovery:discover_packages(ignore) check parameters
[0.292s] Level 1:colcon.colcon_core.package_discovery:discover_packages(path) check parameters
[0.292s] Level 1:colcon.colcon_core.package_discovery:discover_packages(colcon_meta) discover
[0.292s] Level 1:colcon.colcon_core.package_discovery:discover_packages(recursive) discover
[0.292s] INFO:colcon.colcon_core.package_discovery:Crawling recursively for packages in '/home/jewoo/ros2_ws/src'
[0.292s] Level 1:colcon.colcon_core.package_identification:_identify(.) by extensions ['ignore', 'ignore_ament_install']
[0.292s] Level 1:colcon.colcon_core.package_identification:_identify(.) by extension 'ignore'
[0.292s] Level 1:colcon.colcon_core.package_identification:_identify(.) by extension 'ignore_ament_install'
[0.292s] Level 1:colcon.colcon_core.package_identification:_identify(.) by extensions ['colcon_pkg']
[0.292s] Level 1:colcon.colcon_core.package_identification:_identify(.) by extension 'colcon_pkg'
[0.292s] Level 1:colcon.colcon_core.package_identification:_identify(.) by extensions ['colcon_meta']
[0.292s] Level 1:colcon.colcon_core.package_identification:_identify(.) by extension 'colcon_meta'
[0.292s] Level 1:colcon.colcon_core.package_identification:_identify(.) by extensions ['ros']
[0.292s] Level 1:colcon.colcon_core.package_identification:_identify(.) by extension 'ros'
[0.302s] Level 1:colcon.colcon_core.package_identification:_identify(.) by extensions ['cmake', 'python']
[0.302s] Level 1:colcon.colcon_core.package_identification:_identify(.) by extension 'cmake'
[0.302s] Level 1:colcon.colcon_core.package_identification:_identify(.) by extension 'python'
[0.302s] Level 1:colcon.colcon_core.package_identification:_identify(.) by extensions ['python_setup_py']
[0.302s] Level 1:colcon.colcon_core.package_identification:_identify(.) by extension 'python_setup_py'
[0.302s] Level 1:colcon.colcon_core.package_identification:_identify(PIC4rl_gym) by extensions ['ignore', 'ignore_ament_install']
[0.302s] Level 1:colcon.colcon_core.package_identification:_identify(PIC4rl_gym) by extension 'ignore'
[0.303s] Level 1:colcon.colcon_core.package_identification:_identify(PIC4rl_gym) by extension 'ignore_ament_install'
[0.303s] Level 1:colcon.colcon_core.package_identification:_identify(PIC4rl_gym) by extensions ['colcon_pkg']
[0.303s] Level 1:colcon.colcon_core.package_identification:_identify(PIC4rl_gym) by extension 'colcon_pkg'
[0.303s] Level 1:colcon.colcon_core.package_identification:_identify(PIC4rl_gym) by extensions ['colcon_meta']
[0.303s] Level 1:colcon.colcon_core.package_identification:_identify(PIC4rl_gym) by extension 'colcon_meta'
[0.303s] Level 1:colcon.colcon_core.package_identification:_identify(PIC4rl_gym) by extensions ['ros']
[0.303s] Level 1:colcon.colcon_core.package_identification:_identify(PIC4rl_gym) by extension 'ros'
[0.303s] Level 1:colcon.colcon_core.package_identification:_identify(PIC4rl_gym) by extensions ['cmake', 'python']
[0.303s] Level 1:colcon.colcon_core.package_identification:_identify(PIC4rl_gym) by extension 'cmake'
[0.303s] Level 1:colcon.colcon_core.package_identification:_identify(PIC4rl_gym) by extension 'python'
[0.303s] Level 1:colcon.colcon_core.package_identification:_identify(PIC4rl_gym) by extensions ['python_setup_py']
[0.303s] Level 1:colcon.colcon_core.package_identification:_identify(PIC4rl_gym) by extension 'python_setup_py'
[0.303s] Level 1:colcon.colcon_core.package_identification:_identify(PIC4rl_gym/gazebo_sim) by extensions ['ignore', 'ignore_ament_install']
[0.303s] Level 1:colcon.colcon_core.package_identification:_identify(PIC4rl_gym/gazebo_sim) by extension 'ignore'
[0.303s] Level 1:colcon.colcon_core.package_identification:_identify(PIC4rl_gym/gazebo_sim) by extension 'ignore_ament_install'
[0.303s] Level 1:colcon.colcon_core.package_identification:_identify(PIC4rl_gym/gazebo_sim) by extensions ['colcon_pkg']
[0.303s] Level 1:colcon.colcon_core.package_identification:_identify(PIC4rl_gym/gazebo_sim) by extension 'colcon_pkg'
[0.303s] Level 1:colcon.colcon_core.package_identification:_identify(PIC4rl_gym/gazebo_sim) by extensions ['colcon_meta']
[0.303s] Level 1:colcon.colcon_core.package_identification:_identify(PIC4rl_gym/gazebo_sim) by extension 'colcon_meta'
[0.303s] Level 1:colcon.colcon_core.package_identification:_identify(PIC4rl_gym/gazebo_sim) by extensions ['ros']
[0.303s] Level 1:colcon.colcon_core.package_identification:_identify(PIC4rl_gym/gazebo_sim) by extension 'ros'
[0.305s] DEBUG:colcon.colcon_core.package_identification:Package 'PIC4rl_gym/gazebo_sim' with type 'ros.ament_cmake' and name 'gazebo_sim'
[0.305s] Level 1:colcon.colcon_core.package_identification:_identify(PIC4rl_gym/images) by extensions ['ignore', 'ignore_ament_install']
[0.306s] Level 1:colcon.colcon_core.package_identification:_identify(PIC4rl_gym/images) by extension 'ignore'
[0.306s] Level 1:colcon.colcon_core.package_identification:_identify(PIC4rl_gym/images) by extension 'ignore_ament_install'
[0.306s] Level 1:colcon.colcon_core.package_identification:_identify(PIC4rl_gym/images) by extensions ['colcon_pkg']
[0.306s] Level 1:colcon.colcon_core.package_identification:_identify(PIC4rl_gym/images) by extension 'colcon_pkg'
[0.306s] Level 1:colcon.colcon_core.package_identification:_identify(PIC4rl_gym/images) by extensions ['colcon_meta']
[0.306s] Level 1:colcon.colcon_core.package_identification:_identify(PIC4rl_gym/images) by extension 'colcon_meta'
[0.306s] Level 1:colcon.colcon_core.package_identification:_identify(PIC4rl_gym/images) by extensions ['ros']
[0.306s] Level 1:colcon.colcon_core.package_identification:_identify(PIC4rl_gym/images) by extension 'ros'
[0.306s] Level 1:colcon.colcon_core.package_identification:_identify(PIC4rl_gym/images) by extensions ['cmake', 'python']
[0.306s] Level 1:colcon.colcon_core.package_identification:_identify(PIC4rl_gym/images) by extension 'cmake'
[0.306s] Level 1:colcon.colcon_core.package_identification:_identify(PIC4rl_gym/images) by extension 'python'
[0.306s] Level 1:colcon.colcon_core.package_identification:_identify(PIC4rl_gym/images) by extensions ['python_setup_py']
[0.306s] Level 1:colcon.colcon_core.package_identification:_identify(PIC4rl_gym/images) by extension 'python_setup_py'
[0.306s] Level 1:colcon.colcon_core.package_identification:_identify(PIC4rl_gym/pic4rl) by extensions ['ignore', 'ignore_ament_install']
[0.306s] Level 1:colcon.colcon_core.package_identification:_identify(PIC4rl_gym/pic4rl) by extension 'ignore'
[0.306s] Level 1:colcon.colcon_core.package_identification:_identify(PIC4rl_gym/pic4rl) by extension 'ignore_ament_install'
[0.306s] Level 1:colcon.colcon_core.package_identification:_identify(PIC4rl_gym/pic4rl) by extensions ['colcon_pkg']
[0.306s] Level 1:colcon.colcon_core.package_identification:_identify(PIC4rl_gym/pic4rl) by extension 'colcon_pkg'
[0.306s] Level 1:colcon.colcon_core.package_identification:_identify(PIC4rl_gym/pic4rl) by extensions ['colcon_meta']
[0.306s] Level 1:colcon.colcon_core.package_identification:_identify(PIC4rl_gym/pic4rl) by extension 'colcon_meta'
[0.306s] Level 1:colcon.colcon_core.package_identification:_identify(PIC4rl_gym/pic4rl) by extensions ['ros']
[0.306s] Level 1:colcon.colcon_core.package_identification:_identify(PIC4rl_gym/pic4rl) by extension 'ros'
[0.307s] DEBUG:colcon.colcon_core.package_identification:Package 'PIC4rl_gym/pic4rl' with type 'ros.ament_cmake' and name 'pic4rl'
[0.307s] Level 1:colcon.colcon_core.package_identification:_identify(PIC4rl_gym/tf2rl) by extensions ['ignore', 'ignore_ament_install']
[0.307s] Level 1:colcon.colcon_core.package_identification:_identify(PIC4rl_gym/tf2rl) by extension 'ignore'
[0.307s] Level 1:colcon.colcon_core.package_identification:_identify(PIC4rl_gym/tf2rl) by extension 'ignore_ament_install'
[0.307s] Level 1:colcon.colcon_core.package_identification:_identify(PIC4rl_gym/tf2rl) by extensions ['colcon_pkg']
[0.307s] Level 1:colcon.colcon_core.package_identification:_identify(PIC4rl_gym/tf2rl) by extension 'colcon_pkg'
[0.307s] Level 1:colcon.colcon_core.package_identification:_identify(PIC4rl_gym/tf2rl) by extensions ['colcon_meta']
[0.307s] Level 1:colcon.colcon_core.package_identification:_identify(PIC4rl_gym/tf2rl) by extension 'colcon_meta'
[0.307s] Level 1:colcon.colcon_core.package_identification:_identify(PIC4rl_gym/tf2rl) by extensions ['ros']
[0.307s] Level 1:colcon.colcon_core.package_identification:_identify(PIC4rl_gym/tf2rl) by extension 'ros'
[0.308s] Level 1:colcon.colcon_core.package_identification:_identify(PIC4rl_gym/tf2rl) by extensions ['cmake', 'python']
[0.308s] Level 1:colcon.colcon_core.package_identification:_identify(PIC4rl_gym/tf2rl) by extension 'cmake'
[0.308s] Level 1:colcon.colcon_core.package_identification:_identify(PIC4rl_gym/tf2rl) by extension 'python'
[0.308s] Level 1:colcon.colcon_core.package_identification:_identify(PIC4rl_gym/tf2rl) by extensions ['python_setup_py']
[0.308s] Level 1:colcon.colcon_core.package_identification:_identify(PIC4rl_gym/tf2rl) by extension 'python_setup_py'
[0.534s] DEBUG:colcon.colcon_core.package_identification:Package 'PIC4rl_gym/tf2rl' with type 'python' and name 'tf2rl'
[0.534s] Level 1:colcon.colcon_core.package_identification:_identify(build) by extensions ['ignore', 'ignore_ament_install']
[0.534s] Level 1:colcon.colcon_core.package_identification:_identify(build) by extension 'ignore'
[0.534s] Level 1:colcon.colcon_core.package_identification:_identify(build) ignored
[0.534s] Level 1:colcon.colcon_core.package_identification:_identify(install) by extensions ['ignore', 'ignore_ament_install']
[0.534s] Level 1:colcon.colcon_core.package_identification:_identify(install) by extension 'ignore'
[0.534s] Level 1:colcon.colcon_core.package_identification:_identify(install) ignored
[0.534s] Level 1:colcon.colcon_core.package_identification:_identify(log) by extensions ['ignore', 'ignore_ament_install']
[0.534s] Level 1:colcon.colcon_core.package_identification:_identify(log) by extension 'ignore'
[0.534s] Level 1:colcon.colcon_core.package_identification:_identify(log) ignored
[0.534s] Level 1:colcon.colcon_core.package_identification:_identify(ros2_cpp_tutorial) by extensions ['ignore', 'ignore_ament_install']
[0.534s] Level 1:colcon.colcon_core.package_identification:_identify(ros2_cpp_tutorial) by extension 'ignore'
[0.534s] Level 1:colcon.colcon_core.package_identification:_identify(ros2_cpp_tutorial) by extension 'ignore_ament_install'
[0.535s] Level 1:colcon.colcon_core.package_identification:_identify(ros2_cpp_tutorial) by extensions ['colcon_pkg']
[0.535s] Level 1:colcon.colcon_core.package_identification:_identify(ros2_cpp_tutorial) by extension 'colcon_pkg'
[0.535s] Level 1:colcon.colcon_core.package_identification:_identify(ros2_cpp_tutorial) by extensions ['colcon_meta']
[0.535s] Level 1:colcon.colcon_core.package_identification:_identify(ros2_cpp_tutorial) by extension 'colcon_meta'
[0.535s] Level 1:colcon.colcon_core.package_identification:_identify(ros2_cpp_tutorial) by extensions ['ros']
[0.535s] Level 1:colcon.colcon_core.package_identification:_identify(ros2_cpp_tutorial) by extension 'ros'
[0.536s] DEBUG:colcon.colcon_core.package_identification:Package 'ros2_cpp_tutorial' with type 'ros.ament_cmake' and name 'ros2_cpp_tutorial'
[0.536s] Level 1:colcon.colcon_core.package_identification:_identify(ros2_interfaces_tutorial) by extensions ['ignore', 'ignore_ament_install']
[0.536s] Level 1:colcon.colcon_core.package_identification:_identify(ros2_interfaces_tutorial) by extension 'ignore'
[0.536s] Level 1:colcon.colcon_core.package_identification:_identify(ros2_interfaces_tutorial) by extension 'ignore_ament_install'
[0.536s] Level 1:colcon.colcon_core.package_identification:_identify(ros2_interfaces_tutorial) by extensions ['colcon_pkg']
[0.536s] Level 1:colcon.colcon_core.package_identification:_identify(ros2_interfaces_tutorial) by extension 'colcon_pkg'
[0.536s] Level 1:colcon.colcon_core.package_identification:_identify(ros2_interfaces_tutorial) by extensions ['colcon_meta']
[0.536s] Level 1:colcon.colcon_core.package_identification:_identify(ros2_interfaces_tutorial) by extension 'colcon_meta'
[0.536s] Level 1:colcon.colcon_core.package_identification:_identify(ros2_interfaces_tutorial) by extensions ['ros']
[0.536s] Level 1:colcon.colcon_core.package_identification:_identify(ros2_interfaces_tutorial) by extension 'ros'
[0.536s] DEBUG:colcon.colcon_core.package_identification:Package 'ros2_interfaces_tutorial' with type 'ros.ament_cmake' and name 'ros2_interfaces_tutorial'
[0.537s] Level 1:colcon.colcon_core.package_identification:_identify(ros2_python_tutorial) by extensions ['ignore', 'ignore_ament_install']
[0.537s] Level 1:colcon.colcon_core.package_identification:_identify(ros2_python_tutorial) by extension 'ignore'
[0.537s] Level 1:colcon.colcon_core.package_identification:_identify(ros2_python_tutorial) by extension 'ignore_ament_install'
[0.537s] Level 1:colcon.colcon_core.package_identification:_identify(ros2_python_tutorial) by extensions ['colcon_pkg']
[0.537s] Level 1:colcon.colcon_core.package_identification:_identify(ros2_python_tutorial) by extension 'colcon_pkg'
[0.537s] Level 1:colcon.colcon_core.package_identification:_identify(ros2_python_tutorial) by extensions ['colcon_meta']
[0.537s] Level 1:colcon.colcon_core.package_identification:_identify(ros2_python_tutorial) by extension 'colcon_meta'
[0.537s] Level 1:colcon.colcon_core.package_identification:_identify(ros2_python_tutorial) by extensions ['ros']
[0.537s] Level 1:colcon.colcon_core.package_identification:_identify(ros2_python_tutorial) by extension 'ros'
[0.537s] DEBUG:colcon.colcon_core.package_identification:Package 'ros2_python_tutorial' with type 'ros.ament_python' and name 'ros2_python_tutorial'
[0.537s] Level 1:colcon.colcon_core.package_discovery:discover_packages(recursive) using defaults
[0.537s] Level 1:colcon.colcon_core.package_discovery:discover_packages(ignore) discover
[0.537s] Level 1:colcon.colcon_core.package_discovery:discover_packages(ignore) using defaults
[0.538s] Level 1:colcon.colcon_core.package_discovery:discover_packages(path) discover
[0.538s] Level 1:colcon.colcon_core.package_discovery:discover_packages(path) using defaults
[0.556s] Level 1:colcon.colcon_core.package_discovery:discover_packages(prefix_path) check parameters
[0.556s] Level 1:colcon.colcon_core.package_discovery:discover_packages(prefix_path) discover
[0.558s] DEBUG:colcon.colcon_installed_package_information.package_discovery:Found 4 installed packages in /home/jewoo/ros2_ws/install
[0.559s] DEBUG:colcon.colcon_installed_package_information.package_discovery:Found 270 installed packages in /opt/ros/humble
[0.560s] Level 1:colcon.colcon_core.package_discovery:discover_packages(prefix_path) using defaults
[0.601s] Level 5:colcon.colcon_core.verb:set package 'gazebo_sim' build argument 'cmake_args' from command line to 'None'
[0.601s] Level 5:colcon.colcon_core.verb:set package 'gazebo_sim' build argument 'cmake_target' from command line to 'None'
[0.601s] Level 5:colcon.colcon_core.verb:set package 'gazebo_sim' build argument 'cmake_target_skip_unavailable' from command line to 'False'
[0.601s] Level 5:colcon.colcon_core.verb:set package 'gazebo_sim' build argument 'cmake_clean_cache' from command line to 'False'
[0.601s] Level 5:colcon.colcon_core.verb:set package 'gazebo_sim' build argument 'cmake_clean_first' from command line to 'False'
[0.601s] Level 5:colcon.colcon_core.verb:set package 'gazebo_sim' build argument 'cmake_force_configure' from command line to 'False'
[0.601s] Level 5:colcon.colcon_core.verb:set package 'gazebo_sim' build argument 'ament_cmake_args' from command line to 'None'
[0.601s] Level 5:colcon.colcon_core.verb:set package 'gazebo_sim' build argument 'catkin_cmake_args' from command line to 'None'
[0.601s] Level 5:colcon.colcon_core.verb:set package 'gazebo_sim' build argument 'catkin_skip_building_tests' from command line to 'False'
[0.601s] DEBUG:colcon.colcon_core.verb:Building package 'gazebo_sim' with the following arguments: {'ament_cmake_args': None, 'build_base': '/home/jewoo/ros2_ws/src/build/gazebo_sim', 'catkin_cmake_args': None, 'catkin_skip_building_tests': False, 'cmake_args': None, 'cmake_clean_cache': False, 'cmake_clean_first': False, 'cmake_force_configure': False, 'cmake_target': None, 'cmake_target_skip_unavailable': False, 'install_base': '/home/jewoo/ros2_ws/src/install/gazebo_sim', 'merge_install': False, 'path': '/home/jewoo/ros2_ws/src/PIC4rl_gym/gazebo_sim', 'symlink_install': True, 'test_result_base': None}
[0.602s] Level 5:colcon.colcon_core.verb:set package 'pic4rl' build argument 'cmake_args' from command line to 'None'
[0.602s] Level 5:colcon.colcon_core.verb:set package 'pic4rl' build argument 'cmake_target' from command line to 'None'
[0.602s] Level 5:colcon.colcon_core.verb:set package 'pic4rl' build argument 'cmake_target_skip_unavailable' from command line to 'False'
[0.602s] Level 5:colcon.colcon_core.verb:set package 'pic4rl' build argument 'cmake_clean_cache' from command line to 'False'
[0.602s] Level 5:colcon.colcon_core.verb:set package 'pic4rl' build argument 'cmake_clean_first' from command line to 'False'
[0.602s] Level 5:colcon.colcon_core.verb:set package 'pic4rl' build argument 'cmake_force_configure' from command line to 'False'
[0.602s] Level 5:colcon.colcon_core.verb:set package 'pic4rl' build argument 'ament_cmake_args' from command line to 'None'
[0.602s] Level 5:colcon.colcon_core.verb:set package 'pic4rl' build argument 'catkin_cmake_args' from command line to 'None'
[0.602s] Level 5:colcon.colcon_core.verb:set package 'pic4rl' build argument 'catkin_skip_building_tests' from command line to 'False'
[0.602s] DEBUG:colcon.colcon_core.verb:Building package 'pic4rl' with the following arguments: {'ament_cmake_args': None, 'build_base': '/home/jewoo/ros2_ws/src/build/pic4rl', 'catkin_cmake_args': None, 'catkin_skip_building_tests': False, 'cmake_args': None, 'cmake_clean_cache': False, 'cmake_clean_first': False, 'cmake_force_configure': False, 'cmake_target': None, 'cmake_target_skip_unavailable': False, 'install_base': '/home/jewoo/ros2_ws/src/install/pic4rl', 'merge_install': False, 'path': '/home/jewoo/ros2_ws/src/PIC4rl_gym/pic4rl', 'symlink_install': True, 'test_result_base': None}
[0.602s] Level 5:colcon.colcon_core.verb:set package 'ros2_interfaces_tutorial' build argument 'cmake_args' from command line to 'None'
[0.602s] Level 5:colcon.colcon_core.verb:set package 'ros2_interfaces_tutorial' build argument 'cmake_target' from command line to 'None'
[0.602s] Level 5:colcon.colcon_core.verb:set package 'ros2_interfaces_tutorial' build argument 'cmake_target_skip_unavailable' from command line to 'False'
[0.602s] Level 5:colcon.colcon_core.verb:set package 'ros2_interfaces_tutorial' build argument 'cmake_clean_cache' from command line to 'False'
[0.602s] Level 5:colcon.colcon_core.verb:set package 'ros2_interfaces_tutorial' build argument 'cmake_clean_first' from command line to 'False'
[0.602s] Level 5:colcon.colcon_core.verb:set package 'ros2_interfaces_tutorial' build argument 'cmake_force_configure' from command line to 'False'
[0.602s] Level 5:colcon.colcon_core.verb:set package 'ros2_interfaces_tutorial' build argument 'ament_cmake_args' from command line to 'None'
[0.602s] Level 5:colcon.colcon_core.verb:set package 'ros2_interfaces_tutorial' build argument 'catkin_cmake_args' from command line to 'None'
[0.602s] Level 5:colcon.colcon_core.verb:set package 'ros2_interfaces_tutorial' build argument 'catkin_skip_building_tests' from command line to 'False'
[0.602s] DEBUG:colcon.colcon_core.verb:Building package 'ros2_interfaces_tutorial' with the following arguments: {'ament_cmake_args': None, 'build_base': '/home/jewoo/ros2_ws/src/build/ros2_interfaces_tutorial', 'catkin_cmake_args': None, 'catkin_skip_building_tests': False, 'cmake_args': None, 'cmake_clean_cache': False, 'cmake_clean_first': False, 'cmake_force_configure': False, 'cmake_target': None, 'cmake_target_skip_unavailable': False, 'install_base': '/home/jewoo/ros2_ws/src/install/ros2_interfaces_tutorial', 'merge_install': False, 'path': '/home/jewoo/ros2_ws/src/ros2_interfaces_tutorial', 'symlink_install': True, 'test_result_base': None}
[0.603s] Level 5:colcon.colcon_core.verb:set package 'ros2_python_tutorial' build argument 'cmake_args' from command line to 'None'
[0.603s] Level 5:colcon.colcon_core.verb:set package 'ros2_python_tutorial' build argument 'cmake_target' from command line to 'None'
[0.603s] Level 5:colcon.colcon_core.verb:set package 'ros2_python_tutorial' build argument 'cmake_target_skip_unavailable' from command line to 'False'
[0.603s] Level 5:colcon.colcon_core.verb:set package 'ros2_python_tutorial' build argument 'cmake_clean_cache' from command line to 'False'
[0.603s] Level 5:colcon.colcon_core.verb:set package 'ros2_python_tutorial' build argument 'cmake_clean_first' from command line to 'False'
[0.603s] Level 5:colcon.colcon_core.verb:set package 'ros2_python_tutorial' build argument 'cmake_force_configure' from command line to 'False'
[0.603s] Level 5:colcon.colcon_core.verb:set package 'ros2_python_tutorial' build argument 'ament_cmake_args' from command line to 'None'
[0.603s] Level 5:colcon.colcon_core.verb:set package 'ros2_python_tutorial' build argument 'catkin_cmake_args' from command line to 'None'
[0.603s] Level 5:colcon.colcon_core.verb:set package 'ros2_python_tutorial' build argument 'catkin_skip_building_tests' from command line to 'False'
[0.603s] DEBUG:colcon.colcon_core.verb:Building package 'ros2_python_tutorial' with the following arguments: {'ament_cmake_args': None, 'build_base': '/home/jewoo/ros2_ws/src/build/ros2_python_tutorial', 'catkin_cmake_args': None, 'catkin_skip_building_tests': False, 'cmake_args': None, 'cmake_clean_cache': False, 'cmake_clean_first': False, 'cmake_force_configure': False, 'cmake_target': None, 'cmake_target_skip_unavailable': False, 'install_base': '/home/jewoo/ros2_ws/src/install/ros2_python_tutorial', 'merge_install': False, 'path': '/home/jewoo/ros2_ws/src/ros2_python_tutorial', 'symlink_install': True, 'test_result_base': None}
[0.603s] Level 5:colcon.colcon_core.verb:set package 'tf2rl' build argument 'cmake_args' from command line to 'None'
[0.603s] Level 5:colcon.colcon_core.verb:set package 'tf2rl' build argument 'cmake_target' from command line to 'None'
[0.603s] Level 5:colcon.colcon_core.verb:set package 'tf2rl' build argument 'cmake_target_skip_unavailable' from command line to 'False'
[0.603s] Level 5:colcon.colcon_core.verb:set package 'tf2rl' build argument 'cmake_clean_cache' from command line to 'False'
[0.603s] Level 5:colcon.colcon_core.verb:set package 'tf2rl' build argument 'cmake_clean_first' from command line to 'False'
[0.603s] Level 5:colcon.colcon_core.verb:set package 'tf2rl' build argument 'cmake_force_configure' from command line to 'False'
[0.603s] Level 5:colcon.colcon_core.verb:set package 'tf2rl' build argument 'ament_cmake_args' from command line to 'None'
[0.603s] Level 5:colcon.colcon_core.verb:set package 'tf2rl' build argument 'catkin_cmake_args' from command line to 'None'
[0.603s] Level 5:colcon.colcon_core.verb:set package 'tf2rl' build argument 'catkin_skip_building_tests' from command line to 'False'
[0.603s] DEBUG:colcon.colcon_core.verb:Building package 'tf2rl' with the following arguments: {'ament_cmake_args': None, 'build_base': '/home/jewoo/ros2_ws/src/build/tf2rl', 'catkin_cmake_args': None, 'catkin_skip_building_tests': False, 'cmake_args': None, 'cmake_clean_cache': False, 'cmake_clean_first': False, 'cmake_force_configure': False, 'cmake_target': None, 'cmake_target_skip_unavailable': False, 'install_base': '/home/jewoo/ros2_ws/src/install/tf2rl', 'merge_install': False, 'path': '/home/jewoo/ros2_ws/src/PIC4rl_gym/tf2rl', 'symlink_install': True, 'test_result_base': None}
[0.604s] Level 5:colcon.colcon_core.verb:set package 'ros2_cpp_tutorial' build argument 'cmake_args' from command line to 'None'
[0.604s] Level 5:colcon.colcon_core.verb:set package 'ros2_cpp_tutorial' build argument 'cmake_target' from command line to 'None'
[0.604s] Level 5:colcon.colcon_core.verb:set package 'ros2_cpp_tutorial' build argument 'cmake_target_skip_unavailable' from command line to 'False'
[0.604s] Level 5:colcon.colcon_core.verb:set package 'ros2_cpp_tutorial' build argument 'cmake_clean_cache' from command line to 'False'
[0.604s] Level 5:colcon.colcon_core.verb:set package 'ros2_cpp_tutorial' build argument 'cmake_clean_first' from command line to 'False'
[0.604s] Level 5:colcon.colcon_core.verb:set package 'ros2_cpp_tutorial' build argument 'cmake_force_configure' from command line to 'False'
[0.604s] Level 5:colcon.colcon_core.verb:set package 'ros2_cpp_tutorial' build argument 'ament_cmake_args' from command line to 'None'
[0.604s] Level 5:colcon.colcon_core.verb:set package 'ros2_cpp_tutorial' build argument 'catkin_cmake_args' from command line to 'None'
[0.604s] Level 5:colcon.colcon_core.verb:set package 'ros2_cpp_tutorial' build argument 'catkin_skip_building_tests' from command line to 'False'
[0.604s] DEBUG:colcon.colcon_core.verb:Building package 'ros2_cpp_tutorial' with the following arguments: {'ament_cmake_args': None, 'build_base': '/home/jewoo/ros2_ws/src/build/ros2_cpp_tutorial', 'catkin_cmake_args': None, 'catkin_skip_building_tests': False, 'cmake_args': None, 'cmake_clean_cache': False, 'cmake_clean_first': False, 'cmake_force_configure': False, 'cmake_target': None, 'cmake_target_skip_unavailable': False, 'install_base': '/home/jewoo/ros2_ws/src/install/ros2_cpp_tutorial', 'merge_install': False, 'path': '/home/jewoo/ros2_ws/src/ros2_cpp_tutorial', 'symlink_install': True, 'test_result_base': None}
[0.604s] INFO:colcon.colcon_core.executor:Executing jobs using 'parallel' executor
[0.605s] DEBUG:colcon.colcon_parallel_executor.executor.parallel:run_until_complete
[0.605s] INFO:colcon.colcon_ros.task.ament_cmake.build:Building ROS package in '/home/jewoo/ros2_ws/src/ros2_interfaces_tutorial' with build type 'ament_cmake'
[0.605s] INFO:colcon.colcon_cmake.task.cmake.build:Building CMake package in '/home/jewoo/ros2_ws/src/ros2_interfaces_tutorial'
[0.607s] INFO:colcon.colcon_core.plugin_system:Skipping extension 'colcon_core.shell.bat': Not used on non-Windows systems
[0.607s] INFO:colcon.colcon_core.shell:Skip shell extension 'powershell' for command environment: Not usable outside of PowerShell
[0.607s] DEBUG:colcon.colcon_core.shell:Skip shell extension 'dsv' for command environment
[0.610s] INFO:colcon.colcon_ros.task.ament_cmake.build:Building ROS package in '/home/jewoo/ros2_ws/src/PIC4rl_gym/gazebo_sim' with build type 'ament_cmake'
[0.610s] INFO:colcon.colcon_cmake.task.cmake.build:Building CMake package in '/home/jewoo/ros2_ws/src/PIC4rl_gym/gazebo_sim'
[0.610s] INFO:colcon.colcon_core.shell:Skip shell extension 'powershell' for command environment: Not usable outside of PowerShell
[0.610s] DEBUG:colcon.colcon_core.shell:Skip shell extension 'dsv' for command environment
[0.613s] INFO:colcon.colcon_ros.task.ament_cmake.build:Building ROS package in '/home/jewoo/ros2_ws/src/PIC4rl_gym/pic4rl' with build type 'ament_cmake'
[0.613s] INFO:colcon.colcon_cmake.task.cmake.build:Building CMake package in '/home/jewoo/ros2_ws/src/PIC4rl_gym/pic4rl'
[0.613s] INFO:colcon.colcon_core.shell:Skip shell extension 'powershell' for command environment: Not usable outside of PowerShell
[0.613s] DEBUG:colcon.colcon_core.shell:Skip shell extension 'dsv' for command environment
[0.616s] INFO:colcon.colcon_ros.task.ament_python.build:Building ROS package in '/home/jewoo/ros2_ws/src/ros2_python_tutorial' with build type 'ament_python'
[0.616s] Level 1:colcon.colcon_core.shell:create_environment_hook('ros2_python_tutorial', 'ament_prefix_path')
[0.616s] INFO:colcon.colcon_core.shell:Creating environment hook '/home/jewoo/ros2_ws/src/install/ros2_python_tutorial/share/ros2_python_tutorial/hook/ament_prefix_path.ps1'
[0.617s] INFO:colcon.colcon_core.shell:Creating environment descriptor '/home/jewoo/ros2_ws/src/install/ros2_python_tutorial/share/ros2_python_tutorial/hook/ament_prefix_path.dsv'
[0.617s] INFO:colcon.colcon_core.shell:Creating environment hook '/home/jewoo/ros2_ws/src/install/ros2_python_tutorial/share/ros2_python_tutorial/hook/ament_prefix_path.sh'
[0.618s] INFO:colcon.colcon_core.shell:Skip shell extension 'powershell' for command environment: Not usable outside of PowerShell
[0.618s] DEBUG:colcon.colcon_core.shell:Skip shell extension 'dsv' for command environment
[0.621s] INFO:colcon.colcon_core.task.python.build:Building Python package in '/home/jewoo/ros2_ws/src/PIC4rl_gym/tf2rl'
[0.621s] INFO:colcon.colcon_core.shell:Skip shell extension 'powershell' for command environment: Not usable outside of PowerShell
[0.621s] DEBUG:colcon.colcon_core.shell:Skip shell extension 'dsv' for command environment
[0.629s] DEBUG:colcon.colcon_core.event_handler.log_command:Invoking command in '/home/jewoo/ros2_ws/src/build/ros2_interfaces_tutorial': CMAKE_PREFIX_PATH=${CMAKE_PREFIX_PATH}:/opt/ros/humble:/home/jewoo/ros2_ws/install/ros2_python_tutorial /usr/bin/cmake /home/jewoo/ros2_ws/src/ros2_interfaces_tutorial -DAMENT_CMAKE_SYMLINK_INSTALL=1 -DCMAKE_INSTALL_PREFIX=/home/jewoo/ros2_ws/src/install/ros2_interfaces_tutorial
[0.632s] DEBUG:colcon.colcon_core.event_handler.log_command:Invoking command in '/home/jewoo/ros2_ws/src/build/gazebo_sim': CMAKE_PREFIX_PATH=${CMAKE_PREFIX_PATH}:/opt/ros/humble:/home/jewoo/ros2_ws/install/ros2_python_tutorial /usr/bin/cmake /home/jewoo/ros2_ws/src/PIC4rl_gym/gazebo_sim -DAMENT_CMAKE_SYMLINK_INSTALL=1 -DCMAKE_INSTALL_PREFIX=/home/jewoo/ros2_ws/src/install/gazebo_sim
[0.635s] DEBUG:colcon.colcon_core.event_handler.log_command:Invoking command in '/home/jewoo/ros2_ws/src/build/pic4rl': CMAKE_PREFIX_PATH=${CMAKE_PREFIX_PATH}:/opt/ros/humble:/home/jewoo/ros2_ws/install/ros2_python_tutorial /usr/bin/cmake /home/jewoo/ros2_ws/src/PIC4rl_gym/pic4rl -DAMENT_CMAKE_SYMLINK_INSTALL=1 -DCMAKE_INSTALL_PREFIX=/home/jewoo/ros2_ws/src/install/pic4rl
[0.870s] INFO:colcon.colcon_core.task.python.build:Building Python package in '/home/jewoo/ros2_ws/src/ros2_python_tutorial'
[0.870s] INFO:colcon.colcon_core.shell:Skip shell extension 'powershell' for command environment: Not usable outside of PowerShell
[0.870s] DEBUG:colcon.colcon_core.shell:Skip shell extension 'dsv' for command environment
[1.123s] DEBUG:colcon.colcon_core.event_handler.log_command:Invoked command in '/home/jewoo/ros2_ws/src/build/gazebo_sim' returned '0': CMAKE_PREFIX_PATH=${CMAKE_PREFIX_PATH}:/opt/ros/humble:/home/jewoo/ros2_ws/install/ros2_python_tutorial /usr/bin/cmake /home/jewoo/ros2_ws/src/PIC4rl_gym/gazebo_sim -DAMENT_CMAKE_SYMLINK_INSTALL=1 -DCMAKE_INSTALL_PREFIX=/home/jewoo/ros2_ws/src/install/gazebo_sim
[1.125s] DEBUG:colcon.colcon_core.event_handler.log_command:Invoking command in '/home/jewoo/ros2_ws/src/build/gazebo_sim': CMAKE_PREFIX_PATH=${CMAKE_PREFIX_PATH}:/opt/ros/humble:/home/jewoo/ros2_ws/install/ros2_python_tutorial /usr/bin/cmake --build /home/jewoo/ros2_ws/src/build/gazebo_sim -- -j12 -l12
[1.126s] DEBUG:colcon.colcon_core.event_handler.log_command:Invoked command in '/home/jewoo/ros2_ws/src/build/pic4rl' returned '0': CMAKE_PREFIX_PATH=${CMAKE_PREFIX_PATH}:/opt/ros/humble:/home/jewoo/ros2_ws/install/ros2_python_tutorial /usr/bin/cmake /home/jewoo/ros2_ws/src/PIC4rl_gym/pic4rl -DAMENT_CMAKE_SYMLINK_INSTALL=1 -DCMAKE_INSTALL_PREFIX=/home/jewoo/ros2_ws/src/install/pic4rl
[1.128s] DEBUG:colcon.colcon_core.event_handler.log_command:Invoking command in '/home/jewoo/ros2_ws/src/build/pic4rl': CMAKE_PREFIX_PATH=${CMAKE_PREFIX_PATH}:/opt/ros/humble:/home/jewoo/ros2_ws/install/ros2_python_tutorial /usr/bin/cmake --build /home/jewoo/ros2_ws/src/build/pic4rl -- -j12 -l12
[1.160s] DEBUG:colcon.colcon_core.event_handler.log_command:Invoked command in '/home/jewoo/ros2_ws/src/build/gazebo_sim' returned '0': CMAKE_PREFIX_PATH=${CMAKE_PREFIX_PATH}:/opt/ros/humble:/home/jewoo/ros2_ws/install/ros2_python_tutorial /usr/bin/cmake --build /home/jewoo/ros2_ws/src/build/gazebo_sim -- -j12 -l12
[1.191s] DEBUG:colcon.colcon_core.event_handler.log_command:Invoking command in '/home/jewoo/ros2_ws/src/build/gazebo_sim': CMAKE_PREFIX_PATH=${CMAKE_PREFIX_PATH}:/opt/ros/humble:/home/jewoo/ros2_ws/install/ros2_python_tutorial /usr/bin/cmake --install /home/jewoo/ros2_ws/src/build/gazebo_sim
[1.447s] DEBUG:colcon.colcon_core.event_handler.log_command:Invoking command in '/home/jewoo/ros2_ws/src/build/ros2_python_tutorial': PYTHONPATH=/home/jewoo/ros2_ws/src/build/ros2_python_tutorial/prefix_override:/usr/lib/python3/dist-packages/colcon_core/task/python/colcon_distutils_commands:/home/jewoo/ros2_ws/src/install/ros2_python_tutorial/lib/python3.10/site-packages:${PYTHONPATH} /usr/bin/python3 -W ignore:setup.py install is deprecated setup.py develop --editable --build-directory /home/jewoo/ros2_ws/src/build/ros2_python_tutorial/build --no-deps symlink_data
[1.450s] DEBUG:colcon.colcon_core.event_handler.log_command:Invoking command in '/home/jewoo/ros2_ws/src/build/tf2rl': PYTHONPATH=/home/jewoo/ros2_ws/src/build/tf2rl/prefix_override:/usr/lib/python3/dist-packages/colcon_core/task/python/colcon_distutils_commands:/home/jewoo/ros2_ws/src/install/tf2rl/lib/python3.10/site-packages:${PYTHONPATH} /usr/bin/python3 -W ignore:setup.py install is deprecated setup.py develop --editable --build-directory /home/jewoo/ros2_ws/src/build/tf2rl/build --no-deps
[1.451s] DEBUG:colcon.colcon_core.event_handler.log_command:Invoked command in '/home/jewoo/ros2_ws/src/build/pic4rl' returned '0': CMAKE_PREFIX_PATH=${CMAKE_PREFIX_PATH}:/opt/ros/humble:/home/jewoo/ros2_ws/install/ros2_python_tutorial /usr/bin/cmake --build /home/jewoo/ros2_ws/src/build/pic4rl -- -j12 -l12
[1.475s] DEBUG:colcon.colcon_core.event_handler.log_command:Invoking command in '/home/jewoo/ros2_ws/src/build/pic4rl': CMAKE_PREFIX_PATH=${CMAKE_PREFIX_PATH}:/opt/ros/humble:/home/jewoo/ros2_ws/install/ros2_python_tutorial /usr/bin/cmake --install /home/jewoo/ros2_ws/src/build/pic4rl
[1.708s] Level 1:colcon.colcon_core.environment:create_environment_scripts_only(gazebo_sim)
[1.709s] DEBUG:colcon.colcon_core.event_handler.log_command:Invoked command in '/home/jewoo/ros2_ws/src/build/gazebo_sim' returned '0': CMAKE_PREFIX_PATH=${CMAKE_PREFIX_PATH}:/opt/ros/humble:/home/jewoo/ros2_ws/install/ros2_python_tutorial /usr/bin/cmake --install /home/jewoo/ros2_ws/src/build/gazebo_sim
[1.711s] Level 1:colcon.colcon_core.environment:checking '/home/jewoo/ros2_ws/src/install/gazebo_sim' for CMake module files
[1.712s] Level 1:colcon.colcon_core.environment:checking '/home/jewoo/ros2_ws/src/install/gazebo_sim' for CMake config files
[1.712s] Level 1:colcon.colcon_core.shell:create_environment_hook('gazebo_sim', 'cmake_prefix_path')
[1.712s] INFO:colcon.colcon_core.shell:Creating environment hook '/home/jewoo/ros2_ws/src/install/gazebo_sim/share/gazebo_sim/hook/cmake_prefix_path.ps1'
[1.712s] INFO:colcon.colcon_core.shell:Creating environment descriptor '/home/jewoo/ros2_ws/src/install/gazebo_sim/share/gazebo_sim/hook/cmake_prefix_path.dsv'
[1.713s] INFO:colcon.colcon_core.shell:Creating environment hook '/home/jewoo/ros2_ws/src/install/gazebo_sim/share/gazebo_sim/hook/cmake_prefix_path.sh'
[1.713s] Level 1:colcon.colcon_core.environment:checking '/home/jewoo/ros2_ws/src/install/gazebo_sim/bin'
[1.713s] Level 1:colcon.colcon_core.environment:checking '/home/jewoo/ros2_ws/src/install/gazebo_sim/lib/pkgconfig/gazebo_sim.pc'
[1.713s] Level 1:colcon.colcon_core.environment:checking '/home/jewoo/ros2_ws/src/install/gazebo_sim/lib/python3.10/site-packages'
[1.714s] Level 1:colcon.colcon_core.environment:checking '/home/jewoo/ros2_ws/src/install/gazebo_sim/bin'
[1.714s] INFO:colcon.colcon_core.shell:Creating package script '/home/jewoo/ros2_ws/src/install/gazebo_sim/share/gazebo_sim/package.ps1'
[1.715s] INFO:colcon.colcon_core.shell:Creating package descriptor '/home/jewoo/ros2_ws/src/install/gazebo_sim/share/gazebo_sim/package.dsv'
[1.715s] INFO:colcon.colcon_core.shell:Creating package script '/home/jewoo/ros2_ws/src/install/gazebo_sim/share/gazebo_sim/package.sh'
[1.716s] INFO:colcon.colcon_core.shell:Creating package script '/home/jewoo/ros2_ws/src/install/gazebo_sim/share/gazebo_sim/package.bash'
[1.717s] INFO:colcon.colcon_core.shell:Creating package script '/home/jewoo/ros2_ws/src/install/gazebo_sim/share/gazebo_sim/package.zsh'
[1.717s] Level 1:colcon.colcon_core.environment:create_file_with_runtime_dependencies(/home/jewoo/ros2_ws/src/install/gazebo_sim/share/colcon-core/packages/gazebo_sim)
[1.738s] Level 1:colcon.colcon_core.environment:create_environment_scripts_only(gazebo_sim)
[1.739s] Level 1:colcon.colcon_core.environment:checking '/home/jewoo/ros2_ws/src/install/gazebo_sim' for CMake module files
[1.739s] Level 1:colcon.colcon_core.environment:checking '/home/jewoo/ros2_ws/src/install/gazebo_sim' for CMake config files
[1.740s] Level 1:colcon.colcon_core.shell:create_environment_hook('gazebo_sim', 'cmake_prefix_path')
[1.740s] INFO:colcon.colcon_core.shell:Creating environment hook '/home/jewoo/ros2_ws/src/install/gazebo_sim/share/gazebo_sim/hook/cmake_prefix_path.ps1'
[1.740s] INFO:colcon.colcon_core.shell:Creating environment descriptor '/home/jewoo/ros2_ws/src/install/gazebo_sim/share/gazebo_sim/hook/cmake_prefix_path.dsv'
[1.741s] INFO:colcon.colcon_core.shell:Creating environment hook '/home/jewoo/ros2_ws/src/install/gazebo_sim/share/gazebo_sim/hook/cmake_prefix_path.sh'
[1.741s] Level 1:colcon.colcon_core.environment:checking '/home/jewoo/ros2_ws/src/install/gazebo_sim/bin'
[1.741s] Level 1:colcon.colcon_core.environment:checking '/home/jewoo/ros2_ws/src/install/gazebo_sim/lib/pkgconfig/gazebo_sim.pc'
[1.741s] Level 1:colcon.colcon_core.environment:checking '/home/jewoo/ros2_ws/src/install/gazebo_sim/lib/python3.10/site-packages'
[1.742s] Level 1:colcon.colcon_core.environment:checking '/home/jewoo/ros2_ws/src/install/gazebo_sim/bin'
[1.742s] INFO:colcon.colcon_core.shell:Creating package script '/home/jewoo/ros2_ws/src/install/gazebo_sim/share/gazebo_sim/package.ps1'
[1.742s] INFO:colcon.colcon_core.shell:Creating package descriptor '/home/jewoo/ros2_ws/src/install/gazebo_sim/share/gazebo_sim/package.dsv'
[1.743s] INFO:colcon.colcon_core.shell:Creating package script '/home/jewoo/ros2_ws/src/install/gazebo_sim/share/gazebo_sim/package.sh'
[1.743s] INFO:colcon.colcon_core.shell:Creating package script '/home/jewoo/ros2_ws/src/install/gazebo_sim/share/gazebo_sim/package.bash'
[1.743s] INFO:colcon.colcon_core.shell:Creating package script '/home/jewoo/ros2_ws/src/install/gazebo_sim/share/gazebo_sim/package.zsh'
[1.744s] Level 1:colcon.colcon_core.environment:create_file_with_runtime_dependencies(/home/jewoo/ros2_ws/src/install/gazebo_sim/share/colcon-core/packages/gazebo_sim)
[1.881s] Level 1:colcon.colcon_core.shell:create_environment_hook('tf2rl', 'pythonpath_develop')
[1.882s] INFO:colcon.colcon_core.shell:Creating environment hook '/home/jewoo/ros2_ws/src/build/tf2rl/share/tf2rl/hook/pythonpath_develop.ps1'
[1.882s] DEBUG:colcon.colcon_core.event_handler.log_command:Invoked command in '/home/jewoo/ros2_ws/src/build/tf2rl' returned '0': PYTHONPATH=/home/jewoo/ros2_ws/src/build/tf2rl/prefix_override:/usr/lib/python3/dist-packages/colcon_core/task/python/colcon_distutils_commands:/home/jewoo/ros2_ws/src/install/tf2rl/lib/python3.10/site-packages:${PYTHONPATH} /usr/bin/python3 -W ignore:setup.py install is deprecated setup.py develop --editable --build-directory /home/jewoo/ros2_ws/src/build/tf2rl/build --no-deps
[1.883s] INFO:colcon.colcon_core.shell:Creating environment descriptor '/home/jewoo/ros2_ws/src/build/tf2rl/share/tf2rl/hook/pythonpath_develop.dsv'
[1.883s] INFO:colcon.colcon_core.shell:Creating environment hook '/home/jewoo/ros2_ws/src/build/tf2rl/share/tf2rl/hook/pythonpath_develop.sh'
[1.883s] Level 1:colcon.colcon_core.environment:checking '/home/jewoo/ros2_ws/src/install/tf2rl' for CMake module files
[1.884s] Level 1:colcon.colcon_core.environment:checking '/home/jewoo/ros2_ws/src/install/tf2rl' for CMake config files
[1.884s] Level 1:colcon.colcon_core.environment:checking '/home/jewoo/ros2_ws/src/install/tf2rl/lib'
[1.884s] Level 1:colcon.colcon_core.environment:checking '/home/jewoo/ros2_ws/src/install/tf2rl/bin'
[1.884s] Level 1:colcon.colcon_core.environment:checking '/home/jewoo/ros2_ws/src/install/tf2rl/lib/pkgconfig/tf2rl.pc'
[1.884s] Level 1:colcon.colcon_core.environment:checking '/home/jewoo/ros2_ws/src/install/tf2rl/lib/python3.10/site-packages'
[1.884s] Level 1:colcon.colcon_core.shell:create_environment_hook('tf2rl', 'pythonpath')
[1.885s] INFO:colcon.colcon_core.shell:Creating environment hook '/home/jewoo/ros2_ws/src/install/tf2rl/share/tf2rl/hook/pythonpath.ps1'
[1.885s] INFO:colcon.colcon_core.shell:Creating environment descriptor '/home/jewoo/ros2_ws/src/install/tf2rl/share/tf2rl/hook/pythonpath.dsv'
[1.885s] INFO:colcon.colcon_core.shell:Creating environment hook '/home/jewoo/ros2_ws/src/install/tf2rl/share/tf2rl/hook/pythonpath.sh'
[1.886s] Level 1:colcon.colcon_core.environment:checking '/home/jewoo/ros2_ws/src/install/tf2rl/bin'
[1.886s] Level 1:colcon.colcon_core.environment:create_environment_scripts_only(tf2rl)
[1.886s] INFO:colcon.colcon_core.shell:Creating package script '/home/jewoo/ros2_ws/src/install/tf2rl/share/tf2rl/package.ps1'
[1.887s] INFO:colcon.colcon_core.shell:Creating package descriptor '/home/jewoo/ros2_ws/src/install/tf2rl/share/tf2rl/package.dsv'
[1.887s] INFO:colcon.colcon_core.shell:Creating package script '/home/jewoo/ros2_ws/src/install/tf2rl/share/tf2rl/package.sh'
[1.887s] INFO:colcon.colcon_core.shell:Creating package script '/home/jewoo/ros2_ws/src/install/tf2rl/share/tf2rl/package.bash'
[1.888s] INFO:colcon.colcon_core.shell:Creating package script '/home/jewoo/ros2_ws/src/install/tf2rl/share/tf2rl/package.zsh'
[1.888s] Level 1:colcon.colcon_core.environment:create_file_with_runtime_dependencies(/home/jewoo/ros2_ws/src/install/tf2rl/share/colcon-core/packages/tf2rl)
[1.889s] Level 1:colcon.colcon_core.shell:create_environment_hook('ros2_python_tutorial', 'pythonpath_develop')
[1.889s] INFO:colcon.colcon_core.shell:Creating environment hook '/home/jewoo/ros2_ws/src/build/ros2_python_tutorial/share/ros2_python_tutorial/hook/pythonpath_develop.ps1'
[1.890s] DEBUG:colcon.colcon_core.event_handler.log_command:Invoked command in '/home/jewoo/ros2_ws/src/build/ros2_python_tutorial' returned '0': PYTHONPATH=/home/jewoo/ros2_ws/src/build/ros2_python_tutorial/prefix_override:/usr/lib/python3/dist-packages/colcon_core/task/python/colcon_distutils_commands:/home/jewoo/ros2_ws/src/install/ros2_python_tutorial/lib/python3.10/site-packages:${PYTHONPATH} /usr/bin/python3 -W ignore:setup.py install is deprecated setup.py develop --editable --build-directory /home/jewoo/ros2_ws/src/build/ros2_python_tutorial/build --no-deps symlink_data
[1.890s] INFO:colcon.colcon_core.shell:Creating environment descriptor '/home/jewoo/ros2_ws/src/build/ros2_python_tutorial/share/ros2_python_tutorial/hook/pythonpath_develop.dsv'
[1.890s] INFO:colcon.colcon_core.shell:Creating environment hook '/home/jewoo/ros2_ws/src/build/ros2_python_tutorial/share/ros2_python_tutorial/hook/pythonpath_develop.sh'
[1.891s] Level 1:colcon.colcon_core.environment:checking '/home/jewoo/ros2_ws/src/install/ros2_python_tutorial' for CMake module files
[1.891s] Level 1:colcon.colcon_core.environment:checking '/home/jewoo/ros2_ws/src/install/ros2_python_tutorial' for CMake config files
[1.891s] Level 1:colcon.colcon_core.environment:checking '/home/jewoo/ros2_ws/src/install/ros2_python_tutorial/lib'
[1.891s] Level 1:colcon.colcon_core.environment:checking '/home/jewoo/ros2_ws/src/install/ros2_python_tutorial/bin'
[1.892s] Level 1:colcon.colcon_core.environment:checking '/home/jewoo/ros2_ws/src/install/ros2_python_tutorial/lib/pkgconfig/ros2_python_tutorial.pc'
[1.892s] Level 1:colcon.colcon_core.environment:checking '/home/jewoo/ros2_ws/src/install/ros2_python_tutorial/lib/python3.10/site-packages'
[1.892s] Level 1:colcon.colcon_core.shell:create_environment_hook('ros2_python_tutorial', 'pythonpath')
[1.892s] INFO:colcon.colcon_core.shell:Creating environment hook '/home/jewoo/ros2_ws/src/install/ros2_python_tutorial/share/ros2_python_tutorial/hook/pythonpath.ps1'
[1.892s] INFO:colcon.colcon_core.shell:Creating environment descriptor '/home/jewoo/ros2_ws/src/install/ros2_python_tutorial/share/ros2_python_tutorial/hook/pythonpath.dsv'
[1.892s] INFO:colcon.colcon_core.shell:Creating environment hook '/home/jewoo/ros2_ws/src/install/ros2_python_tutorial/share/ros2_python_tutorial/hook/pythonpath.sh'
[1.893s] Level 1:colcon.colcon_core.environment:checking '/home/jewoo/ros2_ws/src/install/ros2_python_tutorial/bin'
[1.893s] Level 1:colcon.colcon_core.environment:create_environment_scripts_only(ros2_python_tutorial)
[1.893s] INFO:colcon.colcon_core.shell:Creating package script '/home/jewoo/ros2_ws/src/install/ros2_python_tutorial/share/ros2_python_tutorial/package.ps1'
[1.894s] INFO:colcon.colcon_core.shell:Creating package descriptor '/home/jewoo/ros2_ws/src/install/ros2_python_tutorial/share/ros2_python_tutorial/package.dsv'
[1.894s] INFO:colcon.colcon_core.shell:Creating package script '/home/jewoo/ros2_ws/src/install/ros2_python_tutorial/share/ros2_python_tutorial/package.sh'
[1.895s] INFO:colcon.colcon_core.shell:Creating package script '/home/jewoo/ros2_ws/src/install/ros2_python_tutorial/share/ros2_python_tutorial/package.bash'
[1.895s] INFO:colcon.colcon_core.shell:Creating package script '/home/jewoo/ros2_ws/src/install/ros2_python_tutorial/share/ros2_python_tutorial/package.zsh'
[1.895s] Level 1:colcon.colcon_core.environment:create_file_with_runtime_dependencies(/home/jewoo/ros2_ws/src/install/ros2_python_tutorial/share/colcon-core/packages/ros2_python_tutorial)
[2.143s] Level 1:colcon.colcon_core.environment:create_environment_scripts_only(pic4rl)
[2.144s] Level 1:colcon.colcon_core.environment:checking '/home/jewoo/ros2_ws/src/install/pic4rl' for CMake module files
[2.144s] DEBUG:colcon.colcon_core.event_handler.log_command:Invoked command in '/home/jewoo/ros2_ws/src/build/pic4rl' returned '0': CMAKE_PREFIX_PATH=${CMAKE_PREFIX_PATH}:/opt/ros/humble:/home/jewoo/ros2_ws/install/ros2_python_tutorial /usr/bin/cmake --install /home/jewoo/ros2_ws/src/build/pic4rl
[2.145s] Level 1:colcon.colcon_core.environment:checking '/home/jewoo/ros2_ws/src/install/pic4rl' for CMake config files
[2.145s] Level 1:colcon.colcon_core.shell:create_environment_hook('pic4rl', 'cmake_prefix_path')
[2.146s] INFO:colcon.colcon_core.shell:Creating environment hook '/home/jewoo/ros2_ws/src/install/pic4rl/share/pic4rl/hook/cmake_prefix_path.ps1'
[2.146s] INFO:colcon.colcon_core.shell:Creating environment descriptor '/home/jewoo/ros2_ws/src/install/pic4rl/share/pic4rl/hook/cmake_prefix_path.dsv'
[2.147s] INFO:colcon.colcon_core.shell:Creating environment hook '/home/jewoo/ros2_ws/src/install/pic4rl/share/pic4rl/hook/cmake_prefix_path.sh'
[2.147s] Level 1:colcon.colcon_core.environment:checking '/home/jewoo/ros2_ws/src/install/pic4rl/lib'
[2.148s] Level 1:colcon.colcon_core.environment:checking '/home/jewoo/ros2_ws/src/install/pic4rl/bin'
[2.148s] Level 1:colcon.colcon_core.environment:checking '/home/jewoo/ros2_ws/src/install/pic4rl/lib/pkgconfig/pic4rl.pc'
[2.148s] Level 1:colcon.colcon_core.environment:checking '/home/jewoo/ros2_ws/src/install/pic4rl/lib/python3.10/site-packages'
[2.148s] Level 1:colcon.colcon_core.environment:checking '/home/jewoo/ros2_ws/src/install/pic4rl/bin'
[2.149s] INFO:colcon.colcon_core.shell:Creating package script '/home/jewoo/ros2_ws/src/install/pic4rl/share/pic4rl/package.ps1'
[2.150s] INFO:colcon.colcon_core.shell:Creating package descriptor '/home/jewoo/ros2_ws/src/install/pic4rl/share/pic4rl/package.dsv'
[2.150s] INFO:colcon.colcon_core.shell:Creating package script '/home/jewoo/ros2_ws/src/install/pic4rl/share/pic4rl/package.sh'
[2.151s] INFO:colcon.colcon_core.shell:Creating package script '/home/jewoo/ros2_ws/src/install/pic4rl/share/pic4rl/package.bash'
[2.151s] INFO:colcon.colcon_core.shell:Creating package script '/home/jewoo/ros2_ws/src/install/pic4rl/share/pic4rl/package.zsh'
[2.151s] Level 1:colcon.colcon_core.environment:create_file_with_runtime_dependencies(/home/jewoo/ros2_ws/src/install/pic4rl/share/colcon-core/packages/pic4rl)
[2.173s] Level 1:colcon.colcon_core.environment:create_environment_scripts_only(pic4rl)
[2.174s] Level 1:colcon.colcon_core.environment:checking '/home/jewoo/ros2_ws/src/install/pic4rl' for CMake module files
[2.175s] Level 1:colcon.colcon_core.environment:checking '/home/jewoo/ros2_ws/src/install/pic4rl' for CMake config files
[2.176s] Level 1:colcon.colcon_core.shell:create_environment_hook('pic4rl', 'cmake_prefix_path')
[2.176s] INFO:colcon.colcon_core.shell:Creating environment hook '/home/jewoo/ros2_ws/src/install/pic4rl/share/pic4rl/hook/cmake_prefix_path.ps1'
[2.176s] INFO:colcon.colcon_core.shell:Creating environment descriptor '/home/jewoo/ros2_ws/src/install/pic4rl/share/pic4rl/hook/cmake_prefix_path.dsv'
[2.177s] INFO:colcon.colcon_core.shell:Creating environment hook '/home/jewoo/ros2_ws/src/install/pic4rl/share/pic4rl/hook/cmake_prefix_path.sh'
[2.178s] Level 1:colcon.colcon_core.environment:checking '/home/jewoo/ros2_ws/src/install/pic4rl/lib'
[2.178s] Level 1:colcon.colcon_core.environment:checking '/home/jewoo/ros2_ws/src/install/pic4rl/bin'
[2.178s] Level 1:colcon.colcon_core.environment:checking '/home/jewoo/ros2_ws/src/install/pic4rl/lib/pkgconfig/pic4rl.pc'
[2.178s] Level 1:colcon.colcon_core.environment:checking '/home/jewoo/ros2_ws/src/install/pic4rl/lib/python3.10/site-packages'
[2.179s] Level 1:colcon.colcon_core.environment:checking '/home/jewoo/ros2_ws/src/install/pic4rl/bin'
[2.179s] INFO:colcon.colcon_core.shell:Creating package script '/home/jewoo/ros2_ws/src/install/pic4rl/share/pic4rl/package.ps1'
[2.181s] INFO:colcon.colcon_core.shell:Creating package descriptor '/home/jewoo/ros2_ws/src/install/pic4rl/share/pic4rl/package.dsv'
[2.181s] INFO:colcon.colcon_core.shell:Creating package script '/home/jewoo/ros2_ws/src/install/pic4rl/share/pic4rl/package.sh'
[2.182s] INFO:colcon.colcon_core.shell:Creating package script '/home/jewoo/ros2_ws/src/install/pic4rl/share/pic4rl/package.bash'
[2.182s] INFO:colcon.colcon_core.shell:Creating package script '/home/jewoo/ros2_ws/src/install/pic4rl/share/pic4rl/package.zsh'
[2.183s] Level 1:colcon.colcon_core.environment:create_file_with_runtime_dependencies(/home/jewoo/ros2_ws/src/install/pic4rl/share/colcon-core/packages/pic4rl)
[2.285s] DEBUG:colcon.colcon_core.event_handler.log_command:Invoked command in '/home/jewoo/ros2_ws/src/build/ros2_interfaces_tutorial' returned '0': CMAKE_PREFIX_PATH=${CMAKE_PREFIX_PATH}:/opt/ros/humble:/home/jewoo/ros2_ws/install/ros2_python_tutorial /usr/bin/cmake /home/jewoo/ros2_ws/src/ros2_interfaces_tutorial -DAMENT_CMAKE_SYMLINK_INSTALL=1 -DCMAKE_INSTALL_PREFIX=/home/jewoo/ros2_ws/src/install/ros2_interfaces_tutorial
[2.286s] DEBUG:colcon.colcon_core.event_handler.log_command:Invoking command in '/home/jewoo/ros2_ws/src/build/ros2_interfaces_tutorial': CMAKE_PREFIX_PATH=${CMAKE_PREFIX_PATH}:/opt/ros/humble:/home/jewoo/ros2_ws/install/ros2_python_tutorial /usr/bin/cmake --build /home/jewoo/ros2_ws/src/build/ros2_interfaces_tutorial -- -j12 -l12
[4.668s] DEBUG:colcon.colcon_core.event_handler.log_command:Invoked command in '/home/jewoo/ros2_ws/src/build/ros2_interfaces_tutorial' returned '0': CMAKE_PREFIX_PATH=${CMAKE_PREFIX_PATH}:/opt/ros/humble:/home/jewoo/ros2_ws/install/ros2_python_tutorial /usr/bin/cmake --build /home/jewoo/ros2_ws/src/build/ros2_interfaces_tutorial -- -j12 -l12
[4.762s] DEBUG:colcon.colcon_core.event_handler.log_command:Invoking command in '/home/jewoo/ros2_ws/src/build/ros2_interfaces_tutorial': CMAKE_PREFIX_PATH=${CMAKE_PREFIX_PATH}:/opt/ros/humble:/home/jewoo/ros2_ws/install/ros2_python_tutorial /usr/bin/cmake --install /home/jewoo/ros2_ws/src/build/ros2_interfaces_tutorial
[5.531s] Level 1:colcon.colcon_core.environment:create_environment_scripts_only(ros2_interfaces_tutorial)
[5.532s] DEBUG:colcon.colcon_core.event_handler.log_command:Invoked command in '/home/jewoo/ros2_ws/src/build/ros2_interfaces_tutorial' returned '0': CMAKE_PREFIX_PATH=${CMAKE_PREFIX_PATH}:/opt/ros/humble:/home/jewoo/ros2_ws/install/ros2_python_tutorial /usr/bin/cmake --install /home/jewoo/ros2_ws/src/build/ros2_interfaces_tutorial
[5.532s] Level 1:colcon.colcon_core.environment:checking '/home/jewoo/ros2_ws/src/install/ros2_interfaces_tutorial' for CMake module files
[5.533s] Level 1:colcon.colcon_core.environment:checking '/home/jewoo/ros2_ws/src/install/ros2_interfaces_tutorial' for CMake config files
[5.533s] Level 1:colcon.colcon_core.shell:create_environment_hook('ros2_interfaces_tutorial', 'cmake_prefix_path')
[5.533s] INFO:colcon.colcon_core.shell:Creating environment hook '/home/jewoo/ros2_ws/src/install/ros2_interfaces_tutorial/share/ros2_interfaces_tutorial/hook/cmake_prefix_path.ps1'
[5.533s] INFO:colcon.colcon_core.shell:Creating environment descriptor '/home/jewoo/ros2_ws/src/install/ros2_interfaces_tutorial/share/ros2_interfaces_tutorial/hook/cmake_prefix_path.dsv'
[5.534s] INFO:colcon.colcon_core.shell:Creating environment hook '/home/jewoo/ros2_ws/src/install/ros2_interfaces_tutorial/share/ros2_interfaces_tutorial/hook/cmake_prefix_path.sh'
[5.534s] Level 1:colcon.colcon_core.environment:checking '/home/jewoo/ros2_ws/src/install/ros2_interfaces_tutorial/lib'
[5.534s] Level 1:colcon.colcon_core.shell:create_environment_hook('ros2_interfaces_tutorial', 'ld_library_path_lib')
[5.534s] INFO:colcon.colcon_core.shell:Creating environment hook '/home/jewoo/ros2_ws/src/install/ros2_interfaces_tutorial/share/ros2_interfaces_tutorial/hook/ld_library_path_lib.ps1'
[5.535s] INFO:colcon.colcon_core.shell:Creating environment descriptor '/home/jewoo/ros2_ws/src/install/ros2_interfaces_tutorial/share/ros2_interfaces_tutorial/hook/ld_library_path_lib.dsv'
[5.535s] INFO:colcon.colcon_core.shell:Creating environment hook '/home/jewoo/ros2_ws/src/install/ros2_interfaces_tutorial/share/ros2_interfaces_tutorial/hook/ld_library_path_lib.sh'
[5.535s] Level 1:colcon.colcon_core.environment:checking '/home/jewoo/ros2_ws/src/install/ros2_interfaces_tutorial/bin'
[5.535s] Level 1:colcon.colcon_core.environment:checking '/home/jewoo/ros2_ws/src/install/ros2_interfaces_tutorial/lib/pkgconfig/ros2_interfaces_tutorial.pc'
[5.535s] Level 1:colcon.colcon_core.environment:checking '/home/jewoo/ros2_ws/src/install/ros2_interfaces_tutorial/lib/python3.10/site-packages'
[5.536s] Level 1:colcon.colcon_core.environment:checking '/home/jewoo/ros2_ws/src/install/ros2_interfaces_tutorial/bin'
[5.536s] INFO:colcon.colcon_core.shell:Creating package script '/home/jewoo/ros2_ws/src/install/ros2_interfaces_tutorial/share/ros2_interfaces_tutorial/package.ps1'
[5.536s] INFO:colcon.colcon_core.shell:Creating package descriptor '/home/jewoo/ros2_ws/src/install/ros2_interfaces_tutorial/share/ros2_interfaces_tutorial/package.dsv'
[5.536s] INFO:colcon.colcon_core.shell:Creating package script '/home/jewoo/ros2_ws/src/install/ros2_interfaces_tutorial/share/ros2_interfaces_tutorial/package.sh'
[5.537s] INFO:colcon.colcon_core.shell:Creating package script '/home/jewoo/ros2_ws/src/install/ros2_interfaces_tutorial/share/ros2_interfaces_tutorial/package.bash'
[5.537s] INFO:colcon.colcon_core.shell:Creating package script '/home/jewoo/ros2_ws/src/install/ros2_interfaces_tutorial/share/ros2_interfaces_tutorial/package.zsh'
[5.537s] Level 1:colcon.colcon_core.environment:create_file_with_runtime_dependencies(/home/jewoo/ros2_ws/src/install/ros2_interfaces_tutorial/share/colcon-core/packages/ros2_interfaces_tutorial)
[5.664s] Level 1:colcon.colcon_core.environment:create_environment_scripts_only(ros2_interfaces_tutorial)
[5.665s] Level 1:colcon.colcon_core.environment:checking '/home/jewoo/ros2_ws/src/install/ros2_interfaces_tutorial' for CMake module files
[5.666s] Level 1:colcon.colcon_core.environment:checking '/home/jewoo/ros2_ws/src/install/ros2_interfaces_tutorial' for CMake config files
[5.667s] Level 1:colcon.colcon_core.shell:create_environment_hook('ros2_interfaces_tutorial', 'cmake_prefix_path')
[5.667s] INFO:colcon.colcon_core.shell:Creating environment hook '/home/jewoo/ros2_ws/src/install/ros2_interfaces_tutorial/share/ros2_interfaces_tutorial/hook/cmake_prefix_path.ps1'
[5.667s] INFO:colcon.colcon_core.shell:Creating environment descriptor '/home/jewoo/ros2_ws/src/install/ros2_interfaces_tutorial/share/ros2_interfaces_tutorial/hook/cmake_prefix_path.dsv'
[5.668s] INFO:colcon.colcon_core.shell:Creating environment hook '/home/jewoo/ros2_ws/src/install/ros2_interfaces_tutorial/share/ros2_interfaces_tutorial/hook/cmake_prefix_path.sh'
[5.669s] Level 1:colcon.colcon_core.environment:checking '/home/jewoo/ros2_ws/src/install/ros2_interfaces_tutorial/lib'
[5.669s] Level 1:colcon.colcon_core.shell:create_environment_hook('ros2_interfaces_tutorial', 'ld_library_path_lib')
[5.669s] INFO:colcon.colcon_core.shell:Creating environment hook '/home/jewoo/ros2_ws/src/install/ros2_interfaces_tutorial/share/ros2_interfaces_tutorial/hook/ld_library_path_lib.ps1'
[5.670s] INFO:colcon.colcon_core.shell:Creating environment descriptor '/home/jewoo/ros2_ws/src/install/ros2_interfaces_tutorial/share/ros2_interfaces_tutorial/hook/ld_library_path_lib.dsv'
[5.670s] INFO:colcon.colcon_core.shell:Creating environment hook '/home/jewoo/ros2_ws/src/install/ros2_interfaces_tutorial/share/ros2_interfaces_tutorial/hook/ld_library_path_lib.sh'
[5.671s] Level 1:colcon.colcon_core.environment:checking '/home/jewoo/ros2_ws/src/install/ros2_interfaces_tutorial/bin'
[5.671s] Level 1:colcon.colcon_core.environment:checking '/home/jewoo/ros2_ws/src/install/ros2_interfaces_tutorial/lib/pkgconfig/ros2_interfaces_tutorial.pc'
[5.671s] Level 1:colcon.colcon_core.environment:checking '/home/jewoo/ros2_ws/src/install/ros2_interfaces_tutorial/lib/python3.10/site-packages'
[5.672s] Level 1:colcon.colcon_core.environment:checking '/home/jewoo/ros2_ws/src/install/ros2_interfaces_tutorial/bin'
[5.672s] INFO:colcon.colcon_core.shell:Creating package script '/home/jewoo/ros2_ws/src/install/ros2_interfaces_tutorial/share/ros2_interfaces_tutorial/package.ps1'
[5.673s] INFO:colcon.colcon_core.shell:Creating package descriptor '/home/jewoo/ros2_ws/src/install/ros2_interfaces_tutorial/share/ros2_interfaces_tutorial/package.dsv'
[5.674s] INFO:colcon.colcon_core.shell:Creating package script '/home/jewoo/ros2_ws/src/install/ros2_interfaces_tutorial/share/ros2_interfaces_tutorial/package.sh'
[5.674s] INFO:colcon.colcon_core.shell:Creating package script '/home/jewoo/ros2_ws/src/install/ros2_interfaces_tutorial/share/ros2_interfaces_tutorial/package.bash'
[5.675s] INFO:colcon.colcon_core.shell:Creating package script '/home/jewoo/ros2_ws/src/install/ros2_interfaces_tutorial/share/ros2_interfaces_tutorial/package.zsh'
[5.675s] Level 1:colcon.colcon_core.environment:create_file_with_runtime_dependencies(/home/jewoo/ros2_ws/src/install/ros2_interfaces_tutorial/share/colcon-core/packages/ros2_interfaces_tutorial)
[5.676s] INFO:colcon.colcon_ros.task.ament_cmake.build:Building ROS package in '/home/jewoo/ros2_ws/src/ros2_cpp_tutorial' with build type 'ament_cmake'
[5.676s] INFO:colcon.colcon_cmake.task.cmake.build:Building CMake package in '/home/jewoo/ros2_ws/src/ros2_cpp_tutorial'
[5.676s] INFO:colcon.colcon_core.shell:Skip shell extension 'powershell' for command environment: Not usable outside of PowerShell
[5.676s] DEBUG:colcon.colcon_core.shell:Skip shell extension 'dsv' for command environment
[5.692s] DEBUG:colcon.colcon_core.event_handler.log_command:Invoking command in '/home/jewoo/ros2_ws/src/build/ros2_cpp_tutorial': AMENT_PREFIX_PATH=/home/jewoo/ros2_ws/src/install/ros2_interfaces_tutorial:${AMENT_PREFIX_PATH} CMAKE_PREFIX_PATH=/home/jewoo/ros2_ws/src/install/ros2_interfaces_tutorial:/home/jewoo/ros2_ws/install/tutorial_interface:/home/jewoo/ros2_ws/install/ros2_cpp_tutorial:/home/jewoo/ros2_ws/install/ros2_interfaces_tutorial:/opt/ros/humble:/home/jewoo/ros2_ws/install/ros2_python_tutorial LD_LIBRARY_PATH=/home/jewoo/ros2_ws/src/install/ros2_interfaces_tutorial/lib:/opt/ros/humble/opt/rviz_ogre_vendor/lib:/opt/ros/humble/lib/x86_64-linux-gnu:/opt/ros/humble/lib:/home/jewoo/ros2_ws/install/tutorial_interface/lib:/home/jewoo/ros2_ws/install/ros2_interfaces_tutorial/lib:/usr/lib/x86_64-linux-gnu PYTHONPATH=/home/jewoo/ros2_ws/src/install/ros2_interfaces_tutorial/local/lib/python3.10/dist-packages:${PYTHONPATH} /usr/bin/cmake /home/jewoo/ros2_ws/src/ros2_cpp_tutorial -DAMENT_CMAKE_SYMLINK_INSTALL=1 -DCMAKE_INSTALL_PREFIX=/home/jewoo/ros2_ws/src/install/ros2_cpp_tutorial
[6.991s] DEBUG:colcon.colcon_core.event_handler.log_command:Invoked command in '/home/jewoo/ros2_ws/src/build/ros2_cpp_tutorial' returned '0': AMENT_PREFIX_PATH=/home/jewoo/ros2_ws/src/install/ros2_interfaces_tutorial:${AMENT_PREFIX_PATH} CMAKE_PREFIX_PATH=/home/jewoo/ros2_ws/src/install/ros2_interfaces_tutorial:/home/jewoo/ros2_ws/install/tutorial_interface:/home/jewoo/ros2_ws/install/ros2_cpp_tutorial:/home/jewoo/ros2_ws/install/ros2_interfaces_tutorial:/opt/ros/humble:/home/jewoo/ros2_ws/install/ros2_python_tutorial LD_LIBRARY_PATH=/home/jewoo/ros2_ws/src/install/ros2_interfaces_tutorial/lib:/opt/ros/humble/opt/rviz_ogre_vendor/lib:/opt/ros/humble/lib/x86_64-linux-gnu:/opt/ros/humble/lib:/home/jewoo/ros2_ws/install/tutorial_interface/lib:/home/jewoo/ros2_ws/install/ros2_interfaces_tutorial/lib:/usr/lib/x86_64-linux-gnu PYTHONPATH=/home/jewoo/ros2_ws/src/install/ros2_interfaces_tutorial/local/lib/python3.10/dist-packages:${PYTHONPATH} /usr/bin/cmake /home/jewoo/ros2_ws/src/ros2_cpp_tutorial -DAMENT_CMAKE_SYMLINK_INSTALL=1 -DCMAKE_INSTALL_PREFIX=/home/jewoo/ros2_ws/src/install/ros2_cpp_tutorial
[6.992s] DEBUG:colcon.colcon_core.event_handler.log_command:Invoking command in '/home/jewoo/ros2_ws/src/build/ros2_cpp_tutorial': AMENT_PREFIX_PATH=/home/jewoo/ros2_ws/src/install/ros2_interfaces_tutorial:${AMENT_PREFIX_PATH} CMAKE_PREFIX_PATH=/home/jewoo/ros2_ws/src/install/ros2_interfaces_tutorial:/home/jewoo/ros2_ws/install/tutorial_interface:/home/jewoo/ros2_ws/install/ros2_cpp_tutorial:/home/jewoo/ros2_ws/install/ros2_interfaces_tutorial:/opt/ros/humble:/home/jewoo/ros2_ws/install/ros2_python_tutorial LD_LIBRARY_PATH=/home/jewoo/ros2_ws/src/install/ros2_interfaces_tutorial/lib:/opt/ros/humble/opt/rviz_ogre_vendor/lib:/opt/ros/humble/lib/x86_64-linux-gnu:/opt/ros/humble/lib:/home/jewoo/ros2_ws/install/tutorial_interface/lib:/home/jewoo/ros2_ws/install/ros2_interfaces_tutorial/lib:/usr/lib/x86_64-linux-gnu PYTHONPATH=/home/jewoo/ros2_ws/src/install/ros2_interfaces_tutorial/local/lib/python3.10/dist-packages:${PYTHONPATH} /usr/bin/cmake --build /home/jewoo/ros2_ws/src/build/ros2_cpp_tutorial -- -j12 -l12
[17.761s] DEBUG:colcon.colcon_core.event_handler.log_command:Invoked command in '/home/jewoo/ros2_ws/src/build/ros2_cpp_tutorial' returned '0': AMENT_PREFIX_PATH=/home/jewoo/ros2_ws/src/install/ros2_interfaces_tutorial:${AMENT_PREFIX_PATH} CMAKE_PREFIX_PATH=/home/jewoo/ros2_ws/src/install/ros2_interfaces_tutorial:/home/jewoo/ros2_ws/install/tutorial_interface:/home/jewoo/ros2_ws/install/ros2_cpp_tutorial:/home/jewoo/ros2_ws/install/ros2_interfaces_tutorial:/opt/ros/humble:/home/jewoo/ros2_ws/install/ros2_python_tutorial LD_LIBRARY_PATH=/home/jewoo/ros2_ws/src/install/ros2_interfaces_tutorial/lib:/opt/ros/humble/opt/rviz_ogre_vendor/lib:/opt/ros/humble/lib/x86_64-linux-gnu:/opt/ros/humble/lib:/home/jewoo/ros2_ws/install/tutorial_interface/lib:/home/jewoo/ros2_ws/install/ros2_interfaces_tutorial/lib:/usr/lib/x86_64-linux-gnu PYTHONPATH=/home/jewoo/ros2_ws/src/install/ros2_interfaces_tutorial/local/lib/python3.10/dist-packages:${PYTHONPATH} /usr/bin/cmake --build /home/jewoo/ros2_ws/src/build/ros2_cpp_tutorial -- -j12 -l12
[17.819s] DEBUG:colcon.colcon_core.event_handler.log_command:Invoking command in '/home/jewoo/ros2_ws/src/build/ros2_cpp_tutorial': AMENT_PREFIX_PATH=/home/jewoo/ros2_ws/src/install/ros2_interfaces_tutorial:${AMENT_PREFIX_PATH} CMAKE_PREFIX_PATH=/home/jewoo/ros2_ws/src/install/ros2_interfaces_tutorial:/home/jewoo/ros2_ws/install/tutorial_interface:/home/jewoo/ros2_ws/install/ros2_cpp_tutorial:/home/jewoo/ros2_ws/install/ros2_interfaces_tutorial:/opt/ros/humble:/home/jewoo/ros2_ws/install/ros2_python_tutorial LD_LIBRARY_PATH=/home/jewoo/ros2_ws/src/install/ros2_interfaces_tutorial/lib:/opt/ros/humble/opt/rviz_ogre_vendor/lib:/opt/ros/humble/lib/x86_64-linux-gnu:/opt/ros/humble/lib:/home/jewoo/ros2_ws/install/tutorial_interface/lib:/home/jewoo/ros2_ws/install/ros2_interfaces_tutorial/lib:/usr/lib/x86_64-linux-gnu PYTHONPATH=/home/jewoo/ros2_ws/src/install/ros2_interfaces_tutorial/local/lib/python3.10/dist-packages:${PYTHONPATH} /usr/bin/cmake --install /home/jewoo/ros2_ws/src/build/ros2_cpp_tutorial
[18.047s] Level 1:colcon.colcon_core.environment:create_environment_scripts_only(ros2_cpp_tutorial)
[18.047s] Level 1:colcon.colcon_core.environment:checking '/home/jewoo/ros2_ws/src/install/ros2_cpp_tutorial' for CMake module files
[18.047s] DEBUG:colcon.colcon_core.event_handler.log_command:Invoked command in '/home/jewoo/ros2_ws/src/build/ros2_cpp_tutorial' returned '0': AMENT_PREFIX_PATH=/home/jewoo/ros2_ws/src/install/ros2_interfaces_tutorial:${AMENT_PREFIX_PATH} CMAKE_PREFIX_PATH=/home/jewoo/ros2_ws/src/install/ros2_interfaces_tutorial:/home/jewoo/ros2_ws/install/tutorial_interface:/home/jewoo/ros2_ws/install/ros2_cpp_tutorial:/home/jewoo/ros2_ws/install/ros2_interfaces_tutorial:/opt/ros/humble:/home/jewoo/ros2_ws/install/ros2_python_tutorial LD_LIBRARY_PATH=/home/jewoo/ros2_ws/src/install/ros2_interfaces_tutorial/lib:/opt/ros/humble/opt/rviz_ogre_vendor/lib:/opt/ros/humble/lib/x86_64-linux-gnu:/opt/ros/humble/lib:/home/jewoo/ros2_ws/install/tutorial_interface/lib:/home/jewoo/ros2_ws/install/ros2_interfaces_tutorial/lib:/usr/lib/x86_64-linux-gnu PYTHONPATH=/home/jewoo/ros2_ws/src/install/ros2_interfaces_tutorial/local/lib/python3.10/dist-packages:${PYTHONPATH} /usr/bin/cmake --install /home/jewoo/ros2_ws/src/build/ros2_cpp_tutorial
[18.048s] Level 1:colcon.colcon_core.environment:checking '/home/jewoo/ros2_ws/src/install/ros2_cpp_tutorial' for CMake config files
[18.048s] Level 1:colcon.colcon_core.shell:create_environment_hook('ros2_cpp_tutorial', 'cmake_prefix_path')
[18.048s] INFO:colcon.colcon_core.shell:Creating environment hook '/home/jewoo/ros2_ws/src/install/ros2_cpp_tutorial/share/ros2_cpp_tutorial/hook/cmake_prefix_path.ps1'
[18.049s] INFO:colcon.colcon_core.shell:Creating environment descriptor '/home/jewoo/ros2_ws/src/install/ros2_cpp_tutorial/share/ros2_cpp_tutorial/hook/cmake_prefix_path.dsv'
[18.049s] INFO:colcon.colcon_core.shell:Creating environment hook '/home/jewoo/ros2_ws/src/install/ros2_cpp_tutorial/share/ros2_cpp_tutorial/hook/cmake_prefix_path.sh'
[18.049s] Level 1:colcon.colcon_core.environment:checking '/home/jewoo/ros2_ws/src/install/ros2_cpp_tutorial/lib'
[18.049s] Level 1:colcon.colcon_core.environment:checking '/home/jewoo/ros2_ws/src/install/ros2_cpp_tutorial/bin'
[18.049s] Level 1:colcon.colcon_core.environment:checking '/home/jewoo/ros2_ws/src/install/ros2_cpp_tutorial/lib/pkgconfig/ros2_cpp_tutorial.pc'
[18.050s] Level 1:colcon.colcon_core.environment:checking '/home/jewoo/ros2_ws/src/install/ros2_cpp_tutorial/lib/python3.10/site-packages'
[18.050s] Level 1:colcon.colcon_core.environment:checking '/home/jewoo/ros2_ws/src/install/ros2_cpp_tutorial/bin'
[18.050s] INFO:colcon.colcon_core.shell:Creating package script '/home/jewoo/ros2_ws/src/install/ros2_cpp_tutorial/share/ros2_cpp_tutorial/package.ps1'
[18.051s] INFO:colcon.colcon_core.shell:Creating package descriptor '/home/jewoo/ros2_ws/src/install/ros2_cpp_tutorial/share/ros2_cpp_tutorial/package.dsv'
[18.051s] INFO:colcon.colcon_core.shell:Creating package script '/home/jewoo/ros2_ws/src/install/ros2_cpp_tutorial/share/ros2_cpp_tutorial/package.sh'
[18.051s] INFO:colcon.colcon_core.shell:Creating package script '/home/jewoo/ros2_ws/src/install/ros2_cpp_tutorial/share/ros2_cpp_tutorial/package.bash'
[18.051s] INFO:colcon.colcon_core.shell:Creating package script '/home/jewoo/ros2_ws/src/install/ros2_cpp_tutorial/share/ros2_cpp_tutorial/package.zsh'
[18.052s] Level 1:colcon.colcon_core.environment:create_file_with_runtime_dependencies(/home/jewoo/ros2_ws/src/install/ros2_cpp_tutorial/share/colcon-core/packages/ros2_cpp_tutorial)
[18.108s] Level 1:colcon.colcon_core.environment:create_environment_scripts_only(ros2_cpp_tutorial)
[18.109s] Level 1:colcon.colcon_core.environment:checking '/home/jewoo/ros2_ws/src/install/ros2_cpp_tutorial' for CMake module files
[18.109s] Level 1:colcon.colcon_core.environment:checking '/home/jewoo/ros2_ws/src/install/ros2_cpp_tutorial' for CMake config files
[18.109s] Level 1:colcon.colcon_core.shell:create_environment_hook('ros2_cpp_tutorial', 'cmake_prefix_path')
[18.109s] INFO:colcon.colcon_core.shell:Creating environment hook '/home/jewoo/ros2_ws/src/install/ros2_cpp_tutorial/share/ros2_cpp_tutorial/hook/cmake_prefix_path.ps1'
[18.110s] INFO:colcon.colcon_core.shell:Creating environment descriptor '/home/jewoo/ros2_ws/src/install/ros2_cpp_tutorial/share/ros2_cpp_tutorial/hook/cmake_prefix_path.dsv'
[18.110s] INFO:colcon.colcon_core.shell:Creating environment hook '/home/jewoo/ros2_ws/src/install/ros2_cpp_tutorial/share/ros2_cpp_tutorial/hook/cmake_prefix_path.sh'
[18.110s] Level 1:colcon.colcon_core.environment:checking '/home/jewoo/ros2_ws/src/install/ros2_cpp_tutorial/lib'
[18.111s] Level 1:colcon.colcon_core.environment:checking '/home/jewoo/ros2_ws/src/install/ros2_cpp_tutorial/bin'
[18.111s] Level 1:colcon.colcon_core.environment:checking '/home/jewoo/ros2_ws/src/install/ros2_cpp_tutorial/lib/pkgconfig/ros2_cpp_tutorial.pc'
[18.111s] Level 1:colcon.colcon_core.environment:checking '/home/jewoo/ros2_ws/src/install/ros2_cpp_tutorial/lib/python3.10/site-packages'
[18.111s] Level 1:colcon.colcon_core.environment:checking '/home/jewoo/ros2_ws/src/install/ros2_cpp_tutorial/bin'
[18.111s] INFO:colcon.colcon_core.shell:Creating package script '/home/jewoo/ros2_ws/src/install/ros2_cpp_tutorial/share/ros2_cpp_tutorial/package.ps1'
[18.112s] INFO:colcon.colcon_core.shell:Creating package descriptor '/home/jewoo/ros2_ws/src/install/ros2_cpp_tutorial/share/ros2_cpp_tutorial/package.dsv'
[18.112s] INFO:colcon.colcon_core.shell:Creating package script '/home/jewoo/ros2_ws/src/install/ros2_cpp_tutorial/share/ros2_cpp_tutorial/package.sh'
[18.112s] INFO:colcon.colcon_core.shell:Creating package script '/home/jewoo/ros2_ws/src/install/ros2_cpp_tutorial/share/ros2_cpp_tutorial/package.bash'
[18.112s] INFO:colcon.colcon_core.shell:Creating package script '/home/jewoo/ros2_ws/src/install/ros2_cpp_tutorial/share/ros2_cpp_tutorial/package.zsh'
[18.113s] Level 1:colcon.colcon_core.environment:create_file_with_runtime_dependencies(/home/jewoo/ros2_ws/src/install/ros2_cpp_tutorial/share/colcon-core/packages/ros2_cpp_tutorial)
[18.113s] DEBUG:colcon.colcon_parallel_executor.executor.parallel:closing loop
[18.113s] DEBUG:colcon.colcon_parallel_executor.executor.parallel:loop closed
[18.113s] DEBUG:colcon.colcon_parallel_executor.executor.parallel:run_until_complete finished with '0'
[18.113s] DEBUG:colcon.colcon_core.event_reactor:joining thread
[18.118s] INFO:colcon.colcon_core.plugin_system:Skipping extension 'colcon_notification.desktop_notification.terminal_notifier': Not used on non-Darwin systems
[18.118s] INFO:colcon.colcon_core.plugin_system:Skipping extension 'colcon_notification.desktop_notification.win32': Not used on non-Windows systems
[18.118s] INFO:colcon.colcon_notification.desktop_notification:Sending desktop notification using 'notify2'
[18.129s] DEBUG:colcon.colcon_core.event_reactor:joined thread
[18.129s] INFO:colcon.colcon_core.shell:Creating prefix script '/home/jewoo/ros2_ws/src/install/local_setup.ps1'
[18.130s] INFO:colcon.colcon_core.shell:Creating prefix util module '/home/jewoo/ros2_ws/src/install/_local_setup_util_ps1.py'
[18.131s] INFO:colcon.colcon_core.shell:Creating prefix chain script '/home/jewoo/ros2_ws/src/install/setup.ps1'
[18.132s] INFO:colcon.colcon_core.shell:Creating prefix script '/home/jewoo/ros2_ws/src/install/local_setup.sh'
[18.132s] INFO:colcon.colcon_core.shell:Creating prefix util module '/home/jewoo/ros2_ws/src/install/_local_setup_util_sh.py'
[18.133s] INFO:colcon.colcon_core.shell:Creating prefix chain script '/home/jewoo/ros2_ws/src/install/setup.sh'
[18.134s] INFO:colcon.colcon_core.shell:Creating prefix script '/home/jewoo/ros2_ws/src/install/local_setup.bash'
[18.134s] INFO:colcon.colcon_core.shell:Creating prefix chain script '/home/jewoo/ros2_ws/src/install/setup.bash'
[18.135s] INFO:colcon.colcon_core.shell:Creating prefix script '/home/jewoo/ros2_ws/src/install/local_setup.zsh'
[18.136s] INFO:colcon.colcon_core.shell:Creating prefix chain script '/home/jewoo/ros2_ws/src/install/setup.zsh'
