[0.017s] Invoking command in '/home/jewoo/ros2_ws/src/ros2_interfaces_tutorial/build/ros2_interfaces_tutorial': CMAKE_PREFIX_PATH=${CMAKE_PREFIX_PATH}:/opt/ros/humble:/home/jewoo/ros2_ws/install/ros2_python_tutorial /usr/bin/cmake --build /home/jewoo/ros2_ws/src/ros2_interfaces_tutorial/build/ros2_interfaces_tutorial -- -j12 -l12
[0.090s] [  2%] Built target ros2_interfaces_tutorial__cpp
[0.092s] [ 12%] Built target ros2_interfaces_tutorial__rosidl_generator_c
[0.102s] [ 12%] Built target ament_cmake_python_symlink_ros2_interfaces_tutorial
[0.125s] [ 23%] Built target ros2_interfaces_tutorial__rosidl_typesupport_introspection_c
[0.126s] [ 34%] Built target ros2_interfaces_tutorial__rosidl_typesupport_cpp
[0.126s] [ 44%] Built target ros2_interfaces_tutorial__rosidl_typesupport_fastrtps_cpp
[0.128s] [ 55%] Built target ros2_interfaces_tutorial__rosidl_typesupport_introspection_cpp
[0.136s] [ 65%] Built target ros2_interfaces_tutorial__rosidl_typesupport_c
[0.138s] [ 76%] Built target ros2_interfaces_tutorial__rosidl_typesupport_fastrtps_c
[0.167s] [ 76%] Built target ros2_interfaces_tutorial
[0.197s] [ 78%] Built target ros2_interfaces_tutorial__py
[0.229s] [ 87%] Built target ros2_interfaces_tutorial__rosidl_generator_py
[0.262s] [ 91%] Built target ros2_interfaces_tutorial__rosidl_typesupport_c__pyext
[0.262s] [ 95%] Built target ros2_interfaces_tutorial__rosidl_typesupport_introspection_c__pyext
[0.262s] [100%] Built target ros2_interfaces_tutorial__rosidl_typesupport_fastrtps_c__pyext
[0.506s] running egg_info
[0.507s] writing ros2_interfaces_tutorial.egg-info/PKG-INFO
[0.507s] writing dependency_links to ros2_interfaces_tutorial.egg-info/dependency_links.txt
[0.507s] writing top-level names to ros2_interfaces_tutorial.egg-info/top_level.txt
[0.511s] reading manifest file 'ros2_interfaces_tutorial.egg-info/SOURCES.txt'
[0.512s] writing manifest file 'ros2_interfaces_tutorial.egg-info/SOURCES.txt'
[0.546s] [100%] Built target ament_cmake_python_build_ros2_interfaces_tutorial_egg
[0.563s] Invoked command in '/home/jewoo/ros2_ws/src/ros2_interfaces_tutorial/build/ros2_interfaces_tutorial' returned '0': CMAKE_PREFIX_PATH=${CMAKE_PREFIX_PATH}:/opt/ros/humble:/home/jewoo/ros2_ws/install/ros2_python_tutorial /usr/bin/cmake --build /home/jewoo/ros2_ws/src/ros2_interfaces_tutorial/build/ros2_interfaces_tutorial -- -j12 -l12
[0.712s] Invoking command in '/home/jewoo/ros2_ws/src/ros2_interfaces_tutorial/build/ros2_interfaces_tutorial': CMAKE_PREFIX_PATH=${CMAKE_PREFIX_PATH}:/opt/ros/humble:/home/jewoo/ros2_ws/install/ros2_python_tutorial /usr/bin/cmake --install /home/jewoo/ros2_ws/src/ros2_interfaces_tutorial/build/ros2_interfaces_tutorial
[0.722s] -- Install configuration: ""
[0.723s] -- Execute custom install script
[0.724s] -- Up-to-date symlink: /home/jewoo/ros2_ws/src/ros2_interfaces_tutorial/install/ros2_interfaces_tutorial/share/ament_index/resource_index/rosidl_interfaces/ros2_interfaces_tutorial
[0.725s] -- Up-to-date symlink: /home/jewoo/ros2_ws/src/ros2_interfaces_tutorial/install/ros2_interfaces_tutorial/include/ros2_interfaces_tutorial/ros2_interfaces_tutorial/msg/detail/sphere__functions.h
[0.725s] -- Up-to-date symlink: /home/jewoo/ros2_ws/src/ros2_interfaces_tutorial/install/ros2_interfaces_tutorial/include/ros2_interfaces_tutorial/ros2_interfaces_tutorial/msg/detail/sphere__struct.h
[0.725s] -- Up-to-date symlink: /home/jewoo/ros2_ws/src/ros2_interfaces_tutorial/install/ros2_interfaces_tutorial/include/ros2_interfaces_tutorial/ros2_interfaces_tutorial/msg/detail/sphere__type_support.h
[0.725s] -- Up-to-date symlink: /home/jewoo/ros2_ws/src/ros2_interfaces_tutorial/install/ros2_interfaces_tutorial/include/ros2_interfaces_tutorial/ros2_interfaces_tutorial/msg/detail/spheres__functions.h
[0.726s] -- Up-to-date symlink: /home/jewoo/ros2_ws/src/ros2_interfaces_tutorial/install/ros2_interfaces_tutorial/include/ros2_interfaces_tutorial/ros2_interfaces_tutorial/msg/detail/spheres__struct.h
[0.726s] -- Up-to-date symlink: /home/jewoo/ros2_ws/src/ros2_interfaces_tutorial/install/ros2_interfaces_tutorial/include/ros2_interfaces_tutorial/ros2_interfaces_tutorial/msg/detail/spheres__type_support.h
[0.726s] -- Up-to-date symlink: /home/jewoo/ros2_ws/src/ros2_interfaces_tutorial/install/ros2_interfaces_tutorial/include/ros2_interfaces_tutorial/ros2_interfaces_tutorial/msg/rosidl_generator_c__visibility_control.h
[0.727s] -- Up-to-date symlink: /home/jewoo/ros2_ws/src/ros2_interfaces_tutorial/install/ros2_interfaces_tutorial/include/ros2_interfaces_tutorial/ros2_interfaces_tutorial/msg/sphere.h
[0.727s] -- Up-to-date symlink: /home/jewoo/ros2_ws/src/ros2_interfaces_tutorial/install/ros2_interfaces_tutorial/include/ros2_interfaces_tutorial/ros2_interfaces_tutorial/msg/spheres.h
[0.727s] -- Up-to-date symlink: /home/jewoo/ros2_ws/src/ros2_interfaces_tutorial/install/ros2_interfaces_tutorial/include/ros2_interfaces_tutorial/ros2_interfaces_tutorial/srv/add_three_ints.h
[0.727s] -- Up-to-date symlink: /home/jewoo/ros2_ws/src/ros2_interfaces_tutorial/install/ros2_interfaces_tutorial/include/ros2_interfaces_tutorial/ros2_interfaces_tutorial/srv/detail/add_three_ints__functions.h
[0.727s] -- Up-to-date symlink: /home/jewoo/ros2_ws/src/ros2_interfaces_tutorial/install/ros2_interfaces_tutorial/include/ros2_interfaces_tutorial/ros2_interfaces_tutorial/srv/detail/add_three_ints__struct.h
[0.728s] -- Up-to-date symlink: /home/jewoo/ros2_ws/src/ros2_interfaces_tutorial/install/ros2_interfaces_tutorial/include/ros2_interfaces_tutorial/ros2_interfaces_tutorial/srv/detail/add_three_ints__type_support.h
[0.728s] -- Up-to-date symlink: /home/jewoo/ros2_ws/src/ros2_interfaces_tutorial/install/ros2_interfaces_tutorial/share/ros2_interfaces_tutorial/environment/library_path.sh
[0.728s] -- Up-to-date symlink: /home/jewoo/ros2_ws/src/ros2_interfaces_tutorial/install/ros2_interfaces_tutorial/share/ros2_interfaces_tutorial/environment/library_path.dsv
[0.729s] -- Up-to-date symlink: /home/jewoo/ros2_ws/src/ros2_interfaces_tutorial/install/ros2_interfaces_tutorial/include/ros2_interfaces_tutorial/ros2_interfaces_tutorial/msg/detail/sphere__rosidl_typesupport_fastrtps_c.h
[0.730s] -- Up-to-date symlink: /home/jewoo/ros2_ws/src/ros2_interfaces_tutorial/install/ros2_interfaces_tutorial/include/ros2_interfaces_tutorial/ros2_interfaces_tutorial/msg/detail/spheres__rosidl_typesupport_fastrtps_c.h
[0.730s] -- Up-to-date symlink: /home/jewoo/ros2_ws/src/ros2_interfaces_tutorial/install/ros2_interfaces_tutorial/include/ros2_interfaces_tutorial/ros2_interfaces_tutorial/msg/rosidl_typesupport_fastrtps_c__visibility_control.h
[0.730s] -- Up-to-date symlink: /home/jewoo/ros2_ws/src/ros2_interfaces_tutorial/install/ros2_interfaces_tutorial/include/ros2_interfaces_tutorial/ros2_interfaces_tutorial/srv/detail/add_three_ints__rosidl_typesupport_fastrtps_c.h
[0.731s] -- Up-to-date symlink: /home/jewoo/ros2_ws/src/ros2_interfaces_tutorial/install/ros2_interfaces_tutorial/include/ros2_interfaces_tutorial/ros2_interfaces_tutorial/msg/detail/sphere__builder.hpp
[0.731s] -- Up-to-date symlink: /home/jewoo/ros2_ws/src/ros2_interfaces_tutorial/install/ros2_interfaces_tutorial/include/ros2_interfaces_tutorial/ros2_interfaces_tutorial/msg/detail/sphere__struct.hpp
[0.731s] -- Up-to-date symlink: /home/jewoo/ros2_ws/src/ros2_interfaces_tutorial/install/ros2_interfaces_tutorial/include/ros2_interfaces_tutorial/ros2_interfaces_tutorial/msg/detail/sphere__traits.hpp
[0.731s] -- Up-to-date symlink: /home/jewoo/ros2_ws/src/ros2_interfaces_tutorial/install/ros2_interfaces_tutorial/include/ros2_interfaces_tutorial/ros2_interfaces_tutorial/msg/detail/spheres__builder.hpp
[0.732s] -- Up-to-date symlink: /home/jewoo/ros2_ws/src/ros2_interfaces_tutorial/install/ros2_interfaces_tutorial/include/ros2_interfaces_tutorial/ros2_interfaces_tutorial/msg/detail/spheres__struct.hpp
[0.732s] -- Up-to-date symlink: /home/jewoo/ros2_ws/src/ros2_interfaces_tutorial/install/ros2_interfaces_tutorial/include/ros2_interfaces_tutorial/ros2_interfaces_tutorial/msg/detail/spheres__traits.hpp
[0.732s] -- Up-to-date symlink: /home/jewoo/ros2_ws/src/ros2_interfaces_tutorial/install/ros2_interfaces_tutorial/include/ros2_interfaces_tutorial/ros2_interfaces_tutorial/msg/sphere.hpp
[0.732s] -- Up-to-date symlink: /home/jewoo/ros2_ws/src/ros2_interfaces_tutorial/install/ros2_interfaces_tutorial/include/ros2_interfaces_tutorial/ros2_interfaces_tutorial/msg/spheres.hpp
[0.733s] -- Up-to-date symlink: /home/jewoo/ros2_ws/src/ros2_interfaces_tutorial/install/ros2_interfaces_tutorial/include/ros2_interfaces_tutorial/ros2_interfaces_tutorial/srv/add_three_ints.hpp
[0.733s] -- Up-to-date symlink: /home/jewoo/ros2_ws/src/ros2_interfaces_tutorial/install/ros2_interfaces_tutorial/include/ros2_interfaces_tutorial/ros2_interfaces_tutorial/srv/detail/add_three_ints__builder.hpp
[0.733s] -- Up-to-date symlink: /home/jewoo/ros2_ws/src/ros2_interfaces_tutorial/install/ros2_interfaces_tutorial/include/ros2_interfaces_tutorial/ros2_interfaces_tutorial/srv/detail/add_three_ints__struct.hpp
[0.733s] -- Up-to-date symlink: /home/jewoo/ros2_ws/src/ros2_interfaces_tutorial/install/ros2_interfaces_tutorial/include/ros2_interfaces_tutorial/ros2_interfaces_tutorial/srv/detail/add_three_ints__traits.hpp
[0.734s] -- Up-to-date symlink: /home/jewoo/ros2_ws/src/ros2_interfaces_tutorial/install/ros2_interfaces_tutorial/include/ros2_interfaces_tutorial/ros2_interfaces_tutorial/msg/detail/sphere__rosidl_typesupport_fastrtps_cpp.hpp
[0.735s] -- Up-to-date symlink: /home/jewoo/ros2_ws/src/ros2_interfaces_tutorial/install/ros2_interfaces_tutorial/include/ros2_interfaces_tutorial/ros2_interfaces_tutorial/msg/detail/spheres__rosidl_typesupport_fastrtps_cpp.hpp
[0.735s] -- Up-to-date symlink: /home/jewoo/ros2_ws/src/ros2_interfaces_tutorial/install/ros2_interfaces_tutorial/include/ros2_interfaces_tutorial/ros2_interfaces_tutorial/msg/rosidl_typesupport_fastrtps_cpp__visibility_control.h
[0.735s] -- Up-to-date symlink: /home/jewoo/ros2_ws/src/ros2_interfaces_tutorial/install/ros2_interfaces_tutorial/include/ros2_interfaces_tutorial/ros2_interfaces_tutorial/srv/detail/add_three_ints__rosidl_typesupport_fastrtps_cpp.hpp
[0.736s] -- Up-to-date symlink: /home/jewoo/ros2_ws/src/ros2_interfaces_tutorial/install/ros2_interfaces_tutorial/include/ros2_interfaces_tutorial/ros2_interfaces_tutorial/msg/detail/sphere__rosidl_typesupport_introspection_c.h
[0.736s] -- Up-to-date symlink: /home/jewoo/ros2_ws/src/ros2_interfaces_tutorial/install/ros2_interfaces_tutorial/include/ros2_interfaces_tutorial/ros2_interfaces_tutorial/msg/detail/spheres__rosidl_typesupport_introspection_c.h
[0.736s] -- Up-to-date symlink: /home/jewoo/ros2_ws/src/ros2_interfaces_tutorial/install/ros2_interfaces_tutorial/include/ros2_interfaces_tutorial/ros2_interfaces_tutorial/msg/rosidl_typesupport_introspection_c__visibility_control.h
[0.736s] -- Up-to-date symlink: /home/jewoo/ros2_ws/src/ros2_interfaces_tutorial/install/ros2_interfaces_tutorial/include/ros2_interfaces_tutorial/ros2_interfaces_tutorial/srv/detail/add_three_ints__rosidl_typesupport_introspection_c.h
[0.737s] -- Up-to-date symlink: /home/jewoo/ros2_ws/src/ros2_interfaces_tutorial/install/ros2_interfaces_tutorial/include/ros2_interfaces_tutorial/ros2_interfaces_tutorial/msg/detail/sphere__rosidl_typesupport_introspection_cpp.hpp
[0.737s] -- Up-to-date symlink: /home/jewoo/ros2_ws/src/ros2_interfaces_tutorial/install/ros2_interfaces_tutorial/include/ros2_interfaces_tutorial/ros2_interfaces_tutorial/msg/detail/spheres__rosidl_typesupport_introspection_cpp.hpp
[0.737s] -- Up-to-date symlink: /home/jewoo/ros2_ws/src/ros2_interfaces_tutorial/install/ros2_interfaces_tutorial/include/ros2_interfaces_tutorial/ros2_interfaces_tutorial/srv/detail/add_three_ints__rosidl_typesupport_introspection_cpp.hpp
[0.738s] -- Up-to-date symlink: /home/jewoo/ros2_ws/src/ros2_interfaces_tutorial/install/ros2_interfaces_tutorial/share/ros2_interfaces_tutorial/environment/pythonpath.sh
[0.738s] -- Up-to-date symlink: /home/jewoo/ros2_ws/src/ros2_interfaces_tutorial/install/ros2_interfaces_tutorial/share/ros2_interfaces_tutorial/environment/pythonpath.dsv
[0.738s] -- Up-to-date symlink: /home/jewoo/ros2_ws/src/ros2_interfaces_tutorial/install/ros2_interfaces_tutorial/local/lib/python3.10/dist-packages/ros2_interfaces_tutorial-0.0.0-py3.10.egg-info/PKG-INFO
[0.739s] -- Up-to-date symlink: /home/jewoo/ros2_ws/src/ros2_interfaces_tutorial/install/ros2_interfaces_tutorial/local/lib/python3.10/dist-packages/ros2_interfaces_tutorial-0.0.0-py3.10.egg-info/SOURCES.txt
[0.739s] -- Up-to-date symlink: /home/jewoo/ros2_ws/src/ros2_interfaces_tutorial/install/ros2_interfaces_tutorial/local/lib/python3.10/dist-packages/ros2_interfaces_tutorial-0.0.0-py3.10.egg-info/dependency_links.txt
[0.739s] -- Up-to-date symlink: /home/jewoo/ros2_ws/src/ros2_interfaces_tutorial/install/ros2_interfaces_tutorial/local/lib/python3.10/dist-packages/ros2_interfaces_tutorial-0.0.0-py3.10.egg-info/top_level.txt
[0.740s] -- Up-to-date symlink: /home/jewoo/ros2_ws/src/ros2_interfaces_tutorial/install/ros2_interfaces_tutorial/local/lib/python3.10/dist-packages/ros2_interfaces_tutorial/__init__.py
[0.741s] -- Up-to-date symlink: /home/jewoo/ros2_ws/src/ros2_interfaces_tutorial/install/ros2_interfaces_tutorial/local/lib/python3.10/dist-packages/ros2_interfaces_tutorial/_ros2_interfaces_tutorial_s.ep.rosidl_typesupport_c.c
[0.741s] -- Up-to-date symlink: /home/jewoo/ros2_ws/src/ros2_interfaces_tutorial/install/ros2_interfaces_tutorial/local/lib/python3.10/dist-packages/ros2_interfaces_tutorial/_ros2_interfaces_tutorial_s.ep.rosidl_typesupport_fastrtps_c.c
[0.741s] -- Up-to-date symlink: /home/jewoo/ros2_ws/src/ros2_interfaces_tutorial/install/ros2_interfaces_tutorial/local/lib/python3.10/dist-packages/ros2_interfaces_tutorial/_ros2_interfaces_tutorial_s.ep.rosidl_typesupport_introspection_c.c
[0.741s] -- Up-to-date symlink: /home/jewoo/ros2_ws/src/ros2_interfaces_tutorial/install/ros2_interfaces_tutorial/local/lib/python3.10/dist-packages/ros2_interfaces_tutorial/libros2_interfaces_tutorial__rosidl_generator_py.so
[0.741s] -- Up-to-date symlink: /home/jewoo/ros2_ws/src/ros2_interfaces_tutorial/install/ros2_interfaces_tutorial/local/lib/python3.10/dist-packages/ros2_interfaces_tutorial/msg/__init__.py
[0.742s] -- Up-to-date symlink: /home/jewoo/ros2_ws/src/ros2_interfaces_tutorial/install/ros2_interfaces_tutorial/local/lib/python3.10/dist-packages/ros2_interfaces_tutorial/msg/_sphere.py
[0.742s] -- Up-to-date symlink: /home/jewoo/ros2_ws/src/ros2_interfaces_tutorial/install/ros2_interfaces_tutorial/local/lib/python3.10/dist-packages/ros2_interfaces_tutorial/msg/_sphere_s.c
[0.742s] -- Up-to-date symlink: /home/jewoo/ros2_ws/src/ros2_interfaces_tutorial/install/ros2_interfaces_tutorial/local/lib/python3.10/dist-packages/ros2_interfaces_tutorial/msg/_spheres.py
[0.742s] -- Up-to-date symlink: /home/jewoo/ros2_ws/src/ros2_interfaces_tutorial/install/ros2_interfaces_tutorial/local/lib/python3.10/dist-packages/ros2_interfaces_tutorial/msg/_spheres_s.c
[0.742s] -- Up-to-date symlink: /home/jewoo/ros2_ws/src/ros2_interfaces_tutorial/install/ros2_interfaces_tutorial/local/lib/python3.10/dist-packages/ros2_interfaces_tutorial/ros2_interfaces_tutorial_s__rosidl_typesupport_c.cpython-310-x86_64-linux-gnu.so
[0.743s] -- Up-to-date symlink: /home/jewoo/ros2_ws/src/ros2_interfaces_tutorial/install/ros2_interfaces_tutorial/local/lib/python3.10/dist-packages/ros2_interfaces_tutorial/ros2_interfaces_tutorial_s__rosidl_typesupport_fastrtps_c.cpython-310-x86_64-linux-gnu.so
[0.743s] -- Up-to-date symlink: /home/jewoo/ros2_ws/src/ros2_interfaces_tutorial/install/ros2_interfaces_tutorial/local/lib/python3.10/dist-packages/ros2_interfaces_tutorial/ros2_interfaces_tutorial_s__rosidl_typesupport_introspection_c.cpython-310-x86_64-linux-gnu.so
[0.743s] -- Up-to-date symlink: /home/jewoo/ros2_ws/src/ros2_interfaces_tutorial/install/ros2_interfaces_tutorial/local/lib/python3.10/dist-packages/ros2_interfaces_tutorial/srv/__init__.py
[0.743s] -- Up-to-date symlink: /home/jewoo/ros2_ws/src/ros2_interfaces_tutorial/install/ros2_interfaces_tutorial/local/lib/python3.10/dist-packages/ros2_interfaces_tutorial/srv/_add_three_ints.py
[0.743s] -- Up-to-date symlink: /home/jewoo/ros2_ws/src/ros2_interfaces_tutorial/install/ros2_interfaces_tutorial/local/lib/python3.10/dist-packages/ros2_interfaces_tutorial/srv/_add_three_ints_s.c
[0.744s] -- Up-to-date symlink: /home/jewoo/ros2_ws/src/ros2_interfaces_tutorial/install/ros2_interfaces_tutorial/local/lib/python3.10/dist-packages/ros2_interfaces_tutorial/ros2_interfaces_tutorial_s__rosidl_typesupport_fastrtps_c.cpython-310-x86_64-linux-gnu.so
[0.744s] -- Up-to-date symlink: /home/jewoo/ros2_ws/src/ros2_interfaces_tutorial/install/ros2_interfaces_tutorial/local/lib/python3.10/dist-packages/ros2_interfaces_tutorial/ros2_interfaces_tutorial_s__rosidl_typesupport_introspection_c.cpython-310-x86_64-linux-gnu.so
[0.745s] -- Up-to-date symlink: /home/jewoo/ros2_ws/src/ros2_interfaces_tutorial/install/ros2_interfaces_tutorial/local/lib/python3.10/dist-packages/ros2_interfaces_tutorial/ros2_interfaces_tutorial_s__rosidl_typesupport_c.cpython-310-x86_64-linux-gnu.so
[0.745s] -- Up-to-date symlink: /home/jewoo/ros2_ws/src/ros2_interfaces_tutorial/install/ros2_interfaces_tutorial/share/ros2_interfaces_tutorial/msg/Sphere.idl
[0.746s] -- Up-to-date symlink: /home/jewoo/ros2_ws/src/ros2_interfaces_tutorial/install/ros2_interfaces_tutorial/share/ros2_interfaces_tutorial/msg/Spheres.idl
[0.746s] -- Up-to-date symlink: /home/jewoo/ros2_ws/src/ros2_interfaces_tutorial/install/ros2_interfaces_tutorial/share/ros2_interfaces_tutorial/srv/AddThreeInts.idl
[0.746s] -- Up-to-date symlink: /home/jewoo/ros2_ws/src/ros2_interfaces_tutorial/install/ros2_interfaces_tutorial/share/ros2_interfaces_tutorial/msg/Sphere.msg
[0.746s] -- Up-to-date symlink: /home/jewoo/ros2_ws/src/ros2_interfaces_tutorial/install/ros2_interfaces_tutorial/share/ros2_interfaces_tutorial/msg/Spheres.msg
[0.747s] -- Up-to-date symlink: /home/jewoo/ros2_ws/src/ros2_interfaces_tutorial/install/ros2_interfaces_tutorial/share/ros2_interfaces_tutorial/srv/AddThreeInts.srv
[0.747s] -- Up-to-date symlink: /home/jewoo/ros2_ws/src/ros2_interfaces_tutorial/install/ros2_interfaces_tutorial/share/ros2_interfaces_tutorial/srv/AddThreeInts_Request.msg
[0.747s] -- Up-to-date symlink: /home/jewoo/ros2_ws/src/ros2_interfaces_tutorial/install/ros2_interfaces_tutorial/share/ros2_interfaces_tutorial/srv/AddThreeInts_Response.msg
[0.747s] -- Up-to-date symlink: /home/jewoo/ros2_ws/src/ros2_interfaces_tutorial/install/ros2_interfaces_tutorial/share/ament_index/resource_index/package_run_dependencies/ros2_interfaces_tutorial
[0.748s] -- Up-to-date symlink: /home/jewoo/ros2_ws/src/ros2_interfaces_tutorial/install/ros2_interfaces_tutorial/share/ament_index/resource_index/parent_prefix_path/ros2_interfaces_tutorial
[0.748s] -- Up-to-date symlink: /home/jewoo/ros2_ws/src/ros2_interfaces_tutorial/install/ros2_interfaces_tutorial/share/ros2_interfaces_tutorial/environment/ament_prefix_path.sh
[0.748s] -- Up-to-date symlink: /home/jewoo/ros2_ws/src/ros2_interfaces_tutorial/install/ros2_interfaces_tutorial/share/ros2_interfaces_tutorial/environment/ament_prefix_path.dsv
[0.748s] -- Up-to-date symlink: /home/jewoo/ros2_ws/src/ros2_interfaces_tutorial/install/ros2_interfaces_tutorial/share/ros2_interfaces_tutorial/environment/path.sh
[0.749s] -- Up-to-date symlink: /home/jewoo/ros2_ws/src/ros2_interfaces_tutorial/install/ros2_interfaces_tutorial/share/ros2_interfaces_tutorial/environment/path.dsv
[0.749s] -- Up-to-date symlink: /home/jewoo/ros2_ws/src/ros2_interfaces_tutorial/install/ros2_interfaces_tutorial/share/ros2_interfaces_tutorial/local_setup.bash
[0.749s] -- Up-to-date symlink: /home/jewoo/ros2_ws/src/ros2_interfaces_tutorial/install/ros2_interfaces_tutorial/share/ros2_interfaces_tutorial/local_setup.sh
[0.750s] -- Up-to-date symlink: /home/jewoo/ros2_ws/src/ros2_interfaces_tutorial/install/ros2_interfaces_tutorial/share/ros2_interfaces_tutorial/local_setup.zsh
[0.750s] -- Up-to-date symlink: /home/jewoo/ros2_ws/src/ros2_interfaces_tutorial/install/ros2_interfaces_tutorial/share/ros2_interfaces_tutorial/local_setup.dsv
[0.750s] -- Symlinking: /home/jewoo/ros2_ws/src/ros2_interfaces_tutorial/install/ros2_interfaces_tutorial/share/ros2_interfaces_tutorial/package.dsv
[0.763s] -- Up-to-date symlink: /home/jewoo/ros2_ws/src/ros2_interfaces_tutorial/install/ros2_interfaces_tutorial/share/ament_index/resource_index/packages/ros2_interfaces_tutorial
[0.763s] -- Up-to-date symlink: /home/jewoo/ros2_ws/src/ros2_interfaces_tutorial/install/ros2_interfaces_tutorial/share/ros2_interfaces_tutorial/cmake/rosidl_cmake-extras.cmake
[0.764s] -- Up-to-date symlink: /home/jewoo/ros2_ws/src/ros2_interfaces_tutorial/install/ros2_interfaces_tutorial/share/ros2_interfaces_tutorial/cmake/ament_cmake_export_dependencies-extras.cmake
[0.764s] -- Up-to-date symlink: /home/jewoo/ros2_ws/src/ros2_interfaces_tutorial/install/ros2_interfaces_tutorial/share/ros2_interfaces_tutorial/cmake/ament_cmake_export_include_directories-extras.cmake
[0.764s] -- Up-to-date symlink: /home/jewoo/ros2_ws/src/ros2_interfaces_tutorial/install/ros2_interfaces_tutorial/share/ros2_interfaces_tutorial/cmake/ament_cmake_export_libraries-extras.cmake
[0.764s] -- Up-to-date symlink: /home/jewoo/ros2_ws/src/ros2_interfaces_tutorial/install/ros2_interfaces_tutorial/share/ros2_interfaces_tutorial/cmake/ament_cmake_export_targets-extras.cmake
[0.764s] -- Up-to-date symlink: /home/jewoo/ros2_ws/src/ros2_interfaces_tutorial/install/ros2_interfaces_tutorial/share/ros2_interfaces_tutorial/cmake/rosidl_cmake_export_typesupport_targets-extras.cmake
[0.765s] -- Up-to-date symlink: /home/jewoo/ros2_ws/src/ros2_interfaces_tutorial/install/ros2_interfaces_tutorial/share/ros2_interfaces_tutorial/cmake/rosidl_cmake_export_typesupport_libraries-extras.cmake
[0.765s] -- Up-to-date symlink: /home/jewoo/ros2_ws/src/ros2_interfaces_tutorial/install/ros2_interfaces_tutorial/share/ros2_interfaces_tutorial/cmake/ros2_interfaces_tutorialConfig.cmake
[0.766s] -- Up-to-date symlink: /home/jewoo/ros2_ws/src/ros2_interfaces_tutorial/install/ros2_interfaces_tutorial/share/ros2_interfaces_tutorial/cmake/ros2_interfaces_tutorialConfig-version.cmake
[0.766s] -- Up-to-date symlink: /home/jewoo/ros2_ws/src/ros2_interfaces_tutorial/install/ros2_interfaces_tutorial/share/ros2_interfaces_tutorial/package.xml
[0.766s] -- Up-to-date: /home/jewoo/ros2_ws/src/ros2_interfaces_tutorial/install/ros2_interfaces_tutorial/lib/libros2_interfaces_tutorial__rosidl_generator_c.so
[0.767s] -- Up-to-date: /home/jewoo/ros2_ws/src/ros2_interfaces_tutorial/install/ros2_interfaces_tutorial/lib/libros2_interfaces_tutorial__rosidl_typesupport_fastrtps_c.so
[0.767s] -- Up-to-date: /home/jewoo/ros2_ws/src/ros2_interfaces_tutorial/install/ros2_interfaces_tutorial/lib/libros2_interfaces_tutorial__rosidl_typesupport_fastrtps_cpp.so
[0.768s] -- Up-to-date: /home/jewoo/ros2_ws/src/ros2_interfaces_tutorial/install/ros2_interfaces_tutorial/lib/libros2_interfaces_tutorial__rosidl_typesupport_introspection_c.so
[0.768s] -- Up-to-date: /home/jewoo/ros2_ws/src/ros2_interfaces_tutorial/install/ros2_interfaces_tutorial/lib/libros2_interfaces_tutorial__rosidl_typesupport_c.so
[0.769s] -- Up-to-date: /home/jewoo/ros2_ws/src/ros2_interfaces_tutorial/install/ros2_interfaces_tutorial/lib/libros2_interfaces_tutorial__rosidl_typesupport_introspection_cpp.so
[0.770s] -- Up-to-date: /home/jewoo/ros2_ws/src/ros2_interfaces_tutorial/install/ros2_interfaces_tutorial/lib/libros2_interfaces_tutorial__rosidl_typesupport_cpp.so
[0.821s] Listing '/home/jewoo/ros2_ws/src/ros2_interfaces_tutorial/install/ros2_interfaces_tutorial/local/lib/python3.10/dist-packages/ros2_interfaces_tutorial'...
[0.821s] Listing '/home/jewoo/ros2_ws/src/ros2_interfaces_tutorial/install/ros2_interfaces_tutorial/local/lib/python3.10/dist-packages/ros2_interfaces_tutorial/msg'...
[0.822s] Listing '/home/jewoo/ros2_ws/src/ros2_interfaces_tutorial/install/ros2_interfaces_tutorial/local/lib/python3.10/dist-packages/ros2_interfaces_tutorial/srv'...
[0.827s] -- Up-to-date: /home/jewoo/ros2_ws/src/ros2_interfaces_tutorial/install/ros2_interfaces_tutorial/lib/libros2_interfaces_tutorial__rosidl_generator_py.so
[0.828s] -- Up-to-date: /home/jewoo/ros2_ws/src/ros2_interfaces_tutorial/install/ros2_interfaces_tutorial/share/ros2_interfaces_tutorial/cmake/export_ros2_interfaces_tutorial__rosidl_generator_cExport.cmake
[0.828s] -- Up-to-date: /home/jewoo/ros2_ws/src/ros2_interfaces_tutorial/install/ros2_interfaces_tutorial/share/ros2_interfaces_tutorial/cmake/export_ros2_interfaces_tutorial__rosidl_generator_cExport-noconfig.cmake
[0.829s] -- Up-to-date: /home/jewoo/ros2_ws/src/ros2_interfaces_tutorial/install/ros2_interfaces_tutorial/share/ros2_interfaces_tutorial/cmake/export_ros2_interfaces_tutorial__rosidl_typesupport_fastrtps_cExport.cmake
[0.829s] -- Up-to-date: /home/jewoo/ros2_ws/src/ros2_interfaces_tutorial/install/ros2_interfaces_tutorial/share/ros2_interfaces_tutorial/cmake/export_ros2_interfaces_tutorial__rosidl_typesupport_fastrtps_cExport-noconfig.cmake
[0.829s] -- Up-to-date: /home/jewoo/ros2_ws/src/ros2_interfaces_tutorial/install/ros2_interfaces_tutorial/share/ros2_interfaces_tutorial/cmake/export_ros2_interfaces_tutorial__rosidl_generator_cppExport.cmake
[0.829s] -- Up-to-date: /home/jewoo/ros2_ws/src/ros2_interfaces_tutorial/install/ros2_interfaces_tutorial/share/ros2_interfaces_tutorial/cmake/export_ros2_interfaces_tutorial__rosidl_typesupport_fastrtps_cppExport.cmake
[0.830s] -- Up-to-date: /home/jewoo/ros2_ws/src/ros2_interfaces_tutorial/install/ros2_interfaces_tutorial/share/ros2_interfaces_tutorial/cmake/export_ros2_interfaces_tutorial__rosidl_typesupport_fastrtps_cppExport-noconfig.cmake
[0.830s] -- Up-to-date: /home/jewoo/ros2_ws/src/ros2_interfaces_tutorial/install/ros2_interfaces_tutorial/share/ros2_interfaces_tutorial/cmake/ros2_interfaces_tutorial__rosidl_typesupport_introspection_cExport.cmake
[0.830s] -- Up-to-date: /home/jewoo/ros2_ws/src/ros2_interfaces_tutorial/install/ros2_interfaces_tutorial/share/ros2_interfaces_tutorial/cmake/ros2_interfaces_tutorial__rosidl_typesupport_introspection_cExport-noconfig.cmake
[0.830s] -- Up-to-date: /home/jewoo/ros2_ws/src/ros2_interfaces_tutorial/install/ros2_interfaces_tutorial/share/ros2_interfaces_tutorial/cmake/ros2_interfaces_tutorial__rosidl_typesupport_cExport.cmake
[0.830s] -- Up-to-date: /home/jewoo/ros2_ws/src/ros2_interfaces_tutorial/install/ros2_interfaces_tutorial/share/ros2_interfaces_tutorial/cmake/ros2_interfaces_tutorial__rosidl_typesupport_cExport-noconfig.cmake
[0.831s] -- Up-to-date: /home/jewoo/ros2_ws/src/ros2_interfaces_tutorial/install/ros2_interfaces_tutorial/share/ros2_interfaces_tutorial/cmake/ros2_interfaces_tutorial__rosidl_typesupport_introspection_cppExport.cmake
[0.831s] -- Up-to-date: /home/jewoo/ros2_ws/src/ros2_interfaces_tutorial/install/ros2_interfaces_tutorial/share/ros2_interfaces_tutorial/cmake/ros2_interfaces_tutorial__rosidl_typesupport_introspection_cppExport-noconfig.cmake
[0.831s] -- Up-to-date: /home/jewoo/ros2_ws/src/ros2_interfaces_tutorial/install/ros2_interfaces_tutorial/share/ros2_interfaces_tutorial/cmake/ros2_interfaces_tutorial__rosidl_typesupport_cppExport.cmake
[0.831s] -- Up-to-date: /home/jewoo/ros2_ws/src/ros2_interfaces_tutorial/install/ros2_interfaces_tutorial/share/ros2_interfaces_tutorial/cmake/ros2_interfaces_tutorial__rosidl_typesupport_cppExport-noconfig.cmake
[0.831s] -- Up-to-date: /home/jewoo/ros2_ws/src/ros2_interfaces_tutorial/install/ros2_interfaces_tutorial/share/ros2_interfaces_tutorial/cmake/export_ros2_interfaces_tutorial__rosidl_generator_pyExport.cmake
[0.831s] -- Up-to-date: /home/jewoo/ros2_ws/src/ros2_interfaces_tutorial/install/ros2_interfaces_tutorial/share/ros2_interfaces_tutorial/cmake/export_ros2_interfaces_tutorial__rosidl_generator_pyExport-noconfig.cmake
[0.834s] Invoked command in '/home/jewoo/ros2_ws/src/ros2_interfaces_tutorial/build/ros2_interfaces_tutorial' returned '0': CMAKE_PREFIX_PATH=${CMAKE_PREFIX_PATH}:/opt/ros/humble:/home/jewoo/ros2_ws/install/ros2_python_tutorial /usr/bin/cmake --install /home/jewoo/ros2_ws/src/ros2_interfaces_tutorial/build/ros2_interfaces_tutorial
