[0.027s] Invoking command in '/home/jewoo/ros2_ws/build/ros2_cpp_tutorial': CMAKE_PREFIX_PATH=/opt/ros/humble:/home/jewoo/ros2_ws/install/ros2_python_tutorial /usr/bin/cmake /home/jewoo/ros2_ws/src/ros2_cpp_tutorial -DCMAKE_INSTALL_PREFIX=/home/jewoo/ros2_ws/install/ros2_cpp_tutorial
[0.475s] -- The C compiler identification is GNU 11.4.0
[0.476s] -- The CXX compiler identification is GNU 11.4.0
[0.476s] -- Detecting C compiler ABI info
[0.476s] -- Detecting C compiler ABI info - done
[0.477s] -- Check for working C compiler: /usr/bin/cc - skipped
[0.477s] -- Detecting C compile features
[0.477s] -- Detecting C compile features - done
[0.477s] -- Detecting CXX compiler ABI info
[0.477s] -- Detecting CXX compiler ABI info - done
[0.489s] -- Check for working CXX compiler: /usr/bin/c++ - skipped
[0.489s] -- Detecting CXX compile features
[0.490s] -- Detecting CXX compile features - done
[0.493s] -- Found ament_cmake: 1.3.10 (/opt/ros/humble/share/ament_cmake/cmake)
[0.740s] -- Found Python3: /usr/bin/python3 (found version "3.10.12") found components: Interpreter 
[0.901s] -- Found rclcpp: 16.0.10 (/opt/ros/humble/share/rclcpp/cmake)
[0.974s] -- Found rosidl_generator_c: 3.1.5 (/opt/ros/humble/share/rosidl_generator_c/cmake)
[0.982s] -- Found rosidl_adapter: 3.1.5 (/opt/ros/humble/share/rosidl_adapter/cmake)
[0.996s] -- Found rosidl_generator_cpp: 3.1.5 (/opt/ros/humble/share/rosidl_generator_cpp/cmake)
[1.019s] -- Using all available rosidl_typesupport_c: rosidl_typesupport_fastrtps_c;rosidl_typesupport_introspection_c
[1.047s] -- Using all available rosidl_typesupport_cpp: rosidl_typesupport_fastrtps_cpp;rosidl_typesupport_introspection_cpp
[1.118s] -- Found rmw_implementation_cmake: 6.1.2 (/opt/ros/humble/share/rmw_implementation_cmake/cmake)
[1.121s] -- Found rmw_fastrtps_cpp: 6.2.7 (/opt/ros/humble/share/rmw_fastrtps_cpp/cmake)
[1.253s] -- Found OpenSSL: /usr/lib/x86_64-linux-gnu/libcrypto.so (found version "3.0.2")  
[1.294s] -- Found FastRTPS: /opt/ros/humble/include  
[1.357s] -- Using RMW implementation 'rmw_fastrtps_cpp' as default
[1.369s] -- Looking for pthread.h
[1.476s] -- Looking for pthread.h - found
[1.477s] -- Performing Test CMAKE_HAVE_LIBC_PTHREAD
[1.586s] -- Performing Test CMAKE_HAVE_LIBC_PTHREAD - Success
[1.588s] -- Found Threads: TRUE  
[1.682s] -- Found example_interfaces: 0.9.3 (/opt/ros/humble/share/example_interfaces/cmake)
[1.753s] -- Found ament_lint_auto: 0.12.11 (/opt/ros/humble/share/ament_lint_auto/cmake)
[1.875s] -- Added test 'cppcheck' to perform static code analysis on C / C++ code
[1.876s] -- Configured cppcheck include dirs: $<BUILD_INTERFACE:/home/jewoo/ros2_ws/src/ros2_cpp_tutorial/include>
[1.876s] -- Configured cppcheck exclude dirs and/or files: 
[1.877s] -- Added test 'lint_cmake' to check CMake code style
[1.879s] -- Added test 'uncrustify' to check C / C++ code style
[1.879s] -- Configured uncrustify additional arguments: 
[1.880s] -- Added test 'xmllint' to check XML markup files
[1.882s] -- Configuring done
[1.903s] -- Generating done
[1.905s] -- Build files have been written to: /home/jewoo/ros2_ws/build/ros2_cpp_tutorial
[1.918s] Invoked command in '/home/jewoo/ros2_ws/build/ros2_cpp_tutorial' returned '0': CMAKE_PREFIX_PATH=/opt/ros/humble:/home/jewoo/ros2_ws/install/ros2_python_tutorial /usr/bin/cmake /home/jewoo/ros2_ws/src/ros2_cpp_tutorial -DCMAKE_INSTALL_PREFIX=/home/jewoo/ros2_ws/install/ros2_cpp_tutorial
[1.921s] Invoking command in '/home/jewoo/ros2_ws/build/ros2_cpp_tutorial': CMAKE_PREFIX_PATH=/opt/ros/humble:/home/jewoo/ros2_ws/install/ros2_python_tutorial /usr/bin/cmake --build /home/jewoo/ros2_ws/build/ros2_cpp_tutorial -- -j12 -l12
[1.990s] [ 33%] [32mBuilding CXX object CMakeFiles/cpp_node.dir/src/cpp_node.cpp.o[0m
[1.991s] [ 33%] [32mBuilding CXX object CMakeFiles/talker.dir/src/publisher_member_function.cpp.o[0m
[1.991s] [ 50%] [32mBuilding CXX object CMakeFiles/listener.dir/src/subscriber_member_function.cpp.o[0m
[2.038s] [ 66%] [32m[1mLinking CXX executable cpp_node[0m
[2.108s] [ 66%] Built target cpp_node
[9.603s] [ 83%] [32m[1mLinking CXX executable talker[0m
[9.913s] [ 83%] Built target talker
[15.328s] [100%] [32m[1mLinking CXX executable listener[0m
[15.872s] [100%] Built target listener
[15.889s] Invoked command in '/home/jewoo/ros2_ws/build/ros2_cpp_tutorial' returned '0': CMAKE_PREFIX_PATH=/opt/ros/humble:/home/jewoo/ros2_ws/install/ros2_python_tutorial /usr/bin/cmake --build /home/jewoo/ros2_ws/build/ros2_cpp_tutorial -- -j12 -l12
[15.933s] Invoking command in '/home/jewoo/ros2_ws/build/ros2_cpp_tutorial': CMAKE_PREFIX_PATH=/opt/ros/humble:/home/jewoo/ros2_ws/install/ros2_python_tutorial /usr/bin/cmake --install /home/jewoo/ros2_ws/build/ros2_cpp_tutorial
[15.943s] -- Install configuration: ""
[15.943s] -- Installing: /home/jewoo/ros2_ws/install/ros2_cpp_tutorial/lib/ros2_cpp_tutorial/talker
[15.945s] -- Set runtime path of "/home/jewoo/ros2_ws/install/ros2_cpp_tutorial/lib/ros2_cpp_tutorial/talker" to ""
[15.945s] -- Installing: /home/jewoo/ros2_ws/install/ros2_cpp_tutorial/lib/ros2_cpp_tutorial/listener
[15.950s] -- Set runtime path of "/home/jewoo/ros2_ws/install/ros2_cpp_tutorial/lib/ros2_cpp_tutorial/listener" to ""
[15.950s] -- Installing: /home/jewoo/ros2_ws/install/ros2_cpp_tutorial/lib/ros2_cpp_tutorial/cpp_node
[15.950s] -- Installing: /home/jewoo/ros2_ws/install/ros2_cpp_tutorial/share/ament_index/resource_index/package_run_dependencies/ros2_cpp_tutorial
[15.951s] -- Installing: /home/jewoo/ros2_ws/install/ros2_cpp_tutorial/share/ament_index/resource_index/parent_prefix_path/ros2_cpp_tutorial
[15.951s] -- Installing: /home/jewoo/ros2_ws/install/ros2_cpp_tutorial/share/ros2_cpp_tutorial/environment/ament_prefix_path.sh
[15.951s] -- Installing: /home/jewoo/ros2_ws/install/ros2_cpp_tutorial/share/ros2_cpp_tutorial/environment/ament_prefix_path.dsv
[15.951s] -- Installing: /home/jewoo/ros2_ws/install/ros2_cpp_tutorial/share/ros2_cpp_tutorial/environment/path.sh
[15.951s] -- Installing: /home/jewoo/ros2_ws/install/ros2_cpp_tutorial/share/ros2_cpp_tutorial/environment/path.dsv
[15.952s] -- Installing: /home/jewoo/ros2_ws/install/ros2_cpp_tutorial/share/ros2_cpp_tutorial/local_setup.bash
[15.952s] -- Installing: /home/jewoo/ros2_ws/install/ros2_cpp_tutorial/share/ros2_cpp_tutorial/local_setup.sh
[15.952s] -- Installing: /home/jewoo/ros2_ws/install/ros2_cpp_tutorial/share/ros2_cpp_tutorial/local_setup.zsh
[15.952s] -- Installing: /home/jewoo/ros2_ws/install/ros2_cpp_tutorial/share/ros2_cpp_tutorial/local_setup.dsv
[15.952s] -- Installing: /home/jewoo/ros2_ws/install/ros2_cpp_tutorial/share/ros2_cpp_tutorial/package.dsv
[15.953s] -- Installing: /home/jewoo/ros2_ws/install/ros2_cpp_tutorial/share/ament_index/resource_index/packages/ros2_cpp_tutorial
[15.953s] -- Installing: /home/jewoo/ros2_ws/install/ros2_cpp_tutorial/share/ros2_cpp_tutorial/cmake/ros2_cpp_tutorialConfig.cmake
[15.953s] -- Installing: /home/jewoo/ros2_ws/install/ros2_cpp_tutorial/share/ros2_cpp_tutorial/cmake/ros2_cpp_tutorialConfig-version.cmake
[15.953s] -- Installing: /home/jewoo/ros2_ws/install/ros2_cpp_tutorial/share/ros2_cpp_tutorial/package.xml
[15.957s] Invoked command in '/home/jewoo/ros2_ws/build/ros2_cpp_tutorial' returned '0': CMAKE_PREFIX_PATH=/opt/ros/humble:/home/jewoo/ros2_ws/install/ros2_python_tutorial /usr/bin/cmake --install /home/jewoo/ros2_ws/build/ros2_cpp_tutorial
