[0.017s] Invoking command in '/home/jewoo/ros2_ws/build/ros2_cpp_tutorial': CMAKE_PREFIX_PATH=/home/jewoo/ros2_ws/install/ros2_interfaces_tutorial:/home/jewoo/ros2_ws/install/ros2_cpp_tutorial:/opt/ros/humble:/home/jewoo/ros2_ws/install/ros2_python_tutorial LD_LIBRARY_PATH=/home/jewoo/ros2_ws/install/ros2_interfaces_tutorial/lib:/usr/lib/x86_64-linux-gnu:/usr/lib/x86_64-linux-gnu:/usr/lib/x86_64-linux-gnu/gazebo-11/plugins:/opt/ros/humble/opt/rviz_ogre_vendor/lib:/opt/ros/humble/lib/x86_64-linux-gnu:/opt/ros/humble/lib:/usr/lib/x86_64-linux-gnu /usr/bin/cmake --build /home/jewoo/ros2_ws/build/ros2_cpp_tutorial -- -j12 -l12
[0.120s] [ 16%] Built target p1_subscriber
[0.120s] [ 16%] Built target talker
[0.120s] [ 26%] Built target fast_agent
[0.121s] [ 33%] Built target listener
[0.126s] [ 40%] Built target custom_msg_publisher
[0.128s] [ 46%] Built target slow_agent
[0.128s] [ 53%] Built target led_client
[0.128s] [ 53%] Built target p1_publisher
[0.128s] [ 60%] Built target cpp_node
[0.131s] [ 66%] Built target server
[0.139s] [ 76%] Built target client
[0.140s] [ 80%] Built target led_service
[0.163s] [ 86%] Built target turtlebot_controller
[0.165s] [ 93%] Built target square
[0.165s] [100%] Built target minimal_param_node
[0.182s] Invoked command in '/home/jewoo/ros2_ws/build/ros2_cpp_tutorial' returned '0': CMAKE_PREFIX_PATH=/home/jewoo/ros2_ws/install/ros2_interfaces_tutorial:/home/jewoo/ros2_ws/install/ros2_cpp_tutorial:/opt/ros/humble:/home/jewoo/ros2_ws/install/ros2_python_tutorial LD_LIBRARY_PATH=/home/jewoo/ros2_ws/install/ros2_interfaces_tutorial/lib:/usr/lib/x86_64-linux-gnu:/usr/lib/x86_64-linux-gnu:/usr/lib/x86_64-linux-gnu/gazebo-11/plugins:/opt/ros/humble/opt/rviz_ogre_vendor/lib:/opt/ros/humble/lib/x86_64-linux-gnu:/opt/ros/humble/lib:/usr/lib/x86_64-linux-gnu /usr/bin/cmake --build /home/jewoo/ros2_ws/build/ros2_cpp_tutorial -- -j12 -l12
[0.280s] Invoking command in '/home/jewoo/ros2_ws/build/ros2_cpp_tutorial': CMAKE_PREFIX_PATH=/home/jewoo/ros2_ws/install/ros2_interfaces_tutorial:/home/jewoo/ros2_ws/install/ros2_cpp_tutorial:/opt/ros/humble:/home/jewoo/ros2_ws/install/ros2_python_tutorial LD_LIBRARY_PATH=/home/jewoo/ros2_ws/install/ros2_interfaces_tutorial/lib:/usr/lib/x86_64-linux-gnu:/usr/lib/x86_64-linux-gnu:/usr/lib/x86_64-linux-gnu/gazebo-11/plugins:/opt/ros/humble/opt/rviz_ogre_vendor/lib:/opt/ros/humble/lib/x86_64-linux-gnu:/opt/ros/humble/lib:/usr/lib/x86_64-linux-gnu /usr/bin/cmake --install /home/jewoo/ros2_ws/build/ros2_cpp_tutorial
[0.290s] -- Install configuration: ""
[0.291s] -- Execute custom install script
[0.292s] -- Up-to-date symlink: /home/jewoo/ros2_ws/install/ros2_cpp_tutorial/lib/ros2_cpp_tutorial/talker
[0.293s] -- Up-to-date symlink: /home/jewoo/ros2_ws/install/ros2_cpp_tutorial/lib/ros2_cpp_tutorial/listener
[0.293s] -- Up-to-date symlink: /home/jewoo/ros2_ws/install/ros2_cpp_tutorial/lib/ros2_cpp_tutorial/p1_publisher
[0.294s] -- Up-to-date symlink: /home/jewoo/ros2_ws/install/ros2_cpp_tutorial/lib/ros2_cpp_tutorial/p1_subscriber
[0.294s] -- Up-to-date symlink: /home/jewoo/ros2_ws/install/ros2_cpp_tutorial/lib/ros2_cpp_tutorial/fast_agent
[0.295s] -- Up-to-date symlink: /home/jewoo/ros2_ws/install/ros2_cpp_tutorial/lib/ros2_cpp_tutorial/slow_agent
[0.295s] -- Up-to-date symlink: /home/jewoo/ros2_ws/install/ros2_cpp_tutorial/lib/ros2_cpp_tutorial/custom_msg_publisher
[0.296s] -- Up-to-date symlink: /home/jewoo/ros2_ws/install/ros2_cpp_tutorial/lib/ros2_cpp_tutorial/server
[0.296s] -- Up-to-date symlink: /home/jewoo/ros2_ws/install/ros2_cpp_tutorial/lib/ros2_cpp_tutorial/client
[0.297s] -- Up-to-date symlink: /home/jewoo/ros2_ws/install/ros2_cpp_tutorial/lib/ros2_cpp_tutorial/led_client
[0.297s] -- Up-to-date symlink: /home/jewoo/ros2_ws/install/ros2_cpp_tutorial/lib/ros2_cpp_tutorial/led_service
[0.298s] -- Up-to-date symlink: /home/jewoo/ros2_ws/install/ros2_cpp_tutorial/lib/ros2_cpp_tutorial/cpp_node
[0.298s] -- Up-to-date symlink: /home/jewoo/ros2_ws/install/ros2_cpp_tutorial/lib/ros2_cpp_tutorial/turtlebot_controller
[0.299s] -- Up-to-date symlink: /home/jewoo/ros2_ws/install/ros2_cpp_tutorial/lib/ros2_cpp_tutorial/square
[0.299s] -- Up-to-date symlink: /home/jewoo/ros2_ws/install/ros2_cpp_tutorial/lib/ros2_cpp_tutorial/minimal_param_node
[0.299s] -- Up-to-date symlink: /home/jewoo/ros2_ws/install/ros2_cpp_tutorial/share/ros2_cpp_tutorial/launch/cpp_parameters_launch.py
[0.300s] -- Up-to-date symlink: /home/jewoo/ros2_ws/install/ros2_cpp_tutorial/share/ros2_cpp_tutorial/launch/multi_turtlebot_control_launch.py
[0.300s] -- Up-to-date symlink: /home/jewoo/ros2_ws/install/ros2_cpp_tutorial/share/ros2_cpp_tutorial/launch/talker_listener_launch.py
[0.300s] -- Up-to-date symlink: /home/jewoo/ros2_ws/install/ros2_cpp_tutorial/share/ros2_cpp_tutorial/launch/turtlebot_control_launch.py
[0.300s] -- Up-to-date symlink: /home/jewoo/ros2_ws/install/ros2_cpp_tutorial/share/ros2_cpp_tutorial/launch/turtlebot_square_control_launch.py
[0.301s] -- Up-to-date symlink: /home/jewoo/ros2_ws/install/ros2_cpp_tutorial/share/ros2_cpp_tutorial/launch/turtlesim_mimic_launch.py
[0.301s] -- Up-to-date symlink: /home/jewoo/ros2_ws/install/ros2_cpp_tutorial/share/ros2_cpp_tutorial/launch/turtlesim_multiple_launch.py
[0.301s] -- Up-to-date symlink: /home/jewoo/ros2_ws/install/ros2_cpp_tutorial/share/ament_index/resource_index/package_run_dependencies/ros2_cpp_tutorial
[0.301s] -- Up-to-date symlink: /home/jewoo/ros2_ws/install/ros2_cpp_tutorial/share/ament_index/resource_index/parent_prefix_path/ros2_cpp_tutorial
[0.301s] -- Up-to-date symlink: /home/jewoo/ros2_ws/install/ros2_cpp_tutorial/share/ros2_cpp_tutorial/environment/ament_prefix_path.sh
[0.302s] -- Up-to-date symlink: /home/jewoo/ros2_ws/install/ros2_cpp_tutorial/share/ros2_cpp_tutorial/environment/ament_prefix_path.dsv
[0.302s] -- Up-to-date symlink: /home/jewoo/ros2_ws/install/ros2_cpp_tutorial/share/ros2_cpp_tutorial/environment/path.sh
[0.302s] -- Up-to-date symlink: /home/jewoo/ros2_ws/install/ros2_cpp_tutorial/share/ros2_cpp_tutorial/environment/path.dsv
[0.302s] -- Up-to-date symlink: /home/jewoo/ros2_ws/install/ros2_cpp_tutorial/share/ros2_cpp_tutorial/local_setup.bash
[0.303s] -- Up-to-date symlink: /home/jewoo/ros2_ws/install/ros2_cpp_tutorial/share/ros2_cpp_tutorial/local_setup.sh
[0.303s] -- Up-to-date symlink: /home/jewoo/ros2_ws/install/ros2_cpp_tutorial/share/ros2_cpp_tutorial/local_setup.zsh
[0.303s] -- Up-to-date symlink: /home/jewoo/ros2_ws/install/ros2_cpp_tutorial/share/ros2_cpp_tutorial/local_setup.dsv
[0.304s] -- Symlinking: /home/jewoo/ros2_ws/install/ros2_cpp_tutorial/share/ros2_cpp_tutorial/package.dsv
[0.318s] -- Up-to-date symlink: /home/jewoo/ros2_ws/install/ros2_cpp_tutorial/share/ament_index/resource_index/packages/ros2_cpp_tutorial
[0.318s] -- Up-to-date symlink: /home/jewoo/ros2_ws/install/ros2_cpp_tutorial/share/ros2_cpp_tutorial/cmake/ros2_cpp_tutorialConfig.cmake
[0.318s] -- Up-to-date symlink: /home/jewoo/ros2_ws/install/ros2_cpp_tutorial/share/ros2_cpp_tutorial/cmake/ros2_cpp_tutorialConfig-version.cmake
[0.318s] -- Up-to-date symlink: /home/jewoo/ros2_ws/install/ros2_cpp_tutorial/share/ros2_cpp_tutorial/package.xml
[0.322s] Invoked command in '/home/jewoo/ros2_ws/build/ros2_cpp_tutorial' returned '0': CMAKE_PREFIX_PATH=/home/jewoo/ros2_ws/install/ros2_interfaces_tutorial:/home/jewoo/ros2_ws/install/ros2_cpp_tutorial:/opt/ros/humble:/home/jewoo/ros2_ws/install/ros2_python_tutorial LD_LIBRARY_PATH=/home/jewoo/ros2_ws/install/ros2_interfaces_tutorial/lib:/usr/lib/x86_64-linux-gnu:/usr/lib/x86_64-linux-gnu:/usr/lib/x86_64-linux-gnu/gazebo-11/plugins:/opt/ros/humble/opt/rviz_ogre_vendor/lib:/opt/ros/humble/lib/x86_64-linux-gnu:/opt/ros/humble/lib:/usr/lib/x86_64-linux-gnu /usr/bin/cmake --install /home/jewoo/ros2_ws/build/ros2_cpp_tutorial
