[0.175s] DEBUG:colcon:Command line arguments: ['/usr/bin/colcon', 'build', '--symlink-install']
[0.175s] DEBUG:colcon:Parsed command line arguments: Namespace(log_base=None, log_level=None, verb_name='build', build_base='build', install_base='install', merge_install=False, symlink_install=True, test_result_base=None, continue_on_error=False, executor='parallel', parallel_workers=12, event_handlers=None, ignore_user_meta=False, metas=['./colcon.meta'], base_paths=['.'], packages_ignore=None, packages_ignore_regex=None, paths=None, packages_up_to=None, packages_up_to_regex=None, packages_above=None, packages_above_and_dependencies=None, packages_above_depth=None, packages_select_by_dep=None, packages_skip_by_dep=None, packages_skip_up_to=None, packages_select_build_failed=False, packages_skip_build_finished=False, packages_select_test_failures=False, packages_skip_test_passed=False, packages_select=None, packages_skip=None, packages_select_regex=None, packages_skip_regex=None, packages_start=None, packages_end=None, allow_overriding=[], cmake_args=None, cmake_target=None, cmake_target_skip_unavailable=False, cmake_clean_cache=False, cmake_clean_first=False, cmake_force_configure=False, ament_cmake_args=None, catkin_cmake_args=None, catkin_skip_building_tests=False, verb_parser=<colcon_defaults.argument_parser.defaults.DefaultArgumentsDecorator object at 0x79ad703e5060>, verb_extension=<colcon_core.verb.build.BuildVerb object at 0x79ad703e4220>, main=<bound method BuildVerb.main of <colcon_core.verb.build.BuildVerb object at 0x79ad703e4220>>)
[0.469s] Level 1:colcon.colcon_core.package_discovery:discover_packages(colcon_meta) check parameters
[0.469s] Level 1:colcon.colcon_core.package_discovery:discover_packages(recursive) check parameters
[0.470s] Level 1:colcon.colcon_core.package_discovery:discover_packages(ignore) check parameters
[0.470s] Level 1:colcon.colcon_core.package_discovery:discover_packages(path) check parameters
[0.470s] Level 1:colcon.colcon_core.package_discovery:discover_packages(colcon_meta) discover
[0.470s] Level 1:colcon.colcon_core.package_discovery:discover_packages(recursive) discover
[0.470s] INFO:colcon.colcon_core.package_discovery:Crawling recursively for packages in '/home/jewoo/ros2_ws'
[0.470s] Level 1:colcon.colcon_core.package_identification:_identify(.) by extensions ['ignore', 'ignore_ament_install']
[0.470s] Level 1:colcon.colcon_core.package_identification:_identify(.) by extension 'ignore'
[0.470s] Level 1:colcon.colcon_core.package_identification:_identify(.) by extension 'ignore_ament_install'
[0.470s] Level 1:colcon.colcon_core.package_identification:_identify(.) by extensions ['colcon_pkg']
[0.470s] Level 1:colcon.colcon_core.package_identification:_identify(.) by extension 'colcon_pkg'
[0.470s] Level 1:colcon.colcon_core.package_identification:_identify(.) by extensions ['colcon_meta']
[0.471s] Level 1:colcon.colcon_core.package_identification:_identify(.) by extension 'colcon_meta'
[0.471s] Level 1:colcon.colcon_core.package_identification:_identify(.) by extensions ['ros']
[0.471s] Level 1:colcon.colcon_core.package_identification:_identify(.) by extension 'ros'
[0.511s] Level 1:colcon.colcon_core.package_identification:_identify(.) by extensions ['cmake', 'python']
[0.511s] Level 1:colcon.colcon_core.package_identification:_identify(.) by extension 'cmake'
[0.511s] Level 1:colcon.colcon_core.package_identification:_identify(.) by extension 'python'
[0.511s] Level 1:colcon.colcon_core.package_identification:_identify(.) by extensions ['python_setup_py']
[0.511s] Level 1:colcon.colcon_core.package_identification:_identify(.) by extension 'python_setup_py'
[0.511s] Level 1:colcon.colcon_core.package_identification:_identify(build) by extensions ['ignore', 'ignore_ament_install']
[0.511s] Level 1:colcon.colcon_core.package_identification:_identify(build) by extension 'ignore'
[0.511s] Level 1:colcon.colcon_core.package_identification:_identify(build) ignored
[0.512s] Level 1:colcon.colcon_core.package_identification:_identify(install) by extensions ['ignore', 'ignore_ament_install']
[0.512s] Level 1:colcon.colcon_core.package_identification:_identify(install) by extension 'ignore'
[0.512s] Level 1:colcon.colcon_core.package_identification:_identify(install) ignored
[0.512s] Level 1:colcon.colcon_core.package_identification:_identify(log) by extensions ['ignore', 'ignore_ament_install']
[0.512s] Level 1:colcon.colcon_core.package_identification:_identify(log) by extension 'ignore'
[0.512s] Level 1:colcon.colcon_core.package_identification:_identify(log) ignored
[0.512s] Level 1:colcon.colcon_core.package_identification:_identify(src) by extensions ['ignore', 'ignore_ament_install']
[0.513s] Level 1:colcon.colcon_core.package_identification:_identify(src) by extension 'ignore'
[0.513s] Level 1:colcon.colcon_core.package_identification:_identify(src) by extension 'ignore_ament_install'
[0.513s] Level 1:colcon.colcon_core.package_identification:_identify(src) by extensions ['colcon_pkg']
[0.513s] Level 1:colcon.colcon_core.package_identification:_identify(src) by extension 'colcon_pkg'
[0.513s] Level 1:colcon.colcon_core.package_identification:_identify(src) by extensions ['colcon_meta']
[0.513s] Level 1:colcon.colcon_core.package_identification:_identify(src) by extension 'colcon_meta'
[0.513s] Level 1:colcon.colcon_core.package_identification:_identify(src) by extensions ['ros']
[0.513s] Level 1:colcon.colcon_core.package_identification:_identify(src) by extension 'ros'
[0.513s] Level 1:colcon.colcon_core.package_identification:_identify(src) by extensions ['cmake', 'python']
[0.513s] Level 1:colcon.colcon_core.package_identification:_identify(src) by extension 'cmake'
[0.513s] Level 1:colcon.colcon_core.package_identification:_identify(src) by extension 'python'
[0.513s] Level 1:colcon.colcon_core.package_identification:_identify(src) by extensions ['python_setup_py']
[0.514s] Level 1:colcon.colcon_core.package_identification:_identify(src) by extension 'python_setup_py'
[0.514s] Level 1:colcon.colcon_core.package_identification:_identify(src/build) by extensions ['ignore', 'ignore_ament_install']
[0.514s] Level 1:colcon.colcon_core.package_identification:_identify(src/build) by extension 'ignore'
[0.514s] Level 1:colcon.colcon_core.package_identification:_identify(src/build) ignored
[0.514s] Level 1:colcon.colcon_core.package_identification:_identify(src/install) by extensions ['ignore', 'ignore_ament_install']
[0.514s] Level 1:colcon.colcon_core.package_identification:_identify(src/install) by extension 'ignore'
[0.514s] Level 1:colcon.colcon_core.package_identification:_identify(src/install) ignored
[0.515s] Level 1:colcon.colcon_core.package_identification:_identify(src/log) by extensions ['ignore', 'ignore_ament_install']
[0.515s] Level 1:colcon.colcon_core.package_identification:_identify(src/log) by extension 'ignore'
[0.515s] Level 1:colcon.colcon_core.package_identification:_identify(src/log) ignored
[0.515s] Level 1:colcon.colcon_core.package_identification:_identify(src/ros2_cpp_tutorial) by extensions ['ignore', 'ignore_ament_install']
[0.515s] Level 1:colcon.colcon_core.package_identification:_identify(src/ros2_cpp_tutorial) by extension 'ignore'
[0.515s] Level 1:colcon.colcon_core.package_identification:_identify(src/ros2_cpp_tutorial) by extension 'ignore_ament_install'
[0.515s] Level 1:colcon.colcon_core.package_identification:_identify(src/ros2_cpp_tutorial) by extensions ['colcon_pkg']
[0.515s] Level 1:colcon.colcon_core.package_identification:_identify(src/ros2_cpp_tutorial) by extension 'colcon_pkg'
[0.515s] Level 1:colcon.colcon_core.package_identification:_identify(src/ros2_cpp_tutorial) by extensions ['colcon_meta']
[0.516s] Level 1:colcon.colcon_core.package_identification:_identify(src/ros2_cpp_tutorial) by extension 'colcon_meta'
[0.516s] Level 1:colcon.colcon_core.package_identification:_identify(src/ros2_cpp_tutorial) by extensions ['ros']
[0.516s] Level 1:colcon.colcon_core.package_identification:_identify(src/ros2_cpp_tutorial) by extension 'ros'
[0.520s] DEBUG:colcon.colcon_core.package_identification:Package 'src/ros2_cpp_tutorial' with type 'ros.ament_cmake' and name 'ros2_cpp_tutorial'
[0.520s] Level 1:colcon.colcon_core.package_identification:_identify(src/ros2_interfaces_tutorial) by extensions ['ignore', 'ignore_ament_install']
[0.521s] Level 1:colcon.colcon_core.package_identification:_identify(src/ros2_interfaces_tutorial) by extension 'ignore'
[0.521s] Level 1:colcon.colcon_core.package_identification:_identify(src/ros2_interfaces_tutorial) by extension 'ignore_ament_install'
[0.521s] Level 1:colcon.colcon_core.package_identification:_identify(src/ros2_interfaces_tutorial) by extensions ['colcon_pkg']
[0.521s] Level 1:colcon.colcon_core.package_identification:_identify(src/ros2_interfaces_tutorial) by extension 'colcon_pkg'
[0.521s] Level 1:colcon.colcon_core.package_identification:_identify(src/ros2_interfaces_tutorial) by extensions ['colcon_meta']
[0.521s] Level 1:colcon.colcon_core.package_identification:_identify(src/ros2_interfaces_tutorial) by extension 'colcon_meta'
[0.521s] Level 1:colcon.colcon_core.package_identification:_identify(src/ros2_interfaces_tutorial) by extensions ['ros']
[0.521s] Level 1:colcon.colcon_core.package_identification:_identify(src/ros2_interfaces_tutorial) by extension 'ros'
[0.522s] DEBUG:colcon.colcon_core.package_identification:Package 'src/ros2_interfaces_tutorial' with type 'ros.ament_cmake' and name 'ros2_interfaces_tutorial'
[0.523s] Level 1:colcon.colcon_core.package_identification:_identify(src/ros2_python_tutorial) by extensions ['ignore', 'ignore_ament_install']
[0.523s] Level 1:colcon.colcon_core.package_identification:_identify(src/ros2_python_tutorial) by extension 'ignore'
[0.523s] Level 1:colcon.colcon_core.package_identification:_identify(src/ros2_python_tutorial) by extension 'ignore_ament_install'
[0.523s] Level 1:colcon.colcon_core.package_identification:_identify(src/ros2_python_tutorial) by extensions ['colcon_pkg']
[0.523s] Level 1:colcon.colcon_core.package_identification:_identify(src/ros2_python_tutorial) by extension 'colcon_pkg'
[0.523s] Level 1:colcon.colcon_core.package_identification:_identify(src/ros2_python_tutorial) by extensions ['colcon_meta']
[0.523s] Level 1:colcon.colcon_core.package_identification:_identify(src/ros2_python_tutorial) by extension 'colcon_meta'
[0.523s] Level 1:colcon.colcon_core.package_identification:_identify(src/ros2_python_tutorial) by extensions ['ros']
[0.523s] Level 1:colcon.colcon_core.package_identification:_identify(src/ros2_python_tutorial) by extension 'ros'
[0.525s] DEBUG:colcon.colcon_core.package_identification:Package 'src/ros2_python_tutorial' with type 'ros.ament_python' and name 'ros2_python_tutorial'
[0.525s] Level 1:colcon.colcon_core.package_discovery:discover_packages(recursive) using defaults
[0.525s] Level 1:colcon.colcon_core.package_discovery:discover_packages(ignore) discover
[0.525s] Level 1:colcon.colcon_core.package_discovery:discover_packages(ignore) using defaults
[0.525s] Level 1:colcon.colcon_core.package_discovery:discover_packages(path) discover
[0.525s] Level 1:colcon.colcon_core.package_discovery:discover_packages(path) using defaults
[0.560s] Level 1:colcon.colcon_core.package_discovery:discover_packages(prefix_path) check parameters
[0.560s] Level 1:colcon.colcon_core.package_discovery:discover_packages(prefix_path) discover
[0.563s] DEBUG:colcon.colcon_installed_package_information.package_discovery:Found 3 installed packages in /home/jewoo/ros2_ws/install
[0.566s] DEBUG:colcon.colcon_installed_package_information.package_discovery:Found 376 installed packages in /opt/ros/humble
[0.586s] Level 1:colcon.colcon_core.package_discovery:discover_packages(prefix_path) using defaults
[0.672s] Level 5:colcon.colcon_core.verb:set package 'ros2_interfaces_tutorial' build argument 'cmake_args' from command line to 'None'
[0.672s] Level 5:colcon.colcon_core.verb:set package 'ros2_interfaces_tutorial' build argument 'cmake_target' from command line to 'None'
[0.672s] Level 5:colcon.colcon_core.verb:set package 'ros2_interfaces_tutorial' build argument 'cmake_target_skip_unavailable' from command line to 'False'
[0.672s] Level 5:colcon.colcon_core.verb:set package 'ros2_interfaces_tutorial' build argument 'cmake_clean_cache' from command line to 'False'
[0.672s] Level 5:colcon.colcon_core.verb:set package 'ros2_interfaces_tutorial' build argument 'cmake_clean_first' from command line to 'False'
[0.673s] Level 5:colcon.colcon_core.verb:set package 'ros2_interfaces_tutorial' build argument 'cmake_force_configure' from command line to 'False'
[0.673s] Level 5:colcon.colcon_core.verb:set package 'ros2_interfaces_tutorial' build argument 'ament_cmake_args' from command line to 'None'
[0.673s] Level 5:colcon.colcon_core.verb:set package 'ros2_interfaces_tutorial' build argument 'catkin_cmake_args' from command line to 'None'
[0.673s] Level 5:colcon.colcon_core.verb:set package 'ros2_interfaces_tutorial' build argument 'catkin_skip_building_tests' from command line to 'False'
[0.673s] DEBUG:colcon.colcon_core.verb:Building package 'ros2_interfaces_tutorial' with the following arguments: {'ament_cmake_args': None, 'build_base': '/home/jewoo/ros2_ws/build/ros2_interfaces_tutorial', 'catkin_cmake_args': None, 'catkin_skip_building_tests': False, 'cmake_args': None, 'cmake_clean_cache': False, 'cmake_clean_first': False, 'cmake_force_configure': False, 'cmake_target': None, 'cmake_target_skip_unavailable': False, 'install_base': '/home/jewoo/ros2_ws/install/ros2_interfaces_tutorial', 'merge_install': False, 'path': '/home/jewoo/ros2_ws/src/ros2_interfaces_tutorial', 'symlink_install': True, 'test_result_base': None}
[0.673s] Level 5:colcon.colcon_core.verb:set package 'ros2_python_tutorial' build argument 'cmake_args' from command line to 'None'
[0.673s] Level 5:colcon.colcon_core.verb:set package 'ros2_python_tutorial' build argument 'cmake_target' from command line to 'None'
[0.673s] Level 5:colcon.colcon_core.verb:set package 'ros2_python_tutorial' build argument 'cmake_target_skip_unavailable' from command line to 'False'
[0.674s] Level 5:colcon.colcon_core.verb:set package 'ros2_python_tutorial' build argument 'cmake_clean_cache' from command line to 'False'
[0.674s] Level 5:colcon.colcon_core.verb:set package 'ros2_python_tutorial' build argument 'cmake_clean_first' from command line to 'False'
[0.674s] Level 5:colcon.colcon_core.verb:set package 'ros2_python_tutorial' build argument 'cmake_force_configure' from command line to 'False'
[0.674s] Level 5:colcon.colcon_core.verb:set package 'ros2_python_tutorial' build argument 'ament_cmake_args' from command line to 'None'
[0.674s] Level 5:colcon.colcon_core.verb:set package 'ros2_python_tutorial' build argument 'catkin_cmake_args' from command line to 'None'
[0.674s] Level 5:colcon.colcon_core.verb:set package 'ros2_python_tutorial' build argument 'catkin_skip_building_tests' from command line to 'False'
[0.674s] DEBUG:colcon.colcon_core.verb:Building package 'ros2_python_tutorial' with the following arguments: {'ament_cmake_args': None, 'build_base': '/home/jewoo/ros2_ws/build/ros2_python_tutorial', 'catkin_cmake_args': None, 'catkin_skip_building_tests': False, 'cmake_args': None, 'cmake_clean_cache': False, 'cmake_clean_first': False, 'cmake_force_configure': False, 'cmake_target': None, 'cmake_target_skip_unavailable': False, 'install_base': '/home/jewoo/ros2_ws/install/ros2_python_tutorial', 'merge_install': False, 'path': '/home/jewoo/ros2_ws/src/ros2_python_tutorial', 'symlink_install': True, 'test_result_base': None}
[0.674s] Level 5:colcon.colcon_core.verb:set package 'ros2_cpp_tutorial' build argument 'cmake_args' from command line to 'None'
[0.675s] Level 5:colcon.colcon_core.verb:set package 'ros2_cpp_tutorial' build argument 'cmake_target' from command line to 'None'
[0.675s] Level 5:colcon.colcon_core.verb:set package 'ros2_cpp_tutorial' build argument 'cmake_target_skip_unavailable' from command line to 'False'
[0.675s] Level 5:colcon.colcon_core.verb:set package 'ros2_cpp_tutorial' build argument 'cmake_clean_cache' from command line to 'False'
[0.675s] Level 5:colcon.colcon_core.verb:set package 'ros2_cpp_tutorial' build argument 'cmake_clean_first' from command line to 'False'
[0.675s] Level 5:colcon.colcon_core.verb:set package 'ros2_cpp_tutorial' build argument 'cmake_force_configure' from command line to 'False'
[0.675s] Level 5:colcon.colcon_core.verb:set package 'ros2_cpp_tutorial' build argument 'ament_cmake_args' from command line to 'None'
[0.675s] Level 5:colcon.colcon_core.verb:set package 'ros2_cpp_tutorial' build argument 'catkin_cmake_args' from command line to 'None'
[0.675s] Level 5:colcon.colcon_core.verb:set package 'ros2_cpp_tutorial' build argument 'catkin_skip_building_tests' from command line to 'False'
[0.675s] DEBUG:colcon.colcon_core.verb:Building package 'ros2_cpp_tutorial' with the following arguments: {'ament_cmake_args': None, 'build_base': '/home/jewoo/ros2_ws/build/ros2_cpp_tutorial', 'catkin_cmake_args': None, 'catkin_skip_building_tests': False, 'cmake_args': None, 'cmake_clean_cache': False, 'cmake_clean_first': False, 'cmake_force_configure': False, 'cmake_target': None, 'cmake_target_skip_unavailable': False, 'install_base': '/home/jewoo/ros2_ws/install/ros2_cpp_tutorial', 'merge_install': False, 'path': '/home/jewoo/ros2_ws/src/ros2_cpp_tutorial', 'symlink_install': True, 'test_result_base': None}
[0.675s] INFO:colcon.colcon_core.executor:Executing jobs using 'parallel' executor
[0.677s] DEBUG:colcon.colcon_parallel_executor.executor.parallel:run_until_complete
[0.677s] INFO:colcon.colcon_ros.task.ament_cmake.build:Building ROS package in '/home/jewoo/ros2_ws/src/ros2_interfaces_tutorial' with build type 'ament_cmake'
[0.677s] INFO:colcon.colcon_cmake.task.cmake.build:Building CMake package in '/home/jewoo/ros2_ws/src/ros2_interfaces_tutorial'
[0.681s] INFO:colcon.colcon_core.plugin_system:Skipping extension 'colcon_core.shell.bat': Not used on non-Windows systems
[0.681s] INFO:colcon.colcon_core.shell:Skip shell extension 'powershell' for command environment: Not usable outside of PowerShell
[0.681s] DEBUG:colcon.colcon_core.shell:Skip shell extension 'dsv' for command environment
[0.687s] INFO:colcon.colcon_ros.task.ament_python.build:Building ROS package in '/home/jewoo/ros2_ws/src/ros2_python_tutorial' with build type 'ament_python'
[0.688s] Level 1:colcon.colcon_core.shell:create_environment_hook('ros2_python_tutorial', 'ament_prefix_path')
[0.688s] INFO:colcon.colcon_core.shell:Creating environment hook '/home/jewoo/ros2_ws/install/ros2_python_tutorial/share/ros2_python_tutorial/hook/ament_prefix_path.ps1'
[0.689s] INFO:colcon.colcon_core.shell:Creating environment descriptor '/home/jewoo/ros2_ws/install/ros2_python_tutorial/share/ros2_python_tutorial/hook/ament_prefix_path.dsv'
[0.690s] INFO:colcon.colcon_core.shell:Creating environment hook '/home/jewoo/ros2_ws/install/ros2_python_tutorial/share/ros2_python_tutorial/hook/ament_prefix_path.sh'
[0.692s] INFO:colcon.colcon_core.shell:Skip shell extension 'powershell' for command environment: Not usable outside of PowerShell
[0.692s] DEBUG:colcon.colcon_core.shell:Skip shell extension 'dsv' for command environment
[0.707s] DEBUG:colcon.colcon_core.event_handler.log_command:Invoking command in '/home/jewoo/ros2_ws/build/ros2_interfaces_tutorial': CMAKE_PREFIX_PATH=${CMAKE_PREFIX_PATH}:/opt/ros/humble:/home/jewoo/ros2_ws/install/ros2_python_tutorial /usr/bin/cmake --build /home/jewoo/ros2_ws/build/ros2_interfaces_tutorial -- -j12 -l12
[1.262s] INFO:colcon.colcon_core.task.python.build:Building Python package in '/home/jewoo/ros2_ws/src/ros2_python_tutorial'
[1.262s] INFO:colcon.colcon_core.shell:Skip shell extension 'powershell' for command environment: Not usable outside of PowerShell
[1.262s] DEBUG:colcon.colcon_core.shell:Skip shell extension 'dsv' for command environment
[1.421s] DEBUG:colcon.colcon_core.event_handler.log_command:Invoked command in '/home/jewoo/ros2_ws/build/ros2_interfaces_tutorial' returned '0': CMAKE_PREFIX_PATH=${CMAKE_PREFIX_PATH}:/opt/ros/humble:/home/jewoo/ros2_ws/install/ros2_python_tutorial /usr/bin/cmake --build /home/jewoo/ros2_ws/build/ros2_interfaces_tutorial -- -j12 -l12
[1.578s] DEBUG:colcon.colcon_core.event_handler.log_command:Invoking command in '/home/jewoo/ros2_ws/build/ros2_interfaces_tutorial': CMAKE_PREFIX_PATH=${CMAKE_PREFIX_PATH}:/opt/ros/humble:/home/jewoo/ros2_ws/install/ros2_python_tutorial /usr/bin/cmake --install /home/jewoo/ros2_ws/build/ros2_interfaces_tutorial
[1.709s] Level 1:colcon.colcon_core.environment:create_environment_scripts_only(ros2_interfaces_tutorial)
[1.710s] DEBUG:colcon.colcon_core.event_handler.log_command:Invoked command in '/home/jewoo/ros2_ws/build/ros2_interfaces_tutorial' returned '0': CMAKE_PREFIX_PATH=${CMAKE_PREFIX_PATH}:/opt/ros/humble:/home/jewoo/ros2_ws/install/ros2_python_tutorial /usr/bin/cmake --install /home/jewoo/ros2_ws/build/ros2_interfaces_tutorial
[1.714s] Level 1:colcon.colcon_core.environment:checking '/home/jewoo/ros2_ws/install/ros2_interfaces_tutorial' for CMake module files
[1.715s] Level 1:colcon.colcon_core.environment:checking '/home/jewoo/ros2_ws/install/ros2_interfaces_tutorial' for CMake config files
[1.716s] Level 1:colcon.colcon_core.shell:create_environment_hook('ros2_interfaces_tutorial', 'cmake_prefix_path')
[1.716s] INFO:colcon.colcon_core.shell:Creating environment hook '/home/jewoo/ros2_ws/install/ros2_interfaces_tutorial/share/ros2_interfaces_tutorial/hook/cmake_prefix_path.ps1'
[1.717s] INFO:colcon.colcon_core.shell:Creating environment descriptor '/home/jewoo/ros2_ws/install/ros2_interfaces_tutorial/share/ros2_interfaces_tutorial/hook/cmake_prefix_path.dsv'
[1.717s] INFO:colcon.colcon_core.shell:Creating environment hook '/home/jewoo/ros2_ws/install/ros2_interfaces_tutorial/share/ros2_interfaces_tutorial/hook/cmake_prefix_path.sh'
[1.718s] Level 1:colcon.colcon_core.environment:checking '/home/jewoo/ros2_ws/install/ros2_interfaces_tutorial/lib'
[1.719s] Level 1:colcon.colcon_core.shell:create_environment_hook('ros2_interfaces_tutorial', 'ld_library_path_lib')
[1.719s] INFO:colcon.colcon_core.shell:Creating environment hook '/home/jewoo/ros2_ws/install/ros2_interfaces_tutorial/share/ros2_interfaces_tutorial/hook/ld_library_path_lib.ps1'
[1.720s] INFO:colcon.colcon_core.shell:Creating environment descriptor '/home/jewoo/ros2_ws/install/ros2_interfaces_tutorial/share/ros2_interfaces_tutorial/hook/ld_library_path_lib.dsv'
[1.720s] INFO:colcon.colcon_core.shell:Creating environment hook '/home/jewoo/ros2_ws/install/ros2_interfaces_tutorial/share/ros2_interfaces_tutorial/hook/ld_library_path_lib.sh'
[1.721s] Level 1:colcon.colcon_core.environment:checking '/home/jewoo/ros2_ws/install/ros2_interfaces_tutorial/bin'
[1.721s] Level 1:colcon.colcon_core.environment:checking '/home/jewoo/ros2_ws/install/ros2_interfaces_tutorial/lib/pkgconfig/ros2_interfaces_tutorial.pc'
[1.721s] Level 1:colcon.colcon_core.environment:checking '/home/jewoo/ros2_ws/install/ros2_interfaces_tutorial/lib/python3.10/site-packages'
[1.721s] Level 1:colcon.colcon_core.environment:checking '/home/jewoo/ros2_ws/install/ros2_interfaces_tutorial/bin'
[1.722s] INFO:colcon.colcon_core.shell:Creating package script '/home/jewoo/ros2_ws/install/ros2_interfaces_tutorial/share/ros2_interfaces_tutorial/package.ps1'
[1.724s] INFO:colcon.colcon_core.shell:Creating package descriptor '/home/jewoo/ros2_ws/install/ros2_interfaces_tutorial/share/ros2_interfaces_tutorial/package.dsv'
[1.725s] INFO:colcon.colcon_core.shell:Creating package script '/home/jewoo/ros2_ws/install/ros2_interfaces_tutorial/share/ros2_interfaces_tutorial/package.sh'
[1.726s] INFO:colcon.colcon_core.shell:Creating package script '/home/jewoo/ros2_ws/install/ros2_interfaces_tutorial/share/ros2_interfaces_tutorial/package.bash'
[1.728s] INFO:colcon.colcon_core.shell:Creating package script '/home/jewoo/ros2_ws/install/ros2_interfaces_tutorial/share/ros2_interfaces_tutorial/package.zsh'
[1.729s] Level 1:colcon.colcon_core.environment:create_file_with_runtime_dependencies(/home/jewoo/ros2_ws/install/ros2_interfaces_tutorial/share/colcon-core/packages/ros2_interfaces_tutorial)
[1.873s] Level 1:colcon.colcon_core.environment:create_environment_scripts_only(ros2_interfaces_tutorial)
[1.873s] Level 1:colcon.colcon_core.environment:checking '/home/jewoo/ros2_ws/install/ros2_interfaces_tutorial' for CMake module files
[1.874s] Level 1:colcon.colcon_core.environment:checking '/home/jewoo/ros2_ws/install/ros2_interfaces_tutorial' for CMake config files
[1.875s] Level 1:colcon.colcon_core.shell:create_environment_hook('ros2_interfaces_tutorial', 'cmake_prefix_path')
[1.875s] INFO:colcon.colcon_core.shell:Creating environment hook '/home/jewoo/ros2_ws/install/ros2_interfaces_tutorial/share/ros2_interfaces_tutorial/hook/cmake_prefix_path.ps1'
[1.876s] INFO:colcon.colcon_core.shell:Creating environment descriptor '/home/jewoo/ros2_ws/install/ros2_interfaces_tutorial/share/ros2_interfaces_tutorial/hook/cmake_prefix_path.dsv'
[1.876s] INFO:colcon.colcon_core.shell:Creating environment hook '/home/jewoo/ros2_ws/install/ros2_interfaces_tutorial/share/ros2_interfaces_tutorial/hook/cmake_prefix_path.sh'
[1.877s] Level 1:colcon.colcon_core.environment:checking '/home/jewoo/ros2_ws/install/ros2_interfaces_tutorial/lib'
[1.878s] Level 1:colcon.colcon_core.shell:create_environment_hook('ros2_interfaces_tutorial', 'ld_library_path_lib')
[1.878s] INFO:colcon.colcon_core.shell:Creating environment hook '/home/jewoo/ros2_ws/install/ros2_interfaces_tutorial/share/ros2_interfaces_tutorial/hook/ld_library_path_lib.ps1'
[1.879s] INFO:colcon.colcon_core.shell:Creating environment descriptor '/home/jewoo/ros2_ws/install/ros2_interfaces_tutorial/share/ros2_interfaces_tutorial/hook/ld_library_path_lib.dsv'
[1.879s] INFO:colcon.colcon_core.shell:Creating environment hook '/home/jewoo/ros2_ws/install/ros2_interfaces_tutorial/share/ros2_interfaces_tutorial/hook/ld_library_path_lib.sh'
[1.880s] Level 1:colcon.colcon_core.environment:checking '/home/jewoo/ros2_ws/install/ros2_interfaces_tutorial/bin'
[1.880s] Level 1:colcon.colcon_core.environment:checking '/home/jewoo/ros2_ws/install/ros2_interfaces_tutorial/lib/pkgconfig/ros2_interfaces_tutorial.pc'
[1.881s] Level 1:colcon.colcon_core.environment:checking '/home/jewoo/ros2_ws/install/ros2_interfaces_tutorial/lib/python3.10/site-packages'
[1.881s] Level 1:colcon.colcon_core.environment:checking '/home/jewoo/ros2_ws/install/ros2_interfaces_tutorial/bin'
[1.882s] INFO:colcon.colcon_core.shell:Creating package script '/home/jewoo/ros2_ws/install/ros2_interfaces_tutorial/share/ros2_interfaces_tutorial/package.ps1'
[1.884s] INFO:colcon.colcon_core.shell:Creating package descriptor '/home/jewoo/ros2_ws/install/ros2_interfaces_tutorial/share/ros2_interfaces_tutorial/package.dsv'
[1.885s] INFO:colcon.colcon_core.shell:Creating package script '/home/jewoo/ros2_ws/install/ros2_interfaces_tutorial/share/ros2_interfaces_tutorial/package.sh'
[1.886s] INFO:colcon.colcon_core.shell:Creating package script '/home/jewoo/ros2_ws/install/ros2_interfaces_tutorial/share/ros2_interfaces_tutorial/package.bash'
[1.886s] INFO:colcon.colcon_core.shell:Creating package script '/home/jewoo/ros2_ws/install/ros2_interfaces_tutorial/share/ros2_interfaces_tutorial/package.zsh'
[1.887s] Level 1:colcon.colcon_core.environment:create_file_with_runtime_dependencies(/home/jewoo/ros2_ws/install/ros2_interfaces_tutorial/share/colcon-core/packages/ros2_interfaces_tutorial)
[1.887s] INFO:colcon.colcon_ros.task.ament_cmake.build:Building ROS package in '/home/jewoo/ros2_ws/src/ros2_cpp_tutorial' with build type 'ament_cmake'
[1.888s] INFO:colcon.colcon_cmake.task.cmake.build:Building CMake package in '/home/jewoo/ros2_ws/src/ros2_cpp_tutorial'
[1.888s] INFO:colcon.colcon_core.shell:Skip shell extension 'powershell' for command environment: Not usable outside of PowerShell
[1.888s] DEBUG:colcon.colcon_core.shell:Skip shell extension 'dsv' for command environment
[1.910s] DEBUG:colcon.colcon_core.event_handler.log_command:Invoking command in '/home/jewoo/ros2_ws/build/ros2_cpp_tutorial': CMAKE_PREFIX_PATH=/home/jewoo/ros2_ws/install/ros2_interfaces_tutorial:/home/jewoo/ros2_ws/install/ros2_cpp_tutorial:/opt/ros/humble:/home/jewoo/ros2_ws/install/ros2_python_tutorial LD_LIBRARY_PATH=/home/jewoo/ros2_ws/install/ros2_interfaces_tutorial/lib:/usr/lib/x86_64-linux-gnu:/usr/lib/x86_64-linux-gnu:/usr/lib/x86_64-linux-gnu:/usr/lib/x86_64-linux-gnu:/usr/lib/x86_64-linux-gnu:/usr/lib/x86_64-linux-gnu:/usr/lib/x86_64-linux-gnu:/usr/lib/x86_64-linux-gnu:/usr/lib/x86_64-linux-gnu:/usr/lib/x86_64-linux-gnu:/usr/lib/x86_64-linux-gnu/gazebo-11/plugins:/opt/ros/humble/opt/rviz_ogre_vendor/lib:/opt/ros/humble/lib/x86_64-linux-gnu:/opt/ros/humble/lib:/usr/lib/x86_64-linux-gnu /usr/bin/cmake --build /home/jewoo/ros2_ws/build/ros2_cpp_tutorial -- -j12 -l12
[2.121s] DEBUG:colcon.colcon_core.event_handler.log_command:Invoking command in '/home/jewoo/ros2_ws/build/ros2_python_tutorial': PYTHONPATH=/home/jewoo/ros2_ws/build/ros2_python_tutorial/prefix_override:/usr/lib/python3/dist-packages/colcon_core/task/python/colcon_distutils_commands:/home/jewoo/ros2_ws/install/ros2_python_tutorial/lib/python3.10/site-packages:${PYTHONPATH} /usr/bin/python3 -W ignore:setup.py install is deprecated setup.py develop --editable --build-directory /home/jewoo/ros2_ws/build/ros2_python_tutorial/build --no-deps symlink_data
[3.107s] Level 1:colcon.colcon_core.shell:create_environment_hook('ros2_python_tutorial', 'pythonpath_develop')
[3.107s] DEBUG:colcon.colcon_core.event_handler.log_command:Invoked command in '/home/jewoo/ros2_ws/build/ros2_python_tutorial' returned '0': PYTHONPATH=/home/jewoo/ros2_ws/build/ros2_python_tutorial/prefix_override:/usr/lib/python3/dist-packages/colcon_core/task/python/colcon_distutils_commands:/home/jewoo/ros2_ws/install/ros2_python_tutorial/lib/python3.10/site-packages:${PYTHONPATH} /usr/bin/python3 -W ignore:setup.py install is deprecated setup.py develop --editable --build-directory /home/jewoo/ros2_ws/build/ros2_python_tutorial/build --no-deps symlink_data
[3.108s] INFO:colcon.colcon_core.shell:Creating environment hook '/home/jewoo/ros2_ws/build/ros2_python_tutorial/share/ros2_python_tutorial/hook/pythonpath_develop.ps1'
[3.109s] INFO:colcon.colcon_core.shell:Creating environment descriptor '/home/jewoo/ros2_ws/build/ros2_python_tutorial/share/ros2_python_tutorial/hook/pythonpath_develop.dsv'
[3.109s] INFO:colcon.colcon_core.shell:Creating environment hook '/home/jewoo/ros2_ws/build/ros2_python_tutorial/share/ros2_python_tutorial/hook/pythonpath_develop.sh'
[3.110s] Level 1:colcon.colcon_core.environment:checking '/home/jewoo/ros2_ws/install/ros2_python_tutorial' for CMake module files
[3.111s] Level 1:colcon.colcon_core.environment:checking '/home/jewoo/ros2_ws/install/ros2_python_tutorial' for CMake config files
[3.112s] Level 1:colcon.colcon_core.environment:checking '/home/jewoo/ros2_ws/install/ros2_python_tutorial/lib'
[3.112s] Level 1:colcon.colcon_core.environment:checking '/home/jewoo/ros2_ws/install/ros2_python_tutorial/bin'
[3.112s] Level 1:colcon.colcon_core.environment:checking '/home/jewoo/ros2_ws/install/ros2_python_tutorial/lib/pkgconfig/ros2_python_tutorial.pc'
[3.112s] Level 1:colcon.colcon_core.environment:checking '/home/jewoo/ros2_ws/install/ros2_python_tutorial/lib/python3.10/site-packages'
[3.112s] Level 1:colcon.colcon_core.shell:create_environment_hook('ros2_python_tutorial', 'pythonpath')
[3.113s] INFO:colcon.colcon_core.shell:Creating environment hook '/home/jewoo/ros2_ws/install/ros2_python_tutorial/share/ros2_python_tutorial/hook/pythonpath.ps1'
[3.113s] INFO:colcon.colcon_core.shell:Creating environment descriptor '/home/jewoo/ros2_ws/install/ros2_python_tutorial/share/ros2_python_tutorial/hook/pythonpath.dsv'
[3.114s] INFO:colcon.colcon_core.shell:Creating environment hook '/home/jewoo/ros2_ws/install/ros2_python_tutorial/share/ros2_python_tutorial/hook/pythonpath.sh'
[3.115s] Level 1:colcon.colcon_core.environment:checking '/home/jewoo/ros2_ws/install/ros2_python_tutorial/bin'
[3.115s] Level 1:colcon.colcon_core.environment:create_environment_scripts_only(ros2_python_tutorial)
[3.115s] INFO:colcon.colcon_core.shell:Creating package script '/home/jewoo/ros2_ws/install/ros2_python_tutorial/share/ros2_python_tutorial/package.ps1'
[3.116s] INFO:colcon.colcon_core.shell:Creating package descriptor '/home/jewoo/ros2_ws/install/ros2_python_tutorial/share/ros2_python_tutorial/package.dsv'
[3.117s] INFO:colcon.colcon_core.shell:Creating package script '/home/jewoo/ros2_ws/install/ros2_python_tutorial/share/ros2_python_tutorial/package.sh'
[3.118s] INFO:colcon.colcon_core.shell:Creating package script '/home/jewoo/ros2_ws/install/ros2_python_tutorial/share/ros2_python_tutorial/package.bash'
[3.118s] INFO:colcon.colcon_core.shell:Creating package script '/home/jewoo/ros2_ws/install/ros2_python_tutorial/share/ros2_python_tutorial/package.zsh'
[3.119s] Level 1:colcon.colcon_core.environment:create_file_with_runtime_dependencies(/home/jewoo/ros2_ws/install/ros2_python_tutorial/share/colcon-core/packages/ros2_python_tutorial)
[16.398s] DEBUG:colcon.colcon_core.event_handler.log_command:Invoked command in '/home/jewoo/ros2_ws/build/ros2_cpp_tutorial' returned '0': CMAKE_PREFIX_PATH=/home/jewoo/ros2_ws/install/ros2_interfaces_tutorial:/home/jewoo/ros2_ws/install/ros2_cpp_tutorial:/opt/ros/humble:/home/jewoo/ros2_ws/install/ros2_python_tutorial LD_LIBRARY_PATH=/home/jewoo/ros2_ws/install/ros2_interfaces_tutorial/lib:/usr/lib/x86_64-linux-gnu:/usr/lib/x86_64-linux-gnu:/usr/lib/x86_64-linux-gnu:/usr/lib/x86_64-linux-gnu:/usr/lib/x86_64-linux-gnu:/usr/lib/x86_64-linux-gnu:/usr/lib/x86_64-linux-gnu:/usr/lib/x86_64-linux-gnu:/usr/lib/x86_64-linux-gnu:/usr/lib/x86_64-linux-gnu:/usr/lib/x86_64-linux-gnu/gazebo-11/plugins:/opt/ros/humble/opt/rviz_ogre_vendor/lib:/opt/ros/humble/lib/x86_64-linux-gnu:/opt/ros/humble/lib:/usr/lib/x86_64-linux-gnu /usr/bin/cmake --build /home/jewoo/ros2_ws/build/ros2_cpp_tutorial -- -j12 -l12
[16.501s] DEBUG:colcon.colcon_core.event_handler.log_command:Invoking command in '/home/jewoo/ros2_ws/build/ros2_cpp_tutorial': CMAKE_PREFIX_PATH=/home/jewoo/ros2_ws/install/ros2_interfaces_tutorial:/home/jewoo/ros2_ws/install/ros2_cpp_tutorial:/opt/ros/humble:/home/jewoo/ros2_ws/install/ros2_python_tutorial LD_LIBRARY_PATH=/home/jewoo/ros2_ws/install/ros2_interfaces_tutorial/lib:/usr/lib/x86_64-linux-gnu:/usr/lib/x86_64-linux-gnu:/usr/lib/x86_64-linux-gnu:/usr/lib/x86_64-linux-gnu:/usr/lib/x86_64-linux-gnu:/usr/lib/x86_64-linux-gnu:/usr/lib/x86_64-linux-gnu:/usr/lib/x86_64-linux-gnu:/usr/lib/x86_64-linux-gnu:/usr/lib/x86_64-linux-gnu:/usr/lib/x86_64-linux-gnu/gazebo-11/plugins:/opt/ros/humble/opt/rviz_ogre_vendor/lib:/opt/ros/humble/lib/x86_64-linux-gnu:/opt/ros/humble/lib:/usr/lib/x86_64-linux-gnu /usr/bin/cmake --install /home/jewoo/ros2_ws/build/ros2_cpp_tutorial
[16.543s] Level 1:colcon.colcon_core.environment:create_environment_scripts_only(ros2_cpp_tutorial)
[16.543s] Level 1:colcon.colcon_core.environment:checking '/home/jewoo/ros2_ws/install/ros2_cpp_tutorial' for CMake module files
[16.544s] DEBUG:colcon.colcon_core.event_handler.log_command:Invoked command in '/home/jewoo/ros2_ws/build/ros2_cpp_tutorial' returned '0': CMAKE_PREFIX_PATH=/home/jewoo/ros2_ws/install/ros2_interfaces_tutorial:/home/jewoo/ros2_ws/install/ros2_cpp_tutorial:/opt/ros/humble:/home/jewoo/ros2_ws/install/ros2_python_tutorial LD_LIBRARY_PATH=/home/jewoo/ros2_ws/install/ros2_interfaces_tutorial/lib:/usr/lib/x86_64-linux-gnu:/usr/lib/x86_64-linux-gnu:/usr/lib/x86_64-linux-gnu:/usr/lib/x86_64-linux-gnu:/usr/lib/x86_64-linux-gnu:/usr/lib/x86_64-linux-gnu:/usr/lib/x86_64-linux-gnu:/usr/lib/x86_64-linux-gnu:/usr/lib/x86_64-linux-gnu:/usr/lib/x86_64-linux-gnu:/usr/lib/x86_64-linux-gnu/gazebo-11/plugins:/opt/ros/humble/opt/rviz_ogre_vendor/lib:/opt/ros/humble/lib/x86_64-linux-gnu:/opt/ros/humble/lib:/usr/lib/x86_64-linux-gnu /usr/bin/cmake --install /home/jewoo/ros2_ws/build/ros2_cpp_tutorial
[16.545s] Level 1:colcon.colcon_core.environment:checking '/home/jewoo/ros2_ws/install/ros2_cpp_tutorial' for CMake config files
[16.546s] Level 1:colcon.colcon_core.shell:create_environment_hook('ros2_cpp_tutorial', 'cmake_prefix_path')
[16.547s] INFO:colcon.colcon_core.shell:Creating environment hook '/home/jewoo/ros2_ws/install/ros2_cpp_tutorial/share/ros2_cpp_tutorial/hook/cmake_prefix_path.ps1'
[16.547s] INFO:colcon.colcon_core.shell:Creating environment descriptor '/home/jewoo/ros2_ws/install/ros2_cpp_tutorial/share/ros2_cpp_tutorial/hook/cmake_prefix_path.dsv'
[16.548s] INFO:colcon.colcon_core.shell:Creating environment hook '/home/jewoo/ros2_ws/install/ros2_cpp_tutorial/share/ros2_cpp_tutorial/hook/cmake_prefix_path.sh'
[16.549s] Level 1:colcon.colcon_core.environment:checking '/home/jewoo/ros2_ws/install/ros2_cpp_tutorial/lib'
[16.549s] Level 1:colcon.colcon_core.environment:checking '/home/jewoo/ros2_ws/install/ros2_cpp_tutorial/bin'
[16.549s] Level 1:colcon.colcon_core.environment:checking '/home/jewoo/ros2_ws/install/ros2_cpp_tutorial/lib/pkgconfig/ros2_cpp_tutorial.pc'
[16.550s] Level 1:colcon.colcon_core.environment:checking '/home/jewoo/ros2_ws/install/ros2_cpp_tutorial/lib/python3.10/site-packages'
[16.550s] Level 1:colcon.colcon_core.environment:checking '/home/jewoo/ros2_ws/install/ros2_cpp_tutorial/bin'
[16.551s] INFO:colcon.colcon_core.shell:Creating package script '/home/jewoo/ros2_ws/install/ros2_cpp_tutorial/share/ros2_cpp_tutorial/package.ps1'
[16.552s] INFO:colcon.colcon_core.shell:Creating package descriptor '/home/jewoo/ros2_ws/install/ros2_cpp_tutorial/share/ros2_cpp_tutorial/package.dsv'
[16.552s] INFO:colcon.colcon_core.shell:Creating package script '/home/jewoo/ros2_ws/install/ros2_cpp_tutorial/share/ros2_cpp_tutorial/package.sh'
[16.553s] INFO:colcon.colcon_core.shell:Creating package script '/home/jewoo/ros2_ws/install/ros2_cpp_tutorial/share/ros2_cpp_tutorial/package.bash'
[16.553s] INFO:colcon.colcon_core.shell:Creating package script '/home/jewoo/ros2_ws/install/ros2_cpp_tutorial/share/ros2_cpp_tutorial/package.zsh'
[16.554s] Level 1:colcon.colcon_core.environment:create_file_with_runtime_dependencies(/home/jewoo/ros2_ws/install/ros2_cpp_tutorial/share/colcon-core/packages/ros2_cpp_tutorial)
[16.654s] Level 1:colcon.colcon_core.environment:create_environment_scripts_only(ros2_cpp_tutorial)
[16.655s] Level 1:colcon.colcon_core.environment:checking '/home/jewoo/ros2_ws/install/ros2_cpp_tutorial' for CMake module files
[16.656s] Level 1:colcon.colcon_core.environment:checking '/home/jewoo/ros2_ws/install/ros2_cpp_tutorial' for CMake config files
[16.656s] Level 1:colcon.colcon_core.shell:create_environment_hook('ros2_cpp_tutorial', 'cmake_prefix_path')
[16.657s] INFO:colcon.colcon_core.shell:Creating environment hook '/home/jewoo/ros2_ws/install/ros2_cpp_tutorial/share/ros2_cpp_tutorial/hook/cmake_prefix_path.ps1'
[16.657s] INFO:colcon.colcon_core.shell:Creating environment descriptor '/home/jewoo/ros2_ws/install/ros2_cpp_tutorial/share/ros2_cpp_tutorial/hook/cmake_prefix_path.dsv'
[16.658s] INFO:colcon.colcon_core.shell:Creating environment hook '/home/jewoo/ros2_ws/install/ros2_cpp_tutorial/share/ros2_cpp_tutorial/hook/cmake_prefix_path.sh'
[16.658s] Level 1:colcon.colcon_core.environment:checking '/home/jewoo/ros2_ws/install/ros2_cpp_tutorial/lib'
[16.659s] Level 1:colcon.colcon_core.environment:checking '/home/jewoo/ros2_ws/install/ros2_cpp_tutorial/bin'
[16.659s] Level 1:colcon.colcon_core.environment:checking '/home/jewoo/ros2_ws/install/ros2_cpp_tutorial/lib/pkgconfig/ros2_cpp_tutorial.pc'
[16.659s] Level 1:colcon.colcon_core.environment:checking '/home/jewoo/ros2_ws/install/ros2_cpp_tutorial/lib/python3.10/site-packages'
[16.659s] Level 1:colcon.colcon_core.environment:checking '/home/jewoo/ros2_ws/install/ros2_cpp_tutorial/bin'
[16.660s] INFO:colcon.colcon_core.shell:Creating package script '/home/jewoo/ros2_ws/install/ros2_cpp_tutorial/share/ros2_cpp_tutorial/package.ps1'
[16.660s] INFO:colcon.colcon_core.shell:Creating package descriptor '/home/jewoo/ros2_ws/install/ros2_cpp_tutorial/share/ros2_cpp_tutorial/package.dsv'
[16.661s] INFO:colcon.colcon_core.shell:Creating package script '/home/jewoo/ros2_ws/install/ros2_cpp_tutorial/share/ros2_cpp_tutorial/package.sh'
[16.662s] INFO:colcon.colcon_core.shell:Creating package script '/home/jewoo/ros2_ws/install/ros2_cpp_tutorial/share/ros2_cpp_tutorial/package.bash'
[16.662s] INFO:colcon.colcon_core.shell:Creating package script '/home/jewoo/ros2_ws/install/ros2_cpp_tutorial/share/ros2_cpp_tutorial/package.zsh'
[16.663s] Level 1:colcon.colcon_core.environment:create_file_with_runtime_dependencies(/home/jewoo/ros2_ws/install/ros2_cpp_tutorial/share/colcon-core/packages/ros2_cpp_tutorial)
[16.663s] DEBUG:colcon.colcon_parallel_executor.executor.parallel:closing loop
[16.663s] DEBUG:colcon.colcon_parallel_executor.executor.parallel:loop closed
[16.663s] DEBUG:colcon.colcon_parallel_executor.executor.parallel:run_until_complete finished with '0'
[16.664s] DEBUG:colcon.colcon_core.event_reactor:joining thread
[16.672s] INFO:colcon.colcon_core.plugin_system:Skipping extension 'colcon_notification.desktop_notification.terminal_notifier': Not used on non-Darwin systems
[16.672s] INFO:colcon.colcon_core.plugin_system:Skipping extension 'colcon_notification.desktop_notification.win32': Not used on non-Windows systems
[16.672s] INFO:colcon.colcon_notification.desktop_notification:Sending desktop notification using 'notify2'
[16.690s] DEBUG:colcon.colcon_core.event_reactor:joined thread
[16.690s] INFO:colcon.colcon_core.shell:Creating prefix script '/home/jewoo/ros2_ws/install/local_setup.ps1'
[16.692s] INFO:colcon.colcon_core.shell:Creating prefix util module '/home/jewoo/ros2_ws/install/_local_setup_util_ps1.py'
[16.694s] INFO:colcon.colcon_core.shell:Creating prefix chain script '/home/jewoo/ros2_ws/install/setup.ps1'
[16.695s] INFO:colcon.colcon_core.shell:Creating prefix script '/home/jewoo/ros2_ws/install/local_setup.sh'
[16.696s] INFO:colcon.colcon_core.shell:Creating prefix util module '/home/jewoo/ros2_ws/install/_local_setup_util_sh.py'
[16.697s] INFO:colcon.colcon_core.shell:Creating prefix chain script '/home/jewoo/ros2_ws/install/setup.sh'
[16.699s] INFO:colcon.colcon_core.shell:Creating prefix script '/home/jewoo/ros2_ws/install/local_setup.bash'
[16.700s] INFO:colcon.colcon_core.shell:Creating prefix chain script '/home/jewoo/ros2_ws/install/setup.bash'
[16.702s] INFO:colcon.colcon_core.shell:Creating prefix script '/home/jewoo/ros2_ws/install/local_setup.zsh'
[16.703s] INFO:colcon.colcon_core.shell:Creating prefix chain script '/home/jewoo/ros2_ws/install/setup.zsh'
