[0.031s] Invoking command in '/home/jewoo/ros2_ws/build/ros2_interfaces_tutorial': CMAKE_PREFIX_PATH=${CMAKE_PREFIX_PATH}:/home/jewoo/ros2_ws/install/ros2_python_tutorial /usr/bin/cmake /home/jewoo/ros2_ws/src/ros2_interfaces_tutorial -DAMENT_CMAKE_SYMLINK_INSTALL=1 -DCMAKE_INSTALL_PREFIX=/home/jewoo/ros2_ws/install/ros2_interfaces_tutorial
[0.113s] -- The C compiler identification is GNU 11.4.0
[0.203s] -- The CXX compiler identification is GNU 11.4.0
[0.215s] -- Detecting C compiler ABI info
[0.321s] -- Detecting C compiler ABI info - done
[0.339s] -- Check for working C compiler: /usr/bin/cc - skipped
[0.339s] -- Detecting C compile features
[0.340s] -- Detecting C compile features - done
[0.346s] -- Detecting CXX compiler ABI info
[0.487s] -- Detecting CXX compiler ABI info - done
[0.502s] -- Check for working CXX compiler: /usr/bin/c++ - skipped
[0.502s] -- Detecting CXX compile features
[0.502s] -- Detecting CXX compile features - done
[0.520s] [31mCMake Error at CMakeLists.txt:9 (find_package):
[0.520s]   By not providing "Findament_cmake.cmake" in CMAKE_MODULE_PATH this project
[0.521s]   has asked CMake to find a package configuration file provided by
[0.521s]   "ament_cmake", but CMake did not find one.
[0.521s] 
[0.521s]   Could not find a package configuration file provided by "ament_cmake" with
[0.521s]   any of the following names:
[0.522s] 
[0.522s]     ament_cmakeConfig.cmake
[0.522s]     ament_cmake-config.cmake
[0.522s] 
[0.522s]   Add the installation prefix of "ament_cmake" to CMAKE_PREFIX_PATH or set
[0.523s]   "ament_cmake_DIR" to a directory containing one of the above files.  If
[0.523s]   "ament_cmake" provides a separate development package or SDK, be sure it
[0.523s]   has been installed.
[0.523s] 
[0.523s] [0m
[0.523s] -- Configuring incomplete, errors occurred!
[0.524s] See also "/home/jewoo/ros2_ws/build/ros2_interfaces_tutorial/CMakeFiles/CMakeOutput.log".
[0.526s] Invoked command in '/home/jewoo/ros2_ws/build/ros2_interfaces_tutorial' returned '1': CMAKE_PREFIX_PATH=${CMAKE_PREFIX_PATH}:/home/jewoo/ros2_ws/install/ros2_python_tutorial /usr/bin/cmake /home/jewoo/ros2_ws/src/ros2_interfaces_tutorial -DAMENT_CMAKE_SYMLINK_INSTALL=1 -DCMAKE_INSTALL_PREFIX=/home/jewoo/ros2_ws/install/ros2_interfaces_tutorial
