[0.017s] Invoking command in '/home/jewoo/ros2_ws/src/ros2_interfaces_tutorial/build/ros2_interfaces_tutorial': CMAKE_PREFIX_PATH=${CMAKE_PREFIX_PATH}:/opt/ros/humble:/home/jewoo/ros2_ws/install/ros2_python_tutorial /usr/bin/cmake --build /home/jewoo/ros2_ws/src/ros2_interfaces_tutorial/build/ros2_interfaces_tutorial -- -j12 -l12
[0.089s] [  2%] Built target ros2_interfaces_tutorial__cpp
[0.089s] [ 12%] Built target ros2_interfaces_tutorial__rosidl_generator_c
[0.098s] [ 12%] Built target ament_cmake_python_symlink_ros2_interfaces_tutorial
[0.127s] [ 34%] Built target ros2_interfaces_tutorial__rosidl_typesupport_introspection_cpp
[0.127s] [ 34%] Built target ros2_interfaces_tutorial__rosidl_typesupport_cpp
[0.129s] [ 44%] Built target ros2_interfaces_tutorial__rosidl_typesupport_fastrtps_cpp
[0.133s] [ 55%] Built target ros2_interfaces_tutorial__rosidl_typesupport_introspection_c
[0.133s] [ 65%] Built target ros2_interfaces_tutorial__rosidl_typesupport_c
[0.139s] [ 76%] Built target ros2_interfaces_tutorial__rosidl_typesupport_fastrtps_c
[0.169s] [ 76%] Built target ros2_interfaces_tutorial
[0.198s] [ 78%] Built target ros2_interfaces_tutorial__py
[0.231s] [ 87%] Built target ros2_interfaces_tutorial__rosidl_generator_py
[0.263s] [ 93%] Built target ros2_interfaces_tutorial__rosidl_typesupport_introspection_c__pyext
[0.263s] [ 95%] Built target ros2_interfaces_tutorial__rosidl_typesupport_fastrtps_c__pyext
[0.264s] [100%] Built target ros2_interfaces_tutorial__rosidl_typesupport_c__pyext
[0.500s] running egg_info
[0.501s] writing ros2_interfaces_tutorial.egg-info/PKG-INFO
[0.501s] writing dependency_links to ros2_interfaces_tutorial.egg-info/dependency_links.txt
[0.501s] writing top-level names to ros2_interfaces_tutorial.egg-info/top_level.txt
[0.504s] reading manifest file 'ros2_interfaces_tutorial.egg-info/SOURCES.txt'
[0.505s] writing manifest file 'ros2_interfaces_tutorial.egg-info/SOURCES.txt'
[0.539s] [100%] Built target ament_cmake_python_build_ros2_interfaces_tutorial_egg
[0.557s] Invoked command in '/home/jewoo/ros2_ws/src/ros2_interfaces_tutorial/build/ros2_interfaces_tutorial' returned '0': CMAKE_PREFIX_PATH=${CMAKE_PREFIX_PATH}:/opt/ros/humble:/home/jewoo/ros2_ws/install/ros2_python_tutorial /usr/bin/cmake --build /home/jewoo/ros2_ws/src/ros2_interfaces_tutorial/build/ros2_interfaces_tutorial -- -j12 -l12
[0.707s] Invoking command in '/home/jewoo/ros2_ws/src/ros2_interfaces_tutorial/build/ros2_interfaces_tutorial': CMAKE_PREFIX_PATH=${CMAKE_PREFIX_PATH}:/opt/ros/humble:/home/jewoo/ros2_ws/install/ros2_python_tutorial /usr/bin/cmake --install /home/jewoo/ros2_ws/src/ros2_interfaces_tutorial/build/ros2_interfaces_tutorial
[0.717s] -- Install configuration: ""
[0.718s] -- Execute custom install script
[0.718s] -- Up-to-date symlink: /home/jewoo/ros2_ws/src/ros2_interfaces_tutorial/install/ros2_interfaces_tutorial/share/ament_index/resource_index/rosidl_interfaces/ros2_interfaces_tutorial
[0.719s] -- Up-to-date symlink: /home/jewoo/ros2_ws/src/ros2_interfaces_tutorial/install/ros2_interfaces_tutorial/include/ros2_interfaces_tutorial/ros2_interfaces_tutorial/msg/detail/sphere__functions.h
[0.719s] -- Up-to-date symlink: /home/jewoo/ros2_ws/src/ros2_interfaces_tutorial/install/ros2_interfaces_tutorial/include/ros2_interfaces_tutorial/ros2_interfaces_tutorial/msg/detail/sphere__struct.h
[0.720s] -- Up-to-date symlink: /home/jewoo/ros2_ws/src/ros2_interfaces_tutorial/install/ros2_interfaces_tutorial/include/ros2_interfaces_tutorial/ros2_interfaces_tutorial/msg/detail/sphere__type_support.h
[0.720s] -- Up-to-date symlink: /home/jewoo/ros2_ws/src/ros2_interfaces_tutorial/install/ros2_interfaces_tutorial/include/ros2_interfaces_tutorial/ros2_interfaces_tutorial/msg/detail/spheres__functions.h
[0.720s] -- Up-to-date symlink: /home/jewoo/ros2_ws/src/ros2_interfaces_tutorial/install/ros2_interfaces_tutorial/include/ros2_interfaces_tutorial/ros2_interfaces_tutorial/msg/detail/spheres__struct.h
[0.720s] -- Up-to-date symlink: /home/jewoo/ros2_ws/src/ros2_interfaces_tutorial/install/ros2_interfaces_tutorial/include/ros2_interfaces_tutorial/ros2_interfaces_tutorial/msg/detail/spheres__type_support.h
[0.721s] -- Up-to-date symlink: /home/jewoo/ros2_ws/src/ros2_interfaces_tutorial/install/ros2_interfaces_tutorial/include/ros2_interfaces_tutorial/ros2_interfaces_tutorial/msg/rosidl_generator_c__visibility_control.h
[0.721s] -- Up-to-date symlink: /home/jewoo/ros2_ws/src/ros2_interfaces_tutorial/install/ros2_interfaces_tutorial/include/ros2_interfaces_tutorial/ros2_interfaces_tutorial/msg/sphere.h
[0.721s] -- Up-to-date symlink: /home/jewoo/ros2_ws/src/ros2_interfaces_tutorial/install/ros2_interfaces_tutorial/include/ros2_interfaces_tutorial/ros2_interfaces_tutorial/msg/spheres.h
[0.721s] -- Up-to-date symlink: /home/jewoo/ros2_ws/src/ros2_interfaces_tutorial/install/ros2_interfaces_tutorial/include/ros2_interfaces_tutorial/ros2_interfaces_tutorial/srv/add_three_ints.h
[0.721s] -- Up-to-date symlink: /home/jewoo/ros2_ws/src/ros2_interfaces_tutorial/install/ros2_interfaces_tutorial/include/ros2_interfaces_tutorial/ros2_interfaces_tutorial/srv/detail/add_three_ints__functions.h
[0.721s] -- Up-to-date symlink: /home/jewoo/ros2_ws/src/ros2_interfaces_tutorial/install/ros2_interfaces_tutorial/include/ros2_interfaces_tutorial/ros2_interfaces_tutorial/srv/detail/add_three_ints__struct.h
[0.722s] -- Up-to-date symlink: /home/jewoo/ros2_ws/src/ros2_interfaces_tutorial/install/ros2_interfaces_tutorial/include/ros2_interfaces_tutorial/ros2_interfaces_tutorial/srv/detail/add_three_ints__type_support.h
[0.722s] -- Up-to-date symlink: /home/jewoo/ros2_ws/src/ros2_interfaces_tutorial/install/ros2_interfaces_tutorial/share/ros2_interfaces_tutorial/environment/library_path.sh
[0.722s] -- Up-to-date symlink: /home/jewoo/ros2_ws/src/ros2_interfaces_tutorial/install/ros2_interfaces_tutorial/share/ros2_interfaces_tutorial/environment/library_path.dsv
[0.723s] -- Up-to-date symlink: /home/jewoo/ros2_ws/src/ros2_interfaces_tutorial/install/ros2_interfaces_tutorial/include/ros2_interfaces_tutorial/ros2_interfaces_tutorial/msg/detail/sphere__rosidl_typesupport_fastrtps_c.h
[0.724s] -- Up-to-date symlink: /home/jewoo/ros2_ws/src/ros2_interfaces_tutorial/install/ros2_interfaces_tutorial/include/ros2_interfaces_tutorial/ros2_interfaces_tutorial/msg/detail/spheres__rosidl_typesupport_fastrtps_c.h
[0.724s] -- Up-to-date symlink: /home/jewoo/ros2_ws/src/ros2_interfaces_tutorial/install/ros2_interfaces_tutorial/include/ros2_interfaces_tutorial/ros2_interfaces_tutorial/msg/rosidl_typesupport_fastrtps_c__visibility_control.h
[0.724s] -- Up-to-date symlink: /home/jewoo/ros2_ws/src/ros2_interfaces_tutorial/install/ros2_interfaces_tutorial/include/ros2_interfaces_tutorial/ros2_interfaces_tutorial/srv/detail/add_three_ints__rosidl_typesupport_fastrtps_c.h
[0.725s] -- Up-to-date symlink: /home/jewoo/ros2_ws/src/ros2_interfaces_tutorial/install/ros2_interfaces_tutorial/include/ros2_interfaces_tutorial/ros2_interfaces_tutorial/msg/detail/sphere__builder.hpp
[0.725s] -- Up-to-date symlink: /home/jewoo/ros2_ws/src/ros2_interfaces_tutorial/install/ros2_interfaces_tutorial/include/ros2_interfaces_tutorial/ros2_interfaces_tutorial/msg/detail/sphere__struct.hpp
[0.725s] -- Up-to-date symlink: /home/jewoo/ros2_ws/src/ros2_interfaces_tutorial/install/ros2_interfaces_tutorial/include/ros2_interfaces_tutorial/ros2_interfaces_tutorial/msg/detail/sphere__traits.hpp
[0.725s] -- Up-to-date symlink: /home/jewoo/ros2_ws/src/ros2_interfaces_tutorial/install/ros2_interfaces_tutorial/include/ros2_interfaces_tutorial/ros2_interfaces_tutorial/msg/detail/spheres__builder.hpp
[0.726s] -- Up-to-date symlink: /home/jewoo/ros2_ws/src/ros2_interfaces_tutorial/install/ros2_interfaces_tutorial/include/ros2_interfaces_tutorial/ros2_interfaces_tutorial/msg/detail/spheres__struct.hpp
[0.726s] -- Up-to-date symlink: /home/jewoo/ros2_ws/src/ros2_interfaces_tutorial/install/ros2_interfaces_tutorial/include/ros2_interfaces_tutorial/ros2_interfaces_tutorial/msg/detail/spheres__traits.hpp
[0.726s] -- Up-to-date symlink: /home/jewoo/ros2_ws/src/ros2_interfaces_tutorial/install/ros2_interfaces_tutorial/include/ros2_interfaces_tutorial/ros2_interfaces_tutorial/msg/sphere.hpp
[0.726s] -- Up-to-date symlink: /home/jewoo/ros2_ws/src/ros2_interfaces_tutorial/install/ros2_interfaces_tutorial/include/ros2_interfaces_tutorial/ros2_interfaces_tutorial/msg/spheres.hpp
[0.727s] -- Up-to-date symlink: /home/jewoo/ros2_ws/src/ros2_interfaces_tutorial/install/ros2_interfaces_tutorial/include/ros2_interfaces_tutorial/ros2_interfaces_tutorial/srv/add_three_ints.hpp
[0.727s] -- Up-to-date symlink: /home/jewoo/ros2_ws/src/ros2_interfaces_tutorial/install/ros2_interfaces_tutorial/include/ros2_interfaces_tutorial/ros2_interfaces_tutorial/srv/detail/add_three_ints__builder.hpp
[0.727s] -- Up-to-date symlink: /home/jewoo/ros2_ws/src/ros2_interfaces_tutorial/install/ros2_interfaces_tutorial/include/ros2_interfaces_tutorial/ros2_interfaces_tutorial/srv/detail/add_three_ints__struct.hpp
[0.727s] -- Up-to-date symlink: /home/jewoo/ros2_ws/src/ros2_interfaces_tutorial/install/ros2_interfaces_tutorial/include/ros2_interfaces_tutorial/ros2_interfaces_tutorial/srv/detail/add_three_ints__traits.hpp
[0.728s] -- Up-to-date symlink: /home/jewoo/ros2_ws/src/ros2_interfaces_tutorial/install/ros2_interfaces_tutorial/include/ros2_interfaces_tutorial/ros2_interfaces_tutorial/msg/detail/sphere__rosidl_typesupport_fastrtps_cpp.hpp
[0.728s] -- Up-to-date symlink: /home/jewoo/ros2_ws/src/ros2_interfaces_tutorial/install/ros2_interfaces_tutorial/include/ros2_interfaces_tutorial/ros2_interfaces_tutorial/msg/detail/spheres__rosidl_typesupport_fastrtps_cpp.hpp
[0.729s] -- Up-to-date symlink: /home/jewoo/ros2_ws/src/ros2_interfaces_tutorial/install/ros2_interfaces_tutorial/include/ros2_interfaces_tutorial/ros2_interfaces_tutorial/msg/rosidl_typesupport_fastrtps_cpp__visibility_control.h
[0.729s] -- Up-to-date symlink: /home/jewoo/ros2_ws/src/ros2_interfaces_tutorial/install/ros2_interfaces_tutorial/include/ros2_interfaces_tutorial/ros2_interfaces_tutorial/srv/detail/add_three_ints__rosidl_typesupport_fastrtps_cpp.hpp
[0.729s] -- Up-to-date symlink: /home/jewoo/ros2_ws/src/ros2_interfaces_tutorial/install/ros2_interfaces_tutorial/include/ros2_interfaces_tutorial/ros2_interfaces_tutorial/msg/detail/sphere__rosidl_typesupport_introspection_c.h
[0.730s] -- Up-to-date symlink: /home/jewoo/ros2_ws/src/ros2_interfaces_tutorial/install/ros2_interfaces_tutorial/include/ros2_interfaces_tutorial/ros2_interfaces_tutorial/msg/detail/spheres__rosidl_typesupport_introspection_c.h
[0.730s] -- Up-to-date symlink: /home/jewoo/ros2_ws/src/ros2_interfaces_tutorial/install/ros2_interfaces_tutorial/include/ros2_interfaces_tutorial/ros2_interfaces_tutorial/msg/rosidl_typesupport_introspection_c__visibility_control.h
[0.730s] -- Up-to-date symlink: /home/jewoo/ros2_ws/src/ros2_interfaces_tutorial/install/ros2_interfaces_tutorial/include/ros2_interfaces_tutorial/ros2_interfaces_tutorial/srv/detail/add_three_ints__rosidl_typesupport_introspection_c.h
[0.731s] -- Up-to-date symlink: /home/jewoo/ros2_ws/src/ros2_interfaces_tutorial/install/ros2_interfaces_tutorial/include/ros2_interfaces_tutorial/ros2_interfaces_tutorial/msg/detail/sphere__rosidl_typesupport_introspection_cpp.hpp
[0.731s] -- Up-to-date symlink: /home/jewoo/ros2_ws/src/ros2_interfaces_tutorial/install/ros2_interfaces_tutorial/include/ros2_interfaces_tutorial/ros2_interfaces_tutorial/msg/detail/spheres__rosidl_typesupport_introspection_cpp.hpp
[0.731s] -- Up-to-date symlink: /home/jewoo/ros2_ws/src/ros2_interfaces_tutorial/install/ros2_interfaces_tutorial/include/ros2_interfaces_tutorial/ros2_interfaces_tutorial/srv/detail/add_three_ints__rosidl_typesupport_introspection_cpp.hpp
[0.731s] -- Up-to-date symlink: /home/jewoo/ros2_ws/src/ros2_interfaces_tutorial/install/ros2_interfaces_tutorial/share/ros2_interfaces_tutorial/environment/pythonpath.sh
[0.732s] -- Up-to-date symlink: /home/jewoo/ros2_ws/src/ros2_interfaces_tutorial/install/ros2_interfaces_tutorial/share/ros2_interfaces_tutorial/environment/pythonpath.dsv
[0.732s] -- Up-to-date symlink: /home/jewoo/ros2_ws/src/ros2_interfaces_tutorial/install/ros2_interfaces_tutorial/local/lib/python3.10/dist-packages/ros2_interfaces_tutorial-0.0.0-py3.10.egg-info/PKG-INFO
[0.733s] -- Up-to-date symlink: /home/jewoo/ros2_ws/src/ros2_interfaces_tutorial/install/ros2_interfaces_tutorial/local/lib/python3.10/dist-packages/ros2_interfaces_tutorial-0.0.0-py3.10.egg-info/SOURCES.txt
[0.733s] -- Up-to-date symlink: /home/jewoo/ros2_ws/src/ros2_interfaces_tutorial/install/ros2_interfaces_tutorial/local/lib/python3.10/dist-packages/ros2_interfaces_tutorial-0.0.0-py3.10.egg-info/dependency_links.txt
[0.733s] -- Up-to-date symlink: /home/jewoo/ros2_ws/src/ros2_interfaces_tutorial/install/ros2_interfaces_tutorial/local/lib/python3.10/dist-packages/ros2_interfaces_tutorial-0.0.0-py3.10.egg-info/top_level.txt
[0.734s] -- Up-to-date symlink: /home/jewoo/ros2_ws/src/ros2_interfaces_tutorial/install/ros2_interfaces_tutorial/local/lib/python3.10/dist-packages/ros2_interfaces_tutorial/__init__.py
[0.734s] -- Up-to-date symlink: /home/jewoo/ros2_ws/src/ros2_interfaces_tutorial/install/ros2_interfaces_tutorial/local/lib/python3.10/dist-packages/ros2_interfaces_tutorial/_ros2_interfaces_tutorial_s.ep.rosidl_typesupport_c.c
[0.735s] -- Up-to-date symlink: /home/jewoo/ros2_ws/src/ros2_interfaces_tutorial/install/ros2_interfaces_tutorial/local/lib/python3.10/dist-packages/ros2_interfaces_tutorial/_ros2_interfaces_tutorial_s.ep.rosidl_typesupport_fastrtps_c.c
[0.735s] -- Up-to-date symlink: /home/jewoo/ros2_ws/src/ros2_interfaces_tutorial/install/ros2_interfaces_tutorial/local/lib/python3.10/dist-packages/ros2_interfaces_tutorial/_ros2_interfaces_tutorial_s.ep.rosidl_typesupport_introspection_c.c
[0.735s] -- Up-to-date symlink: /home/jewoo/ros2_ws/src/ros2_interfaces_tutorial/install/ros2_interfaces_tutorial/local/lib/python3.10/dist-packages/ros2_interfaces_tutorial/libros2_interfaces_tutorial__rosidl_generator_py.so
[0.735s] -- Up-to-date symlink: /home/jewoo/ros2_ws/src/ros2_interfaces_tutorial/install/ros2_interfaces_tutorial/local/lib/python3.10/dist-packages/ros2_interfaces_tutorial/msg/__init__.py
[0.736s] -- Up-to-date symlink: /home/jewoo/ros2_ws/src/ros2_interfaces_tutorial/install/ros2_interfaces_tutorial/local/lib/python3.10/dist-packages/ros2_interfaces_tutorial/msg/_sphere.py
[0.736s] -- Up-to-date symlink: /home/jewoo/ros2_ws/src/ros2_interfaces_tutorial/install/ros2_interfaces_tutorial/local/lib/python3.10/dist-packages/ros2_interfaces_tutorial/msg/_sphere_s.c
[0.736s] -- Up-to-date symlink: /home/jewoo/ros2_ws/src/ros2_interfaces_tutorial/install/ros2_interfaces_tutorial/local/lib/python3.10/dist-packages/ros2_interfaces_tutorial/msg/_spheres.py
[0.736s] -- Up-to-date symlink: /home/jewoo/ros2_ws/src/ros2_interfaces_tutorial/install/ros2_interfaces_tutorial/local/lib/python3.10/dist-packages/ros2_interfaces_tutorial/msg/_spheres_s.c
[0.736s] -- Up-to-date symlink: /home/jewoo/ros2_ws/src/ros2_interfaces_tutorial/install/ros2_interfaces_tutorial/local/lib/python3.10/dist-packages/ros2_interfaces_tutorial/ros2_interfaces_tutorial_s__rosidl_typesupport_c.cpython-310-x86_64-linux-gnu.so
[0.737s] -- Up-to-date symlink: /home/jewoo/ros2_ws/src/ros2_interfaces_tutorial/install/ros2_interfaces_tutorial/local/lib/python3.10/dist-packages/ros2_interfaces_tutorial/ros2_interfaces_tutorial_s__rosidl_typesupport_fastrtps_c.cpython-310-x86_64-linux-gnu.so
[0.737s] -- Up-to-date symlink: /home/jewoo/ros2_ws/src/ros2_interfaces_tutorial/install/ros2_interfaces_tutorial/local/lib/python3.10/dist-packages/ros2_interfaces_tutorial/ros2_interfaces_tutorial_s__rosidl_typesupport_introspection_c.cpython-310-x86_64-linux-gnu.so
[0.737s] -- Up-to-date symlink: /home/jewoo/ros2_ws/src/ros2_interfaces_tutorial/install/ros2_interfaces_tutorial/local/lib/python3.10/dist-packages/ros2_interfaces_tutorial/srv/__init__.py
[0.737s] -- Up-to-date symlink: /home/jewoo/ros2_ws/src/ros2_interfaces_tutorial/install/ros2_interfaces_tutorial/local/lib/python3.10/dist-packages/ros2_interfaces_tutorial/srv/_add_three_ints.py
[0.737s] -- Up-to-date symlink: /home/jewoo/ros2_ws/src/ros2_interfaces_tutorial/install/ros2_interfaces_tutorial/local/lib/python3.10/dist-packages/ros2_interfaces_tutorial/srv/_add_three_ints_s.c
[0.738s] -- Up-to-date symlink: /home/jewoo/ros2_ws/src/ros2_interfaces_tutorial/install/ros2_interfaces_tutorial/local/lib/python3.10/dist-packages/ros2_interfaces_tutorial/ros2_interfaces_tutorial_s__rosidl_typesupport_fastrtps_c.cpython-310-x86_64-linux-gnu.so
[0.738s] -- Up-to-date symlink: /home/jewoo/ros2_ws/src/ros2_interfaces_tutorial/install/ros2_interfaces_tutorial/local/lib/python3.10/dist-packages/ros2_interfaces_tutorial/ros2_interfaces_tutorial_s__rosidl_typesupport_introspection_c.cpython-310-x86_64-linux-gnu.so
[0.739s] -- Up-to-date symlink: /home/jewoo/ros2_ws/src/ros2_interfaces_tutorial/install/ros2_interfaces_tutorial/local/lib/python3.10/dist-packages/ros2_interfaces_tutorial/ros2_interfaces_tutorial_s__rosidl_typesupport_c.cpython-310-x86_64-linux-gnu.so
[0.739s] -- Up-to-date symlink: /home/jewoo/ros2_ws/src/ros2_interfaces_tutorial/install/ros2_interfaces_tutorial/share/ros2_interfaces_tutorial/msg/Sphere.idl
[0.739s] -- Up-to-date symlink: /home/jewoo/ros2_ws/src/ros2_interfaces_tutorial/install/ros2_interfaces_tutorial/share/ros2_interfaces_tutorial/msg/Spheres.idl
[0.739s] -- Up-to-date symlink: /home/jewoo/ros2_ws/src/ros2_interfaces_tutorial/install/ros2_interfaces_tutorial/share/ros2_interfaces_tutorial/srv/AddThreeInts.idl
[0.740s] -- Up-to-date symlink: /home/jewoo/ros2_ws/src/ros2_interfaces_tutorial/install/ros2_interfaces_tutorial/share/ros2_interfaces_tutorial/msg/Sphere.msg
[0.740s] -- Up-to-date symlink: /home/jewoo/ros2_ws/src/ros2_interfaces_tutorial/install/ros2_interfaces_tutorial/share/ros2_interfaces_tutorial/msg/Spheres.msg
[0.740s] -- Up-to-date symlink: /home/jewoo/ros2_ws/src/ros2_interfaces_tutorial/install/ros2_interfaces_tutorial/share/ros2_interfaces_tutorial/srv/AddThreeInts.srv
[0.740s] -- Up-to-date symlink: /home/jewoo/ros2_ws/src/ros2_interfaces_tutorial/install/ros2_interfaces_tutorial/share/ros2_interfaces_tutorial/srv/AddThreeInts_Request.msg
[0.741s] -- Up-to-date symlink: /home/jewoo/ros2_ws/src/ros2_interfaces_tutorial/install/ros2_interfaces_tutorial/share/ros2_interfaces_tutorial/srv/AddThreeInts_Response.msg
[0.741s] -- Up-to-date symlink: /home/jewoo/ros2_ws/src/ros2_interfaces_tutorial/install/ros2_interfaces_tutorial/share/ament_index/resource_index/package_run_dependencies/ros2_interfaces_tutorial
[0.741s] -- Up-to-date symlink: /home/jewoo/ros2_ws/src/ros2_interfaces_tutorial/install/ros2_interfaces_tutorial/share/ament_index/resource_index/parent_prefix_path/ros2_interfaces_tutorial
[0.742s] -- Up-to-date symlink: /home/jewoo/ros2_ws/src/ros2_interfaces_tutorial/install/ros2_interfaces_tutorial/share/ros2_interfaces_tutorial/environment/ament_prefix_path.sh
[0.742s] -- Up-to-date symlink: /home/jewoo/ros2_ws/src/ros2_interfaces_tutorial/install/ros2_interfaces_tutorial/share/ros2_interfaces_tutorial/environment/ament_prefix_path.dsv
[0.742s] -- Up-to-date symlink: /home/jewoo/ros2_ws/src/ros2_interfaces_tutorial/install/ros2_interfaces_tutorial/share/ros2_interfaces_tutorial/environment/path.sh
[0.742s] -- Up-to-date symlink: /home/jewoo/ros2_ws/src/ros2_interfaces_tutorial/install/ros2_interfaces_tutorial/share/ros2_interfaces_tutorial/environment/path.dsv
[0.743s] -- Up-to-date symlink: /home/jewoo/ros2_ws/src/ros2_interfaces_tutorial/install/ros2_interfaces_tutorial/share/ros2_interfaces_tutorial/local_setup.bash
[0.743s] -- Up-to-date symlink: /home/jewoo/ros2_ws/src/ros2_interfaces_tutorial/install/ros2_interfaces_tutorial/share/ros2_interfaces_tutorial/local_setup.sh
[0.743s] -- Up-to-date symlink: /home/jewoo/ros2_ws/src/ros2_interfaces_tutorial/install/ros2_interfaces_tutorial/share/ros2_interfaces_tutorial/local_setup.zsh
[0.743s] -- Up-to-date symlink: /home/jewoo/ros2_ws/src/ros2_interfaces_tutorial/install/ros2_interfaces_tutorial/share/ros2_interfaces_tutorial/local_setup.dsv
[0.744s] -- Symlinking: /home/jewoo/ros2_ws/src/ros2_interfaces_tutorial/install/ros2_interfaces_tutorial/share/ros2_interfaces_tutorial/package.dsv
[0.757s] -- Up-to-date symlink: /home/jewoo/ros2_ws/src/ros2_interfaces_tutorial/install/ros2_interfaces_tutorial/share/ament_index/resource_index/packages/ros2_interfaces_tutorial
[0.757s] -- Up-to-date symlink: /home/jewoo/ros2_ws/src/ros2_interfaces_tutorial/install/ros2_interfaces_tutorial/share/ros2_interfaces_tutorial/cmake/rosidl_cmake-extras.cmake
[0.757s] -- Up-to-date symlink: /home/jewoo/ros2_ws/src/ros2_interfaces_tutorial/install/ros2_interfaces_tutorial/share/ros2_interfaces_tutorial/cmake/ament_cmake_export_dependencies-extras.cmake
[0.758s] -- Up-to-date symlink: /home/jewoo/ros2_ws/src/ros2_interfaces_tutorial/install/ros2_interfaces_tutorial/share/ros2_interfaces_tutorial/cmake/ament_cmake_export_include_directories-extras.cmake
[0.758s] -- Up-to-date symlink: /home/jewoo/ros2_ws/src/ros2_interfaces_tutorial/install/ros2_interfaces_tutorial/share/ros2_interfaces_tutorial/cmake/ament_cmake_export_libraries-extras.cmake
[0.758s] -- Up-to-date symlink: /home/jewoo/ros2_ws/src/ros2_interfaces_tutorial/install/ros2_interfaces_tutorial/share/ros2_interfaces_tutorial/cmake/ament_cmake_export_targets-extras.cmake
[0.759s] -- Up-to-date symlink: /home/jewoo/ros2_ws/src/ros2_interfaces_tutorial/install/ros2_interfaces_tutorial/share/ros2_interfaces_tutorial/cmake/rosidl_cmake_export_typesupport_targets-extras.cmake
[0.759s] -- Up-to-date symlink: /home/jewoo/ros2_ws/src/ros2_interfaces_tutorial/install/ros2_interfaces_tutorial/share/ros2_interfaces_tutorial/cmake/rosidl_cmake_export_typesupport_libraries-extras.cmake
[0.759s] -- Up-to-date symlink: /home/jewoo/ros2_ws/src/ros2_interfaces_tutorial/install/ros2_interfaces_tutorial/share/ros2_interfaces_tutorial/cmake/ros2_interfaces_tutorialConfig.cmake
[0.759s] -- Up-to-date symlink: /home/jewoo/ros2_ws/src/ros2_interfaces_tutorial/install/ros2_interfaces_tutorial/share/ros2_interfaces_tutorial/cmake/ros2_interfaces_tutorialConfig-version.cmake
[0.759s] -- Up-to-date symlink: /home/jewoo/ros2_ws/src/ros2_interfaces_tutorial/install/ros2_interfaces_tutorial/share/ros2_interfaces_tutorial/package.xml
[0.760s] -- Up-to-date: /home/jewoo/ros2_ws/src/ros2_interfaces_tutorial/install/ros2_interfaces_tutorial/lib/libros2_interfaces_tutorial__rosidl_generator_c.so
[0.761s] -- Up-to-date: /home/jewoo/ros2_ws/src/ros2_interfaces_tutorial/install/ros2_interfaces_tutorial/lib/libros2_interfaces_tutorial__rosidl_typesupport_fastrtps_c.so
[0.761s] -- Up-to-date: /home/jewoo/ros2_ws/src/ros2_interfaces_tutorial/install/ros2_interfaces_tutorial/lib/libros2_interfaces_tutorial__rosidl_typesupport_fastrtps_cpp.so
[0.762s] -- Up-to-date: /home/jewoo/ros2_ws/src/ros2_interfaces_tutorial/install/ros2_interfaces_tutorial/lib/libros2_interfaces_tutorial__rosidl_typesupport_introspection_c.so
[0.762s] -- Up-to-date: /home/jewoo/ros2_ws/src/ros2_interfaces_tutorial/install/ros2_interfaces_tutorial/lib/libros2_interfaces_tutorial__rosidl_typesupport_c.so
[0.763s] -- Up-to-date: /home/jewoo/ros2_ws/src/ros2_interfaces_tutorial/install/ros2_interfaces_tutorial/lib/libros2_interfaces_tutorial__rosidl_typesupport_introspection_cpp.so
[0.763s] -- Up-to-date: /home/jewoo/ros2_ws/src/ros2_interfaces_tutorial/install/ros2_interfaces_tutorial/lib/libros2_interfaces_tutorial__rosidl_typesupport_cpp.so
[0.816s] Listing '/home/jewoo/ros2_ws/src/ros2_interfaces_tutorial/install/ros2_interfaces_tutorial/local/lib/python3.10/dist-packages/ros2_interfaces_tutorial'...
[0.816s] Listing '/home/jewoo/ros2_ws/src/ros2_interfaces_tutorial/install/ros2_interfaces_tutorial/local/lib/python3.10/dist-packages/ros2_interfaces_tutorial/msg'...
[0.816s] Listing '/home/jewoo/ros2_ws/src/ros2_interfaces_tutorial/install/ros2_interfaces_tutorial/local/lib/python3.10/dist-packages/ros2_interfaces_tutorial/srv'...
[0.822s] -- Up-to-date: /home/jewoo/ros2_ws/src/ros2_interfaces_tutorial/install/ros2_interfaces_tutorial/lib/libros2_interfaces_tutorial__rosidl_generator_py.so
[0.822s] -- Up-to-date: /home/jewoo/ros2_ws/src/ros2_interfaces_tutorial/install/ros2_interfaces_tutorial/share/ros2_interfaces_tutorial/cmake/export_ros2_interfaces_tutorial__rosidl_generator_cExport.cmake
[0.823s] -- Up-to-date: /home/jewoo/ros2_ws/src/ros2_interfaces_tutorial/install/ros2_interfaces_tutorial/share/ros2_interfaces_tutorial/cmake/export_ros2_interfaces_tutorial__rosidl_generator_cExport-noconfig.cmake
[0.823s] -- Up-to-date: /home/jewoo/ros2_ws/src/ros2_interfaces_tutorial/install/ros2_interfaces_tutorial/share/ros2_interfaces_tutorial/cmake/export_ros2_interfaces_tutorial__rosidl_typesupport_fastrtps_cExport.cmake
[0.823s] -- Up-to-date: /home/jewoo/ros2_ws/src/ros2_interfaces_tutorial/install/ros2_interfaces_tutorial/share/ros2_interfaces_tutorial/cmake/export_ros2_interfaces_tutorial__rosidl_typesupport_fastrtps_cExport-noconfig.cmake
[0.824s] -- Up-to-date: /home/jewoo/ros2_ws/src/ros2_interfaces_tutorial/install/ros2_interfaces_tutorial/share/ros2_interfaces_tutorial/cmake/export_ros2_interfaces_tutorial__rosidl_generator_cppExport.cmake
[0.824s] -- Up-to-date: /home/jewoo/ros2_ws/src/ros2_interfaces_tutorial/install/ros2_interfaces_tutorial/share/ros2_interfaces_tutorial/cmake/export_ros2_interfaces_tutorial__rosidl_typesupport_fastrtps_cppExport.cmake
[0.824s] -- Up-to-date: /home/jewoo/ros2_ws/src/ros2_interfaces_tutorial/install/ros2_interfaces_tutorial/share/ros2_interfaces_tutorial/cmake/export_ros2_interfaces_tutorial__rosidl_typesupport_fastrtps_cppExport-noconfig.cmake
[0.824s] -- Up-to-date: /home/jewoo/ros2_ws/src/ros2_interfaces_tutorial/install/ros2_interfaces_tutorial/share/ros2_interfaces_tutorial/cmake/ros2_interfaces_tutorial__rosidl_typesupport_introspection_cExport.cmake
[0.824s] -- Up-to-date: /home/jewoo/ros2_ws/src/ros2_interfaces_tutorial/install/ros2_interfaces_tutorial/share/ros2_interfaces_tutorial/cmake/ros2_interfaces_tutorial__rosidl_typesupport_introspection_cExport-noconfig.cmake
[0.824s] -- Up-to-date: /home/jewoo/ros2_ws/src/ros2_interfaces_tutorial/install/ros2_interfaces_tutorial/share/ros2_interfaces_tutorial/cmake/ros2_interfaces_tutorial__rosidl_typesupport_cExport.cmake
[0.825s] -- Up-to-date: /home/jewoo/ros2_ws/src/ros2_interfaces_tutorial/install/ros2_interfaces_tutorial/share/ros2_interfaces_tutorial/cmake/ros2_interfaces_tutorial__rosidl_typesupport_cExport-noconfig.cmake
[0.825s] -- Up-to-date: /home/jewoo/ros2_ws/src/ros2_interfaces_tutorial/install/ros2_interfaces_tutorial/share/ros2_interfaces_tutorial/cmake/ros2_interfaces_tutorial__rosidl_typesupport_introspection_cppExport.cmake
[0.825s] -- Up-to-date: /home/jewoo/ros2_ws/src/ros2_interfaces_tutorial/install/ros2_interfaces_tutorial/share/ros2_interfaces_tutorial/cmake/ros2_interfaces_tutorial__rosidl_typesupport_introspection_cppExport-noconfig.cmake
[0.825s] -- Up-to-date: /home/jewoo/ros2_ws/src/ros2_interfaces_tutorial/install/ros2_interfaces_tutorial/share/ros2_interfaces_tutorial/cmake/ros2_interfaces_tutorial__rosidl_typesupport_cppExport.cmake
[0.825s] -- Up-to-date: /home/jewoo/ros2_ws/src/ros2_interfaces_tutorial/install/ros2_interfaces_tutorial/share/ros2_interfaces_tutorial/cmake/ros2_interfaces_tutorial__rosidl_typesupport_cppExport-noconfig.cmake
[0.825s] -- Up-to-date: /home/jewoo/ros2_ws/src/ros2_interfaces_tutorial/install/ros2_interfaces_tutorial/share/ros2_interfaces_tutorial/cmake/export_ros2_interfaces_tutorial__rosidl_generator_pyExport.cmake
[0.826s] -- Up-to-date: /home/jewoo/ros2_ws/src/ros2_interfaces_tutorial/install/ros2_interfaces_tutorial/share/ros2_interfaces_tutorial/cmake/export_ros2_interfaces_tutorial__rosidl_generator_pyExport-noconfig.cmake
[0.827s] Invoked command in '/home/jewoo/ros2_ws/src/ros2_interfaces_tutorial/build/ros2_interfaces_tutorial' returned '0': CMAKE_PREFIX_PATH=${CMAKE_PREFIX_PATH}:/opt/ros/humble:/home/jewoo/ros2_ws/install/ros2_python_tutorial /usr/bin/cmake --install /home/jewoo/ros2_ws/src/ros2_interfaces_tutorial/build/ros2_interfaces_tutorial
