[0.017s] Invoking command in '/home/jewoo/ros2_ws/src/build/gazebo_sim': CMAKE_PREFIX_PATH=${CMAKE_PREFIX_PATH}:/home/jewoo/ros2_ws/install/ros2_python_tutorial /usr/bin/cmake /home/jewoo/ros2_ws/src/PIC4rl_gym/gazebo_sim -DAMENT_CMAKE_SYMLINK_INSTALL=1 -DCMAKE_INSTALL_PREFIX=/home/jewoo/ros2_ws/src/install/gazebo_sim
[0.228s] -- The C compiler identification is GNU 11.4.0
[0.228s] -- The CXX compiler identification is GNU 11.4.0
[0.228s] -- Detecting C compiler ABI info
[0.258s] -- Detecting C compiler ABI info - done
[0.265s] -- Check for working C compiler: /usr/bin/cc - skipped
[0.265s] -- Detecting C compile features
[0.266s] -- Detecting C compile features - done
[0.269s] -- Detecting CXX compiler ABI info
[0.342s] -- Detecting CXX compiler ABI info - done
[0.349s] -- Check for working CXX compiler: /usr/bin/c++ - skipped
[0.349s] -- Detecting CXX compile features
[0.350s] -- Detecting CXX compile features - done
[0.361s] -- Configuring incomplete, errors occurred!
[0.361s] See also "/home/jewoo/ros2_ws/src/build/gazebo_sim/CMakeFiles/CMakeOutput.log".
[0.362s] [31mCMake Error at CMakeLists.txt:9 (find_package):
[0.362s]   By not providing "Findament_cmake.cmake" in CMAKE_MODULE_PATH this project
[0.362s]   has asked CMake to find a package configuration file provided by
[0.362s]   "ament_cmake", but CMake did not find one.
[0.362s] 
[0.362s]   Could not find a package configuration file provided by "ament_cmake" with
[0.362s]   any of the following names:
[0.362s] 
[0.362s]     ament_cmakeConfig.cmake
[0.362s]     ament_cmake-config.cmake
[0.362s] 
[0.363s]   Add the installation prefix of "ament_cmake" to CMAKE_PREFIX_PATH or set
[0.363s]   "ament_cmake_DIR" to a directory containing one of the above files.  If
[0.363s]   "ament_cmake" provides a separate development package or SDK, be sure it
[0.363s]   has been installed.
[0.363s] 
[0.363s] [0m
[0.432s] Invoked command in '/home/jewoo/ros2_ws/src/build/gazebo_sim' returned '1': CMAKE_PREFIX_PATH=${CMAKE_PREFIX_PATH}:/home/jewoo/ros2_ws/install/ros2_python_tutorial /usr/bin/cmake /home/jewoo/ros2_ws/src/PIC4rl_gym/gazebo_sim -DAMENT_CMAKE_SYMLINK_INSTALL=1 -DCMAKE_INSTALL_PREFIX=/home/jewoo/ros2_ws/src/install/gazebo_sim
