running develop
running egg_info
creating ros2_python_tutorial.egg-info
writing ros2_python_tutorial.egg-info/PKG-INFO
writing dependency_links to ros2_python_tutorial.egg-info/dependency_links.txt
writing entry points to ros2_python_tutorial.egg-info/entry_points.txt
writing requirements to ros2_python_tutorial.egg-info/requires.txt
writing top-level names to ros2_python_tutorial.egg-info/top_level.txt
writing manifest file 'ros2_python_tutorial.egg-info/SOURCES.txt'
reading manifest file 'ros2_python_tutorial.egg-info/SOURCES.txt'
writing manifest file 'ros2_python_tutorial.egg-info/SOURCES.txt'
running build_ext
Creating /home/jewoo/ros2_ws/src/install/ros2_python_tutorial/lib/python3.10/site-packages/ros2-python-tutorial.egg-link (link to .)
Installing client script to /home/jewoo/ros2_ws/src/install/ros2_python_tutorial/lib/ros2_python_tutorial
Installing custom_msg_publisher script to /home/jewoo/ros2_ws/src/install/ros2_python_tutorial/lib/ros2_python_tutorial
Installing double_listener script to /home/jewoo/ros2_ws/src/install/ros2_python_tutorial/lib/ros2_python_tutorial
Installing double_talker script to /home/jewoo/ros2_ws/src/install/ros2_python_tutorial/lib/ros2_python_tutorial
Installing fast_agent script to /home/jewoo/ros2_ws/src/install/ros2_python_tutorial/lib/ros2_python_tutorial
Installing listener script to /home/jewoo/ros2_ws/src/install/ros2_python_tutorial/lib/ros2_python_tutorial
Installing python_node script to /home/jewoo/ros2_ws/src/install/ros2_python_tutorial/lib/ros2_python_tutorial
Installing server script to /home/jewoo/ros2_ws/src/install/ros2_python_tutorial/lib/ros2_python_tutorial
Installing slow_agent script to /home/jewoo/ros2_ws/src/install/ros2_python_tutorial/lib/ros2_python_tutorial
Installing talker script to /home/jewoo/ros2_ws/src/install/ros2_python_tutorial/lib/ros2_python_tutorial
Installing toggle_led_client script to /home/jewoo/ros2_ws/src/install/ros2_python_tutorial/lib/ros2_python_tutorial
Installing toggle_led_service script to /home/jewoo/ros2_ws/src/install/ros2_python_tutorial/lib/ros2_python_tutorial

Installed /home/jewoo/ros2_ws/src/build/ros2_python_tutorial
running symlink_data
creating /home/jewoo/ros2_ws/src/install/ros2_python_tutorial/share/ament_index
creating /home/jewoo/ros2_ws/src/install/ros2_python_tutorial/share/ament_index/resource_index
creating /home/jewoo/ros2_ws/src/install/ros2_python_tutorial/share/ament_index/resource_index/packages
symbolically linking /home/jewoo/ros2_ws/src/build/ros2_python_tutorial/resource/ros2_python_tutorial -> /home/jewoo/ros2_ws/src/install/ros2_python_tutorial/share/ament_index/resource_index/packages
symbolically linking /home/jewoo/ros2_ws/src/build/ros2_python_tutorial/package.xml -> /home/jewoo/ros2_ws/src/install/ros2_python_tutorial/share/ros2_python_tutorial
creating /home/jewoo/ros2_ws/src/install/ros2_python_tutorial/share/ros2_python_tutorial/launch
symbolically linking /home/jewoo/ros2_ws/src/build/ros2_python_tutorial/launch/turtlesim_mimic_launch.py -> /home/jewoo/ros2_ws/src/install/ros2_python_tutorial/share/ros2_python_tutorial/launch
