[0.000000] (-) TimerEvent: {}
[0.000277] (ros2_interfaces_tutorial) JobQueued: {'identifier': 'ros2_interfaces_tutorial', 'dependencies': OrderedDict()}
[0.000364] (ros2_python_tutorial) JobQueued: {'identifier': 'ros2_python_tutorial', 'dependencies': OrderedDict()}
[0.000429] (ros2_cpp_tutorial) JobQueued: {'identifier': 'ros2_cpp_tutorial', 'dependencies': OrderedDict([('ros2_interfaces_tutorial', '/home/jewoo/ros2_ws/install/ros2_interfaces_tutorial')])}
[0.000495] (ros2_interfaces_tutorial) JobStarted: {'identifier': 'ros2_interfaces_tutorial'}
[0.009878] (ros2_python_tutorial) JobStarted: {'identifier': 'ros2_python_tutorial'}
[0.022055] (ros2_interfaces_tutorial) JobProgress: {'identifier': 'ros2_interfaces_tutorial', 'progress': 'cmake'}
[0.023105] (ros2_interfaces_tutorial) Command: {'cmd': ['/usr/bin/cmake', '/home/jewoo/ros2_ws/src/ros2_interfaces_tutorial', '-DCMAKE_BUILD_TYPE=RelWithDebInfo', '-DAMENT_CMAKE_SYMLINK_INSTALL=1', '-DCMAKE_INSTALL_PREFIX=/home/jewoo/ros2_ws/install/ros2_interfaces_tutorial'], 'cwd': '/home/jewoo/ros2_ws/build/ros2_interfaces_tutorial', 'env': OrderedDict([('GJS_DEBUG_TOPICS', 'JS ERROR;JS LOG'), ('LESSOPEN', '| /usr/bin/lesspipe %s'), ('VSCODE_CWD', '/home/jewoo'), ('LANGUAGE', 'ko:en'), ('USER', 'jewoo'), ('SNAP_COMMON', '/var/snap/code/common'), ('LC_TIME', 'ko_KR.UTF-8'), ('VSCODE_NLS_CONFIG', '{"userLocale":"ko","osLocale":"ko","resolvedLanguage":"en","defaultMessagesFile":"/snap/code/172/usr/share/code/resources/app/out/nls.messages.json","locale":"ko","availableLanguages":{}}'), ('GIO_MODULE_DIR', '/home/jewoo/snap/code/common/.cache/gio-modules'), ('VSCODE_HANDLES_UNCAUGHT_ERRORS', 'true'), ('XDG_SESSION_TYPE', 'x11'), ('GTK_EXE_PREFIX_VSCODE_SNAP_ORIG', ''), ('GDK_BACKEND_VSCODE_SNAP_ORIG', ''), ('SNAP_UID', '1000'), ('SHLVL', '0'), ('LD_LIBRARY_PATH', '/home/jewoo/ros2_ws/install/ros2_interfaces_tutorial/lib:/opt/ros/humble/opt/rviz_ogre_vendor/lib:/opt/ros/humble/lib/x86_64-linux-gnu:/opt/ros/humble/lib:/home/jewoo/ros2_ws/install/tutorial_interface/lib:/usr/lib/x86_64-linux-gnu:'), ('HOME', '/home/jewoo'), ('CHROME_DESKTOP', 'code-url-handler.desktop'), ('SNAP_LIBRARY_PATH', '/var/lib/snapd/lib/gl:/var/lib/snapd/lib/gl32:/var/lib/snapd/void'), ('LOCPATH_VSCODE_SNAP_ORIG', ''), ('TERM_PROGRAM_VERSION', '1.94.2'), ('DESKTOP_SESSION', 'ubuntu'), ('SNAP_USER_DATA', '/home/jewoo/snap/code/172'), ('GTK_PATH', '/snap/code/172/usr/lib/x86_64-linux-gnu/gtk-3.0'), ('VSCODE_IPC_HOOK', '/run/user/1000/vscode-c8a6cc9a-1.94-main.sock'), ('GTK_IM_MODULE_FILE', '/home/jewoo/snap/code/common/.cache/immodules/immodules.cache'), ('GIO_LAUNCHED_DESKTOP_FILE', '/var/lib/snapd/desktop/applications/code_code.desktop'), ('APPLICATION_INSIGHTS_NO_DIAGNOSTIC_CHANNEL', '1'), ('ROS_PYTHON_VERSION', '3'), ('GNOME_SHELL_SESSION_MODE', 'ubuntu'), ('GTK_MODULES', 'gail:atk-bridge'), ('GSETTINGS_SCHEMA_DIR_VSCODE_SNAP_ORIG', ''), ('LC_MONETARY', 'ko_KR.UTF-8'), ('MANAGERPID', '1002'), ('SYSTEMD_EXEC_PID', '1565'), ('DBUS_SESSION_BUS_ADDRESS', 'unix:path=/run/user/1000/bus'), ('SNAP_REVISION', '172'), ('COLORTERM', 'truecolor'), ('GIO_LAUNCHED_DESKTOP_FILE_PID', '9547'), ('_colcon_cd_root', '/opt/ros/humble/'), ('VSCODE_CRASH_REPORTER_PROCESS_TYPE', 'extensionHost'), ('IM_CONFIG_PHASE', '1'), ('VSCODE_L10N_BUNDLE_LOCATION', ''), ('COLCON_PREFIX_PATH', '/home/jewoo/ros2_ws/install'), ('ROS_DISTRO', 'humble'), ('GTK_IM_MODULE', 'ibus'), ('LOGNAME', 'jewoo'), ('_', '/usr/bin/colcon'), ('SNAP_CONTEXT', 'W-QB9fLAu5WdpjVnIpsu6mTwo8l3HaXd8SiYcr_Q7JKZzAJNKDmt'), ('SUMO_HOME', '/usr/share/sumo'), ('JOURNAL_STREAM', '8:10736'), ('ROS_VERSION', '2'), ('XDG_CONFIG_DIRS_VSCODE_SNAP_ORIG', '/etc/xdg/xdg-ubuntu:/etc/xdg'), ('XDG_SESSION_CLASS', 'user'), ('SNAP_VERSION', '384ff738'), ('XDG_DATA_DIRS_VSCODE_SNAP_ORIG', '/usr/share/ubuntu:/usr/share/gnome:/usr/local/share/:/usr/share/:/var/lib/snapd/desktop'), ('USERNAME', 'jewoo'), ('TERM', 'xterm-256color'), ('GNOME_DESKTOP_SESSION_ID', 'this-is-deprecated'), ('SNAP_INSTANCE_NAME', 'code'), ('ROS_LOCALHOST_ONLY', '0'), ('WINDOWPATH', '2'), ('PATH', '/home/jewoo/.local/bin:/opt/ros/humble/bin:/home/jewoo/.local/bin:/home/jewoo/.local/bin:/home/jewoo/anaconda3/bin:/home/jewoo/anaconda3/condabin:/home/jewoo/.local/bin:/usr/local/sbin:/usr/local/bin:/usr/sbin:/usr/bin:/sbin:/bin:/usr/games:/usr/local/games:/snap/bin:/snap/bin'), ('SESSION_MANAGER', 'local/jewoo-System-Product-Name:@/tmp/.ICE-unix/1505,unix/jewoo-System-Product-Name:/tmp/.ICE-unix/1505'), ('VSCODE_AMD_ENTRYPOINT', 'vs/workbench/api/node/extensionHostProcess'), ('GTK_EXE_PREFIX', '/snap/code/172/usr'), ('INVOCATION_ID', '605e65c35052471c9b3b30b84372df85'), ('PAPERSIZE', 'a4'), ('XDG_MENU_PREFIX', 'gnome-'), ('LC_ADDRESS', 'ko_KR.UTF-8'), ('BAMF_DESKTOP_FILE_HINT', '/var/lib/snapd/desktop/applications/code_code.desktop'), ('SNAP_DATA', '/var/snap/code/172'), ('XDG_RUNTIME_DIR', '/run/user/1000'), ('GDK_BACKEND', 'x11'), ('DISPLAY', ':0'), ('LOCPATH', '/snap/code/172/usr/lib/locale'), ('LANG', 'ko_KR.UTF-8'), ('XDG_CURRENT_DESKTOP', 'Unity'), ('LC_TELEPHONE', 'ko_KR.UTF-8'), ('GIO_MODULE_DIR_VSCODE_SNAP_ORIG', ''), ('XMODIFIERS', '@im=ibus'), ('XDG_SESSION_DESKTOP', 'ubuntu'), ('XAUTHORITY', '/run/user/1000/gdm/Xauthority'), ('LS_COLORS', ''), ('TERM_PROGRAM', 'vscode'), ('SSH_AGENT_LAUNCHER', 'gnome-keyring'), ('SNAP_USER_COMMON', '/home/jewoo/snap/code/common'), ('SSH_AUTH_SOCK', '/run/user/1000/keyring/ssh'), ('GSETTINGS_SCHEMA_DIR', '/home/jewoo/snap/code/172/.local/share/glib-2.0/schemas'), ('SNAP_ARCH', 'amd64'), ('AMENT_PREFIX_PATH', '/home/jewoo/ros2_ws/install/ros2_interfaces_tutorial:/opt/ros/humble:/home/jewoo/ros2_ws/install/tutorial_interface:/home/jewoo/ros2_ws/install/ros2_python_tutorial:/home/jewoo/ros2_ws/install/ros2_cpp_tutorial'), ('SNAP_COOKIE', 'W-QB9fLAu5WdpjVnIpsu6mTwo8l3HaXd8SiYcr_Q7JKZzAJNKDmt'), ('ORIGINAL_XDG_CURRENT_DESKTOP', 'ubuntu:GNOME'), ('SHELL', '/bin/bash'), ('LC_NAME', 'ko_KR.UTF-8'), ('GDK_PIXBUF_MODULEDIR', '/snap/code/172/usr/lib/x86_64-linux-gnu/gdk-pixbuf-2.0/2.10.0/loaders'), ('QT_ACCESSIBILITY', '1'), ('ELECTRON_RUN_AS_NODE', '1'), ('GDMSESSION', 'ubuntu'), ('LESSCLOSE', '/usr/bin/lesspipe %s %s'), ('GTK_PATH_VSCODE_SNAP_ORIG', ''), ('SNAP_NAME', 'code'), ('GTK_IM_MODULE_FILE_VSCODE_SNAP_ORIG', ''), ('LC_MEASUREMENT', 'ko_KR.UTF-8'), ('GDK_PIXBUF_MODULE_FILE', '/home/jewoo/snap/code/common/.cache/gdk-pixbuf-loaders.cache'), ('GPG_AGENT_INFO', '/run/user/1000/gnupg/S.gpg-agent:0:1'), ('GJS_DEBUG_OUTPUT', 'stderr'), ('LC_IDENTIFICATION', 'ko_KR.UTF-8'), ('SNAP_LAUNCHER_ARCH_TRIPLET', 'x86_64-linux-gnu'), ('QT_IM_MODULE', 'ibus'), ('PWD', '/home/jewoo/ros2_ws/build/ros2_interfaces_tutorial'), ('VSCODE_CLI', '1'), ('LC_ALL', 'en_US.UTF-8'), ('XDG_CONFIG_DIRS', '/etc/xdg/xdg-ubuntu:/etc/xdg'), ('SNAP_REAL_HOME', '/home/jewoo'), ('VSCODE_CODE_CACHE_PATH', '/home/jewoo/.config/Code/CachedData/384ff7382de624fb94dbaf6da11977bba1ecd427'), ('XDG_DATA_DIRS', '/home/jewoo/snap/code/172/.local/share:/home/jewoo/snap/code/172:/snap/code/172/usr/share:/usr/share/ubuntu:/usr/share/gnome:/usr/local/share/:/usr/share/:/var/lib/snapd/desktop'), ('SNAP_EUID', '1000'), ('PYTHONPATH', '/home/jewoo/ros2_ws/install/ros2_interfaces_tutorial/local/lib/python3.10/dist-packages:/opt/ros/humble/lib/python3.10/site-packages:/opt/ros/humble/local/lib/python3.10/dist-packages:/home/jewoo/ros2_ws/install/tutorial_interface/local/lib/python3.10/dist-packages:/home/jewoo/ros2_ws/build/ros2_python_tutorial:/home/jewoo/ros2_ws/install/ros2_python_tutorial/lib/python3.10/site-packages'), ('SNAP', '/snap/code/172'), ('LC_NUMERIC', 'ko_KR.UTF-8'), ('LC_PAPER', 'ko_KR.UTF-8'), ('COLCON', '1'), ('ELECTRON_NO_ATTACH_CONSOLE', '1'), ('CMAKE_PREFIX_PATH', '/home/jewoo/ros2_ws/install/ros2_interfaces_tutorial:/home/jewoo/ros2_ws/install/tutorial_interface:/home/jewoo/ros2_ws/install/ros2_cpp_tutorial:/opt/ros/humble:/home/jewoo/ros2_ws/install/ros2_python_tutorial'), ('VSCODE_PID', '9594')]), 'shell': False}
[0.048531] (ros2_interfaces_tutorial) StdoutLine: {'line': b'-- Found ament_cmake: 1.3.10 (/opt/ros/humble/share/ament_cmake/cmake)\n'}
[0.098763] (-) TimerEvent: {}
[0.199092] (-) TimerEvent: {}
[0.292092] (ros2_interfaces_tutorial) StdoutLine: {'line': b'-- Override CMake install command with custom implementation using symlinks instead of copying resources\n'}
[0.299225] (-) TimerEvent: {}
[0.305298] (ros2_interfaces_tutorial) StdoutLine: {'line': b'-- Found geometry_msgs: 4.2.4 (/opt/ros/humble/share/geometry_msgs/cmake)\n'}
[0.351226] (ros2_interfaces_tutorial) StdoutLine: {'line': b'-- Found rosidl_generator_c: 3.1.5 (/opt/ros/humble/share/rosidl_generator_c/cmake)\n'}
[0.355947] (ros2_interfaces_tutorial) StdoutLine: {'line': b'-- Found rosidl_adapter: 3.1.5 (/opt/ros/humble/share/rosidl_adapter/cmake)\n'}
[0.366295] (ros2_interfaces_tutorial) StdoutLine: {'line': b'-- Found rosidl_generator_cpp: 3.1.5 (/opt/ros/humble/share/rosidl_generator_cpp/cmake)\n'}
[0.382939] (ros2_interfaces_tutorial) StdoutLine: {'line': b'-- Using all available rosidl_typesupport_c: rosidl_typesupport_fastrtps_c;rosidl_typesupport_introspection_c\n'}
[0.399324] (-) TimerEvent: {}
[0.404480] (ros2_interfaces_tutorial) StdoutLine: {'line': b'-- Using all available rosidl_typesupport_cpp: rosidl_typesupport_fastrtps_cpp;rosidl_typesupport_introspection_cpp\n'}
[0.472829] (ros2_interfaces_tutorial) StdoutLine: {'line': b'-- Found rosidl_default_generators: 1.2.0 (/opt/ros/humble/share/rosidl_default_generators/cmake)\n'}
[0.499432] (-) TimerEvent: {}
[0.599750] (-) TimerEvent: {}
[0.700231] (-) TimerEvent: {}
[0.800636] (-) TimerEvent: {}
[0.900963] (-) TimerEvent: {}
[1.001353] (-) TimerEvent: {}
[1.009629] (ros2_interfaces_tutorial) StdoutLine: {'line': b'-- Found ament_cmake_ros: 0.10.0 (/opt/ros/humble/share/ament_cmake_ros/cmake)\n'}
[1.101684] (-) TimerEvent: {}
[1.152166] (ros2_python_tutorial) Command: {'cmd': ['/usr/bin/python3', '-W', 'ignore:setup.py install is deprecated', 'setup.py', 'develop', '--editable', '--build-directory', '/home/jewoo/ros2_ws/build/ros2_python_tutorial/build', '--no-deps', 'symlink_data'], 'cwd': '/home/jewoo/ros2_ws/build/ros2_python_tutorial', 'env': {'GJS_DEBUG_TOPICS': 'JS ERROR;JS LOG', 'LESSOPEN': '| /usr/bin/lesspipe %s', 'VSCODE_CWD': '/home/jewoo', 'LANGUAGE': 'ko:en', 'USER': 'jewoo', 'SNAP_COMMON': '/var/snap/code/common', 'LC_TIME': 'ko_KR.UTF-8', 'VSCODE_NLS_CONFIG': '{"userLocale":"ko","osLocale":"ko","resolvedLanguage":"en","defaultMessagesFile":"/snap/code/172/usr/share/code/resources/app/out/nls.messages.json","locale":"ko","availableLanguages":{}}', 'GIO_MODULE_DIR': '/home/jewoo/snap/code/common/.cache/gio-modules', 'VSCODE_HANDLES_UNCAUGHT_ERRORS': 'true', 'XDG_SESSION_TYPE': 'x11', 'GTK_EXE_PREFIX_VSCODE_SNAP_ORIG': '', 'GDK_BACKEND_VSCODE_SNAP_ORIG': '', 'SNAP_UID': '1000', 'SHLVL': '0', 'LD_LIBRARY_PATH': '/home/jewoo/ros2_ws/install/ros2_interfaces_tutorial/lib:/opt/ros/humble/opt/rviz_ogre_vendor/lib:/opt/ros/humble/lib/x86_64-linux-gnu:/opt/ros/humble/lib:/home/jewoo/ros2_ws/install/tutorial_interface/lib:/usr/lib/x86_64-linux-gnu:', 'HOME': '/home/jewoo', 'CHROME_DESKTOP': 'code-url-handler.desktop', 'SNAP_LIBRARY_PATH': '/var/lib/snapd/lib/gl:/var/lib/snapd/lib/gl32:/var/lib/snapd/void', 'LOCPATH_VSCODE_SNAP_ORIG': '', 'TERM_PROGRAM_VERSION': '1.94.2', 'DESKTOP_SESSION': 'ubuntu', 'SNAP_USER_DATA': '/home/jewoo/snap/code/172', 'GTK_PATH': '/snap/code/172/usr/lib/x86_64-linux-gnu/gtk-3.0', 'VSCODE_IPC_HOOK': '/run/user/1000/vscode-c8a6cc9a-1.94-main.sock', 'GTK_IM_MODULE_FILE': '/home/jewoo/snap/code/common/.cache/immodules/immodules.cache', 'GIO_LAUNCHED_DESKTOP_FILE': '/var/lib/snapd/desktop/applications/code_code.desktop', 'APPLICATION_INSIGHTS_NO_DIAGNOSTIC_CHANNEL': '1', 'ROS_PYTHON_VERSION': '3', 'GNOME_SHELL_SESSION_MODE': 'ubuntu', 'GTK_MODULES': 'gail:atk-bridge', 'GSETTINGS_SCHEMA_DIR_VSCODE_SNAP_ORIG': '', 'LC_MONETARY': 'ko_KR.UTF-8', 'MANAGERPID': '1002', 'SYSTEMD_EXEC_PID': '1565', 'DBUS_SESSION_BUS_ADDRESS': 'unix:path=/run/user/1000/bus', 'SNAP_REVISION': '172', 'COLORTERM': 'truecolor', 'GIO_LAUNCHED_DESKTOP_FILE_PID': '9547', '_colcon_cd_root': '/opt/ros/humble/', 'VSCODE_CRASH_REPORTER_PROCESS_TYPE': 'extensionHost', 'IM_CONFIG_PHASE': '1', 'VSCODE_L10N_BUNDLE_LOCATION': '', 'COLCON_PREFIX_PATH': '/home/jewoo/ros2_ws/install', 'ROS_DISTRO': 'humble', 'GTK_IM_MODULE': 'ibus', 'LOGNAME': 'jewoo', '_': '/usr/bin/colcon', 'SNAP_CONTEXT': 'W-QB9fLAu5WdpjVnIpsu6mTwo8l3HaXd8SiYcr_Q7JKZzAJNKDmt', 'SUMO_HOME': '/usr/share/sumo', 'JOURNAL_STREAM': '8:10736', 'ROS_VERSION': '2', 'XDG_CONFIG_DIRS_VSCODE_SNAP_ORIG': '/etc/xdg/xdg-ubuntu:/etc/xdg', 'XDG_SESSION_CLASS': 'user', 'SNAP_VERSION': '384ff738', 'XDG_DATA_DIRS_VSCODE_SNAP_ORIG': '/usr/share/ubuntu:/usr/share/gnome:/usr/local/share/:/usr/share/:/var/lib/snapd/desktop', 'USERNAME': 'jewoo', 'TERM': 'xterm-256color', 'GNOME_DESKTOP_SESSION_ID': 'this-is-deprecated', 'SNAP_INSTANCE_NAME': 'code', 'ROS_LOCALHOST_ONLY': '0', 'WINDOWPATH': '2', 'PATH': '/home/jewoo/.local/bin:/opt/ros/humble/bin:/home/jewoo/.local/bin:/home/jewoo/.local/bin:/home/jewoo/anaconda3/bin:/home/jewoo/anaconda3/condabin:/home/jewoo/.local/bin:/usr/local/sbin:/usr/local/bin:/usr/sbin:/usr/bin:/sbin:/bin:/usr/games:/usr/local/games:/snap/bin:/snap/bin', 'SESSION_MANAGER': 'local/jewoo-System-Product-Name:@/tmp/.ICE-unix/1505,unix/jewoo-System-Product-Name:/tmp/.ICE-unix/1505', 'VSCODE_AMD_ENTRYPOINT': 'vs/workbench/api/node/extensionHostProcess', 'GTK_EXE_PREFIX': '/snap/code/172/usr', 'INVOCATION_ID': '605e65c35052471c9b3b30b84372df85', 'PAPERSIZE': 'a4', 'XDG_MENU_PREFIX': 'gnome-', 'LC_ADDRESS': 'ko_KR.UTF-8', 'BAMF_DESKTOP_FILE_HINT': '/var/lib/snapd/desktop/applications/code_code.desktop', 'SNAP_DATA': '/var/snap/code/172', 'XDG_RUNTIME_DIR': '/run/user/1000', 'GDK_BACKEND': 'x11', 'DISPLAY': ':0', 'LOCPATH': '/snap/code/172/usr/lib/locale', 'LANG': 'ko_KR.UTF-8', 'XDG_CURRENT_DESKTOP': 'Unity', 'LC_TELEPHONE': 'ko_KR.UTF-8', 'GIO_MODULE_DIR_VSCODE_SNAP_ORIG': '', 'XMODIFIERS': '@im=ibus', 'XDG_SESSION_DESKTOP': 'ubuntu', 'XAUTHORITY': '/run/user/1000/gdm/Xauthority', 'LS_COLORS': '', 'TERM_PROGRAM': 'vscode', 'SSH_AGENT_LAUNCHER': 'gnome-keyring', 'SNAP_USER_COMMON': '/home/jewoo/snap/code/common', 'SSH_AUTH_SOCK': '/run/user/1000/keyring/ssh', 'GSETTINGS_SCHEMA_DIR': '/home/jewoo/snap/code/172/.local/share/glib-2.0/schemas', 'SNAP_ARCH': 'amd64', 'AMENT_PREFIX_PATH': '/home/jewoo/ros2_ws/install/ros2_interfaces_tutorial:/opt/ros/humble:/home/jewoo/ros2_ws/install/tutorial_interface:/home/jewoo/ros2_ws/install/ros2_python_tutorial:/home/jewoo/ros2_ws/install/ros2_cpp_tutorial', 'SNAP_COOKIE': 'W-QB9fLAu5WdpjVnIpsu6mTwo8l3HaXd8SiYcr_Q7JKZzAJNKDmt', 'ORIGINAL_XDG_CURRENT_DESKTOP': 'ubuntu:GNOME', 'SHELL': '/bin/bash', 'LC_NAME': 'ko_KR.UTF-8', 'GDK_PIXBUF_MODULEDIR': '/snap/code/172/usr/lib/x86_64-linux-gnu/gdk-pixbuf-2.0/2.10.0/loaders', 'QT_ACCESSIBILITY': '1', 'ELECTRON_RUN_AS_NODE': '1', 'GDMSESSION': 'ubuntu', 'LESSCLOSE': '/usr/bin/lesspipe %s %s', 'GTK_PATH_VSCODE_SNAP_ORIG': '', 'SNAP_NAME': 'code', 'GTK_IM_MODULE_FILE_VSCODE_SNAP_ORIG': '', 'LC_MEASUREMENT': 'ko_KR.UTF-8', 'GDK_PIXBUF_MODULE_FILE': '/home/jewoo/snap/code/common/.cache/gdk-pixbuf-loaders.cache', 'GPG_AGENT_INFO': '/run/user/1000/gnupg/S.gpg-agent:0:1', 'GJS_DEBUG_OUTPUT': 'stderr', 'LC_IDENTIFICATION': 'ko_KR.UTF-8', 'SNAP_LAUNCHER_ARCH_TRIPLET': 'x86_64-linux-gnu', 'QT_IM_MODULE': 'ibus', 'PWD': '/home/jewoo/ros2_ws/build/ros2_python_tutorial', 'VSCODE_CLI': '1', 'LC_ALL': 'en_US.UTF-8', 'XDG_CONFIG_DIRS': '/etc/xdg/xdg-ubuntu:/etc/xdg', 'SNAP_REAL_HOME': '/home/jewoo', 'VSCODE_CODE_CACHE_PATH': '/home/jewoo/.config/Code/CachedData/384ff7382de624fb94dbaf6da11977bba1ecd427', 'XDG_DATA_DIRS': '/home/jewoo/snap/code/172/.local/share:/home/jewoo/snap/code/172:/snap/code/172/usr/share:/usr/share/ubuntu:/usr/share/gnome:/usr/local/share/:/usr/share/:/var/lib/snapd/desktop', 'SNAP_EUID': '1000', 'PYTHONPATH': '/home/jewoo/ros2_ws/build/ros2_python_tutorial/prefix_override:/usr/lib/python3/dist-packages/colcon_core/task/python/colcon_distutils_commands:/home/jewoo/ros2_ws/install/ros2_python_tutorial/lib/python3.10/site-packages:/home/jewoo/ros2_ws/install/ros2_interfaces_tutorial/local/lib/python3.10/dist-packages:/opt/ros/humble/lib/python3.10/site-packages:/opt/ros/humble/local/lib/python3.10/dist-packages:/home/jewoo/ros2_ws/install/tutorial_interface/local/lib/python3.10/dist-packages:/home/jewoo/ros2_ws/build/ros2_python_tutorial:/home/jewoo/ros2_ws/install/ros2_python_tutorial/lib/python3.10/site-packages', 'SNAP': '/snap/code/172', 'LC_NUMERIC': 'ko_KR.UTF-8', 'LC_PAPER': 'ko_KR.UTF-8', 'COLCON': '1', 'ELECTRON_NO_ATTACH_CONSOLE': '1', 'CMAKE_PREFIX_PATH': '/home/jewoo/ros2_ws/install/ros2_interfaces_tutorial:/home/jewoo/ros2_ws/install/tutorial_interface:/home/jewoo/ros2_ws/install/ros2_cpp_tutorial', 'VSCODE_PID': '9594'}, 'shell': False}
[1.201769] (-) TimerEvent: {}
[1.302130] (-) TimerEvent: {}
[1.402482] (-) TimerEvent: {}
[1.502852] (-) TimerEvent: {}
[1.603293] (-) TimerEvent: {}
[1.625053] (ros2_python_tutorial) StdoutLine: {'line': b'running develop\n'}
[1.625607] (ros2_python_tutorial) StderrLine: {'line': b'/usr/lib/python3/dist-packages/setuptools/command/easy_install.py:158: EasyInstallDeprecationWarning: easy_install command is deprecated. Use build and pip and other standards-based tools.\n'}
[1.625808] (ros2_python_tutorial) StderrLine: {'line': b'  warnings.warn(\n'}
[1.703421] (-) TimerEvent: {}
[1.777690] (ros2_interfaces_tutorial) StdoutLine: {'line': b'-- Using all available rosidl_typesupport_c: rosidl_typesupport_fastrtps_c;rosidl_typesupport_introspection_c\n'}
[1.803524] (-) TimerEvent: {}
[1.903885] (-) TimerEvent: {}
[1.926344] (ros2_python_tutorial) StdoutLine: {'line': b'running egg_info\n'}
[1.926777] (ros2_python_tutorial) StdoutLine: {'line': b'writing ros2_python_tutorial.egg-info/PKG-INFO\n'}
[1.927065] (ros2_python_tutorial) StdoutLine: {'line': b'writing dependency_links to ros2_python_tutorial.egg-info/dependency_links.txt\n'}
[1.927317] (ros2_python_tutorial) StdoutLine: {'line': b'writing entry points to ros2_python_tutorial.egg-info/entry_points.txt\n'}
[1.927562] (ros2_python_tutorial) StdoutLine: {'line': b'writing requirements to ros2_python_tutorial.egg-info/requires.txt\n'}
[1.927800] (ros2_python_tutorial) StdoutLine: {'line': b'writing top-level names to ros2_python_tutorial.egg-info/top_level.txt\n'}
[1.931725] (ros2_python_tutorial) StdoutLine: {'line': b"reading manifest file 'ros2_python_tutorial.egg-info/SOURCES.txt'\n"}
[1.933253] (ros2_python_tutorial) StdoutLine: {'line': b"writing manifest file 'ros2_python_tutorial.egg-info/SOURCES.txt'\n"}
[1.935392] (ros2_python_tutorial) StdoutLine: {'line': b'running build_ext\n'}
[1.935657] (ros2_python_tutorial) StdoutLine: {'line': b'Creating /home/jewoo/ros2_ws/install/ros2_python_tutorial/lib/python3.10/site-packages/ros2-python-tutorial.egg-link (link to .)\n'}
[1.937175] (ros2_python_tutorial) StdoutLine: {'line': b'Installing client script to /home/jewoo/ros2_ws/install/ros2_python_tutorial/lib/ros2_python_tutorial\n'}
[1.937426] (ros2_python_tutorial) StdoutLine: {'line': b'Installing listener script to /home/jewoo/ros2_ws/install/ros2_python_tutorial/lib/ros2_python_tutorial\n'}
[1.937751] (ros2_python_tutorial) StdoutLine: {'line': b'Installing python_node script to /home/jewoo/ros2_ws/install/ros2_python_tutorial/lib/ros2_python_tutorial\n'}
[1.938023] (ros2_python_tutorial) StdoutLine: {'line': b'Installing server script to /home/jewoo/ros2_ws/install/ros2_python_tutorial/lib/ros2_python_tutorial\n'}
[1.938166] (ros2_python_tutorial) StdoutLine: {'line': b'Installing talker script to /home/jewoo/ros2_ws/install/ros2_python_tutorial/lib/ros2_python_tutorial\n'}
[1.938361] (ros2_python_tutorial) StdoutLine: {'line': b'\n'}
[1.938482] (ros2_python_tutorial) StdoutLine: {'line': b'Installed /home/jewoo/ros2_ws/build/ros2_python_tutorial\n'}
[1.938629] (ros2_python_tutorial) StdoutLine: {'line': b'running symlink_data\n'}
[1.979761] (ros2_python_tutorial) CommandEnded: {'returncode': 0}
[1.997918] (ros2_python_tutorial) JobEnded: {'identifier': 'ros2_python_tutorial', 'rc': 0}
[2.003998] (-) TimerEvent: {}
[2.078623] (ros2_interfaces_tutorial) StdoutLine: {'line': b'-- Using all available rosidl_typesupport_cpp: rosidl_typesupport_fastrtps_cpp;rosidl_typesupport_introspection_cpp\n'}
[2.104124] (-) TimerEvent: {}
[2.119563] (ros2_interfaces_tutorial) StdoutLine: {'line': b'-- Found python_cmake_module: 0.10.0 (/opt/ros/humble/share/python_cmake_module/cmake)\n'}
[2.159678] (ros2_interfaces_tutorial) StdoutLine: {'line': b'-- Using PYTHON_EXECUTABLE: /usr/bin/python3\n'}
[2.159984] (ros2_interfaces_tutorial) StdoutLine: {'line': b'-- Using PYTHON_INCLUDE_DIRS: /usr/include/python3.10\n'}
[2.160170] (ros2_interfaces_tutorial) StdoutLine: {'line': b'-- Using PYTHON_LIBRARIES: /usr/lib/x86_64-linux-gnu/libpython3.10.so\n'}
[2.204243] (-) TimerEvent: {}
[2.226610] (ros2_interfaces_tutorial) StdoutLine: {'line': b'-- Found ament_lint_auto: 0.12.11 (/opt/ros/humble/share/ament_lint_auto/cmake)\n'}
[2.304380] (-) TimerEvent: {}
[2.357706] (ros2_interfaces_tutorial) StdoutLine: {'line': b"-- Added test 'cppcheck' to perform static code analysis on C / C++ code\n"}
[2.358535] (ros2_interfaces_tutorial) StdoutLine: {'line': b'-- Configured cppcheck include dirs: \n'}
[2.358716] (ros2_interfaces_tutorial) StdoutLine: {'line': b'-- Configured cppcheck exclude dirs and/or files: \n'}
[2.374209] (ros2_interfaces_tutorial) StdoutLine: {'line': b"-- Added test 'flake8' to check Python code syntax and style conventions\n"}
[2.403372] (ros2_interfaces_tutorial) StdoutLine: {'line': b"-- Added test 'lint_cmake' to check CMake code style\n"}
[2.404496] (-) TimerEvent: {}
[2.418385] (ros2_interfaces_tutorial) StdoutLine: {'line': b"-- Added test 'pep257' to check Python code against some of the docstring style conventions in PEP 257\n"}
[2.504656] (-) TimerEvent: {}
[2.533302] (ros2_interfaces_tutorial) StdoutLine: {'line': b"-- Added test 'uncrustify' to check C / C++ code style\n"}
[2.533549] (ros2_interfaces_tutorial) StdoutLine: {'line': b'-- Configured uncrustify additional arguments: \n'}
[2.548287] (ros2_interfaces_tutorial) StdoutLine: {'line': b"-- Added test 'xmllint' to check XML markup files\n"}
[2.553098] (ros2_interfaces_tutorial) StdoutLine: {'line': b'-- Configuring done\n'}
[2.604791] (-) TimerEvent: {}
[2.625695] (ros2_interfaces_tutorial) StdoutLine: {'line': b'-- Generating done\n'}
[2.631313] (ros2_interfaces_tutorial) StdoutLine: {'line': b'-- Build files have been written to: /home/jewoo/ros2_ws/build/ros2_interfaces_tutorial\n'}
[2.642229] (ros2_interfaces_tutorial) CommandEnded: {'returncode': 0}
[2.643460] (ros2_interfaces_tutorial) JobProgress: {'identifier': 'ros2_interfaces_tutorial', 'progress': 'build'}
[2.645572] (ros2_interfaces_tutorial) Command: {'cmd': ['/usr/bin/cmake', '--build', '/home/jewoo/ros2_ws/build/ros2_interfaces_tutorial', '--', '-j12', '-l12'], 'cwd': '/home/jewoo/ros2_ws/build/ros2_interfaces_tutorial', 'env': OrderedDict([('GJS_DEBUG_TOPICS', 'JS ERROR;JS LOG'), ('LESSOPEN', '| /usr/bin/lesspipe %s'), ('VSCODE_CWD', '/home/jewoo'), ('LANGUAGE', 'ko:en'), ('USER', 'jewoo'), ('SNAP_COMMON', '/var/snap/code/common'), ('LC_TIME', 'ko_KR.UTF-8'), ('VSCODE_NLS_CONFIG', '{"userLocale":"ko","osLocale":"ko","resolvedLanguage":"en","defaultMessagesFile":"/snap/code/172/usr/share/code/resources/app/out/nls.messages.json","locale":"ko","availableLanguages":{}}'), ('GIO_MODULE_DIR', '/home/jewoo/snap/code/common/.cache/gio-modules'), ('VSCODE_HANDLES_UNCAUGHT_ERRORS', 'true'), ('XDG_SESSION_TYPE', 'x11'), ('GTK_EXE_PREFIX_VSCODE_SNAP_ORIG', ''), ('GDK_BACKEND_VSCODE_SNAP_ORIG', ''), ('SNAP_UID', '1000'), ('SHLVL', '0'), ('LD_LIBRARY_PATH', '/home/jewoo/ros2_ws/install/ros2_interfaces_tutorial/lib:/opt/ros/humble/opt/rviz_ogre_vendor/lib:/opt/ros/humble/lib/x86_64-linux-gnu:/opt/ros/humble/lib:/home/jewoo/ros2_ws/install/tutorial_interface/lib:/usr/lib/x86_64-linux-gnu:'), ('HOME', '/home/jewoo'), ('CHROME_DESKTOP', 'code-url-handler.desktop'), ('SNAP_LIBRARY_PATH', '/var/lib/snapd/lib/gl:/var/lib/snapd/lib/gl32:/var/lib/snapd/void'), ('LOCPATH_VSCODE_SNAP_ORIG', ''), ('TERM_PROGRAM_VERSION', '1.94.2'), ('DESKTOP_SESSION', 'ubuntu'), ('SNAP_USER_DATA', '/home/jewoo/snap/code/172'), ('GTK_PATH', '/snap/code/172/usr/lib/x86_64-linux-gnu/gtk-3.0'), ('VSCODE_IPC_HOOK', '/run/user/1000/vscode-c8a6cc9a-1.94-main.sock'), ('GTK_IM_MODULE_FILE', '/home/jewoo/snap/code/common/.cache/immodules/immodules.cache'), ('GIO_LAUNCHED_DESKTOP_FILE', '/var/lib/snapd/desktop/applications/code_code.desktop'), ('APPLICATION_INSIGHTS_NO_DIAGNOSTIC_CHANNEL', '1'), ('ROS_PYTHON_VERSION', '3'), ('GNOME_SHELL_SESSION_MODE', 'ubuntu'), ('GTK_MODULES', 'gail:atk-bridge'), ('GSETTINGS_SCHEMA_DIR_VSCODE_SNAP_ORIG', ''), ('LC_MONETARY', 'ko_KR.UTF-8'), ('MANAGERPID', '1002'), ('SYSTEMD_EXEC_PID', '1565'), ('DBUS_SESSION_BUS_ADDRESS', 'unix:path=/run/user/1000/bus'), ('SNAP_REVISION', '172'), ('COLORTERM', 'truecolor'), ('GIO_LAUNCHED_DESKTOP_FILE_PID', '9547'), ('_colcon_cd_root', '/opt/ros/humble/'), ('VSCODE_CRASH_REPORTER_PROCESS_TYPE', 'extensionHost'), ('IM_CONFIG_PHASE', '1'), ('VSCODE_L10N_BUNDLE_LOCATION', ''), ('COLCON_PREFIX_PATH', '/home/jewoo/ros2_ws/install'), ('ROS_DISTRO', 'humble'), ('GTK_IM_MODULE', 'ibus'), ('LOGNAME', 'jewoo'), ('_', '/usr/bin/colcon'), ('SNAP_CONTEXT', 'W-QB9fLAu5WdpjVnIpsu6mTwo8l3HaXd8SiYcr_Q7JKZzAJNKDmt'), ('SUMO_HOME', '/usr/share/sumo'), ('JOURNAL_STREAM', '8:10736'), ('ROS_VERSION', '2'), ('XDG_CONFIG_DIRS_VSCODE_SNAP_ORIG', '/etc/xdg/xdg-ubuntu:/etc/xdg'), ('XDG_SESSION_CLASS', 'user'), ('SNAP_VERSION', '384ff738'), ('XDG_DATA_DIRS_VSCODE_SNAP_ORIG', '/usr/share/ubuntu:/usr/share/gnome:/usr/local/share/:/usr/share/:/var/lib/snapd/desktop'), ('USERNAME', 'jewoo'), ('TERM', 'xterm-256color'), ('GNOME_DESKTOP_SESSION_ID', 'this-is-deprecated'), ('SNAP_INSTANCE_NAME', 'code'), ('ROS_LOCALHOST_ONLY', '0'), ('WINDOWPATH', '2'), ('PATH', '/home/jewoo/.local/bin:/opt/ros/humble/bin:/home/jewoo/.local/bin:/home/jewoo/.local/bin:/home/jewoo/anaconda3/bin:/home/jewoo/anaconda3/condabin:/home/jewoo/.local/bin:/usr/local/sbin:/usr/local/bin:/usr/sbin:/usr/bin:/sbin:/bin:/usr/games:/usr/local/games:/snap/bin:/snap/bin'), ('SESSION_MANAGER', 'local/jewoo-System-Product-Name:@/tmp/.ICE-unix/1505,unix/jewoo-System-Product-Name:/tmp/.ICE-unix/1505'), ('VSCODE_AMD_ENTRYPOINT', 'vs/workbench/api/node/extensionHostProcess'), ('GTK_EXE_PREFIX', '/snap/code/172/usr'), ('INVOCATION_ID', '605e65c35052471c9b3b30b84372df85'), ('PAPERSIZE', 'a4'), ('XDG_MENU_PREFIX', 'gnome-'), ('LC_ADDRESS', 'ko_KR.UTF-8'), ('BAMF_DESKTOP_FILE_HINT', '/var/lib/snapd/desktop/applications/code_code.desktop'), ('SNAP_DATA', '/var/snap/code/172'), ('XDG_RUNTIME_DIR', '/run/user/1000'), ('GDK_BACKEND', 'x11'), ('DISPLAY', ':0'), ('LOCPATH', '/snap/code/172/usr/lib/locale'), ('LANG', 'ko_KR.UTF-8'), ('XDG_CURRENT_DESKTOP', 'Unity'), ('LC_TELEPHONE', 'ko_KR.UTF-8'), ('GIO_MODULE_DIR_VSCODE_SNAP_ORIG', ''), ('XMODIFIERS', '@im=ibus'), ('XDG_SESSION_DESKTOP', 'ubuntu'), ('XAUTHORITY', '/run/user/1000/gdm/Xauthority'), ('LS_COLORS', ''), ('TERM_PROGRAM', 'vscode'), ('SSH_AGENT_LAUNCHER', 'gnome-keyring'), ('SNAP_USER_COMMON', '/home/jewoo/snap/code/common'), ('SSH_AUTH_SOCK', '/run/user/1000/keyring/ssh'), ('GSETTINGS_SCHEMA_DIR', '/home/jewoo/snap/code/172/.local/share/glib-2.0/schemas'), ('SNAP_ARCH', 'amd64'), ('AMENT_PREFIX_PATH', '/home/jewoo/ros2_ws/install/ros2_interfaces_tutorial:/opt/ros/humble:/home/jewoo/ros2_ws/install/tutorial_interface:/home/jewoo/ros2_ws/install/ros2_python_tutorial:/home/jewoo/ros2_ws/install/ros2_cpp_tutorial'), ('SNAP_COOKIE', 'W-QB9fLAu5WdpjVnIpsu6mTwo8l3HaXd8SiYcr_Q7JKZzAJNKDmt'), ('ORIGINAL_XDG_CURRENT_DESKTOP', 'ubuntu:GNOME'), ('SHELL', '/bin/bash'), ('LC_NAME', 'ko_KR.UTF-8'), ('GDK_PIXBUF_MODULEDIR', '/snap/code/172/usr/lib/x86_64-linux-gnu/gdk-pixbuf-2.0/2.10.0/loaders'), ('QT_ACCESSIBILITY', '1'), ('ELECTRON_RUN_AS_NODE', '1'), ('GDMSESSION', 'ubuntu'), ('LESSCLOSE', '/usr/bin/lesspipe %s %s'), ('GTK_PATH_VSCODE_SNAP_ORIG', ''), ('SNAP_NAME', 'code'), ('GTK_IM_MODULE_FILE_VSCODE_SNAP_ORIG', ''), ('LC_MEASUREMENT', 'ko_KR.UTF-8'), ('GDK_PIXBUF_MODULE_FILE', '/home/jewoo/snap/code/common/.cache/gdk-pixbuf-loaders.cache'), ('GPG_AGENT_INFO', '/run/user/1000/gnupg/S.gpg-agent:0:1'), ('GJS_DEBUG_OUTPUT', 'stderr'), ('LC_IDENTIFICATION', 'ko_KR.UTF-8'), ('SNAP_LAUNCHER_ARCH_TRIPLET', 'x86_64-linux-gnu'), ('QT_IM_MODULE', 'ibus'), ('PWD', '/home/jewoo/ros2_ws/build/ros2_interfaces_tutorial'), ('VSCODE_CLI', '1'), ('LC_ALL', 'en_US.UTF-8'), ('XDG_CONFIG_DIRS', '/etc/xdg/xdg-ubuntu:/etc/xdg'), ('SNAP_REAL_HOME', '/home/jewoo'), ('VSCODE_CODE_CACHE_PATH', '/home/jewoo/.config/Code/CachedData/384ff7382de624fb94dbaf6da11977bba1ecd427'), ('XDG_DATA_DIRS', '/home/jewoo/snap/code/172/.local/share:/home/jewoo/snap/code/172:/snap/code/172/usr/share:/usr/share/ubuntu:/usr/share/gnome:/usr/local/share/:/usr/share/:/var/lib/snapd/desktop'), ('SNAP_EUID', '1000'), ('PYTHONPATH', '/home/jewoo/ros2_ws/install/ros2_interfaces_tutorial/local/lib/python3.10/dist-packages:/opt/ros/humble/lib/python3.10/site-packages:/opt/ros/humble/local/lib/python3.10/dist-packages:/home/jewoo/ros2_ws/install/tutorial_interface/local/lib/python3.10/dist-packages:/home/jewoo/ros2_ws/build/ros2_python_tutorial:/home/jewoo/ros2_ws/install/ros2_python_tutorial/lib/python3.10/site-packages'), ('SNAP', '/snap/code/172'), ('LC_NUMERIC', 'ko_KR.UTF-8'), ('LC_PAPER', 'ko_KR.UTF-8'), ('COLCON', '1'), ('ELECTRON_NO_ATTACH_CONSOLE', '1'), ('CMAKE_PREFIX_PATH', '/home/jewoo/ros2_ws/install/ros2_interfaces_tutorial:/home/jewoo/ros2_ws/install/tutorial_interface:/home/jewoo/ros2_ws/install/ros2_cpp_tutorial:/opt/ros/humble:/home/jewoo/ros2_ws/install/ros2_python_tutorial'), ('VSCODE_PID', '9594')]), 'shell': False}
[2.704923] (-) TimerEvent: {}
[2.715654] (ros2_interfaces_tutorial) StdoutLine: {'line': b'\x1b[35m\x1b[1mConsolidate compiler generated dependencies of target ros2_interfaces_tutorial__rosidl_generator_c\x1b[0m\n'}
[2.734340] (ros2_interfaces_tutorial) StdoutLine: {'line': b'[  2%] Built target ros2_interfaces_tutorial__cpp\n'}
[2.739057] (ros2_interfaces_tutorial) StdoutLine: {'line': b'[ 12%] Built target ros2_interfaces_tutorial__rosidl_generator_c\n'}
[2.750786] (ros2_interfaces_tutorial) StdoutLine: {'line': b'[ 12%] Built target ament_cmake_python_symlink_ros2_interfaces_tutorial\n'}
[2.756267] (ros2_interfaces_tutorial) StdoutLine: {'line': b'\x1b[35m\x1b[1mConsolidate compiler generated dependencies of target ros2_interfaces_tutorial__rosidl_typesupport_cpp\x1b[0m\n'}
[2.760160] (ros2_interfaces_tutorial) StdoutLine: {'line': b'\x1b[35m\x1b[1mConsolidate compiler generated dependencies of target ros2_interfaces_tutorial__rosidl_typesupport_introspection_cpp\x1b[0m\n'}
[2.762146] (ros2_interfaces_tutorial) StdoutLine: {'line': b'\x1b[35m\x1b[1mConsolidate compiler generated dependencies of target ros2_interfaces_tutorial__rosidl_typesupport_c\x1b[0m\n'}
[2.762661] (ros2_interfaces_tutorial) StdoutLine: {'line': b'\x1b[35m\x1b[1mConsolidate compiler generated dependencies of target ros2_interfaces_tutorial__rosidl_typesupport_fastrtps_cpp\x1b[0m\n'}
[2.763947] (ros2_interfaces_tutorial) StdoutLine: {'line': b'\x1b[35m\x1b[1mConsolidate compiler generated dependencies of target ros2_interfaces_tutorial__rosidl_typesupport_fastrtps_c\x1b[0m\n'}
[2.765747] (ros2_interfaces_tutorial) StdoutLine: {'line': b'\x1b[35m\x1b[1mConsolidate compiler generated dependencies of target ros2_interfaces_tutorial__rosidl_typesupport_introspection_c\x1b[0m\n'}
[2.785100] (ros2_interfaces_tutorial) StdoutLine: {'line': b'[ 23%] Built target ros2_interfaces_tutorial__rosidl_typesupport_cpp\n'}
[2.788115] (ros2_interfaces_tutorial) StdoutLine: {'line': b'[ 34%] Built target ros2_interfaces_tutorial__rosidl_typesupport_c\n'}
[2.792021] (ros2_interfaces_tutorial) StdoutLine: {'line': b'[ 44%] Built target ros2_interfaces_tutorial__rosidl_typesupport_introspection_cpp\n'}
[2.792397] (ros2_interfaces_tutorial) StdoutLine: {'line': b'[ 55%] Built target ros2_interfaces_tutorial__rosidl_typesupport_introspection_c\n'}
[2.797827] (ros2_interfaces_tutorial) StdoutLine: {'line': b'[ 65%] Built target ros2_interfaces_tutorial__rosidl_typesupport_fastrtps_cpp\n'}
[2.801865] (ros2_interfaces_tutorial) StdoutLine: {'line': b'[ 76%] Built target ros2_interfaces_tutorial__rosidl_typesupport_fastrtps_c\n'}
[2.805045] (-) TimerEvent: {}
[2.838005] (ros2_interfaces_tutorial) StdoutLine: {'line': b'[ 76%] Built target ros2_interfaces_tutorial\n'}
[2.873636] (ros2_interfaces_tutorial) StdoutLine: {'line': b'[ 78%] Built target ros2_interfaces_tutorial__py\n'}
[2.894536] (ros2_interfaces_tutorial) StdoutLine: {'line': b'\x1b[35m\x1b[1mConsolidate compiler generated dependencies of target ros2_interfaces_tutorial__rosidl_generator_py\x1b[0m\n'}
[2.905188] (-) TimerEvent: {}
[2.923636] (ros2_interfaces_tutorial) StdoutLine: {'line': b'[ 87%] Built target ros2_interfaces_tutorial__rosidl_generator_py\n'}
[2.942709] (ros2_interfaces_tutorial) StdoutLine: {'line': b'\x1b[35m\x1b[1mConsolidate compiler generated dependencies of target ros2_interfaces_tutorial__rosidl_typesupport_fastrtps_c__pyext\x1b[0m\n'}
[2.943060] (ros2_interfaces_tutorial) StdoutLine: {'line': b'\x1b[35m\x1b[1mConsolidate compiler generated dependencies of target ros2_interfaces_tutorial__rosidl_typesupport_c__pyext\x1b[0m\n'}
[2.943654] (ros2_interfaces_tutorial) StdoutLine: {'line': b'\x1b[35m\x1b[1mConsolidate compiler generated dependencies of target ros2_interfaces_tutorial__rosidl_typesupport_introspection_c__pyext\x1b[0m\n'}
[2.967486] (ros2_interfaces_tutorial) StdoutLine: {'line': b'[ 91%] Built target ros2_interfaces_tutorial__rosidl_typesupport_fastrtps_c__pyext\n'}
[2.968773] (ros2_interfaces_tutorial) StdoutLine: {'line': b'[ 95%] Built target ros2_interfaces_tutorial__rosidl_typesupport_c__pyext\n'}
[2.972267] (ros2_interfaces_tutorial) StdoutLine: {'line': b'[100%] Built target ros2_interfaces_tutorial__rosidl_typesupport_introspection_c__pyext\n'}
[3.005322] (-) TimerEvent: {}
[3.105702] (-) TimerEvent: {}
[3.206029] (-) TimerEvent: {}
[3.218251] (ros2_interfaces_tutorial) StdoutLine: {'line': b'running egg_info\n'}
[3.219527] (ros2_interfaces_tutorial) StdoutLine: {'line': b'writing ros2_interfaces_tutorial.egg-info/PKG-INFO\n'}
[3.219871] (ros2_interfaces_tutorial) StdoutLine: {'line': b'writing dependency_links to ros2_interfaces_tutorial.egg-info/dependency_links.txt\n'}
[3.220154] (ros2_interfaces_tutorial) StdoutLine: {'line': b'writing top-level names to ros2_interfaces_tutorial.egg-info/top_level.txt\n'}
[3.223953] (ros2_interfaces_tutorial) StdoutLine: {'line': b"reading manifest file 'ros2_interfaces_tutorial.egg-info/SOURCES.txt'\n"}
[3.225110] (ros2_interfaces_tutorial) StdoutLine: {'line': b"writing manifest file 'ros2_interfaces_tutorial.egg-info/SOURCES.txt'\n"}
[3.266419] (ros2_interfaces_tutorial) StdoutLine: {'line': b'[100%] Built target ament_cmake_python_build_ros2_interfaces_tutorial_egg\n'}
[3.285615] (ros2_interfaces_tutorial) CommandEnded: {'returncode': 0}
[3.306157] (-) TimerEvent: {}
[3.406477] (-) TimerEvent: {}
[3.464280] (ros2_interfaces_tutorial) JobProgress: {'identifier': 'ros2_interfaces_tutorial', 'progress': 'install'}
[3.479867] (ros2_interfaces_tutorial) Command: {'cmd': ['/usr/bin/cmake', '--install', '/home/jewoo/ros2_ws/build/ros2_interfaces_tutorial'], 'cwd': '/home/jewoo/ros2_ws/build/ros2_interfaces_tutorial', 'env': OrderedDict([('GJS_DEBUG_TOPICS', 'JS ERROR;JS LOG'), ('LESSOPEN', '| /usr/bin/lesspipe %s'), ('VSCODE_CWD', '/home/jewoo'), ('LANGUAGE', 'ko:en'), ('USER', 'jewoo'), ('SNAP_COMMON', '/var/snap/code/common'), ('LC_TIME', 'ko_KR.UTF-8'), ('VSCODE_NLS_CONFIG', '{"userLocale":"ko","osLocale":"ko","resolvedLanguage":"en","defaultMessagesFile":"/snap/code/172/usr/share/code/resources/app/out/nls.messages.json","locale":"ko","availableLanguages":{}}'), ('GIO_MODULE_DIR', '/home/jewoo/snap/code/common/.cache/gio-modules'), ('VSCODE_HANDLES_UNCAUGHT_ERRORS', 'true'), ('XDG_SESSION_TYPE', 'x11'), ('GTK_EXE_PREFIX_VSCODE_SNAP_ORIG', ''), ('GDK_BACKEND_VSCODE_SNAP_ORIG', ''), ('SNAP_UID', '1000'), ('SHLVL', '0'), ('LD_LIBRARY_PATH', '/home/jewoo/ros2_ws/install/ros2_interfaces_tutorial/lib:/opt/ros/humble/opt/rviz_ogre_vendor/lib:/opt/ros/humble/lib/x86_64-linux-gnu:/opt/ros/humble/lib:/home/jewoo/ros2_ws/install/tutorial_interface/lib:/usr/lib/x86_64-linux-gnu:'), ('HOME', '/home/jewoo'), ('CHROME_DESKTOP', 'code-url-handler.desktop'), ('SNAP_LIBRARY_PATH', '/var/lib/snapd/lib/gl:/var/lib/snapd/lib/gl32:/var/lib/snapd/void'), ('LOCPATH_VSCODE_SNAP_ORIG', ''), ('TERM_PROGRAM_VERSION', '1.94.2'), ('DESKTOP_SESSION', 'ubuntu'), ('SNAP_USER_DATA', '/home/jewoo/snap/code/172'), ('GTK_PATH', '/snap/code/172/usr/lib/x86_64-linux-gnu/gtk-3.0'), ('VSCODE_IPC_HOOK', '/run/user/1000/vscode-c8a6cc9a-1.94-main.sock'), ('GTK_IM_MODULE_FILE', '/home/jewoo/snap/code/common/.cache/immodules/immodules.cache'), ('GIO_LAUNCHED_DESKTOP_FILE', '/var/lib/snapd/desktop/applications/code_code.desktop'), ('APPLICATION_INSIGHTS_NO_DIAGNOSTIC_CHANNEL', '1'), ('ROS_PYTHON_VERSION', '3'), ('GNOME_SHELL_SESSION_MODE', 'ubuntu'), ('GTK_MODULES', 'gail:atk-bridge'), ('GSETTINGS_SCHEMA_DIR_VSCODE_SNAP_ORIG', ''), ('LC_MONETARY', 'ko_KR.UTF-8'), ('MANAGERPID', '1002'), ('SYSTEMD_EXEC_PID', '1565'), ('DBUS_SESSION_BUS_ADDRESS', 'unix:path=/run/user/1000/bus'), ('SNAP_REVISION', '172'), ('COLORTERM', 'truecolor'), ('GIO_LAUNCHED_DESKTOP_FILE_PID', '9547'), ('_colcon_cd_root', '/opt/ros/humble/'), ('VSCODE_CRASH_REPORTER_PROCESS_TYPE', 'extensionHost'), ('IM_CONFIG_PHASE', '1'), ('VSCODE_L10N_BUNDLE_LOCATION', ''), ('COLCON_PREFIX_PATH', '/home/jewoo/ros2_ws/install'), ('ROS_DISTRO', 'humble'), ('GTK_IM_MODULE', 'ibus'), ('LOGNAME', 'jewoo'), ('_', '/usr/bin/colcon'), ('SNAP_CONTEXT', 'W-QB9fLAu5WdpjVnIpsu6mTwo8l3HaXd8SiYcr_Q7JKZzAJNKDmt'), ('SUMO_HOME', '/usr/share/sumo'), ('JOURNAL_STREAM', '8:10736'), ('ROS_VERSION', '2'), ('XDG_CONFIG_DIRS_VSCODE_SNAP_ORIG', '/etc/xdg/xdg-ubuntu:/etc/xdg'), ('XDG_SESSION_CLASS', 'user'), ('SNAP_VERSION', '384ff738'), ('XDG_DATA_DIRS_VSCODE_SNAP_ORIG', '/usr/share/ubuntu:/usr/share/gnome:/usr/local/share/:/usr/share/:/var/lib/snapd/desktop'), ('USERNAME', 'jewoo'), ('TERM', 'xterm-256color'), ('GNOME_DESKTOP_SESSION_ID', 'this-is-deprecated'), ('SNAP_INSTANCE_NAME', 'code'), ('ROS_LOCALHOST_ONLY', '0'), ('WINDOWPATH', '2'), ('PATH', '/home/jewoo/.local/bin:/opt/ros/humble/bin:/home/jewoo/.local/bin:/home/jewoo/.local/bin:/home/jewoo/anaconda3/bin:/home/jewoo/anaconda3/condabin:/home/jewoo/.local/bin:/usr/local/sbin:/usr/local/bin:/usr/sbin:/usr/bin:/sbin:/bin:/usr/games:/usr/local/games:/snap/bin:/snap/bin'), ('SESSION_MANAGER', 'local/jewoo-System-Product-Name:@/tmp/.ICE-unix/1505,unix/jewoo-System-Product-Name:/tmp/.ICE-unix/1505'), ('VSCODE_AMD_ENTRYPOINT', 'vs/workbench/api/node/extensionHostProcess'), ('GTK_EXE_PREFIX', '/snap/code/172/usr'), ('INVOCATION_ID', '605e65c35052471c9b3b30b84372df85'), ('PAPERSIZE', 'a4'), ('XDG_MENU_PREFIX', 'gnome-'), ('LC_ADDRESS', 'ko_KR.UTF-8'), ('BAMF_DESKTOP_FILE_HINT', '/var/lib/snapd/desktop/applications/code_code.desktop'), ('SNAP_DATA', '/var/snap/code/172'), ('XDG_RUNTIME_DIR', '/run/user/1000'), ('GDK_BACKEND', 'x11'), ('DISPLAY', ':0'), ('LOCPATH', '/snap/code/172/usr/lib/locale'), ('LANG', 'ko_KR.UTF-8'), ('XDG_CURRENT_DESKTOP', 'Unity'), ('LC_TELEPHONE', 'ko_KR.UTF-8'), ('GIO_MODULE_DIR_VSCODE_SNAP_ORIG', ''), ('XMODIFIERS', '@im=ibus'), ('XDG_SESSION_DESKTOP', 'ubuntu'), ('XAUTHORITY', '/run/user/1000/gdm/Xauthority'), ('LS_COLORS', ''), ('TERM_PROGRAM', 'vscode'), ('SSH_AGENT_LAUNCHER', 'gnome-keyring'), ('SNAP_USER_COMMON', '/home/jewoo/snap/code/common'), ('SSH_AUTH_SOCK', '/run/user/1000/keyring/ssh'), ('GSETTINGS_SCHEMA_DIR', '/home/jewoo/snap/code/172/.local/share/glib-2.0/schemas'), ('SNAP_ARCH', 'amd64'), ('AMENT_PREFIX_PATH', '/home/jewoo/ros2_ws/install/ros2_interfaces_tutorial:/opt/ros/humble:/home/jewoo/ros2_ws/install/tutorial_interface:/home/jewoo/ros2_ws/install/ros2_python_tutorial:/home/jewoo/ros2_ws/install/ros2_cpp_tutorial'), ('SNAP_COOKIE', 'W-QB9fLAu5WdpjVnIpsu6mTwo8l3HaXd8SiYcr_Q7JKZzAJNKDmt'), ('ORIGINAL_XDG_CURRENT_DESKTOP', 'ubuntu:GNOME'), ('SHELL', '/bin/bash'), ('LC_NAME', 'ko_KR.UTF-8'), ('GDK_PIXBUF_MODULEDIR', '/snap/code/172/usr/lib/x86_64-linux-gnu/gdk-pixbuf-2.0/2.10.0/loaders'), ('QT_ACCESSIBILITY', '1'), ('ELECTRON_RUN_AS_NODE', '1'), ('GDMSESSION', 'ubuntu'), ('LESSCLOSE', '/usr/bin/lesspipe %s %s'), ('GTK_PATH_VSCODE_SNAP_ORIG', ''), ('SNAP_NAME', 'code'), ('GTK_IM_MODULE_FILE_VSCODE_SNAP_ORIG', ''), ('LC_MEASUREMENT', 'ko_KR.UTF-8'), ('GDK_PIXBUF_MODULE_FILE', '/home/jewoo/snap/code/common/.cache/gdk-pixbuf-loaders.cache'), ('GPG_AGENT_INFO', '/run/user/1000/gnupg/S.gpg-agent:0:1'), ('GJS_DEBUG_OUTPUT', 'stderr'), ('LC_IDENTIFICATION', 'ko_KR.UTF-8'), ('SNAP_LAUNCHER_ARCH_TRIPLET', 'x86_64-linux-gnu'), ('QT_IM_MODULE', 'ibus'), ('PWD', '/home/jewoo/ros2_ws/build/ros2_interfaces_tutorial'), ('VSCODE_CLI', '1'), ('LC_ALL', 'en_US.UTF-8'), ('XDG_CONFIG_DIRS', '/etc/xdg/xdg-ubuntu:/etc/xdg'), ('SNAP_REAL_HOME', '/home/jewoo'), ('VSCODE_CODE_CACHE_PATH', '/home/jewoo/.config/Code/CachedData/384ff7382de624fb94dbaf6da11977bba1ecd427'), ('XDG_DATA_DIRS', '/home/jewoo/snap/code/172/.local/share:/home/jewoo/snap/code/172:/snap/code/172/usr/share:/usr/share/ubuntu:/usr/share/gnome:/usr/local/share/:/usr/share/:/var/lib/snapd/desktop'), ('SNAP_EUID', '1000'), ('PYTHONPATH', '/home/jewoo/ros2_ws/install/ros2_interfaces_tutorial/local/lib/python3.10/dist-packages:/opt/ros/humble/lib/python3.10/site-packages:/opt/ros/humble/local/lib/python3.10/dist-packages:/home/jewoo/ros2_ws/install/tutorial_interface/local/lib/python3.10/dist-packages:/home/jewoo/ros2_ws/build/ros2_python_tutorial:/home/jewoo/ros2_ws/install/ros2_python_tutorial/lib/python3.10/site-packages'), ('SNAP', '/snap/code/172'), ('LC_NUMERIC', 'ko_KR.UTF-8'), ('LC_PAPER', 'ko_KR.UTF-8'), ('COLCON', '1'), ('ELECTRON_NO_ATTACH_CONSOLE', '1'), ('CMAKE_PREFIX_PATH', '/home/jewoo/ros2_ws/install/ros2_interfaces_tutorial:/home/jewoo/ros2_ws/install/tutorial_interface:/home/jewoo/ros2_ws/install/ros2_cpp_tutorial:/opt/ros/humble:/home/jewoo/ros2_ws/install/ros2_python_tutorial'), ('VSCODE_PID', '9594')]), 'shell': False}
[3.492643] (ros2_interfaces_tutorial) StdoutLine: {'line': b'-- Install configuration: "RelWithDebInfo"\n'}
[3.493554] (ros2_interfaces_tutorial) StdoutLine: {'line': b'-- Execute custom install script\n'}
[3.493917] (ros2_interfaces_tutorial) StdoutLine: {'line': b'-- Up-to-date symlink: /home/jewoo/ros2_ws/install/ros2_interfaces_tutorial/share/ament_index/resource_index/rosidl_interfaces/ros2_interfaces_tutorial\n'}
[3.494782] (ros2_interfaces_tutorial) StdoutLine: {'line': b'-- Up-to-date symlink: /home/jewoo/ros2_ws/install/ros2_interfaces_tutorial/include/ros2_interfaces_tutorial/ros2_interfaces_tutorial/msg/detail/sphere__functions.h\n'}
[3.495084] (ros2_interfaces_tutorial) StdoutLine: {'line': b'-- Up-to-date symlink: /home/jewoo/ros2_ws/install/ros2_interfaces_tutorial/include/ros2_interfaces_tutorial/ros2_interfaces_tutorial/msg/detail/sphere__struct.h\n'}
[3.495391] (ros2_interfaces_tutorial) StdoutLine: {'line': b'-- Up-to-date symlink: /home/jewoo/ros2_ws/install/ros2_interfaces_tutorial/include/ros2_interfaces_tutorial/ros2_interfaces_tutorial/msg/detail/sphere__type_support.h\n'}
[3.495618] (ros2_interfaces_tutorial) StdoutLine: {'line': b'-- Up-to-date symlink: /home/jewoo/ros2_ws/install/ros2_interfaces_tutorial/include/ros2_interfaces_tutorial/ros2_interfaces_tutorial/msg/detail/spheres__functions.h\n'}
[3.495786] (ros2_interfaces_tutorial) StdoutLine: {'line': b'-- Up-to-date symlink: /home/jewoo/ros2_ws/install/ros2_interfaces_tutorial/include/ros2_interfaces_tutorial/ros2_interfaces_tutorial/msg/detail/spheres__struct.h\n'}
[3.495938] (ros2_interfaces_tutorial) StdoutLine: {'line': b'-- Up-to-date symlink: /home/jewoo/ros2_ws/install/ros2_interfaces_tutorial/include/ros2_interfaces_tutorial/ros2_interfaces_tutorial/msg/detail/spheres__type_support.h\n'}
[3.496098] (ros2_interfaces_tutorial) StdoutLine: {'line': b'-- Up-to-date symlink: /home/jewoo/ros2_ws/install/ros2_interfaces_tutorial/include/ros2_interfaces_tutorial/ros2_interfaces_tutorial/msg/rosidl_generator_c__visibility_control.h\n'}
[3.496226] (ros2_interfaces_tutorial) StdoutLine: {'line': b'-- Up-to-date symlink: /home/jewoo/ros2_ws/install/ros2_interfaces_tutorial/include/ros2_interfaces_tutorial/ros2_interfaces_tutorial/msg/sphere.h\n'}
[3.496455] (ros2_interfaces_tutorial) StdoutLine: {'line': b'-- Up-to-date symlink: /home/jewoo/ros2_ws/install/ros2_interfaces_tutorial/include/ros2_interfaces_tutorial/ros2_interfaces_tutorial/msg/spheres.h\n'}
[3.496790] (ros2_interfaces_tutorial) StdoutLine: {'line': b'-- Up-to-date symlink: /home/jewoo/ros2_ws/install/ros2_interfaces_tutorial/include/ros2_interfaces_tutorial/ros2_interfaces_tutorial/srv/add_three_ints.h\n'}
[3.497174] (ros2_interfaces_tutorial) StdoutLine: {'line': b'-- Up-to-date symlink: /home/jewoo/ros2_ws/install/ros2_interfaces_tutorial/include/ros2_interfaces_tutorial/ros2_interfaces_tutorial/srv/detail/add_three_ints__functions.h\n'}
[3.497428] (ros2_interfaces_tutorial) StdoutLine: {'line': b'-- Up-to-date symlink: /home/jewoo/ros2_ws/install/ros2_interfaces_tutorial/include/ros2_interfaces_tutorial/ros2_interfaces_tutorial/srv/detail/add_three_ints__struct.h\n'}
[3.497612] (ros2_interfaces_tutorial) StdoutLine: {'line': b'-- Up-to-date symlink: /home/jewoo/ros2_ws/install/ros2_interfaces_tutorial/include/ros2_interfaces_tutorial/ros2_interfaces_tutorial/srv/detail/add_three_ints__type_support.h\n'}
[3.497943] (ros2_interfaces_tutorial) StdoutLine: {'line': b'-- Up-to-date symlink: /home/jewoo/ros2_ws/install/ros2_interfaces_tutorial/share/ros2_interfaces_tutorial/environment/library_path.sh\n'}
[3.498205] (ros2_interfaces_tutorial) StdoutLine: {'line': b'-- Up-to-date symlink: /home/jewoo/ros2_ws/install/ros2_interfaces_tutorial/share/ros2_interfaces_tutorial/environment/library_path.dsv\n'}
[3.499178] (ros2_interfaces_tutorial) StdoutLine: {'line': b'-- Up-to-date symlink: /home/jewoo/ros2_ws/install/ros2_interfaces_tutorial/include/ros2_interfaces_tutorial/ros2_interfaces_tutorial/msg/detail/sphere__rosidl_typesupport_fastrtps_c.h\n'}
[3.499427] (ros2_interfaces_tutorial) StdoutLine: {'line': b'-- Up-to-date symlink: /home/jewoo/ros2_ws/install/ros2_interfaces_tutorial/include/ros2_interfaces_tutorial/ros2_interfaces_tutorial/msg/detail/spheres__rosidl_typesupport_fastrtps_c.h\n'}
[3.499616] (ros2_interfaces_tutorial) StdoutLine: {'line': b'-- Up-to-date symlink: /home/jewoo/ros2_ws/install/ros2_interfaces_tutorial/include/ros2_interfaces_tutorial/ros2_interfaces_tutorial/msg/rosidl_typesupport_fastrtps_c__visibility_control.h\n'}
[3.499871] (ros2_interfaces_tutorial) StdoutLine: {'line': b'-- Up-to-date symlink: /home/jewoo/ros2_ws/install/ros2_interfaces_tutorial/include/ros2_interfaces_tutorial/ros2_interfaces_tutorial/srv/detail/add_three_ints__rosidl_typesupport_fastrtps_c.h\n'}
[3.500611] (ros2_interfaces_tutorial) StdoutLine: {'line': b'-- Up-to-date symlink: /home/jewoo/ros2_ws/install/ros2_interfaces_tutorial/include/ros2_interfaces_tutorial/ros2_interfaces_tutorial/msg/detail/sphere__builder.hpp\n'}
[3.500898] (ros2_interfaces_tutorial) StdoutLine: {'line': b'-- Up-to-date symlink: /home/jewoo/ros2_ws/install/ros2_interfaces_tutorial/include/ros2_interfaces_tutorial/ros2_interfaces_tutorial/msg/detail/sphere__struct.hpp\n'}
[3.501192] (ros2_interfaces_tutorial) StdoutLine: {'line': b'-- Up-to-date symlink: /home/jewoo/ros2_ws/install/ros2_interfaces_tutorial/include/ros2_interfaces_tutorial/ros2_interfaces_tutorial/msg/detail/sphere__traits.hpp\n'}
[3.501343] (ros2_interfaces_tutorial) StdoutLine: {'line': b'-- Up-to-date symlink: /home/jewoo/ros2_ws/install/ros2_interfaces_tutorial/include/ros2_interfaces_tutorial/ros2_interfaces_tutorial/msg/detail/spheres__builder.hpp\n'}
[3.501514] (ros2_interfaces_tutorial) StdoutLine: {'line': b'-- Up-to-date symlink: /home/jewoo/ros2_ws/install/ros2_interfaces_tutorial/include/ros2_interfaces_tutorial/ros2_interfaces_tutorial/msg/detail/spheres__struct.hpp\n'}
[3.501662] (ros2_interfaces_tutorial) StdoutLine: {'line': b'-- Up-to-date symlink: /home/jewoo/ros2_ws/install/ros2_interfaces_tutorial/include/ros2_interfaces_tutorial/ros2_interfaces_tutorial/msg/detail/spheres__traits.hpp\n'}
[3.501816] (ros2_interfaces_tutorial) StdoutLine: {'line': b'-- Up-to-date symlink: /home/jewoo/ros2_ws/install/ros2_interfaces_tutorial/include/ros2_interfaces_tutorial/ros2_interfaces_tutorial/msg/sphere.hpp\n'}
[3.502087] (ros2_interfaces_tutorial) StdoutLine: {'line': b'-- Up-to-date symlink: /home/jewoo/ros2_ws/install/ros2_interfaces_tutorial/include/ros2_interfaces_tutorial/ros2_interfaces_tutorial/msg/spheres.hpp\n'}
[3.502240] (ros2_interfaces_tutorial) StdoutLine: {'line': b'-- Up-to-date symlink: /home/jewoo/ros2_ws/install/ros2_interfaces_tutorial/include/ros2_interfaces_tutorial/ros2_interfaces_tutorial/srv/add_three_ints.hpp\n'}
[3.502434] (ros2_interfaces_tutorial) StdoutLine: {'line': b'-- Up-to-date symlink: /home/jewoo/ros2_ws/install/ros2_interfaces_tutorial/include/ros2_interfaces_tutorial/ros2_interfaces_tutorial/srv/detail/add_three_ints__builder.hpp\n'}
[3.502631] (ros2_interfaces_tutorial) StdoutLine: {'line': b'-- Up-to-date symlink: /home/jewoo/ros2_ws/install/ros2_interfaces_tutorial/include/ros2_interfaces_tutorial/ros2_interfaces_tutorial/srv/detail/add_three_ints__struct.hpp\n'}
[3.502789] (ros2_interfaces_tutorial) StdoutLine: {'line': b'-- Up-to-date symlink: /home/jewoo/ros2_ws/install/ros2_interfaces_tutorial/include/ros2_interfaces_tutorial/ros2_interfaces_tutorial/srv/detail/add_three_ints__traits.hpp\n'}
[3.504047] (ros2_interfaces_tutorial) StdoutLine: {'line': b'-- Up-to-date symlink: /home/jewoo/ros2_ws/install/ros2_interfaces_tutorial/include/ros2_interfaces_tutorial/ros2_interfaces_tutorial/msg/detail/sphere__rosidl_typesupport_fastrtps_cpp.hpp\n'}
[3.504360] (ros2_interfaces_tutorial) StdoutLine: {'line': b'-- Up-to-date symlink: /home/jewoo/ros2_ws/install/ros2_interfaces_tutorial/include/ros2_interfaces_tutorial/ros2_interfaces_tutorial/msg/detail/spheres__rosidl_typesupport_fastrtps_cpp.hpp\n'}
[3.504557] (ros2_interfaces_tutorial) StdoutLine: {'line': b'-- Up-to-date symlink: /home/jewoo/ros2_ws/install/ros2_interfaces_tutorial/include/ros2_interfaces_tutorial/ros2_interfaces_tutorial/msg/rosidl_typesupport_fastrtps_cpp__visibility_control.h\n'}
[3.504866] (ros2_interfaces_tutorial) StdoutLine: {'line': b'-- Up-to-date symlink: /home/jewoo/ros2_ws/install/ros2_interfaces_tutorial/include/ros2_interfaces_tutorial/ros2_interfaces_tutorial/srv/detail/add_three_ints__rosidl_typesupport_fastrtps_cpp.hpp\n'}
[3.505515] (ros2_interfaces_tutorial) StdoutLine: {'line': b'-- Up-to-date symlink: /home/jewoo/ros2_ws/install/ros2_interfaces_tutorial/include/ros2_interfaces_tutorial/ros2_interfaces_tutorial/msg/detail/sphere__rosidl_typesupport_introspection_c.h\n'}
[3.505777] (ros2_interfaces_tutorial) StdoutLine: {'line': b'-- Up-to-date symlink: /home/jewoo/ros2_ws/install/ros2_interfaces_tutorial/include/ros2_interfaces_tutorial/ros2_interfaces_tutorial/msg/detail/spheres__rosidl_typesupport_introspection_c.h\n'}
[3.506060] (ros2_interfaces_tutorial) StdoutLine: {'line': b'-- Up-to-date symlink: /home/jewoo/ros2_ws/install/ros2_interfaces_tutorial/include/ros2_interfaces_tutorial/ros2_interfaces_tutorial/msg/rosidl_typesupport_introspection_c__visibility_control.h\n'}
[3.506286] (ros2_interfaces_tutorial) StdoutLine: {'line': b'-- Up-to-date symlink: /home/jewoo/ros2_ws/install/ros2_interfaces_tutorial/include/ros2_interfaces_tutorial/ros2_interfaces_tutorial/srv/detail/add_three_ints__rosidl_typesupport_introspection_c.h\n'}
[3.506541] (-) TimerEvent: {}
[3.506848] (ros2_interfaces_tutorial) StdoutLine: {'line': b'-- Up-to-date symlink: /home/jewoo/ros2_ws/install/ros2_interfaces_tutorial/include/ros2_interfaces_tutorial/ros2_interfaces_tutorial/msg/detail/sphere__rosidl_typesupport_introspection_cpp.hpp\n'}
[3.507226] (ros2_interfaces_tutorial) StdoutLine: {'line': b'-- Up-to-date symlink: /home/jewoo/ros2_ws/install/ros2_interfaces_tutorial/include/ros2_interfaces_tutorial/ros2_interfaces_tutorial/msg/detail/spheres__rosidl_typesupport_introspection_cpp.hpp\n'}
[3.507479] (ros2_interfaces_tutorial) StdoutLine: {'line': b'-- Up-to-date symlink: /home/jewoo/ros2_ws/install/ros2_interfaces_tutorial/include/ros2_interfaces_tutorial/ros2_interfaces_tutorial/srv/detail/add_three_ints__rosidl_typesupport_introspection_cpp.hpp\n'}
[3.507680] (ros2_interfaces_tutorial) StdoutLine: {'line': b'-- Up-to-date symlink: /home/jewoo/ros2_ws/install/ros2_interfaces_tutorial/share/ros2_interfaces_tutorial/environment/pythonpath.sh\n'}
[3.508003] (ros2_interfaces_tutorial) StdoutLine: {'line': b'-- Up-to-date symlink: /home/jewoo/ros2_ws/install/ros2_interfaces_tutorial/share/ros2_interfaces_tutorial/environment/pythonpath.dsv\n'}
[3.508537] (ros2_interfaces_tutorial) StdoutLine: {'line': b'-- Up-to-date symlink: /home/jewoo/ros2_ws/install/ros2_interfaces_tutorial/local/lib/python3.10/dist-packages/ros2_interfaces_tutorial-0.0.0-py3.10.egg-info/PKG-INFO\n'}
[3.508865] (ros2_interfaces_tutorial) StdoutLine: {'line': b'-- Up-to-date symlink: /home/jewoo/ros2_ws/install/ros2_interfaces_tutorial/local/lib/python3.10/dist-packages/ros2_interfaces_tutorial-0.0.0-py3.10.egg-info/SOURCES.txt\n'}
[3.509143] (ros2_interfaces_tutorial) StdoutLine: {'line': b'-- Up-to-date symlink: /home/jewoo/ros2_ws/install/ros2_interfaces_tutorial/local/lib/python3.10/dist-packages/ros2_interfaces_tutorial-0.0.0-py3.10.egg-info/dependency_links.txt\n'}
[3.509294] (ros2_interfaces_tutorial) StdoutLine: {'line': b'-- Up-to-date symlink: /home/jewoo/ros2_ws/install/ros2_interfaces_tutorial/local/lib/python3.10/dist-packages/ros2_interfaces_tutorial-0.0.0-py3.10.egg-info/top_level.txt\n'}
[3.510899] (ros2_interfaces_tutorial) StdoutLine: {'line': b'-- Up-to-date symlink: /home/jewoo/ros2_ws/install/ros2_interfaces_tutorial/local/lib/python3.10/dist-packages/ros2_interfaces_tutorial/__init__.py\n'}
[3.511190] (ros2_interfaces_tutorial) StdoutLine: {'line': b'-- Up-to-date symlink: /home/jewoo/ros2_ws/install/ros2_interfaces_tutorial/local/lib/python3.10/dist-packages/ros2_interfaces_tutorial/_ros2_interfaces_tutorial_s.ep.rosidl_typesupport_c.c\n'}
[3.511518] (ros2_interfaces_tutorial) StdoutLine: {'line': b'-- Up-to-date symlink: /home/jewoo/ros2_ws/install/ros2_interfaces_tutorial/local/lib/python3.10/dist-packages/ros2_interfaces_tutorial/_ros2_interfaces_tutorial_s.ep.rosidl_typesupport_fastrtps_c.c\n'}
[3.511737] (ros2_interfaces_tutorial) StdoutLine: {'line': b'-- Up-to-date symlink: /home/jewoo/ros2_ws/install/ros2_interfaces_tutorial/local/lib/python3.10/dist-packages/ros2_interfaces_tutorial/_ros2_interfaces_tutorial_s.ep.rosidl_typesupport_introspection_c.c\n'}
[3.511987] (ros2_interfaces_tutorial) StdoutLine: {'line': b'-- Up-to-date symlink: /home/jewoo/ros2_ws/install/ros2_interfaces_tutorial/local/lib/python3.10/dist-packages/ros2_interfaces_tutorial/libros2_interfaces_tutorial__rosidl_generator_py.so\n'}
[3.512120] (ros2_interfaces_tutorial) StdoutLine: {'line': b'-- Up-to-date symlink: /home/jewoo/ros2_ws/install/ros2_interfaces_tutorial/local/lib/python3.10/dist-packages/ros2_interfaces_tutorial/msg/__init__.py\n'}
[3.512336] (ros2_interfaces_tutorial) StdoutLine: {'line': b'-- Up-to-date symlink: /home/jewoo/ros2_ws/install/ros2_interfaces_tutorial/local/lib/python3.10/dist-packages/ros2_interfaces_tutorial/msg/_sphere.py\n'}
[3.512617] (ros2_interfaces_tutorial) StdoutLine: {'line': b'-- Up-to-date symlink: /home/jewoo/ros2_ws/install/ros2_interfaces_tutorial/local/lib/python3.10/dist-packages/ros2_interfaces_tutorial/msg/_sphere_s.c\n'}
[3.512896] (ros2_interfaces_tutorial) StdoutLine: {'line': b'-- Up-to-date symlink: /home/jewoo/ros2_ws/install/ros2_interfaces_tutorial/local/lib/python3.10/dist-packages/ros2_interfaces_tutorial/msg/_spheres.py\n'}
[3.513218] (ros2_interfaces_tutorial) StdoutLine: {'line': b'-- Up-to-date symlink: /home/jewoo/ros2_ws/install/ros2_interfaces_tutorial/local/lib/python3.10/dist-packages/ros2_interfaces_tutorial/msg/_spheres_s.c\n'}
[3.513475] (ros2_interfaces_tutorial) StdoutLine: {'line': b'-- Up-to-date symlink: /home/jewoo/ros2_ws/install/ros2_interfaces_tutorial/local/lib/python3.10/dist-packages/ros2_interfaces_tutorial/ros2_interfaces_tutorial_s__rosidl_typesupport_c.cpython-310-x86_64-linux-gnu.so\n'}
[3.513755] (ros2_interfaces_tutorial) StdoutLine: {'line': b'-- Up-to-date symlink: /home/jewoo/ros2_ws/install/ros2_interfaces_tutorial/local/lib/python3.10/dist-packages/ros2_interfaces_tutorial/ros2_interfaces_tutorial_s__rosidl_typesupport_fastrtps_c.cpython-310-x86_64-linux-gnu.so\n'}
[3.514052] (ros2_interfaces_tutorial) StdoutLine: {'line': b'-- Up-to-date symlink: /home/jewoo/ros2_ws/install/ros2_interfaces_tutorial/local/lib/python3.10/dist-packages/ros2_interfaces_tutorial/ros2_interfaces_tutorial_s__rosidl_typesupport_introspection_c.cpython-310-x86_64-linux-gnu.so\n'}
[3.514258] (ros2_interfaces_tutorial) StdoutLine: {'line': b'-- Up-to-date symlink: /home/jewoo/ros2_ws/install/ros2_interfaces_tutorial/local/lib/python3.10/dist-packages/ros2_interfaces_tutorial/srv/__init__.py\n'}
[3.514485] (ros2_interfaces_tutorial) StdoutLine: {'line': b'-- Up-to-date symlink: /home/jewoo/ros2_ws/install/ros2_interfaces_tutorial/local/lib/python3.10/dist-packages/ros2_interfaces_tutorial/srv/_add_three_ints.py\n'}
[3.514736] (ros2_interfaces_tutorial) StdoutLine: {'line': b'-- Up-to-date symlink: /home/jewoo/ros2_ws/install/ros2_interfaces_tutorial/local/lib/python3.10/dist-packages/ros2_interfaces_tutorial/srv/_add_three_ints_s.c\n'}
[3.515054] (ros2_interfaces_tutorial) StdoutLine: {'line': b'-- Up-to-date symlink: /home/jewoo/ros2_ws/install/ros2_interfaces_tutorial/local/lib/python3.10/dist-packages/ros2_interfaces_tutorial/ros2_interfaces_tutorial_s__rosidl_typesupport_fastrtps_c.cpython-310-x86_64-linux-gnu.so\n'}
[3.515501] (ros2_interfaces_tutorial) StdoutLine: {'line': b'-- Up-to-date symlink: /home/jewoo/ros2_ws/install/ros2_interfaces_tutorial/local/lib/python3.10/dist-packages/ros2_interfaces_tutorial/ros2_interfaces_tutorial_s__rosidl_typesupport_introspection_c.cpython-310-x86_64-linux-gnu.so\n'}
[3.515984] (ros2_interfaces_tutorial) StdoutLine: {'line': b'-- Up-to-date symlink: /home/jewoo/ros2_ws/install/ros2_interfaces_tutorial/local/lib/python3.10/dist-packages/ros2_interfaces_tutorial/ros2_interfaces_tutorial_s__rosidl_typesupport_c.cpython-310-x86_64-linux-gnu.so\n'}
[3.516295] (ros2_interfaces_tutorial) StdoutLine: {'line': b'-- Up-to-date symlink: /home/jewoo/ros2_ws/install/ros2_interfaces_tutorial/share/ros2_interfaces_tutorial/msg/Sphere.idl\n'}
[3.516558] (ros2_interfaces_tutorial) StdoutLine: {'line': b'-- Up-to-date symlink: /home/jewoo/ros2_ws/install/ros2_interfaces_tutorial/share/ros2_interfaces_tutorial/msg/Spheres.idl\n'}
[3.516829] (ros2_interfaces_tutorial) StdoutLine: {'line': b'-- Up-to-date symlink: /home/jewoo/ros2_ws/install/ros2_interfaces_tutorial/share/ros2_interfaces_tutorial/srv/AddThreeInts.idl\n'}
[3.517075] (ros2_interfaces_tutorial) StdoutLine: {'line': b'-- Up-to-date symlink: /home/jewoo/ros2_ws/install/ros2_interfaces_tutorial/share/ros2_interfaces_tutorial/msg/Sphere.msg\n'}
[3.517312] (ros2_interfaces_tutorial) StdoutLine: {'line': b'-- Up-to-date symlink: /home/jewoo/ros2_ws/install/ros2_interfaces_tutorial/share/ros2_interfaces_tutorial/msg/Spheres.msg\n'}
[3.517629] (ros2_interfaces_tutorial) StdoutLine: {'line': b'-- Up-to-date symlink: /home/jewoo/ros2_ws/install/ros2_interfaces_tutorial/share/ros2_interfaces_tutorial/srv/AddThreeInts.srv\n'}
[3.518052] (ros2_interfaces_tutorial) StdoutLine: {'line': b'-- Up-to-date symlink: /home/jewoo/ros2_ws/install/ros2_interfaces_tutorial/share/ros2_interfaces_tutorial/srv/AddThreeInts_Request.msg\n'}
[3.518463] (ros2_interfaces_tutorial) StdoutLine: {'line': b'-- Up-to-date symlink: /home/jewoo/ros2_ws/install/ros2_interfaces_tutorial/share/ros2_interfaces_tutorial/srv/AddThreeInts_Response.msg\n'}
[3.518988] (ros2_interfaces_tutorial) StdoutLine: {'line': b'-- Up-to-date symlink: /home/jewoo/ros2_ws/install/ros2_interfaces_tutorial/share/ament_index/resource_index/package_run_dependencies/ros2_interfaces_tutorial\n'}
[3.519457] (ros2_interfaces_tutorial) StdoutLine: {'line': b'-- Up-to-date symlink: /home/jewoo/ros2_ws/install/ros2_interfaces_tutorial/share/ament_index/resource_index/parent_prefix_path/ros2_interfaces_tutorial\n'}
[3.519901] (ros2_interfaces_tutorial) StdoutLine: {'line': b'-- Up-to-date symlink: /home/jewoo/ros2_ws/install/ros2_interfaces_tutorial/share/ros2_interfaces_tutorial/environment/ament_prefix_path.sh\n'}
[3.520299] (ros2_interfaces_tutorial) StdoutLine: {'line': b'-- Up-to-date symlink: /home/jewoo/ros2_ws/install/ros2_interfaces_tutorial/share/ros2_interfaces_tutorial/environment/ament_prefix_path.dsv\n'}
[3.520735] (ros2_interfaces_tutorial) StdoutLine: {'line': b'-- Up-to-date symlink: /home/jewoo/ros2_ws/install/ros2_interfaces_tutorial/share/ros2_interfaces_tutorial/environment/path.sh\n'}
[3.521162] (ros2_interfaces_tutorial) StdoutLine: {'line': b'-- Up-to-date symlink: /home/jewoo/ros2_ws/install/ros2_interfaces_tutorial/share/ros2_interfaces_tutorial/environment/path.dsv\n'}
[3.521574] (ros2_interfaces_tutorial) StdoutLine: {'line': b'-- Up-to-date symlink: /home/jewoo/ros2_ws/install/ros2_interfaces_tutorial/share/ros2_interfaces_tutorial/local_setup.bash\n'}
[3.521993] (ros2_interfaces_tutorial) StdoutLine: {'line': b'-- Up-to-date symlink: /home/jewoo/ros2_ws/install/ros2_interfaces_tutorial/share/ros2_interfaces_tutorial/local_setup.sh\n'}
[3.522444] (ros2_interfaces_tutorial) StdoutLine: {'line': b'-- Up-to-date symlink: /home/jewoo/ros2_ws/install/ros2_interfaces_tutorial/share/ros2_interfaces_tutorial/local_setup.zsh\n'}
[3.522692] (ros2_interfaces_tutorial) StdoutLine: {'line': b'-- Up-to-date symlink: /home/jewoo/ros2_ws/install/ros2_interfaces_tutorial/share/ros2_interfaces_tutorial/local_setup.dsv\n'}
[3.522999] (ros2_interfaces_tutorial) StdoutLine: {'line': b'-- Symlinking: /home/jewoo/ros2_ws/install/ros2_interfaces_tutorial/share/ros2_interfaces_tutorial/package.dsv\n'}
[3.537525] (ros2_interfaces_tutorial) StdoutLine: {'line': b'-- Up-to-date symlink: /home/jewoo/ros2_ws/install/ros2_interfaces_tutorial/share/ament_index/resource_index/packages/ros2_interfaces_tutorial\n'}
[3.537872] (ros2_interfaces_tutorial) StdoutLine: {'line': b'-- Up-to-date symlink: /home/jewoo/ros2_ws/install/ros2_interfaces_tutorial/share/ros2_interfaces_tutorial/cmake/rosidl_cmake-extras.cmake\n'}
[3.538349] (ros2_interfaces_tutorial) StdoutLine: {'line': b'-- Up-to-date symlink: /home/jewoo/ros2_ws/install/ros2_interfaces_tutorial/share/ros2_interfaces_tutorial/cmake/ament_cmake_export_dependencies-extras.cmake\n'}
[3.538636] (ros2_interfaces_tutorial) StdoutLine: {'line': b'-- Up-to-date symlink: /home/jewoo/ros2_ws/install/ros2_interfaces_tutorial/share/ros2_interfaces_tutorial/cmake/ament_cmake_export_include_directories-extras.cmake\n'}
[3.538962] (ros2_interfaces_tutorial) StdoutLine: {'line': b'-- Up-to-date symlink: /home/jewoo/ros2_ws/install/ros2_interfaces_tutorial/share/ros2_interfaces_tutorial/cmake/ament_cmake_export_libraries-extras.cmake\n'}
[3.539239] (ros2_interfaces_tutorial) StdoutLine: {'line': b'-- Up-to-date symlink: /home/jewoo/ros2_ws/install/ros2_interfaces_tutorial/share/ros2_interfaces_tutorial/cmake/ament_cmake_export_targets-extras.cmake\n'}
[3.539488] (ros2_interfaces_tutorial) StdoutLine: {'line': b'-- Up-to-date symlink: /home/jewoo/ros2_ws/install/ros2_interfaces_tutorial/share/ros2_interfaces_tutorial/cmake/rosidl_cmake_export_typesupport_targets-extras.cmake\n'}
[3.539793] (ros2_interfaces_tutorial) StdoutLine: {'line': b'-- Up-to-date symlink: /home/jewoo/ros2_ws/install/ros2_interfaces_tutorial/share/ros2_interfaces_tutorial/cmake/rosidl_cmake_export_typesupport_libraries-extras.cmake\n'}
[3.540054] (ros2_interfaces_tutorial) StdoutLine: {'line': b'-- Up-to-date symlink: /home/jewoo/ros2_ws/install/ros2_interfaces_tutorial/share/ros2_interfaces_tutorial/cmake/ros2_interfaces_tutorialConfig.cmake\n'}
[3.540274] (ros2_interfaces_tutorial) StdoutLine: {'line': b'-- Up-to-date symlink: /home/jewoo/ros2_ws/install/ros2_interfaces_tutorial/share/ros2_interfaces_tutorial/cmake/ros2_interfaces_tutorialConfig-version.cmake\n'}
[3.540460] (ros2_interfaces_tutorial) StdoutLine: {'line': b'-- Up-to-date symlink: /home/jewoo/ros2_ws/install/ros2_interfaces_tutorial/share/ros2_interfaces_tutorial/package.xml\n'}
[3.540945] (ros2_interfaces_tutorial) StdoutLine: {'line': b'-- Up-to-date: /home/jewoo/ros2_ws/install/ros2_interfaces_tutorial/lib/libros2_interfaces_tutorial__rosidl_generator_c.so\n'}
[3.541605] (ros2_interfaces_tutorial) StdoutLine: {'line': b'-- Up-to-date: /home/jewoo/ros2_ws/install/ros2_interfaces_tutorial/lib/libros2_interfaces_tutorial__rosidl_typesupport_fastrtps_c.so\n'}
[3.542312] (ros2_interfaces_tutorial) StdoutLine: {'line': b'-- Up-to-date: /home/jewoo/ros2_ws/install/ros2_interfaces_tutorial/lib/libros2_interfaces_tutorial__rosidl_typesupport_fastrtps_cpp.so\n'}
[3.543013] (ros2_interfaces_tutorial) StdoutLine: {'line': b'-- Up-to-date: /home/jewoo/ros2_ws/install/ros2_interfaces_tutorial/lib/libros2_interfaces_tutorial__rosidl_typesupport_introspection_c.so\n'}
[3.543610] (ros2_interfaces_tutorial) StdoutLine: {'line': b'-- Up-to-date: /home/jewoo/ros2_ws/install/ros2_interfaces_tutorial/lib/libros2_interfaces_tutorial__rosidl_typesupport_c.so\n'}
[3.544321] (ros2_interfaces_tutorial) StdoutLine: {'line': b'-- Up-to-date: /home/jewoo/ros2_ws/install/ros2_interfaces_tutorial/lib/libros2_interfaces_tutorial__rosidl_typesupport_introspection_cpp.so\n'}
[3.545101] (ros2_interfaces_tutorial) StdoutLine: {'line': b'-- Up-to-date: /home/jewoo/ros2_ws/install/ros2_interfaces_tutorial/lib/libros2_interfaces_tutorial__rosidl_typesupport_cpp.so\n'}
[3.603319] (ros2_interfaces_tutorial) StdoutLine: {'line': b"Listing '/home/jewoo/ros2_ws/install/ros2_interfaces_tutorial/local/lib/python3.10/dist-packages/ros2_interfaces_tutorial'...\n"}
[3.603526] (ros2_interfaces_tutorial) StdoutLine: {'line': b"Compiling '/home/jewoo/ros2_ws/install/ros2_interfaces_tutorial/local/lib/python3.10/dist-packages/ros2_interfaces_tutorial/__init__.py'...\n"}
[3.603644] (ros2_interfaces_tutorial) StdoutLine: {'line': b"Listing '/home/jewoo/ros2_ws/install/ros2_interfaces_tutorial/local/lib/python3.10/dist-packages/ros2_interfaces_tutorial/msg'...\n"}
[3.603794] (ros2_interfaces_tutorial) StdoutLine: {'line': b"Listing '/home/jewoo/ros2_ws/install/ros2_interfaces_tutorial/local/lib/python3.10/dist-packages/ros2_interfaces_tutorial/srv'...\n"}
[3.606688] (-) TimerEvent: {}
[3.610457] (ros2_interfaces_tutorial) StdoutLine: {'line': b'-- Up-to-date: /home/jewoo/ros2_ws/install/ros2_interfaces_tutorial/lib/libros2_interfaces_tutorial__rosidl_generator_py.so\n'}
[3.610965] (ros2_interfaces_tutorial) StdoutLine: {'line': b'-- Up-to-date: /home/jewoo/ros2_ws/install/ros2_interfaces_tutorial/share/ros2_interfaces_tutorial/cmake/export_ros2_interfaces_tutorial__rosidl_generator_cExport.cmake\n'}
[3.611200] (ros2_interfaces_tutorial) StdoutLine: {'line': b'-- Up-to-date: /home/jewoo/ros2_ws/install/ros2_interfaces_tutorial/share/ros2_interfaces_tutorial/cmake/export_ros2_interfaces_tutorial__rosidl_generator_cExport-relwithdebinfo.cmake\n'}
[3.611443] (ros2_interfaces_tutorial) StdoutLine: {'line': b'-- Up-to-date: /home/jewoo/ros2_ws/install/ros2_interfaces_tutorial/share/ros2_interfaces_tutorial/cmake/export_ros2_interfaces_tutorial__rosidl_typesupport_fastrtps_cExport.cmake\n'}
[3.611726] (ros2_interfaces_tutorial) StdoutLine: {'line': b'-- Up-to-date: /home/jewoo/ros2_ws/install/ros2_interfaces_tutorial/share/ros2_interfaces_tutorial/cmake/export_ros2_interfaces_tutorial__rosidl_typesupport_fastrtps_cExport-relwithdebinfo.cmake\n'}
[3.612072] (ros2_interfaces_tutorial) StdoutLine: {'line': b'-- Up-to-date: /home/jewoo/ros2_ws/install/ros2_interfaces_tutorial/share/ros2_interfaces_tutorial/cmake/export_ros2_interfaces_tutorial__rosidl_generator_cppExport.cmake\n'}
[3.612273] (ros2_interfaces_tutorial) StdoutLine: {'line': b'-- Up-to-date: /home/jewoo/ros2_ws/install/ros2_interfaces_tutorial/share/ros2_interfaces_tutorial/cmake/export_ros2_interfaces_tutorial__rosidl_typesupport_fastrtps_cppExport.cmake\n'}
[3.612475] (ros2_interfaces_tutorial) StdoutLine: {'line': b'-- Up-to-date: /home/jewoo/ros2_ws/install/ros2_interfaces_tutorial/share/ros2_interfaces_tutorial/cmake/export_ros2_interfaces_tutorial__rosidl_typesupport_fastrtps_cppExport-relwithdebinfo.cmake\n'}
[3.612694] (ros2_interfaces_tutorial) StdoutLine: {'line': b'-- Up-to-date: /home/jewoo/ros2_ws/install/ros2_interfaces_tutorial/share/ros2_interfaces_tutorial/cmake/ros2_interfaces_tutorial__rosidl_typesupport_introspection_cExport.cmake\n'}
[3.613050] (ros2_interfaces_tutorial) StdoutLine: {'line': b'-- Up-to-date: /home/jewoo/ros2_ws/install/ros2_interfaces_tutorial/share/ros2_interfaces_tutorial/cmake/ros2_interfaces_tutorial__rosidl_typesupport_introspection_cExport-relwithdebinfo.cmake\n'}
[3.613279] (ros2_interfaces_tutorial) StdoutLine: {'line': b'-- Up-to-date: /home/jewoo/ros2_ws/install/ros2_interfaces_tutorial/share/ros2_interfaces_tutorial/cmake/ros2_interfaces_tutorial__rosidl_typesupport_cExport.cmake\n'}
[3.613481] (ros2_interfaces_tutorial) StdoutLine: {'line': b'-- Up-to-date: /home/jewoo/ros2_ws/install/ros2_interfaces_tutorial/share/ros2_interfaces_tutorial/cmake/ros2_interfaces_tutorial__rosidl_typesupport_cExport-relwithdebinfo.cmake\n'}
[3.613759] (ros2_interfaces_tutorial) StdoutLine: {'line': b'-- Up-to-date: /home/jewoo/ros2_ws/install/ros2_interfaces_tutorial/share/ros2_interfaces_tutorial/cmake/ros2_interfaces_tutorial__rosidl_typesupport_introspection_cppExport.cmake\n'}
[3.613933] (ros2_interfaces_tutorial) StdoutLine: {'line': b'-- Up-to-date: /home/jewoo/ros2_ws/install/ros2_interfaces_tutorial/share/ros2_interfaces_tutorial/cmake/ros2_interfaces_tutorial__rosidl_typesupport_introspection_cppExport-relwithdebinfo.cmake\n'}
[3.614098] (ros2_interfaces_tutorial) StdoutLine: {'line': b'-- Up-to-date: /home/jewoo/ros2_ws/install/ros2_interfaces_tutorial/share/ros2_interfaces_tutorial/cmake/ros2_interfaces_tutorial__rosidl_typesupport_cppExport.cmake\n'}
[3.614261] (ros2_interfaces_tutorial) StdoutLine: {'line': b'-- Up-to-date: /home/jewoo/ros2_ws/install/ros2_interfaces_tutorial/share/ros2_interfaces_tutorial/cmake/ros2_interfaces_tutorial__rosidl_typesupport_cppExport-relwithdebinfo.cmake\n'}
[3.614429] (ros2_interfaces_tutorial) StdoutLine: {'line': b'-- Up-to-date: /home/jewoo/ros2_ws/install/ros2_interfaces_tutorial/share/ros2_interfaces_tutorial/cmake/export_ros2_interfaces_tutorial__rosidl_generator_pyExport.cmake\n'}
[3.614595] (ros2_interfaces_tutorial) StdoutLine: {'line': b'-- Up-to-date: /home/jewoo/ros2_ws/install/ros2_interfaces_tutorial/share/ros2_interfaces_tutorial/cmake/export_ros2_interfaces_tutorial__rosidl_generator_pyExport-relwithdebinfo.cmake\n'}
[3.616558] (ros2_interfaces_tutorial) CommandEnded: {'returncode': 0}
[3.706789] (-) TimerEvent: {}
[3.807473] (-) TimerEvent: {}
[3.820654] (ros2_interfaces_tutorial) JobEnded: {'identifier': 'ros2_interfaces_tutorial', 'rc': 0}
[3.823299] (ros2_cpp_tutorial) JobStarted: {'identifier': 'ros2_cpp_tutorial'}
[3.838235] (ros2_cpp_tutorial) JobProgress: {'identifier': 'ros2_cpp_tutorial', 'progress': 'cmake'}
[3.839332] (ros2_cpp_tutorial) JobProgress: {'identifier': 'ros2_cpp_tutorial', 'progress': 'build'}
[3.839748] (ros2_cpp_tutorial) Command: {'cmd': ['/usr/bin/cmake', '--build', '/home/jewoo/ros2_ws/build/ros2_cpp_tutorial', '--', '-j12', '-l12'], 'cwd': '/home/jewoo/ros2_ws/build/ros2_cpp_tutorial', 'env': OrderedDict([('GJS_DEBUG_TOPICS', 'JS ERROR;JS LOG'), ('LESSOPEN', '| /usr/bin/lesspipe %s'), ('VSCODE_CWD', '/home/jewoo'), ('LANGUAGE', 'ko:en'), ('USER', 'jewoo'), ('SNAP_COMMON', '/var/snap/code/common'), ('LC_TIME', 'ko_KR.UTF-8'), ('VSCODE_NLS_CONFIG', '{"userLocale":"ko","osLocale":"ko","resolvedLanguage":"en","defaultMessagesFile":"/snap/code/172/usr/share/code/resources/app/out/nls.messages.json","locale":"ko","availableLanguages":{}}'), ('GIO_MODULE_DIR', '/home/jewoo/snap/code/common/.cache/gio-modules'), ('VSCODE_HANDLES_UNCAUGHT_ERRORS', 'true'), ('XDG_SESSION_TYPE', 'x11'), ('GTK_EXE_PREFIX_VSCODE_SNAP_ORIG', ''), ('GDK_BACKEND_VSCODE_SNAP_ORIG', ''), ('SNAP_UID', '1000'), ('SHLVL', '0'), ('LD_LIBRARY_PATH', '/home/jewoo/ros2_ws/install/ros2_interfaces_tutorial/lib:/opt/ros/humble/opt/rviz_ogre_vendor/lib:/opt/ros/humble/lib/x86_64-linux-gnu:/opt/ros/humble/lib:/home/jewoo/ros2_ws/install/tutorial_interface/lib:/usr/lib/x86_64-linux-gnu'), ('HOME', '/home/jewoo'), ('CHROME_DESKTOP', 'code-url-handler.desktop'), ('SNAP_LIBRARY_PATH', '/var/lib/snapd/lib/gl:/var/lib/snapd/lib/gl32:/var/lib/snapd/void'), ('LOCPATH_VSCODE_SNAP_ORIG', ''), ('TERM_PROGRAM_VERSION', '1.94.2'), ('DESKTOP_SESSION', 'ubuntu'), ('SNAP_USER_DATA', '/home/jewoo/snap/code/172'), ('GTK_PATH', '/snap/code/172/usr/lib/x86_64-linux-gnu/gtk-3.0'), ('VSCODE_IPC_HOOK', '/run/user/1000/vscode-c8a6cc9a-1.94-main.sock'), ('GTK_IM_MODULE_FILE', '/home/jewoo/snap/code/common/.cache/immodules/immodules.cache'), ('GIO_LAUNCHED_DESKTOP_FILE', '/var/lib/snapd/desktop/applications/code_code.desktop'), ('APPLICATION_INSIGHTS_NO_DIAGNOSTIC_CHANNEL', '1'), ('ROS_PYTHON_VERSION', '3'), ('GNOME_SHELL_SESSION_MODE', 'ubuntu'), ('GTK_MODULES', 'gail:atk-bridge'), ('GSETTINGS_SCHEMA_DIR_VSCODE_SNAP_ORIG', ''), ('LC_MONETARY', 'ko_KR.UTF-8'), ('MANAGERPID', '1002'), ('SYSTEMD_EXEC_PID', '1565'), ('DBUS_SESSION_BUS_ADDRESS', 'unix:path=/run/user/1000/bus'), ('SNAP_REVISION', '172'), ('COLORTERM', 'truecolor'), ('GIO_LAUNCHED_DESKTOP_FILE_PID', '9547'), ('_colcon_cd_root', '/opt/ros/humble/'), ('VSCODE_CRASH_REPORTER_PROCESS_TYPE', 'extensionHost'), ('IM_CONFIG_PHASE', '1'), ('VSCODE_L10N_BUNDLE_LOCATION', ''), ('COLCON_PREFIX_PATH', '/home/jewoo/ros2_ws/install'), ('ROS_DISTRO', 'humble'), ('GTK_IM_MODULE', 'ibus'), ('LOGNAME', 'jewoo'), ('_', '/usr/bin/colcon'), ('SNAP_CONTEXT', 'W-QB9fLAu5WdpjVnIpsu6mTwo8l3HaXd8SiYcr_Q7JKZzAJNKDmt'), ('SUMO_HOME', '/usr/share/sumo'), ('JOURNAL_STREAM', '8:10736'), ('ROS_VERSION', '2'), ('XDG_CONFIG_DIRS_VSCODE_SNAP_ORIG', '/etc/xdg/xdg-ubuntu:/etc/xdg'), ('XDG_SESSION_CLASS', 'user'), ('SNAP_VERSION', '384ff738'), ('XDG_DATA_DIRS_VSCODE_SNAP_ORIG', '/usr/share/ubuntu:/usr/share/gnome:/usr/local/share/:/usr/share/:/var/lib/snapd/desktop'), ('USERNAME', 'jewoo'), ('TERM', 'xterm-256color'), ('GNOME_DESKTOP_SESSION_ID', 'this-is-deprecated'), ('SNAP_INSTANCE_NAME', 'code'), ('ROS_LOCALHOST_ONLY', '0'), ('WINDOWPATH', '2'), ('PATH', '/home/jewoo/.local/bin:/opt/ros/humble/bin:/home/jewoo/.local/bin:/home/jewoo/.local/bin:/home/jewoo/anaconda3/bin:/home/jewoo/anaconda3/condabin:/home/jewoo/.local/bin:/usr/local/sbin:/usr/local/bin:/usr/sbin:/usr/bin:/sbin:/bin:/usr/games:/usr/local/games:/snap/bin:/snap/bin'), ('SESSION_MANAGER', 'local/jewoo-System-Product-Name:@/tmp/.ICE-unix/1505,unix/jewoo-System-Product-Name:/tmp/.ICE-unix/1505'), ('VSCODE_AMD_ENTRYPOINT', 'vs/workbench/api/node/extensionHostProcess'), ('GTK_EXE_PREFIX', '/snap/code/172/usr'), ('INVOCATION_ID', '605e65c35052471c9b3b30b84372df85'), ('PAPERSIZE', 'a4'), ('XDG_MENU_PREFIX', 'gnome-'), ('LC_ADDRESS', 'ko_KR.UTF-8'), ('BAMF_DESKTOP_FILE_HINT', '/var/lib/snapd/desktop/applications/code_code.desktop'), ('SNAP_DATA', '/var/snap/code/172'), ('XDG_RUNTIME_DIR', '/run/user/1000'), ('GDK_BACKEND', 'x11'), ('DISPLAY', ':0'), ('LOCPATH', '/snap/code/172/usr/lib/locale'), ('LANG', 'ko_KR.UTF-8'), ('XDG_CURRENT_DESKTOP', 'Unity'), ('LC_TELEPHONE', 'ko_KR.UTF-8'), ('GIO_MODULE_DIR_VSCODE_SNAP_ORIG', ''), ('XMODIFIERS', '@im=ibus'), ('XDG_SESSION_DESKTOP', 'ubuntu'), ('XAUTHORITY', '/run/user/1000/gdm/Xauthority'), ('LS_COLORS', ''), ('TERM_PROGRAM', 'vscode'), ('SSH_AGENT_LAUNCHER', 'gnome-keyring'), ('SNAP_USER_COMMON', '/home/jewoo/snap/code/common'), ('SSH_AUTH_SOCK', '/run/user/1000/keyring/ssh'), ('GSETTINGS_SCHEMA_DIR', '/home/jewoo/snap/code/172/.local/share/glib-2.0/schemas'), ('SNAP_ARCH', 'amd64'), ('AMENT_PREFIX_PATH', '/home/jewoo/ros2_ws/install/ros2_interfaces_tutorial:/opt/ros/humble:/home/jewoo/ros2_ws/install/tutorial_interface:/home/jewoo/ros2_ws/install/ros2_python_tutorial:/home/jewoo/ros2_ws/install/ros2_cpp_tutorial'), ('SNAP_COOKIE', 'W-QB9fLAu5WdpjVnIpsu6mTwo8l3HaXd8SiYcr_Q7JKZzAJNKDmt'), ('ORIGINAL_XDG_CURRENT_DESKTOP', 'ubuntu:GNOME'), ('SHELL', '/bin/bash'), ('LC_NAME', 'ko_KR.UTF-8'), ('GDK_PIXBUF_MODULEDIR', '/snap/code/172/usr/lib/x86_64-linux-gnu/gdk-pixbuf-2.0/2.10.0/loaders'), ('QT_ACCESSIBILITY', '1'), ('ELECTRON_RUN_AS_NODE', '1'), ('GDMSESSION', 'ubuntu'), ('LESSCLOSE', '/usr/bin/lesspipe %s %s'), ('GTK_PATH_VSCODE_SNAP_ORIG', ''), ('SNAP_NAME', 'code'), ('GTK_IM_MODULE_FILE_VSCODE_SNAP_ORIG', ''), ('LC_MEASUREMENT', 'ko_KR.UTF-8'), ('GDK_PIXBUF_MODULE_FILE', '/home/jewoo/snap/code/common/.cache/gdk-pixbuf-loaders.cache'), ('GPG_AGENT_INFO', '/run/user/1000/gnupg/S.gpg-agent:0:1'), ('GJS_DEBUG_OUTPUT', 'stderr'), ('LC_IDENTIFICATION', 'ko_KR.UTF-8'), ('SNAP_LAUNCHER_ARCH_TRIPLET', 'x86_64-linux-gnu'), ('QT_IM_MODULE', 'ibus'), ('PWD', '/home/jewoo/ros2_ws/build/ros2_cpp_tutorial'), ('VSCODE_CLI', '1'), ('LC_ALL', 'en_US.UTF-8'), ('XDG_CONFIG_DIRS', '/etc/xdg/xdg-ubuntu:/etc/xdg'), ('SNAP_REAL_HOME', '/home/jewoo'), ('VSCODE_CODE_CACHE_PATH', '/home/jewoo/.config/Code/CachedData/384ff7382de624fb94dbaf6da11977bba1ecd427'), ('XDG_DATA_DIRS', '/home/jewoo/snap/code/172/.local/share:/home/jewoo/snap/code/172:/snap/code/172/usr/share:/usr/share/ubuntu:/usr/share/gnome:/usr/local/share/:/usr/share/:/var/lib/snapd/desktop'), ('SNAP_EUID', '1000'), ('PYTHONPATH', '/home/jewoo/ros2_ws/install/ros2_interfaces_tutorial/local/lib/python3.10/dist-packages:/opt/ros/humble/lib/python3.10/site-packages:/opt/ros/humble/local/lib/python3.10/dist-packages:/home/jewoo/ros2_ws/install/tutorial_interface/local/lib/python3.10/dist-packages:/home/jewoo/ros2_ws/build/ros2_python_tutorial:/home/jewoo/ros2_ws/install/ros2_python_tutorial/lib/python3.10/site-packages'), ('SNAP', '/snap/code/172'), ('LC_NUMERIC', 'ko_KR.UTF-8'), ('LC_PAPER', 'ko_KR.UTF-8'), ('COLCON', '1'), ('ELECTRON_NO_ATTACH_CONSOLE', '1'), ('CMAKE_PREFIX_PATH', '/home/jewoo/ros2_ws/install/ros2_interfaces_tutorial:/home/jewoo/ros2_ws/install/tutorial_interface:/home/jewoo/ros2_ws/install/ros2_cpp_tutorial:/opt/ros/humble:/home/jewoo/ros2_ws/install/ros2_python_tutorial'), ('VSCODE_PID', '9594')]), 'shell': False}
[3.883253] (ros2_cpp_tutorial) StdoutLine: {'line': b'-- Found ament_cmake: 1.3.10 (/opt/ros/humble/share/ament_cmake/cmake)\n'}
[3.907611] (-) TimerEvent: {}
[4.007906] (-) TimerEvent: {}
[4.096490] (ros2_cpp_tutorial) StdoutLine: {'line': b'-- Override CMake install command with custom implementation using symlinks instead of copying resources\n'}
[4.108010] (-) TimerEvent: {}
[4.109205] (ros2_cpp_tutorial) StdoutLine: {'line': b'-- Found rclcpp: 16.0.10 (/opt/ros/humble/share/rclcpp/cmake)\n'}
[4.160232] (ros2_cpp_tutorial) StdoutLine: {'line': b'-- Found rosidl_generator_c: 3.1.5 (/opt/ros/humble/share/rosidl_generator_c/cmake)\n'}
[4.165279] (ros2_cpp_tutorial) StdoutLine: {'line': b'-- Found rosidl_adapter: 3.1.5 (/opt/ros/humble/share/rosidl_adapter/cmake)\n'}
[4.175658] (ros2_cpp_tutorial) StdoutLine: {'line': b'-- Found rosidl_generator_cpp: 3.1.5 (/opt/ros/humble/share/rosidl_generator_cpp/cmake)\n'}
[4.193768] (ros2_cpp_tutorial) StdoutLine: {'line': b'-- Using all available rosidl_typesupport_c: rosidl_typesupport_fastrtps_c;rosidl_typesupport_introspection_c\n'}
[4.208150] (-) TimerEvent: {}
[4.217119] (ros2_cpp_tutorial) StdoutLine: {'line': b'-- Using all available rosidl_typesupport_cpp: rosidl_typesupport_fastrtps_cpp;rosidl_typesupport_introspection_cpp\n'}
[4.282001] (ros2_cpp_tutorial) StdoutLine: {'line': b'-- Found rmw_implementation_cmake: 6.1.2 (/opt/ros/humble/share/rmw_implementation_cmake/cmake)\n'}
[4.284332] (ros2_cpp_tutorial) StdoutLine: {'line': b'-- Found rmw_fastrtps_cpp: 6.2.7 (/opt/ros/humble/share/rmw_fastrtps_cpp/cmake)\n'}
[4.308292] (-) TimerEvent: {}
[4.408604] (-) TimerEvent: {}
[4.475789] (ros2_cpp_tutorial) StdoutLine: {'line': b"-- Using RMW implementation 'rmw_fastrtps_cpp' as default\n"}
[4.508749] (-) TimerEvent: {}
[4.575459] (ros2_cpp_tutorial) StdoutLine: {'line': b'-- Found example_interfaces: 0.9.3 (/opt/ros/humble/share/example_interfaces/cmake)\n'}
[4.608855] (-) TimerEvent: {}
[4.656390] (ros2_cpp_tutorial) StdoutLine: {'line': b'-- Found ros2_interfaces_tutorial: 0.0.0 (/home/jewoo/ros2_ws/install/ros2_interfaces_tutorial/share/ros2_interfaces_tutorial/cmake)\n'}
[4.708986] (-) TimerEvent: {}
[4.717226] (ros2_cpp_tutorial) StdoutLine: {'line': b'-- Found ament_lint_auto: 0.12.11 (/opt/ros/humble/share/ament_lint_auto/cmake)\n'}
[4.809124] (-) TimerEvent: {}
[4.852200] (ros2_cpp_tutorial) StdoutLine: {'line': b"-- Added test 'cppcheck' to perform static code analysis on C / C++ code\n"}
[4.852731] (ros2_cpp_tutorial) StdoutLine: {'line': b'-- Configured cppcheck include dirs: $<BUILD_INTERFACE:/home/jewoo/ros2_ws/src/ros2_cpp_tutorial/include>\n'}
[4.852985] (ros2_cpp_tutorial) StdoutLine: {'line': b'-- Configured cppcheck exclude dirs and/or files: \n'}
[4.853160] (ros2_cpp_tutorial) StdoutLine: {'line': b"-- Added test 'lint_cmake' to check CMake code style\n"}
[4.855037] (ros2_cpp_tutorial) StdoutLine: {'line': b"-- Added test 'uncrustify' to check C / C++ code style\n"}
[4.855284] (ros2_cpp_tutorial) StdoutLine: {'line': b'-- Configured uncrustify additional arguments: \n'}
[4.855711] (ros2_cpp_tutorial) StdoutLine: {'line': b"-- Added test 'xmllint' to check XML markup files\n"}
[4.857574] (ros2_cpp_tutorial) StdoutLine: {'line': b'-- Configuring done\n'}
[4.893042] (ros2_cpp_tutorial) StdoutLine: {'line': b'-- Generating done\n'}
[4.896247] (ros2_cpp_tutorial) StdoutLine: {'line': b'-- Build files have been written to: /home/jewoo/ros2_ws/build/ros2_cpp_tutorial\n'}
[4.909272] (-) TimerEvent: {}
[4.939483] (ros2_cpp_tutorial) StdoutLine: {'line': b'\x1b[35m\x1b[1mConsolidate compiler generated dependencies of target cpp_node\x1b[0m\n'}
[4.939832] (ros2_cpp_tutorial) StdoutLine: {'line': b'\x1b[35m\x1b[1mConsolidate compiler generated dependencies of target talker\x1b[0m\n'}
[4.940220] (ros2_cpp_tutorial) StdoutLine: {'line': b'\x1b[35m\x1b[1mConsolidate compiler generated dependencies of target listener\x1b[0m\n'}
[4.957898] (ros2_cpp_tutorial) StdoutLine: {'line': b'[ 12%] \x1b[32mBuilding CXX object CMakeFiles/custom_msg_publisher.dir/src/custom_msg_publisher.cpp.o\x1b[0m\n'}
[4.959244] (ros2_cpp_tutorial) StdoutLine: {'line': b'[ 37%] Built target cpp_node\n'}
[4.975761] (ros2_cpp_tutorial) StdoutLine: {'line': b'[ 62%] Built target talker\n'}
[4.977993] (ros2_cpp_tutorial) StdoutLine: {'line': b'[ 87%] Built target listener\n'}
[5.009417] (-) TimerEvent: {}
[5.109820] (-) TimerEvent: {}
[5.210166] (-) TimerEvent: {}
[5.310560] (-) TimerEvent: {}
[5.410888] (-) TimerEvent: {}
[5.511251] (-) TimerEvent: {}
[5.611600] (-) TimerEvent: {}
[5.711926] (-) TimerEvent: {}
[5.812234] (-) TimerEvent: {}
[5.912540] (-) TimerEvent: {}
[6.012867] (-) TimerEvent: {}
[6.113251] (-) TimerEvent: {}
[6.213602] (-) TimerEvent: {}
[6.313918] (-) TimerEvent: {}
[6.414268] (-) TimerEvent: {}
[6.514616] (-) TimerEvent: {}
[6.614949] (-) TimerEvent: {}
[6.715304] (-) TimerEvent: {}
[6.815787] (-) TimerEvent: {}
[6.916275] (-) TimerEvent: {}
[7.016612] (-) TimerEvent: {}
[7.117026] (-) TimerEvent: {}
[7.217436] (-) TimerEvent: {}
[7.317786] (-) TimerEvent: {}
[7.418119] (-) TimerEvent: {}
[7.518471] (-) TimerEvent: {}
[7.618790] (-) TimerEvent: {}
[7.719133] (-) TimerEvent: {}
[7.819485] (-) TimerEvent: {}
[7.919792] (-) TimerEvent: {}
[8.020160] (-) TimerEvent: {}
[8.120555] (-) TimerEvent: {}
[8.220917] (-) TimerEvent: {}
[8.321279] (-) TimerEvent: {}
[8.421622] (-) TimerEvent: {}
[8.521952] (-) TimerEvent: {}
[8.622326] (-) TimerEvent: {}
[8.722694] (-) TimerEvent: {}
[8.823005] (-) TimerEvent: {}
[8.923357] (-) TimerEvent: {}
[9.023732] (-) TimerEvent: {}
[9.124171] (-) TimerEvent: {}
[9.224521] (-) TimerEvent: {}
[9.324906] (-) TimerEvent: {}
[9.425304] (-) TimerEvent: {}
[9.525711] (-) TimerEvent: {}
[9.626057] (-) TimerEvent: {}
[9.726442] (-) TimerEvent: {}
[9.826779] (-) TimerEvent: {}
[9.927176] (-) TimerEvent: {}
[10.027525] (-) TimerEvent: {}
[10.127914] (-) TimerEvent: {}
[10.228340] (-) TimerEvent: {}
[10.328697] (-) TimerEvent: {}
[10.429049] (-) TimerEvent: {}
[10.529439] (-) TimerEvent: {}
[10.629847] (-) TimerEvent: {}
[10.730235] (-) TimerEvent: {}
[10.830633] (-) TimerEvent: {}
[10.931026] (-) TimerEvent: {}
[11.031443] (-) TimerEvent: {}
[11.131845] (-) TimerEvent: {}
[11.232207] (-) TimerEvent: {}
[11.332596] (-) TimerEvent: {}
[11.432986] (-) TimerEvent: {}
[11.533393] (-) TimerEvent: {}
[11.633780] (-) TimerEvent: {}
[11.734169] (-) TimerEvent: {}
[11.834570] (-) TimerEvent: {}
[11.934938] (-) TimerEvent: {}
[12.035291] (-) TimerEvent: {}
[12.135692] (-) TimerEvent: {}
[12.236092] (-) TimerEvent: {}
[12.336491] (-) TimerEvent: {}
[12.436907] (-) TimerEvent: {}
[12.537310] (-) TimerEvent: {}
[12.637768] (-) TimerEvent: {}
[12.738227] (-) TimerEvent: {}
[12.838665] (-) TimerEvent: {}
[12.939025] (-) TimerEvent: {}
[13.039383] (-) TimerEvent: {}
[13.139755] (-) TimerEvent: {}
[13.240074] (-) TimerEvent: {}
[13.340446] (-) TimerEvent: {}
[13.440754] (-) TimerEvent: {}
[13.541136] (-) TimerEvent: {}
[13.641463] (-) TimerEvent: {}
[13.741800] (-) TimerEvent: {}
[13.842114] (-) TimerEvent: {}
[13.942489] (-) TimerEvent: {}
[14.042783] (-) TimerEvent: {}
[14.143130] (-) TimerEvent: {}
[14.243468] (-) TimerEvent: {}
[14.343821] (-) TimerEvent: {}
[14.444192] (-) TimerEvent: {}
[14.544596] (-) TimerEvent: {}
[14.644951] (-) TimerEvent: {}
[14.745300] (-) TimerEvent: {}
[14.845722] (-) TimerEvent: {}
[14.946117] (-) TimerEvent: {}
[15.046482] (-) TimerEvent: {}
[15.146788] (-) TimerEvent: {}
[15.247139] (-) TimerEvent: {}
[15.347495] (-) TimerEvent: {}
[15.447822] (-) TimerEvent: {}
[15.548164] (-) TimerEvent: {}
[15.648464] (-) TimerEvent: {}
[15.748744] (-) TimerEvent: {}
[15.849075] (-) TimerEvent: {}
[15.949417] (-) TimerEvent: {}
[16.049773] (-) TimerEvent: {}
[16.150116] (-) TimerEvent: {}
[16.250560] (-) TimerEvent: {}
[16.308922] (ros2_cpp_tutorial) StdoutLine: {'line': b'[100%] \x1b[32m\x1b[1mLinking CXX executable custom_msg_publisher\x1b[0m\n'}
[16.350696] (-) TimerEvent: {}
[16.451087] (-) TimerEvent: {}
[16.551550] (-) TimerEvent: {}
[16.571483] (ros2_cpp_tutorial) StdoutLine: {'line': b'[100%] Built target custom_msg_publisher\n'}
[16.591033] (ros2_cpp_tutorial) CommandEnded: {'returncode': 0}
[16.651278] (ros2_cpp_tutorial) JobProgress: {'identifier': 'ros2_cpp_tutorial', 'progress': 'install'}
[16.653465] (ros2_cpp_tutorial) Command: {'cmd': ['/usr/bin/cmake', '--install', '/home/jewoo/ros2_ws/build/ros2_cpp_tutorial'], 'cwd': '/home/jewoo/ros2_ws/build/ros2_cpp_tutorial', 'env': OrderedDict([('GJS_DEBUG_TOPICS', 'JS ERROR;JS LOG'), ('LESSOPEN', '| /usr/bin/lesspipe %s'), ('VSCODE_CWD', '/home/jewoo'), ('LANGUAGE', 'ko:en'), ('USER', 'jewoo'), ('SNAP_COMMON', '/var/snap/code/common'), ('LC_TIME', 'ko_KR.UTF-8'), ('VSCODE_NLS_CONFIG', '{"userLocale":"ko","osLocale":"ko","resolvedLanguage":"en","defaultMessagesFile":"/snap/code/172/usr/share/code/resources/app/out/nls.messages.json","locale":"ko","availableLanguages":{}}'), ('GIO_MODULE_DIR', '/home/jewoo/snap/code/common/.cache/gio-modules'), ('VSCODE_HANDLES_UNCAUGHT_ERRORS', 'true'), ('XDG_SESSION_TYPE', 'x11'), ('GTK_EXE_PREFIX_VSCODE_SNAP_ORIG', ''), ('GDK_BACKEND_VSCODE_SNAP_ORIG', ''), ('SNAP_UID', '1000'), ('SHLVL', '0'), ('LD_LIBRARY_PATH', '/home/jewoo/ros2_ws/install/ros2_interfaces_tutorial/lib:/opt/ros/humble/opt/rviz_ogre_vendor/lib:/opt/ros/humble/lib/x86_64-linux-gnu:/opt/ros/humble/lib:/home/jewoo/ros2_ws/install/tutorial_interface/lib:/usr/lib/x86_64-linux-gnu'), ('HOME', '/home/jewoo'), ('CHROME_DESKTOP', 'code-url-handler.desktop'), ('SNAP_LIBRARY_PATH', '/var/lib/snapd/lib/gl:/var/lib/snapd/lib/gl32:/var/lib/snapd/void'), ('LOCPATH_VSCODE_SNAP_ORIG', ''), ('TERM_PROGRAM_VERSION', '1.94.2'), ('DESKTOP_SESSION', 'ubuntu'), ('SNAP_USER_DATA', '/home/jewoo/snap/code/172'), ('GTK_PATH', '/snap/code/172/usr/lib/x86_64-linux-gnu/gtk-3.0'), ('VSCODE_IPC_HOOK', '/run/user/1000/vscode-c8a6cc9a-1.94-main.sock'), ('GTK_IM_MODULE_FILE', '/home/jewoo/snap/code/common/.cache/immodules/immodules.cache'), ('GIO_LAUNCHED_DESKTOP_FILE', '/var/lib/snapd/desktop/applications/code_code.desktop'), ('APPLICATION_INSIGHTS_NO_DIAGNOSTIC_CHANNEL', '1'), ('ROS_PYTHON_VERSION', '3'), ('GNOME_SHELL_SESSION_MODE', 'ubuntu'), ('GTK_MODULES', 'gail:atk-bridge'), ('GSETTINGS_SCHEMA_DIR_VSCODE_SNAP_ORIG', ''), ('LC_MONETARY', 'ko_KR.UTF-8'), ('MANAGERPID', '1002'), ('SYSTEMD_EXEC_PID', '1565'), ('DBUS_SESSION_BUS_ADDRESS', 'unix:path=/run/user/1000/bus'), ('SNAP_REVISION', '172'), ('COLORTERM', 'truecolor'), ('GIO_LAUNCHED_DESKTOP_FILE_PID', '9547'), ('_colcon_cd_root', '/opt/ros/humble/'), ('VSCODE_CRASH_REPORTER_PROCESS_TYPE', 'extensionHost'), ('IM_CONFIG_PHASE', '1'), ('VSCODE_L10N_BUNDLE_LOCATION', ''), ('COLCON_PREFIX_PATH', '/home/jewoo/ros2_ws/install'), ('ROS_DISTRO', 'humble'), ('GTK_IM_MODULE', 'ibus'), ('LOGNAME', 'jewoo'), ('_', '/usr/bin/colcon'), ('SNAP_CONTEXT', 'W-QB9fLAu5WdpjVnIpsu6mTwo8l3HaXd8SiYcr_Q7JKZzAJNKDmt'), ('SUMO_HOME', '/usr/share/sumo'), ('JOURNAL_STREAM', '8:10736'), ('ROS_VERSION', '2'), ('XDG_CONFIG_DIRS_VSCODE_SNAP_ORIG', '/etc/xdg/xdg-ubuntu:/etc/xdg'), ('XDG_SESSION_CLASS', 'user'), ('SNAP_VERSION', '384ff738'), ('XDG_DATA_DIRS_VSCODE_SNAP_ORIG', '/usr/share/ubuntu:/usr/share/gnome:/usr/local/share/:/usr/share/:/var/lib/snapd/desktop'), ('USERNAME', 'jewoo'), ('TERM', 'xterm-256color'), ('GNOME_DESKTOP_SESSION_ID', 'this-is-deprecated'), ('SNAP_INSTANCE_NAME', 'code'), ('ROS_LOCALHOST_ONLY', '0'), ('WINDOWPATH', '2'), ('PATH', '/home/jewoo/.local/bin:/opt/ros/humble/bin:/home/jewoo/.local/bin:/home/jewoo/.local/bin:/home/jewoo/anaconda3/bin:/home/jewoo/anaconda3/condabin:/home/jewoo/.local/bin:/usr/local/sbin:/usr/local/bin:/usr/sbin:/usr/bin:/sbin:/bin:/usr/games:/usr/local/games:/snap/bin:/snap/bin'), ('SESSION_MANAGER', 'local/jewoo-System-Product-Name:@/tmp/.ICE-unix/1505,unix/jewoo-System-Product-Name:/tmp/.ICE-unix/1505'), ('VSCODE_AMD_ENTRYPOINT', 'vs/workbench/api/node/extensionHostProcess'), ('GTK_EXE_PREFIX', '/snap/code/172/usr'), ('INVOCATION_ID', '605e65c35052471c9b3b30b84372df85'), ('PAPERSIZE', 'a4'), ('XDG_MENU_PREFIX', 'gnome-'), ('LC_ADDRESS', 'ko_KR.UTF-8'), ('BAMF_DESKTOP_FILE_HINT', '/var/lib/snapd/desktop/applications/code_code.desktop'), ('SNAP_DATA', '/var/snap/code/172'), ('XDG_RUNTIME_DIR', '/run/user/1000'), ('GDK_BACKEND', 'x11'), ('DISPLAY', ':0'), ('LOCPATH', '/snap/code/172/usr/lib/locale'), ('LANG', 'ko_KR.UTF-8'), ('XDG_CURRENT_DESKTOP', 'Unity'), ('LC_TELEPHONE', 'ko_KR.UTF-8'), ('GIO_MODULE_DIR_VSCODE_SNAP_ORIG', ''), ('XMODIFIERS', '@im=ibus'), ('XDG_SESSION_DESKTOP', 'ubuntu'), ('XAUTHORITY', '/run/user/1000/gdm/Xauthority'), ('LS_COLORS', ''), ('TERM_PROGRAM', 'vscode'), ('SSH_AGENT_LAUNCHER', 'gnome-keyring'), ('SNAP_USER_COMMON', '/home/jewoo/snap/code/common'), ('SSH_AUTH_SOCK', '/run/user/1000/keyring/ssh'), ('GSETTINGS_SCHEMA_DIR', '/home/jewoo/snap/code/172/.local/share/glib-2.0/schemas'), ('SNAP_ARCH', 'amd64'), ('AMENT_PREFIX_PATH', '/home/jewoo/ros2_ws/install/ros2_interfaces_tutorial:/opt/ros/humble:/home/jewoo/ros2_ws/install/tutorial_interface:/home/jewoo/ros2_ws/install/ros2_python_tutorial:/home/jewoo/ros2_ws/install/ros2_cpp_tutorial'), ('SNAP_COOKIE', 'W-QB9fLAu5WdpjVnIpsu6mTwo8l3HaXd8SiYcr_Q7JKZzAJNKDmt'), ('ORIGINAL_XDG_CURRENT_DESKTOP', 'ubuntu:GNOME'), ('SHELL', '/bin/bash'), ('LC_NAME', 'ko_KR.UTF-8'), ('GDK_PIXBUF_MODULEDIR', '/snap/code/172/usr/lib/x86_64-linux-gnu/gdk-pixbuf-2.0/2.10.0/loaders'), ('QT_ACCESSIBILITY', '1'), ('ELECTRON_RUN_AS_NODE', '1'), ('GDMSESSION', 'ubuntu'), ('LESSCLOSE', '/usr/bin/lesspipe %s %s'), ('GTK_PATH_VSCODE_SNAP_ORIG', ''), ('SNAP_NAME', 'code'), ('GTK_IM_MODULE_FILE_VSCODE_SNAP_ORIG', ''), ('LC_MEASUREMENT', 'ko_KR.UTF-8'), ('GDK_PIXBUF_MODULE_FILE', '/home/jewoo/snap/code/common/.cache/gdk-pixbuf-loaders.cache'), ('GPG_AGENT_INFO', '/run/user/1000/gnupg/S.gpg-agent:0:1'), ('GJS_DEBUG_OUTPUT', 'stderr'), ('LC_IDENTIFICATION', 'ko_KR.UTF-8'), ('SNAP_LAUNCHER_ARCH_TRIPLET', 'x86_64-linux-gnu'), ('QT_IM_MODULE', 'ibus'), ('PWD', '/home/jewoo/ros2_ws/build/ros2_cpp_tutorial'), ('VSCODE_CLI', '1'), ('LC_ALL', 'en_US.UTF-8'), ('XDG_CONFIG_DIRS', '/etc/xdg/xdg-ubuntu:/etc/xdg'), ('SNAP_REAL_HOME', '/home/jewoo'), ('VSCODE_CODE_CACHE_PATH', '/home/jewoo/.config/Code/CachedData/384ff7382de624fb94dbaf6da11977bba1ecd427'), ('XDG_DATA_DIRS', '/home/jewoo/snap/code/172/.local/share:/home/jewoo/snap/code/172:/snap/code/172/usr/share:/usr/share/ubuntu:/usr/share/gnome:/usr/local/share/:/usr/share/:/var/lib/snapd/desktop'), ('SNAP_EUID', '1000'), ('PYTHONPATH', '/home/jewoo/ros2_ws/install/ros2_interfaces_tutorial/local/lib/python3.10/dist-packages:/opt/ros/humble/lib/python3.10/site-packages:/opt/ros/humble/local/lib/python3.10/dist-packages:/home/jewoo/ros2_ws/install/tutorial_interface/local/lib/python3.10/dist-packages:/home/jewoo/ros2_ws/build/ros2_python_tutorial:/home/jewoo/ros2_ws/install/ros2_python_tutorial/lib/python3.10/site-packages'), ('SNAP', '/snap/code/172'), ('LC_NUMERIC', 'ko_KR.UTF-8'), ('LC_PAPER', 'ko_KR.UTF-8'), ('COLCON', '1'), ('ELECTRON_NO_ATTACH_CONSOLE', '1'), ('CMAKE_PREFIX_PATH', '/home/jewoo/ros2_ws/install/ros2_interfaces_tutorial:/home/jewoo/ros2_ws/install/tutorial_interface:/home/jewoo/ros2_ws/install/ros2_cpp_tutorial:/opt/ros/humble:/home/jewoo/ros2_ws/install/ros2_python_tutorial'), ('VSCODE_PID', '9594')]), 'shell': False}
[16.654533] (-) TimerEvent: {}
[16.664468] (ros2_cpp_tutorial) StdoutLine: {'line': b'-- Install configuration: "RelWithDebInfo"\n'}
[16.665460] (ros2_cpp_tutorial) StdoutLine: {'line': b'-- Execute custom install script\n'}
[16.666220] (ros2_cpp_tutorial) StdoutLine: {'line': b'-- Up-to-date symlink: /home/jewoo/ros2_ws/install/ros2_cpp_tutorial/lib/ros2_cpp_tutorial/talker\n'}
[16.666794] (ros2_cpp_tutorial) StdoutLine: {'line': b'-- Up-to-date symlink: /home/jewoo/ros2_ws/install/ros2_cpp_tutorial/lib/ros2_cpp_tutorial/listener\n'}
[16.667360] (ros2_cpp_tutorial) StdoutLine: {'line': b'-- Symlinking: /home/jewoo/ros2_ws/install/ros2_cpp_tutorial/lib/ros2_cpp_tutorial/custom_msg_publisher\n'}
[16.681974] (ros2_cpp_tutorial) StdoutLine: {'line': b'-- Up-to-date symlink: /home/jewoo/ros2_ws/install/ros2_cpp_tutorial/lib/ros2_cpp_tutorial/cpp_node\n'}
[16.682337] (ros2_cpp_tutorial) StdoutLine: {'line': b'-- Up-to-date symlink: /home/jewoo/ros2_ws/install/ros2_cpp_tutorial/share/ament_index/resource_index/package_run_dependencies/ros2_cpp_tutorial\n'}
[16.682575] (ros2_cpp_tutorial) StdoutLine: {'line': b'-- Up-to-date symlink: /home/jewoo/ros2_ws/install/ros2_cpp_tutorial/share/ament_index/resource_index/parent_prefix_path/ros2_cpp_tutorial\n'}
[16.682823] (ros2_cpp_tutorial) StdoutLine: {'line': b'-- Up-to-date symlink: /home/jewoo/ros2_ws/install/ros2_cpp_tutorial/share/ros2_cpp_tutorial/environment/ament_prefix_path.sh\n'}
[16.683070] (ros2_cpp_tutorial) StdoutLine: {'line': b'-- Up-to-date symlink: /home/jewoo/ros2_ws/install/ros2_cpp_tutorial/share/ros2_cpp_tutorial/environment/ament_prefix_path.dsv\n'}
[16.683315] (ros2_cpp_tutorial) StdoutLine: {'line': b'-- Up-to-date symlink: /home/jewoo/ros2_ws/install/ros2_cpp_tutorial/share/ros2_cpp_tutorial/environment/path.sh\n'}
[16.683548] (ros2_cpp_tutorial) StdoutLine: {'line': b'-- Up-to-date symlink: /home/jewoo/ros2_ws/install/ros2_cpp_tutorial/share/ros2_cpp_tutorial/environment/path.dsv\n'}
[16.683836] (ros2_cpp_tutorial) StdoutLine: {'line': b'-- Up-to-date symlink: /home/jewoo/ros2_ws/install/ros2_cpp_tutorial/share/ros2_cpp_tutorial/local_setup.bash\n'}
[16.684072] (ros2_cpp_tutorial) StdoutLine: {'line': b'-- Up-to-date symlink: /home/jewoo/ros2_ws/install/ros2_cpp_tutorial/share/ros2_cpp_tutorial/local_setup.sh\n'}
[16.684304] (ros2_cpp_tutorial) StdoutLine: {'line': b'-- Up-to-date symlink: /home/jewoo/ros2_ws/install/ros2_cpp_tutorial/share/ros2_cpp_tutorial/local_setup.zsh\n'}
[16.684521] (ros2_cpp_tutorial) StdoutLine: {'line': b'-- Up-to-date symlink: /home/jewoo/ros2_ws/install/ros2_cpp_tutorial/share/ros2_cpp_tutorial/local_setup.dsv\n'}
[16.684895] (ros2_cpp_tutorial) StdoutLine: {'line': b'-- Symlinking: /home/jewoo/ros2_ws/install/ros2_cpp_tutorial/share/ros2_cpp_tutorial/package.dsv\n'}
[16.698997] (ros2_cpp_tutorial) StdoutLine: {'line': b'-- Up-to-date symlink: /home/jewoo/ros2_ws/install/ros2_cpp_tutorial/share/ament_index/resource_index/packages/ros2_cpp_tutorial\n'}
[16.699349] (ros2_cpp_tutorial) StdoutLine: {'line': b'-- Up-to-date symlink: /home/jewoo/ros2_ws/install/ros2_cpp_tutorial/share/ros2_cpp_tutorial/cmake/ros2_cpp_tutorialConfig.cmake\n'}
[16.699599] (ros2_cpp_tutorial) StdoutLine: {'line': b'-- Up-to-date symlink: /home/jewoo/ros2_ws/install/ros2_cpp_tutorial/share/ros2_cpp_tutorial/cmake/ros2_cpp_tutorialConfig-version.cmake\n'}
[16.699832] (ros2_cpp_tutorial) StdoutLine: {'line': b'-- Up-to-date symlink: /home/jewoo/ros2_ws/install/ros2_cpp_tutorial/share/ros2_cpp_tutorial/package.xml\n'}
[16.702685] (ros2_cpp_tutorial) CommandEnded: {'returncode': 0}
[16.754663] (-) TimerEvent: {}
[16.784214] (ros2_cpp_tutorial) JobEnded: {'identifier': 'ros2_cpp_tutorial', 'rc': 0}
[16.785322] (-) EventReactorShutdown: {}
