-- The C compiler identification is GNU 11.4.0
-- The CXX compiler identification is GNU 11.4.0
-- Detecting C compiler ABI info
-- Detecting C compiler ABI info - done
-- Check for working C compiler: /usr/bin/cc - skipped
-- Detecting C compile features
-- Detecting C compile features - done
-- Detecting CXX compiler ABI info
-- Detecting CXX compiler ABI info - done
-- Check for working CXX compiler: /usr/bin/c++ - skipped
-- Detecting CXX compile features
-- Detecting CXX compile features - done
-- Found ament_cmake: 1.3.10 (/opt/ros/humble/share/ament_cmake/cmake)
-- Found Python3: /usr/bin/python3 (found version "3.10.12") found components: Interpreter 
-- Override CMake install command with custom implementation using symlinks instead of copying resources
-- Found rclcpp: 16.0.10 (/opt/ros/humble/share/rclcpp/cmake)
-- Found rosidl_generator_c: 3.1.5 (/opt/ros/humble/share/rosidl_generator_c/cmake)
-- Found rosidl_adapter: 3.1.5 (/opt/ros/humble/share/rosidl_adapter/cmake)
-- Found rosidl_generator_cpp: 3.1.5 (/opt/ros/humble/share/rosidl_generator_cpp/cmake)
-- Using all available rosidl_typesupport_c: rosidl_typesupport_fastrtps_c;rosidl_typesupport_introspection_c
-- Using all available rosidl_typesupport_cpp: rosidl_typesupport_fastrtps_cpp;rosidl_typesupport_introspection_cpp
-- Found rmw_implementation_cmake: 6.1.2 (/opt/ros/humble/share/rmw_implementation_cmake/cmake)
-- Found rmw_fastrtps_cpp: 6.2.7 (/opt/ros/humble/share/rmw_fastrtps_cpp/cmake)
-- Found OpenSSL: /usr/lib/x86_64-linux-gnu/libcrypto.so (found version "3.0.2")  
-- Found FastRTPS: /opt/ros/humble/include  
-- Using RMW implementation 'rmw_fastrtps_cpp' as default
-- Looking for pthread.h
-- Looking for pthread.h - found
-- Performing Test CMAKE_HAVE_LIBC_PTHREAD
-- Performing Test CMAKE_HAVE_LIBC_PTHREAD - Success
-- Found Threads: TRUE  
-- Found example_interfaces: 0.9.3 (/opt/ros/humble/share/example_interfaces/cmake)
-- Found std_srvs: 4.2.4 (/opt/ros/humble/share/std_srvs/cmake)
-- Found ros2_interfaces_tutorial: 0.0.0 (/home/jewoo/ros2_ws/src/install/ros2_interfaces_tutorial/share/ros2_interfaces_tutorial/cmake)
-- Found ament_lint_auto: 0.12.11 (/opt/ros/humble/share/ament_lint_auto/cmake)
-- Added test 'cppcheck' to perform static code analysis on C / C++ code
-- Configured cppcheck include dirs: $<BUILD_INTERFACE:/home/jewoo/ros2_ws/src/ros2_cpp_tutorial/include>
-- Configured cppcheck exclude dirs and/or files: 
-- Added test 'flake8' to check Python code syntax and style conventions
-- Added test 'lint_cmake' to check CMake code style
-- Added test 'pep257' to check Python code against some of the docstring style conventions in PEP 257
-- Added test 'uncrustify' to check C / C++ code style
-- Configured uncrustify additional arguments: 
-- Added test 'xmllint' to check XML markup files
-- Configuring done
-- Generating done
-- Build files have been written to: /home/jewoo/ros2_ws/src/build/ros2_cpp_tutorial
[  8%] [32mBuilding CXX object CMakeFiles/p1_publisher.dir/src/p1_publisher.cpp.o[0m
[  8%] [32mBuilding CXX object CMakeFiles/p1_subscriber.dir/src/p1_subscriber.cpp.o[0m
[ 12%] [32mBuilding CXX object CMakeFiles/listener.dir/src/subscriber_member_function.cpp.o[0m
[ 20%] [32mBuilding CXX object CMakeFiles/led_service.dir/src/toggle_led_service.cpp.o[0m
[ 20%] [32mBuilding CXX object CMakeFiles/slow_agent.dir/src/p2_slow_agent.cpp.o[0m
[ 25%] [32mBuilding CXX object CMakeFiles/custom_msg_publisher.dir/src/custom_msg_publisher.cpp.o[0m
[ 29%] [32mBuilding CXX object CMakeFiles/fast_agent.dir/src/p2_fast_agent.cpp.o[0m
[ 37%] [32mBuilding CXX object CMakeFiles/client.dir/src/add_two_ints_client.cpp.o[0m
[ 37%] [32mBuilding CXX object CMakeFiles/server.dir/src/add_two_ints_server.cpp.o[0m
[ 41%] [32mBuilding CXX object CMakeFiles/cpp_node.dir/src/cpp_node.cpp.o[0m
[ 45%] [32mBuilding CXX object CMakeFiles/talker.dir/src/publisher_member_function.cpp.o[0m
[ 50%] [32mBuilding CXX object CMakeFiles/led_client.dir/src/toggle_led_client.cpp.o[0m
[ 54%] [32m[1mLinking CXX executable cpp_node[0m
[ 54%] Built target cpp_node
[ 58%] [32m[1mLinking CXX executable server[0m
[ 58%] Built target server
[ 62%] [32m[1mLinking CXX executable led_service[0m
[ 66%] [32m[1mLinking CXX executable led_client[0m
[ 70%] [32m[1mLinking CXX executable client[0m
[ 70%] Built target led_service
[ 70%] Built target led_client
[ 70%] Built target client
[ 75%] [32m[1mLinking CXX executable p1_publisher[0m
[ 75%] Built target p1_publisher
[ 79%] [32m[1mLinking CXX executable talker[0m
[ 83%] [32m[1mLinking CXX executable custom_msg_publisher[0m
[ 83%] Built target talker
[ 83%] Built target custom_msg_publisher
[ 87%] [32m[1mLinking CXX executable p1_subscriber[0m
[ 87%] Built target p1_subscriber
[ 91%] [32m[1mLinking CXX executable listener[0m
[ 95%] [32m[1mLinking CXX executable slow_agent[0m
[100%] [32m[1mLinking CXX executable fast_agent[0m
[100%] Built target listener
[100%] Built target slow_agent
[100%] Built target fast_agent
-- Install configuration: ""
-- Execute custom install script
-- Symlinking: /home/jewoo/ros2_ws/src/install/ros2_cpp_tutorial/lib/ros2_cpp_tutorial/talker
-- Symlinking: /home/jewoo/ros2_ws/src/install/ros2_cpp_tutorial/lib/ros2_cpp_tutorial/listener
-- Symlinking: /home/jewoo/ros2_ws/src/install/ros2_cpp_tutorial/lib/ros2_cpp_tutorial/p1_publisher
-- Symlinking: /home/jewoo/ros2_ws/src/install/ros2_cpp_tutorial/lib/ros2_cpp_tutorial/p1_subscriber
-- Symlinking: /home/jewoo/ros2_ws/src/install/ros2_cpp_tutorial/lib/ros2_cpp_tutorial/fast_agent
-- Symlinking: /home/jewoo/ros2_ws/src/install/ros2_cpp_tutorial/lib/ros2_cpp_tutorial/slow_agent
-- Symlinking: /home/jewoo/ros2_ws/src/install/ros2_cpp_tutorial/lib/ros2_cpp_tutorial/custom_msg_publisher
-- Symlinking: /home/jewoo/ros2_ws/src/install/ros2_cpp_tutorial/lib/ros2_cpp_tutorial/server
-- Symlinking: /home/jewoo/ros2_ws/src/install/ros2_cpp_tutorial/lib/ros2_cpp_tutorial/client
-- Symlinking: /home/jewoo/ros2_ws/src/install/ros2_cpp_tutorial/lib/ros2_cpp_tutorial/led_client
-- Symlinking: /home/jewoo/ros2_ws/src/install/ros2_cpp_tutorial/lib/ros2_cpp_tutorial/led_service
-- Symlinking: /home/jewoo/ros2_ws/src/install/ros2_cpp_tutorial/lib/ros2_cpp_tutorial/cpp_node
-- Symlinking: /home/jewoo/ros2_ws/src/install/ros2_cpp_tutorial/share/ros2_cpp_tutorial/launch/turtlesim_mimic_launch.py
-- Symlinking: /home/jewoo/ros2_ws/src/install/ros2_cpp_tutorial/share/ament_index/resource_index/package_run_dependencies/ros2_cpp_tutorial
-- Symlinking: /home/jewoo/ros2_ws/src/install/ros2_cpp_tutorial/share/ament_index/resource_index/parent_prefix_path/ros2_cpp_tutorial
-- Symlinking: /home/jewoo/ros2_ws/src/install/ros2_cpp_tutorial/share/ros2_cpp_tutorial/environment/ament_prefix_path.sh
-- Symlinking: /home/jewoo/ros2_ws/src/install/ros2_cpp_tutorial/share/ros2_cpp_tutorial/environment/ament_prefix_path.dsv
-- Symlinking: /home/jewoo/ros2_ws/src/install/ros2_cpp_tutorial/share/ros2_cpp_tutorial/environment/path.sh
-- Symlinking: /home/jewoo/ros2_ws/src/install/ros2_cpp_tutorial/share/ros2_cpp_tutorial/environment/path.dsv
-- Symlinking: /home/jewoo/ros2_ws/src/install/ros2_cpp_tutorial/share/ros2_cpp_tutorial/local_setup.bash
-- Symlinking: /home/jewoo/ros2_ws/src/install/ros2_cpp_tutorial/share/ros2_cpp_tutorial/local_setup.sh
-- Symlinking: /home/jewoo/ros2_ws/src/install/ros2_cpp_tutorial/share/ros2_cpp_tutorial/local_setup.zsh
-- Symlinking: /home/jewoo/ros2_ws/src/install/ros2_cpp_tutorial/share/ros2_cpp_tutorial/local_setup.dsv
-- Symlinking: /home/jewoo/ros2_ws/src/install/ros2_cpp_tutorial/share/ros2_cpp_tutorial/package.dsv
-- Symlinking: /home/jewoo/ros2_ws/src/install/ros2_cpp_tutorial/share/ament_index/resource_index/packages/ros2_cpp_tutorial
-- Symlinking: /home/jewoo/ros2_ws/src/install/ros2_cpp_tutorial/share/ros2_cpp_tutorial/cmake/ros2_cpp_tutorialConfig.cmake
-- Symlinking: /home/jewoo/ros2_ws/src/install/ros2_cpp_tutorial/share/ros2_cpp_tutorial/cmake/ros2_cpp_tutorialConfig-version.cmake
-- Symlinking: /home/jewoo/ros2_ws/src/install/ros2_cpp_tutorial/share/ros2_cpp_tutorial/package.xml
