[0.015s] Invoking command in '/home/jewoo/ros2_ws/build/ros2_cpp_tutorial': CMAKE_PREFIX_PATH=/home/jewoo/ros2_ws/install/ros2_interfaces_tutorial:/home/jewoo/ros2_ws/install/ros2_cpp_tutorial:/opt/ros/humble:/home/jewoo/ros2_ws/install/ros2_python_tutorial LD_LIBRARY_PATH=/home/jewoo/ros2_ws/install/ros2_interfaces_tutorial/lib:/usr/lib/x86_64-linux-gnu:/usr/lib/x86_64-linux-gnu:/usr/lib/x86_64-linux-gnu:/usr/lib/x86_64-linux-gnu:/usr/lib/x86_64-linux-gnu:/usr/lib/x86_64-linux-gnu:/usr/lib/x86_64-linux-gnu:/usr/lib/x86_64-linux-gnu:/usr/lib/x86_64-linux-gnu/gazebo-11/plugins:/opt/ros/humble/opt/rviz_ogre_vendor/lib:/opt/ros/humble/lib/x86_64-linux-gnu:/opt/ros/humble/lib:/usr/lib/x86_64-linux-gnu /usr/bin/cmake --build /home/jewoo/ros2_ws/build/ros2_cpp_tutorial -- -j12 -l12
[0.129s] [  6%] Built target listener
[0.130s] [ 12%] Built target talker
[0.130s] [ 18%] Built target p1_publisher
[0.132s] [ 31%] Built target slow_agent
[0.132s] [ 31%] Built target client
[0.132s] [ 37%] Built target cpp_node
[0.132s] [ 43%] Built target p1_subscriber
[0.132s] [ 50%] Built target custom_msg_publisher
[0.135s] [ 56%] Built target led_client
[0.136s] [ 62%] Built target server
[0.138s] [ 68%] Built target led_service
[0.140s] [ 75%] Built target fast_agent
[0.167s] [ 81%] Built target turtlebot_controller
[0.169s] [ 87%] Built target minimal_param_node
[0.171s] [100%] Built target turtlebot_visualizer
[0.171s] [100%] Built target square
[0.189s] Invoked command in '/home/jewoo/ros2_ws/build/ros2_cpp_tutorial' returned '0': CMAKE_PREFIX_PATH=/home/jewoo/ros2_ws/install/ros2_interfaces_tutorial:/home/jewoo/ros2_ws/install/ros2_cpp_tutorial:/opt/ros/humble:/home/jewoo/ros2_ws/install/ros2_python_tutorial LD_LIBRARY_PATH=/home/jewoo/ros2_ws/install/ros2_interfaces_tutorial/lib:/usr/lib/x86_64-linux-gnu:/usr/lib/x86_64-linux-gnu:/usr/lib/x86_64-linux-gnu:/usr/lib/x86_64-linux-gnu:/usr/lib/x86_64-linux-gnu:/usr/lib/x86_64-linux-gnu:/usr/lib/x86_64-linux-gnu:/usr/lib/x86_64-linux-gnu:/usr/lib/x86_64-linux-gnu/gazebo-11/plugins:/opt/ros/humble/opt/rviz_ogre_vendor/lib:/opt/ros/humble/lib/x86_64-linux-gnu:/opt/ros/humble/lib:/usr/lib/x86_64-linux-gnu /usr/bin/cmake --build /home/jewoo/ros2_ws/build/ros2_cpp_tutorial -- -j12 -l12
[0.292s] Invoking command in '/home/jewoo/ros2_ws/build/ros2_cpp_tutorial': CMAKE_PREFIX_PATH=/home/jewoo/ros2_ws/install/ros2_interfaces_tutorial:/home/jewoo/ros2_ws/install/ros2_cpp_tutorial:/opt/ros/humble:/home/jewoo/ros2_ws/install/ros2_python_tutorial LD_LIBRARY_PATH=/home/jewoo/ros2_ws/install/ros2_interfaces_tutorial/lib:/usr/lib/x86_64-linux-gnu:/usr/lib/x86_64-linux-gnu:/usr/lib/x86_64-linux-gnu:/usr/lib/x86_64-linux-gnu:/usr/lib/x86_64-linux-gnu:/usr/lib/x86_64-linux-gnu:/usr/lib/x86_64-linux-gnu:/usr/lib/x86_64-linux-gnu:/usr/lib/x86_64-linux-gnu/gazebo-11/plugins:/opt/ros/humble/opt/rviz_ogre_vendor/lib:/opt/ros/humble/lib/x86_64-linux-gnu:/opt/ros/humble/lib:/usr/lib/x86_64-linux-gnu /usr/bin/cmake --install /home/jewoo/ros2_ws/build/ros2_cpp_tutorial
[0.305s] -- Install configuration: ""
[0.306s] -- Execute custom install script
[0.307s] -- Up-to-date symlink: /home/jewoo/ros2_ws/install/ros2_cpp_tutorial/lib/ros2_cpp_tutorial/talker
[0.307s] -- Up-to-date symlink: /home/jewoo/ros2_ws/install/ros2_cpp_tutorial/lib/ros2_cpp_tutorial/listener
[0.308s] -- Up-to-date symlink: /home/jewoo/ros2_ws/install/ros2_cpp_tutorial/lib/ros2_cpp_tutorial/p1_publisher
[0.308s] -- Up-to-date symlink: /home/jewoo/ros2_ws/install/ros2_cpp_tutorial/lib/ros2_cpp_tutorial/p1_subscriber
[0.309s] -- Up-to-date symlink: /home/jewoo/ros2_ws/install/ros2_cpp_tutorial/lib/ros2_cpp_tutorial/fast_agent
[0.309s] -- Up-to-date symlink: /home/jewoo/ros2_ws/install/ros2_cpp_tutorial/lib/ros2_cpp_tutorial/slow_agent
[0.310s] -- Up-to-date symlink: /home/jewoo/ros2_ws/install/ros2_cpp_tutorial/lib/ros2_cpp_tutorial/custom_msg_publisher
[0.310s] -- Up-to-date symlink: /home/jewoo/ros2_ws/install/ros2_cpp_tutorial/lib/ros2_cpp_tutorial/server
[0.310s] -- Up-to-date symlink: /home/jewoo/ros2_ws/install/ros2_cpp_tutorial/lib/ros2_cpp_tutorial/client
[0.311s] -- Up-to-date symlink: /home/jewoo/ros2_ws/install/ros2_cpp_tutorial/lib/ros2_cpp_tutorial/led_client
[0.311s] -- Up-to-date symlink: /home/jewoo/ros2_ws/install/ros2_cpp_tutorial/lib/ros2_cpp_tutorial/led_service
[0.312s] -- Up-to-date symlink: /home/jewoo/ros2_ws/install/ros2_cpp_tutorial/lib/ros2_cpp_tutorial/cpp_node
[0.312s] -- Up-to-date symlink: /home/jewoo/ros2_ws/install/ros2_cpp_tutorial/lib/ros2_cpp_tutorial/turtlebot_controller
[0.312s] -- Up-to-date symlink: /home/jewoo/ros2_ws/install/ros2_cpp_tutorial/lib/ros2_cpp_tutorial/square
[0.313s] -- Up-to-date symlink: /home/jewoo/ros2_ws/install/ros2_cpp_tutorial/lib/ros2_cpp_tutorial/minimal_param_node
[0.313s] -- Up-to-date symlink: /home/jewoo/ros2_ws/install/ros2_cpp_tutorial/lib/ros2_cpp_tutorial/turtlebot_visualizer
[0.314s] -- Up-to-date symlink: /home/jewoo/ros2_ws/install/ros2_cpp_tutorial/share/ros2_cpp_tutorial/launch/cpp_parameters_launch.py
[0.314s] -- Up-to-date symlink: /home/jewoo/ros2_ws/install/ros2_cpp_tutorial/share/ros2_cpp_tutorial/launch/multi_turtlebot_control_launch.py
[0.314s] -- Up-to-date symlink: /home/jewoo/ros2_ws/install/ros2_cpp_tutorial/share/ros2_cpp_tutorial/launch/talker_listener_launch.py
[0.314s] -- Up-to-date symlink: /home/jewoo/ros2_ws/install/ros2_cpp_tutorial/share/ros2_cpp_tutorial/launch/turtlebot_control_launch.py
[0.315s] -- Up-to-date symlink: /home/jewoo/ros2_ws/install/ros2_cpp_tutorial/share/ros2_cpp_tutorial/launch/turtlebot_square_control_launch.py
[0.315s] -- Up-to-date symlink: /home/jewoo/ros2_ws/install/ros2_cpp_tutorial/share/ros2_cpp_tutorial/launch/turtlebot_visualization_launch.py
[0.315s] -- Up-to-date symlink: /home/jewoo/ros2_ws/install/ros2_cpp_tutorial/share/ros2_cpp_tutorial/launch/turtlesim_mimic_launch.py
[0.315s] -- Up-to-date symlink: /home/jewoo/ros2_ws/install/ros2_cpp_tutorial/share/ros2_cpp_tutorial/launch/turtlesim_multiple_launch.py
[0.315s] -- Up-to-date symlink: /home/jewoo/ros2_ws/install/ros2_cpp_tutorial/share/ament_index/resource_index/package_run_dependencies/ros2_cpp_tutorial
[0.315s] -- Up-to-date symlink: /home/jewoo/ros2_ws/install/ros2_cpp_tutorial/share/ament_index/resource_index/parent_prefix_path/ros2_cpp_tutorial
[0.316s] -- Up-to-date symlink: /home/jewoo/ros2_ws/install/ros2_cpp_tutorial/share/ros2_cpp_tutorial/environment/ament_prefix_path.sh
[0.316s] -- Up-to-date symlink: /home/jewoo/ros2_ws/install/ros2_cpp_tutorial/share/ros2_cpp_tutorial/environment/ament_prefix_path.dsv
[0.316s] -- Up-to-date symlink: /home/jewoo/ros2_ws/install/ros2_cpp_tutorial/share/ros2_cpp_tutorial/environment/path.sh
[0.317s] -- Up-to-date symlink: /home/jewoo/ros2_ws/install/ros2_cpp_tutorial/share/ros2_cpp_tutorial/environment/path.dsv
[0.317s] -- Up-to-date symlink: /home/jewoo/ros2_ws/install/ros2_cpp_tutorial/share/ros2_cpp_tutorial/local_setup.bash
[0.317s] -- Up-to-date symlink: /home/jewoo/ros2_ws/install/ros2_cpp_tutorial/share/ros2_cpp_tutorial/local_setup.sh
[0.317s] -- Up-to-date symlink: /home/jewoo/ros2_ws/install/ros2_cpp_tutorial/share/ros2_cpp_tutorial/local_setup.zsh
[0.318s] -- Up-to-date symlink: /home/jewoo/ros2_ws/install/ros2_cpp_tutorial/share/ros2_cpp_tutorial/local_setup.dsv
[0.318s] -- Symlinking: /home/jewoo/ros2_ws/install/ros2_cpp_tutorial/share/ros2_cpp_tutorial/package.dsv
[0.330s] -- Up-to-date symlink: /home/jewoo/ros2_ws/install/ros2_cpp_tutorial/share/ament_index/resource_index/packages/ros2_cpp_tutorial
[0.331s] -- Up-to-date symlink: /home/jewoo/ros2_ws/install/ros2_cpp_tutorial/share/ros2_cpp_tutorial/cmake/ros2_cpp_tutorialConfig.cmake
[0.331s] -- Up-to-date symlink: /home/jewoo/ros2_ws/install/ros2_cpp_tutorial/share/ros2_cpp_tutorial/cmake/ros2_cpp_tutorialConfig-version.cmake
[0.331s] -- Up-to-date symlink: /home/jewoo/ros2_ws/install/ros2_cpp_tutorial/share/ros2_cpp_tutorial/package.xml
[0.335s] Invoked command in '/home/jewoo/ros2_ws/build/ros2_cpp_tutorial' returned '0': CMAKE_PREFIX_PATH=/home/jewoo/ros2_ws/install/ros2_interfaces_tutorial:/home/jewoo/ros2_ws/install/ros2_cpp_tutorial:/opt/ros/humble:/home/jewoo/ros2_ws/install/ros2_python_tutorial LD_LIBRARY_PATH=/home/jewoo/ros2_ws/install/ros2_interfaces_tutorial/lib:/usr/lib/x86_64-linux-gnu:/usr/lib/x86_64-linux-gnu:/usr/lib/x86_64-linux-gnu:/usr/lib/x86_64-linux-gnu:/usr/lib/x86_64-linux-gnu:/usr/lib/x86_64-linux-gnu:/usr/lib/x86_64-linux-gnu:/usr/lib/x86_64-linux-gnu:/usr/lib/x86_64-linux-gnu/gazebo-11/plugins:/opt/ros/humble/opt/rviz_ogre_vendor/lib:/opt/ros/humble/lib/x86_64-linux-gnu:/opt/ros/humble/lib:/usr/lib/x86_64-linux-gnu /usr/bin/cmake --install /home/jewoo/ros2_ws/build/ros2_cpp_tutorial
