-- Found ament_cmake: 1.3.10 (/opt/ros/humble/share/ament_cmake/cmake)
-- Override CMake install command with custom implementation using symlinks instead of copying resources
-- Found ament_lint_auto: 0.12.11 (/opt/ros/humble/share/ament_lint_auto/cmake)
-- Found geometry_msgs: 4.2.4 (/opt/ros/humble/share/geometry_msgs/cmake)
-- Found rosidl_generator_c: 3.1.5 (/opt/ros/humble/share/rosidl_generator_c/cmake)
-- Found rosidl_adapter: 3.1.5 (/opt/ros/humble/share/rosidl_adapter/cmake)
-- Found rosidl_generator_cpp: 3.1.5 (/opt/ros/humble/share/rosidl_generator_cpp/cmake)
-- Using all available rosidl_typesupport_c: rosidl_typesupport_fastrtps_c;rosidl_typesupport_introspection_c
-- Using all available rosidl_typesupport_cpp: rosidl_typesupport_fastrtps_cpp;rosidl_typesupport_introspection_cpp
-- Found rosidl_default_generators: 1.2.0 (/opt/ros/humble/share/rosidl_default_generators/cmake)
-- Found ament_cmake_ros: 0.10.0 (/opt/ros/humble/share/ament_cmake_ros/cmake)
-- Using all available rosidl_typesupport_c: rosidl_typesupport_fastrtps_c;rosidl_typesupport_introspection_c
-- Using all available rosidl_typesupport_cpp: rosidl_typesupport_fastrtps_cpp;rosidl_typesupport_introspection_cpp
-- Found python_cmake_module: 0.10.0 (/opt/ros/humble/share/python_cmake_module/cmake)
-- Using PYTHON_EXECUTABLE: /usr/bin/python3
-- Using PYTHON_INCLUDE_DIRS: /usr/include/python3.10
-- Using PYTHON_LIBRARIES: /usr/lib/x86_64-linux-gnu/libpython3.10.so
-- Added test 'lint_cmake' to check CMake code style
-- Added test 'xmllint' to check XML markup files
-- Configuring done
-- Generating done
-- Build files have been written to: /home/jewoo/ros2_ws/build/tutorial_interface
[35m[1mConsolidate compiler generated dependencies of target tutorial_interface__rosidl_generator_c[0m
[  2%] Built target tutorial_interface__cpp
[  4%] [32mBuilding C object CMakeFiles/tutorial_interface__rosidl_generator_c.dir/rosidl_generator_c/tutorial_interface/msg/detail/num__functions.c.o[0m
[  6%] [32mBuilding C object CMakeFiles/tutorial_interface__rosidl_generator_c.dir/rosidl_generator_c/tutorial_interface/srv/detail/add_three_ints__functions.c.o[0m
[  8%] [32mBuilding C object CMakeFiles/tutorial_interface__rosidl_generator_c.dir/rosidl_generator_c/tutorial_interface/msg/detail/sphere__functions.c.o[0m
[35m[1mConsolidate compiler generated dependencies of target tutorial_interface__rosidl_typesupport_cpp[0m
[35m[1mConsolidate compiler generated dependencies of target tutorial_interface__rosidl_typesupport_fastrtps_cpp[0m
[35m[1mConsolidate compiler generated dependencies of target tutorial_interface__rosidl_typesupport_introspection_cpp[0m
[ 10%] [32mBuilding CXX object CMakeFiles/tutorial_interface__rosidl_typesupport_cpp.dir/rosidl_typesupport_cpp/tutorial_interface/msg/sphere__type_support.cpp.o[0m
[ 12%] [32mBuilding CXX object CMakeFiles/tutorial_interface__rosidl_typesupport_cpp.dir/rosidl_typesupport_cpp/tutorial_interface/msg/num__type_support.cpp.o[0m
[ 14%] [32mBuilding CXX object CMakeFiles/tutorial_interface__rosidl_typesupport_cpp.dir/rosidl_typesupport_cpp/tutorial_interface/srv/add_three_ints__type_support.cpp.o[0m
[ 17%] [32mBuilding CXX object CMakeFiles/tutorial_interface__rosidl_typesupport_introspection_cpp.dir/rosidl_typesupport_introspection_cpp/tutorial_interface/msg/detail/sphere__type_support.cpp.o[0m
[ 19%] [32mBuilding CXX object CMakeFiles/tutorial_interface__rosidl_typesupport_fastrtps_cpp.dir/rosidl_typesupport_fastrtps_cpp/tutorial_interface/msg/detail/dds_fastrtps/num__type_support.cpp.o[0m
[ 21%] [32mBuilding CXX object CMakeFiles/tutorial_interface__rosidl_typesupport_fastrtps_cpp.dir/rosidl_typesupport_fastrtps_cpp/tutorial_interface/msg/detail/dds_fastrtps/sphere__type_support.cpp.o[0m
[ 23%] [32mBuilding CXX object CMakeFiles/tutorial_interface__rosidl_typesupport_introspection_cpp.dir/rosidl_typesupport_introspection_cpp/tutorial_interface/msg/detail/num__type_support.cpp.o[0m
[ 25%] [32mBuilding CXX object CMakeFiles/tutorial_interface__rosidl_typesupport_introspection_cpp.dir/rosidl_typesupport_introspection_cpp/tutorial_interface/srv/detail/add_three_ints__type_support.cpp.o[0m
[ 27%] [32mBuilding CXX object CMakeFiles/tutorial_interface__rosidl_typesupport_fastrtps_cpp.dir/rosidl_typesupport_fastrtps_cpp/tutorial_interface/srv/detail/dds_fastrtps/add_three_ints__type_support.cpp.o[0m
[ 29%] [32m[1mLinking C shared library libtutorial_interface__rosidl_generator_c.so[0m
[ 31%] Built target tutorial_interface__rosidl_generator_c
[ 34%] [32m[1mLinking CXX shared library libtutorial_interface__rosidl_typesupport_cpp.so[0m
[ 36%] Built target tutorial_interface__rosidl_typesupport_cpp
[ 38%] [32m[1mLinking CXX shared library libtutorial_interface__rosidl_typesupport_introspection_cpp.so[0m
[ 40%] Built target tutorial_interface__rosidl_typesupport_introspection_cpp
[ 42%] [32m[1mLinking CXX shared library libtutorial_interface__rosidl_typesupport_fastrtps_cpp.so[0m
[ 44%] Built target tutorial_interface__rosidl_typesupport_fastrtps_cpp
