[0.515s] Invoking command in '/home/jewoo/ros2_ws/build/tutorial_interface': CMAKE_PREFIX_PATH=${CMAKE_PREFIX_PATH}:/opt/ros/humble:/home/jewoo/ros2_ws/install/ros2_python_tutorial /usr/bin/cmake /home/jewoo/ros2_ws/src/tutorial_interface -DCMAKE_BUILD_TYPE=RelWithDebInfo -DAMENT_CMAKE_SYMLINK_INSTALL=1 -DCMAKE_INSTALL_PREFIX=/home/jewoo/ros2_ws/install/tutorial_interface
[0.534s] -- Found ament_cmake: 1.3.10 (/opt/ros/humble/share/ament_cmake/cmake)
[0.748s] -- Override CMake install command with custom implementation using symlinks instead of copying resources
[0.764s] -- Found ament_lint_auto: 0.12.11 (/opt/ros/humble/share/ament_lint_auto/cmake)
[0.886s] -- Found geometry_msgs: 4.2.4 (/opt/ros/humble/share/geometry_msgs/cmake)
[0.934s] -- Found rosidl_generator_c: 3.1.5 (/opt/ros/humble/share/rosidl_generator_c/cmake)
[0.939s] -- Found rosidl_adapter: 3.1.5 (/opt/ros/humble/share/rosidl_adapter/cmake)
[0.949s] -- Found rosidl_generator_cpp: 3.1.5 (/opt/ros/humble/share/rosidl_generator_cpp/cmake)
[0.968s] -- Using all available rosidl_typesupport_c: rosidl_typesupport_fastrtps_c;rosidl_typesupport_introspection_c
[0.992s] -- Using all available rosidl_typesupport_cpp: rosidl_typesupport_fastrtps_cpp;rosidl_typesupport_introspection_cpp
[1.090s] -- Found rosidl_default_generators: 1.2.0 (/opt/ros/humble/share/rosidl_default_generators/cmake)
[1.618s] -- Found ament_cmake_ros: 0.10.0 (/opt/ros/humble/share/ament_cmake_ros/cmake)
[2.448s] -- Using all available rosidl_typesupport_c: rosidl_typesupport_fastrtps_c;rosidl_typesupport_introspection_c
[2.784s] -- Using all available rosidl_typesupport_cpp: rosidl_typesupport_fastrtps_cpp;rosidl_typesupport_introspection_cpp
[2.827s] -- Found python_cmake_module: 0.10.0 (/opt/ros/humble/share/python_cmake_module/cmake)
[2.869s] -- Using PYTHON_EXECUTABLE: /usr/bin/python3
[2.870s] -- Using PYTHON_INCLUDE_DIRS: /usr/include/python3.10
[2.870s] -- Using PYTHON_LIBRARIES: /usr/lib/x86_64-linux-gnu/libpython3.10.so
[2.986s] -- Added test 'lint_cmake' to check CMake code style
[2.989s] -- Added test 'xmllint' to check XML markup files
[3.001s] -- Configuring done
[3.084s] -- Generating done
[3.091s] -- Build files have been written to: /home/jewoo/ros2_ws/build/tutorial_interface
[3.106s] Invoked command in '/home/jewoo/ros2_ws/build/tutorial_interface' returned '0': CMAKE_PREFIX_PATH=${CMAKE_PREFIX_PATH}:/opt/ros/humble:/home/jewoo/ros2_ws/install/ros2_python_tutorial /usr/bin/cmake /home/jewoo/ros2_ws/src/tutorial_interface -DCMAKE_BUILD_TYPE=RelWithDebInfo -DAMENT_CMAKE_SYMLINK_INSTALL=1 -DCMAKE_INSTALL_PREFIX=/home/jewoo/ros2_ws/install/tutorial_interface
[3.110s] Invoking command in '/home/jewoo/ros2_ws/build/tutorial_interface': CMAKE_PREFIX_PATH=${CMAKE_PREFIX_PATH}:/opt/ros/humble:/home/jewoo/ros2_ws/install/ros2_python_tutorial /usr/bin/cmake --build /home/jewoo/ros2_ws/build/tutorial_interface -- -j12 -l12
[3.183s] [35m[1mConsolidate compiler generated dependencies of target tutorial_interface__rosidl_generator_c[0m
[3.201s] [  2%] Built target tutorial_interface__cpp
[3.205s] failed to create symbolic link '/home/jewoo/ros2_ws/build/tutorial_interface/ament_cmake_python/tutorial_interface/tutorial_interface' because existing path cannot be removed: Is a directory
[3.207s] gmake[2]: *** [CMakeFiles/ament_cmake_python_symlink_tutorial_interface.dir/build.make:70: CMakeFiles/ament_cmake_python_symlink_tutorial_interface] 오류 1
[3.210s] gmake[1]: *** [CMakeFiles/Makefile2:421: CMakeFiles/ament_cmake_python_symlink_tutorial_interface.dir/all] 오류 2
[3.210s] gmake[1]: *** 끝나지 않은 작업을 기다리고 있습니다....
[3.210s] [  4%] [32mBuilding C object CMakeFiles/tutorial_interface__rosidl_generator_c.dir/rosidl_generator_c/tutorial_interface/msg/detail/num__functions.c.o[0m
[3.210s] [  6%] [32mBuilding C object CMakeFiles/tutorial_interface__rosidl_generator_c.dir/rosidl_generator_c/tutorial_interface/srv/detail/add_three_ints__functions.c.o[0m
[3.210s] [  8%] [32mBuilding C object CMakeFiles/tutorial_interface__rosidl_generator_c.dir/rosidl_generator_c/tutorial_interface/msg/detail/sphere__functions.c.o[0m
[3.225s] [35m[1mConsolidate compiler generated dependencies of target tutorial_interface__rosidl_typesupport_cpp[0m
[3.232s] [35m[1mConsolidate compiler generated dependencies of target tutorial_interface__rosidl_typesupport_fastrtps_cpp[0m
[3.233s] [35m[1mConsolidate compiler generated dependencies of target tutorial_interface__rosidl_typesupport_introspection_cpp[0m
[3.262s] [ 10%] [32mBuilding CXX object CMakeFiles/tutorial_interface__rosidl_typesupport_cpp.dir/rosidl_typesupport_cpp/tutorial_interface/msg/sphere__type_support.cpp.o[0m
[3.263s] [ 12%] [32mBuilding CXX object CMakeFiles/tutorial_interface__rosidl_typesupport_cpp.dir/rosidl_typesupport_cpp/tutorial_interface/msg/num__type_support.cpp.o[0m
[3.269s] [ 14%] [32mBuilding CXX object CMakeFiles/tutorial_interface__rosidl_typesupport_cpp.dir/rosidl_typesupport_cpp/tutorial_interface/srv/add_three_ints__type_support.cpp.o[0m
[3.273s] [ 17%] [32mBuilding CXX object CMakeFiles/tutorial_interface__rosidl_typesupport_introspection_cpp.dir/rosidl_typesupport_introspection_cpp/tutorial_interface/msg/detail/sphere__type_support.cpp.o[0m
[3.280s] [ 19%] [32mBuilding CXX object CMakeFiles/tutorial_interface__rosidl_typesupport_fastrtps_cpp.dir/rosidl_typesupport_fastrtps_cpp/tutorial_interface/msg/detail/dds_fastrtps/num__type_support.cpp.o[0m
[3.281s] [ 21%] [32mBuilding CXX object CMakeFiles/tutorial_interface__rosidl_typesupport_fastrtps_cpp.dir/rosidl_typesupport_fastrtps_cpp/tutorial_interface/msg/detail/dds_fastrtps/sphere__type_support.cpp.o[0m
[3.283s] [ 23%] [32mBuilding CXX object CMakeFiles/tutorial_interface__rosidl_typesupport_introspection_cpp.dir/rosidl_typesupport_introspection_cpp/tutorial_interface/msg/detail/num__type_support.cpp.o[0m
[3.289s] [ 25%] [32mBuilding CXX object CMakeFiles/tutorial_interface__rosidl_typesupport_introspection_cpp.dir/rosidl_typesupport_introspection_cpp/tutorial_interface/srv/detail/add_three_ints__type_support.cpp.o[0m
[3.302s] [ 27%] [32mBuilding CXX object CMakeFiles/tutorial_interface__rosidl_typesupport_fastrtps_cpp.dir/rosidl_typesupport_fastrtps_cpp/tutorial_interface/srv/detail/dds_fastrtps/add_three_ints__type_support.cpp.o[0m
[3.801s] [ 29%] [32m[1mLinking C shared library libtutorial_interface__rosidl_generator_c.so[0m
[3.994s] [ 31%] Built target tutorial_interface__rosidl_generator_c
[4.374s] [ 34%] [32m[1mLinking CXX shared library libtutorial_interface__rosidl_typesupport_cpp.so[0m
[4.481s] [ 36%] Built target tutorial_interface__rosidl_typesupport_cpp
[4.744s] [ 38%] [32m[1mLinking CXX shared library libtutorial_interface__rosidl_typesupport_introspection_cpp.so[0m
[4.822s] [ 40%] Built target tutorial_interface__rosidl_typesupport_introspection_cpp
[4.823s] [ 42%] [32m[1mLinking CXX shared library libtutorial_interface__rosidl_typesupport_fastrtps_cpp.so[0m
[4.960s] [ 44%] Built target tutorial_interface__rosidl_typesupport_fastrtps_cpp
[4.962s] gmake: *** [Makefile:146: all] 오류 2
[4.966s] Invoked command in '/home/jewoo/ros2_ws/build/tutorial_interface' returned '2': CMAKE_PREFIX_PATH=${CMAKE_PREFIX_PATH}:/opt/ros/humble:/home/jewoo/ros2_ws/install/ros2_python_tutorial /usr/bin/cmake --build /home/jewoo/ros2_ws/build/tutorial_interface -- -j12 -l12
