[0.466s] Invoking command in '/home/jewoo/ros2_ws/build/tutorial_interface': CMAKE_PREFIX_PATH=/opt/ros/humble:/home/jewoo/ros2_ws/install/ros2_python_tutorial /usr/bin/cmake /home/jewoo/ros2_ws/src/tutorial_interface -DCMAKE_INSTALL_PREFIX=/home/jewoo/ros2_ws/install/tutorial_interface
[0.547s] -- The C compiler identification is GNU 11.4.0
[0.637s] -- The CXX compiler identification is GNU 11.4.0
[0.650s] -- Detecting C compiler ABI info
[0.759s] -- Detecting C compiler ABI info - done
[0.772s] -- Check for working C compiler: /usr/bin/cc - skipped
[0.772s] -- Detecting C compile features
[0.773s] -- Detecting C compile features - done
[0.778s] -- Detecting CXX compiler ABI info
[0.918s] -- Detecting CXX compiler ABI info - done
[0.936s] -- Check for working CXX compiler: /usr/bin/c++ - skipped
[0.936s] -- Detecting CXX compile features
[0.937s] -- Detecting CXX compile features - done
[0.941s] -- Found ament_cmake: 1.3.10 (/opt/ros/humble/share/ament_cmake/cmake)
[1.201s] -- Found Python3: /usr/bin/python3 (found version "3.10.12") found components: Interpreter 
[1.336s] -- Found ament_lint_auto: 0.12.11 (/opt/ros/humble/share/ament_lint_auto/cmake)
[1.453s] -- Found geometry_msgs: 4.2.4 (/opt/ros/humble/share/geometry_msgs/cmake)
[1.511s] -- Found rosidl_generator_c: 3.1.5 (/opt/ros/humble/share/rosidl_generator_c/cmake)
[1.519s] -- Found rosidl_adapter: 3.1.5 (/opt/ros/humble/share/rosidl_adapter/cmake)
[1.532s] -- Found rosidl_generator_cpp: 3.1.5 (/opt/ros/humble/share/rosidl_generator_cpp/cmake)
[1.552s] -- Using all available rosidl_typesupport_c: rosidl_typesupport_fastrtps_c;rosidl_typesupport_introspection_c
[1.577s] -- Using all available rosidl_typesupport_cpp: rosidl_typesupport_fastrtps_cpp;rosidl_typesupport_introspection_cpp
[1.644s] -- Found rosidl_default_generators: 1.2.0 (/opt/ros/humble/share/rosidl_default_generators/cmake)
[2.037s] -- Found ament_cmake_ros: 0.10.0 (/opt/ros/humble/share/ament_cmake_ros/cmake)
[2.730s] -- Using all available rosidl_typesupport_c: rosidl_typesupport_fastrtps_c;rosidl_typesupport_introspection_c
[3.001s] -- Using all available rosidl_typesupport_cpp: rosidl_typesupport_fastrtps_cpp;rosidl_typesupport_introspection_cpp
[3.038s] -- Found PythonInterp: /usr/bin/python3 (found suitable version "3.10.12", minimum required is "3.6") 
[3.040s] -- Found python_cmake_module: 0.10.0 (/opt/ros/humble/share/python_cmake_module/cmake)
[3.084s] -- Found PythonLibs: /usr/lib/x86_64-linux-gnu/libpython3.10.so (found suitable version "3.10.12", minimum required is "3.5") 
[3.084s] -- Using PYTHON_EXECUTABLE: /usr/bin/python3
[3.084s] -- Using PYTHON_INCLUDE_DIRS: /usr/include/python3.10
[3.084s] -- Using PYTHON_LIBRARIES: /usr/lib/x86_64-linux-gnu/libpython3.10.so
[3.120s] -- Found PythonExtra: .so  
[3.232s] -- Added test 'lint_cmake' to check CMake code style
[3.234s] -- Added test 'xmllint' to check XML markup files
[3.243s] -- Configuring done
[3.307s] -- Generating done
[3.311s] -- Build files have been written to: /home/jewoo/ros2_ws/build/tutorial_interface
[3.325s] Invoked command in '/home/jewoo/ros2_ws/build/tutorial_interface' returned '0': CMAKE_PREFIX_PATH=/opt/ros/humble:/home/jewoo/ros2_ws/install/ros2_python_tutorial /usr/bin/cmake /home/jewoo/ros2_ws/src/tutorial_interface -DCMAKE_INSTALL_PREFIX=/home/jewoo/ros2_ws/install/tutorial_interface
[3.327s] Invoking command in '/home/jewoo/ros2_ws/build/tutorial_interface': CMAKE_PREFIX_PATH=/opt/ros/humble:/home/jewoo/ros2_ws/install/ros2_python_tutorial /usr/bin/cmake --build /home/jewoo/ros2_ws/build/tutorial_interface -- -j12 -l12
[3.386s] [  2%] [34m[1mGenerating C code for ROS interfaces[0m
[3.401s] [  4%] [34m[1mGenerating C++ code for ROS interfaces[0m
[3.412s] [  4%] Built target ament_cmake_python_copy_tutorial_interface
[3.816s] running egg_info
[3.817s] creating tutorial_interface.egg-info
[3.818s] writing tutorial_interface.egg-info/PKG-INFO
[3.818s] writing dependency_links to tutorial_interface.egg-info/dependency_links.txt
[3.818s] writing top-level names to tutorial_interface.egg-info/top_level.txt
[3.818s] writing manifest file 'tutorial_interface.egg-info/SOURCES.txt'
[3.821s] reading manifest file 'tutorial_interface.egg-info/SOURCES.txt'
[3.822s] writing manifest file 'tutorial_interface.egg-info/SOURCES.txt'
[3.867s] [  4%] Built target ament_cmake_python_build_tutorial_interface_egg
[4.011s] [  4%] Built target tutorial_interface__cpp
[4.026s] [  6%] [34m[1mGenerating C++ type support for eProsima Fast-RTPS[0m
[4.027s] [  8%] [34m[1mGenerating C++ introspection for ROS interfaces[0m
[4.028s] [ 10%] [34m[1mGenerating C++ type support dispatch for ROS interfaces[0m
[4.048s] [ 12%] [32mBuilding C object CMakeFiles/tutorial_interface__rosidl_generator_c.dir/rosidl_generator_c/tutorial_interface/srv/detail/add_three_ints__functions.c.o[0m
[4.052s] [ 14%] [32mBuilding C object CMakeFiles/tutorial_interface__rosidl_generator_c.dir/rosidl_generator_c/tutorial_interface/msg/detail/num__functions.c.o[0m
[4.052s] [ 17%] [32mBuilding C object CMakeFiles/tutorial_interface__rosidl_generator_c.dir/rosidl_generator_c/tutorial_interface/msg/detail/sphere__functions.c.o[0m
[4.155s] [ 19%] [32m[1mLinking C shared library libtutorial_interface__rosidl_generator_c.so[0m
[4.221s] [ 19%] Built target tutorial_interface__rosidl_generator_c
[4.237s] [ 21%] [34m[1mGenerating C introspection for ROS interfaces[0m
[4.238s] [ 23%] [34m[1mGenerating C type support for eProsima Fast-RTPS[0m
[4.242s] [ 25%] [34m[1mGenerating C type support dispatch for ROS interfaces[0m
[4.552s] [ 27%] [32mBuilding CXX object CMakeFiles/tutorial_interface__rosidl_typesupport_introspection_cpp.dir/rosidl_typesupport_introspection_cpp/tutorial_interface/srv/detail/add_three_ints__type_support.cpp.o[0m
[4.554s] [ 29%] [32mBuilding CXX object CMakeFiles/tutorial_interface__rosidl_typesupport_introspection_cpp.dir/rosidl_typesupport_introspection_cpp/tutorial_interface/msg/detail/num__type_support.cpp.o[0m
[4.556s] [ 31%] [32mBuilding CXX object CMakeFiles/tutorial_interface__rosidl_typesupport_introspection_cpp.dir/rosidl_typesupport_introspection_cpp/tutorial_interface/msg/detail/sphere__type_support.cpp.o[0m
[4.662s] [ 34%] [32mBuilding CXX object CMakeFiles/tutorial_interface__rosidl_typesupport_fastrtps_cpp.dir/rosidl_typesupport_fastrtps_cpp/tutorial_interface/msg/detail/dds_fastrtps/sphere__type_support.cpp.o[0m
[4.662s] [ 36%] [32mBuilding CXX object CMakeFiles/tutorial_interface__rosidl_typesupport_fastrtps_cpp.dir/rosidl_typesupport_fastrtps_cpp/tutorial_interface/srv/detail/dds_fastrtps/add_three_ints__type_support.cpp.o[0m
[4.676s] [ 38%] [32mBuilding CXX object CMakeFiles/tutorial_interface__rosidl_typesupport_fastrtps_cpp.dir/rosidl_typesupport_fastrtps_cpp/tutorial_interface/msg/detail/dds_fastrtps/num__type_support.cpp.o[0m
[4.857s] [ 40%] [32mBuilding CXX object CMakeFiles/tutorial_interface__rosidl_typesupport_cpp.dir/rosidl_typesupport_cpp/tutorial_interface/msg/sphere__type_support.cpp.o[0m
[4.868s] [ 42%] [32mBuilding CXX object CMakeFiles/tutorial_interface__rosidl_typesupport_cpp.dir/rosidl_typesupport_cpp/tutorial_interface/msg/num__type_support.cpp.o[0m
[4.869s] [ 44%] [32mBuilding CXX object CMakeFiles/tutorial_interface__rosidl_typesupport_cpp.dir/rosidl_typesupport_cpp/tutorial_interface/srv/add_three_ints__type_support.cpp.o[0m
[5.139s] [ 46%] [32mBuilding CXX object CMakeFiles/tutorial_interface__rosidl_typesupport_c.dir/rosidl_typesupport_c/tutorial_interface/msg/num__type_support.cpp.o[0m
[5.197s] [ 48%] [32mBuilding C object CMakeFiles/tutorial_interface__rosidl_typesupport_introspection_c.dir/rosidl_typesupport_introspection_c/tutorial_interface/msg/detail/num__type_support.c.o[0m
[5.252s] [ 51%] [32mBuilding CXX object CMakeFiles/tutorial_interface__rosidl_typesupport_c.dir/rosidl_typesupport_c/tutorial_interface/msg/sphere__type_support.cpp.o[0m
[5.357s] [ 53%] [32mBuilding C object CMakeFiles/tutorial_interface__rosidl_typesupport_introspection_c.dir/rosidl_typesupport_introspection_c/tutorial_interface/msg/detail/sphere__type_support.c.o[0m
[5.411s] [ 55%] [32mBuilding CXX object CMakeFiles/tutorial_interface__rosidl_typesupport_c.dir/rosidl_typesupport_c/tutorial_interface/srv/add_three_ints__type_support.cpp.o[0m
[5.467s] [ 57%] [32mBuilding CXX object CMakeFiles/tutorial_interface__rosidl_typesupport_fastrtps_c.dir/rosidl_typesupport_fastrtps_c/tutorial_interface/msg/detail/num__type_support_c.cpp.o[0m
[5.538s] [ 59%] [32mBuilding C object CMakeFiles/tutorial_interface__rosidl_typesupport_introspection_c.dir/rosidl_typesupport_introspection_c/tutorial_interface/srv/detail/add_three_ints__type_support.c.o[0m
[5.577s] [ 61%] [32m[1mLinking CXX shared library libtutorial_interface__rosidl_typesupport_c.so[0m
[5.659s] [ 63%] [32mBuilding CXX object CMakeFiles/tutorial_interface__rosidl_typesupport_fastrtps_c.dir/rosidl_typesupport_fastrtps_c/tutorial_interface/msg/detail/sphere__type_support_c.cpp.o[0m
[5.666s] [ 65%] [32mBuilding CXX object CMakeFiles/tutorial_interface__rosidl_typesupport_fastrtps_c.dir/rosidl_typesupport_fastrtps_c/tutorial_interface/srv/detail/add_three_ints__type_support_c.cpp.o[0m
[5.666s] [ 68%] [32m[1mLinking C shared library libtutorial_interface__rosidl_typesupport_introspection_c.so[0m
[5.700s] [ 70%] [32m[1mLinking CXX shared library libtutorial_interface__rosidl_typesupport_introspection_cpp.so[0m
[5.744s] [ 70%] Built target tutorial_interface__rosidl_typesupport_c
[5.752s] [ 72%] [32m[1mLinking CXX shared library libtutorial_interface__rosidl_typesupport_cpp.so[0m
[5.763s] [ 72%] Built target tutorial_interface__rosidl_typesupport_introspection_c
[5.826s] [ 72%] Built target tutorial_interface__rosidl_typesupport_cpp
[5.858s] [ 72%] Built target tutorial_interface__rosidl_typesupport_introspection_cpp
[5.928s] [ 74%] [32m[1mLinking CXX shared library libtutorial_interface__rosidl_typesupport_fastrtps_cpp.so[0m
[6.106s] [ 74%] Built target tutorial_interface__rosidl_typesupport_fastrtps_cpp
[6.351s] [ 76%] [32m[1mLinking CXX shared library libtutorial_interface__rosidl_typesupport_fastrtps_c.so[0m
[6.480s] [ 76%] Built target tutorial_interface__rosidl_typesupport_fastrtps_c
[6.508s] [ 76%] Built target tutorial_interface
[6.538s] [ 78%] [34m[1mGenerating Python code for ROS interfaces[0m
[7.376s] [ 78%] Built target tutorial_interface__py
[7.406s] [ 82%] [32mBuilding C object CMakeFiles/tutorial_interface__rosidl_generator_py.dir/rosidl_generator_py/tutorial_interface/msg/_sphere_s.c.o[0m
[7.406s] [ 82%] [32mBuilding C object CMakeFiles/tutorial_interface__rosidl_generator_py.dir/rosidl_generator_py/tutorial_interface/msg/_num_s.c.o[0m
[7.406s] [ 85%] [32mBuilding C object CMakeFiles/tutorial_interface__rosidl_generator_py.dir/rosidl_generator_py/tutorial_interface/srv/_add_three_ints_s.c.o[0m
[7.603s] [ 87%] [32m[1mLinking C shared library rosidl_generator_py/tutorial_interface/libtutorial_interface__rosidl_generator_py.so[0m
[7.668s] [ 87%] Built target tutorial_interface__rosidl_generator_py
[7.698s] [ 89%] [32mBuilding C object CMakeFiles/tutorial_interface__rosidl_typesupport_fastrtps_c__pyext.dir/rosidl_generator_py/tutorial_interface/_tutorial_interface_s.ep.rosidl_typesupport_fastrtps_c.c.o[0m
[7.698s] [ 91%] [32mBuilding C object CMakeFiles/tutorial_interface__rosidl_typesupport_c__pyext.dir/rosidl_generator_py/tutorial_interface/_tutorial_interface_s.ep.rosidl_typesupport_c.c.o[0m
[7.701s] [ 93%] [32mBuilding C object CMakeFiles/tutorial_interface__rosidl_typesupport_introspection_c__pyext.dir/rosidl_generator_py/tutorial_interface/_tutorial_interface_s.ep.rosidl_typesupport_introspection_c.c.o[0m
[7.896s] [ 95%] [32m[1mLinking C shared library rosidl_generator_py/tutorial_interface/tutorial_interface_s__rosidl_typesupport_fastrtps_c.cpython-310-x86_64-linux-gnu.so[0m
[7.898s] [100%] [32m[1mLinking C shared library rosidl_generator_py/tutorial_interface/tutorial_interface_s__rosidl_typesupport_introspection_c.cpython-310-x86_64-linux-gnu.so[0m
[7.898s] [100%] [32m[1mLinking C shared library rosidl_generator_py/tutorial_interface/tutorial_interface_s__rosidl_typesupport_c.cpython-310-x86_64-linux-gnu.so[0m
[7.962s] [100%] Built target tutorial_interface__rosidl_typesupport_c__pyext
[7.962s] [100%] Built target tutorial_interface__rosidl_typesupport_fastrtps_c__pyext
[7.962s] [100%] Built target tutorial_interface__rosidl_typesupport_introspection_c__pyext
[7.979s] Invoked command in '/home/jewoo/ros2_ws/build/tutorial_interface' returned '0': CMAKE_PREFIX_PATH=/opt/ros/humble:/home/jewoo/ros2_ws/install/ros2_python_tutorial /usr/bin/cmake --build /home/jewoo/ros2_ws/build/tutorial_interface -- -j12 -l12
[8.134s] Invoking command in '/home/jewoo/ros2_ws/build/tutorial_interface': CMAKE_PREFIX_PATH=/opt/ros/humble:/home/jewoo/ros2_ws/install/ros2_python_tutorial /usr/bin/cmake --install /home/jewoo/ros2_ws/build/tutorial_interface
[8.147s] -- Install configuration: ""
[8.147s] -- Installing: /home/jewoo/ros2_ws/install/tutorial_interface/share/ament_index/resource_index/rosidl_interfaces/tutorial_interface
[8.147s] -- Installing: /home/jewoo/ros2_ws/install/tutorial_interface/include/tutorial_interface/tutorial_interface
[8.148s] -- Installing: /home/jewoo/ros2_ws/install/tutorial_interface/include/tutorial_interface/tutorial_interface/msg
[8.148s] -- Installing: /home/jewoo/ros2_ws/install/tutorial_interface/include/tutorial_interface/tutorial_interface/msg/rosidl_generator_c__visibility_control.h
[8.148s] -- Installing: /home/jewoo/ros2_ws/install/tutorial_interface/include/tutorial_interface/tutorial_interface/msg/detail
[8.148s] -- Installing: /home/jewoo/ros2_ws/install/tutorial_interface/include/tutorial_interface/tutorial_interface/msg/detail/num__type_support.h
[8.149s] -- Installing: /home/jewoo/ros2_ws/install/tutorial_interface/include/tutorial_interface/tutorial_interface/msg/detail/sphere__type_support.h
[8.149s] -- Installing: /home/jewoo/ros2_ws/install/tutorial_interface/include/tutorial_interface/tutorial_interface/msg/detail/num__functions.c
[8.149s] -- Installing: /home/jewoo/ros2_ws/install/tutorial_interface/include/tutorial_interface/tutorial_interface/msg/detail/num__functions.h
[8.149s] -- Installing: /home/jewoo/ros2_ws/install/tutorial_interface/include/tutorial_interface/tutorial_interface/msg/detail/sphere__functions.h
[8.149s] -- Installing: /home/jewoo/ros2_ws/install/tutorial_interface/include/tutorial_interface/tutorial_interface/msg/detail/sphere__struct.h
[8.149s] -- Installing: /home/jewoo/ros2_ws/install/tutorial_interface/include/tutorial_interface/tutorial_interface/msg/detail/sphere__functions.c
[8.150s] -- Installing: /home/jewoo/ros2_ws/install/tutorial_interface/include/tutorial_interface/tutorial_interface/msg/detail/num__struct.h
[8.150s] -- Installing: /home/jewoo/ros2_ws/install/tutorial_interface/include/tutorial_interface/tutorial_interface/msg/num.h
[8.150s] -- Installing: /home/jewoo/ros2_ws/install/tutorial_interface/include/tutorial_interface/tutorial_interface/msg/sphere.h
[8.150s] -- Installing: /home/jewoo/ros2_ws/install/tutorial_interface/include/tutorial_interface/tutorial_interface/srv
[8.151s] -- Installing: /home/jewoo/ros2_ws/install/tutorial_interface/include/tutorial_interface/tutorial_interface/srv/add_three_ints.h
[8.151s] -- Installing: /home/jewoo/ros2_ws/install/tutorial_interface/include/tutorial_interface/tutorial_interface/srv/detail
[8.151s] -- Installing: /home/jewoo/ros2_ws/install/tutorial_interface/include/tutorial_interface/tutorial_interface/srv/detail/add_three_ints__struct.h
[8.151s] -- Installing: /home/jewoo/ros2_ws/install/tutorial_interface/include/tutorial_interface/tutorial_interface/srv/detail/add_three_ints__functions.c
[8.151s] -- Installing: /home/jewoo/ros2_ws/install/tutorial_interface/include/tutorial_interface/tutorial_interface/srv/detail/add_three_ints__functions.h
[8.151s] -- Installing: /home/jewoo/ros2_ws/install/tutorial_interface/include/tutorial_interface/tutorial_interface/srv/detail/add_three_ints__type_support.h
[8.152s] -- Installing: /home/jewoo/ros2_ws/install/tutorial_interface/share/tutorial_interface/environment/library_path.sh
[8.152s] -- Installing: /home/jewoo/ros2_ws/install/tutorial_interface/share/tutorial_interface/environment/library_path.dsv
[8.152s] -- Installing: /home/jewoo/ros2_ws/install/tutorial_interface/lib/libtutorial_interface__rosidl_generator_c.so
[8.153s] -- Set runtime path of "/home/jewoo/ros2_ws/install/tutorial_interface/lib/libtutorial_interface__rosidl_generator_c.so" to ""
[8.153s] -- Up-to-date: /home/jewoo/ros2_ws/install/tutorial_interface/include/tutorial_interface/tutorial_interface
[8.153s] -- Up-to-date: /home/jewoo/ros2_ws/install/tutorial_interface/include/tutorial_interface/tutorial_interface/msg
[8.154s] -- Installing: /home/jewoo/ros2_ws/install/tutorial_interface/include/tutorial_interface/tutorial_interface/msg/rosidl_typesupport_fastrtps_c__visibility_control.h
[8.154s] -- Up-to-date: /home/jewoo/ros2_ws/install/tutorial_interface/include/tutorial_interface/tutorial_interface/msg/detail
[8.154s] -- Installing: /home/jewoo/ros2_ws/install/tutorial_interface/include/tutorial_interface/tutorial_interface/msg/detail/num__rosidl_typesupport_fastrtps_c.h
[8.154s] -- Installing: /home/jewoo/ros2_ws/install/tutorial_interface/include/tutorial_interface/tutorial_interface/msg/detail/sphere__rosidl_typesupport_fastrtps_c.h
[8.154s] -- Up-to-date: /home/jewoo/ros2_ws/install/tutorial_interface/include/tutorial_interface/tutorial_interface/srv
[8.154s] -- Up-to-date: /home/jewoo/ros2_ws/install/tutorial_interface/include/tutorial_interface/tutorial_interface/srv/detail
[8.154s] -- Installing: /home/jewoo/ros2_ws/install/tutorial_interface/include/tutorial_interface/tutorial_interface/srv/detail/add_three_ints__rosidl_typesupport_fastrtps_c.h
[8.155s] -- Installing: /home/jewoo/ros2_ws/install/tutorial_interface/lib/libtutorial_interface__rosidl_typesupport_fastrtps_c.so
[8.155s] -- Set runtime path of "/home/jewoo/ros2_ws/install/tutorial_interface/lib/libtutorial_interface__rosidl_typesupport_fastrtps_c.so" to ""
[8.155s] -- Up-to-date: /home/jewoo/ros2_ws/install/tutorial_interface/include/tutorial_interface/tutorial_interface
[8.155s] -- Up-to-date: /home/jewoo/ros2_ws/install/tutorial_interface/include/tutorial_interface/tutorial_interface/msg
[8.155s] -- Installing: /home/jewoo/ros2_ws/install/tutorial_interface/include/tutorial_interface/tutorial_interface/msg/sphere.hpp
[8.156s] -- Installing: /home/jewoo/ros2_ws/install/tutorial_interface/include/tutorial_interface/tutorial_interface/msg/num.hpp
[8.156s] -- Up-to-date: /home/jewoo/ros2_ws/install/tutorial_interface/include/tutorial_interface/tutorial_interface/msg/detail
[8.156s] -- Installing: /home/jewoo/ros2_ws/install/tutorial_interface/include/tutorial_interface/tutorial_interface/msg/detail/num__builder.hpp
[8.156s] -- Installing: /home/jewoo/ros2_ws/install/tutorial_interface/include/tutorial_interface/tutorial_interface/msg/detail/sphere__traits.hpp
[8.156s] -- Installing: /home/jewoo/ros2_ws/install/tutorial_interface/include/tutorial_interface/tutorial_interface/msg/detail/num__traits.hpp
[8.156s] -- Installing: /home/jewoo/ros2_ws/install/tutorial_interface/include/tutorial_interface/tutorial_interface/msg/detail/sphere__struct.hpp
[8.156s] -- Installing: /home/jewoo/ros2_ws/install/tutorial_interface/include/tutorial_interface/tutorial_interface/msg/detail/num__struct.hpp
[8.157s] -- Installing: /home/jewoo/ros2_ws/install/tutorial_interface/include/tutorial_interface/tutorial_interface/msg/detail/sphere__builder.hpp
[8.157s] -- Up-to-date: /home/jewoo/ros2_ws/install/tutorial_interface/include/tutorial_interface/tutorial_interface/srv
[8.157s] -- Installing: /home/jewoo/ros2_ws/install/tutorial_interface/include/tutorial_interface/tutorial_interface/srv/add_three_ints.hpp
[8.157s] -- Up-to-date: /home/jewoo/ros2_ws/install/tutorial_interface/include/tutorial_interface/tutorial_interface/srv/detail
[8.157s] -- Installing: /home/jewoo/ros2_ws/install/tutorial_interface/include/tutorial_interface/tutorial_interface/srv/detail/add_three_ints__struct.hpp
[8.157s] -- Installing: /home/jewoo/ros2_ws/install/tutorial_interface/include/tutorial_interface/tutorial_interface/srv/detail/add_three_ints__traits.hpp
[8.158s] -- Installing: /home/jewoo/ros2_ws/install/tutorial_interface/include/tutorial_interface/tutorial_interface/srv/detail/add_three_ints__builder.hpp
[8.158s] -- Up-to-date: /home/jewoo/ros2_ws/install/tutorial_interface/include/tutorial_interface/tutorial_interface
[8.158s] -- Up-to-date: /home/jewoo/ros2_ws/install/tutorial_interface/include/tutorial_interface/tutorial_interface/msg
[8.158s] -- Up-to-date: /home/jewoo/ros2_ws/install/tutorial_interface/include/tutorial_interface/tutorial_interface/msg/detail
[8.158s] -- Installing: /home/jewoo/ros2_ws/install/tutorial_interface/include/tutorial_interface/tutorial_interface/msg/detail/num__rosidl_typesupport_fastrtps_cpp.hpp
[8.158s] -- Installing: /home/jewoo/ros2_ws/install/tutorial_interface/include/tutorial_interface/tutorial_interface/msg/detail/sphere__rosidl_typesupport_fastrtps_cpp.hpp
[8.158s] -- Installing: /home/jewoo/ros2_ws/install/tutorial_interface/include/tutorial_interface/tutorial_interface/msg/detail/dds_fastrtps
[8.159s] -- Installing: /home/jewoo/ros2_ws/install/tutorial_interface/include/tutorial_interface/tutorial_interface/msg/rosidl_typesupport_fastrtps_cpp__visibility_control.h
[8.159s] -- Up-to-date: /home/jewoo/ros2_ws/install/tutorial_interface/include/tutorial_interface/tutorial_interface/srv
[8.159s] -- Up-to-date: /home/jewoo/ros2_ws/install/tutorial_interface/include/tutorial_interface/tutorial_interface/srv/detail
[8.159s] -- Installing: /home/jewoo/ros2_ws/install/tutorial_interface/include/tutorial_interface/tutorial_interface/srv/detail/add_three_ints__rosidl_typesupport_fastrtps_cpp.hpp
[8.159s] -- Installing: /home/jewoo/ros2_ws/install/tutorial_interface/include/tutorial_interface/tutorial_interface/srv/detail/dds_fastrtps
[8.159s] -- Installing: /home/jewoo/ros2_ws/install/tutorial_interface/lib/libtutorial_interface__rosidl_typesupport_fastrtps_cpp.so
[8.160s] -- Set runtime path of "/home/jewoo/ros2_ws/install/tutorial_interface/lib/libtutorial_interface__rosidl_typesupport_fastrtps_cpp.so" to ""
[8.160s] -- Up-to-date: /home/jewoo/ros2_ws/install/tutorial_interface/include/tutorial_interface/tutorial_interface
[8.160s] -- Up-to-date: /home/jewoo/ros2_ws/install/tutorial_interface/include/tutorial_interface/tutorial_interface/msg
[8.160s] -- Up-to-date: /home/jewoo/ros2_ws/install/tutorial_interface/include/tutorial_interface/tutorial_interface/msg/detail
[8.160s] -- Installing: /home/jewoo/ros2_ws/install/tutorial_interface/include/tutorial_interface/tutorial_interface/msg/detail/sphere__rosidl_typesupport_introspection_c.h
[8.161s] -- Installing: /home/jewoo/ros2_ws/install/tutorial_interface/include/tutorial_interface/tutorial_interface/msg/detail/num__rosidl_typesupport_introspection_c.h
[8.161s] -- Installing: /home/jewoo/ros2_ws/install/tutorial_interface/include/tutorial_interface/tutorial_interface/msg/detail/num__type_support.c
[8.161s] -- Installing: /home/jewoo/ros2_ws/install/tutorial_interface/include/tutorial_interface/tutorial_interface/msg/detail/sphere__type_support.c
[8.161s] -- Installing: /home/jewoo/ros2_ws/install/tutorial_interface/include/tutorial_interface/tutorial_interface/msg/rosidl_typesupport_introspection_c__visibility_control.h
[8.161s] -- Up-to-date: /home/jewoo/ros2_ws/install/tutorial_interface/include/tutorial_interface/tutorial_interface/srv
[8.161s] -- Up-to-date: /home/jewoo/ros2_ws/install/tutorial_interface/include/tutorial_interface/tutorial_interface/srv/detail
[8.161s] -- Installing: /home/jewoo/ros2_ws/install/tutorial_interface/include/tutorial_interface/tutorial_interface/srv/detail/add_three_ints__rosidl_typesupport_introspection_c.h
[8.162s] -- Installing: /home/jewoo/ros2_ws/install/tutorial_interface/include/tutorial_interface/tutorial_interface/srv/detail/add_three_ints__type_support.c
[8.162s] -- Installing: /home/jewoo/ros2_ws/install/tutorial_interface/lib/libtutorial_interface__rosidl_typesupport_introspection_c.so
[8.162s] -- Set runtime path of "/home/jewoo/ros2_ws/install/tutorial_interface/lib/libtutorial_interface__rosidl_typesupport_introspection_c.so" to ""
[8.163s] -- Installing: /home/jewoo/ros2_ws/install/tutorial_interface/lib/libtutorial_interface__rosidl_typesupport_c.so
[8.163s] -- Set runtime path of "/home/jewoo/ros2_ws/install/tutorial_interface/lib/libtutorial_interface__rosidl_typesupport_c.so" to ""
[8.163s] -- Up-to-date: /home/jewoo/ros2_ws/install/tutorial_interface/include/tutorial_interface/tutorial_interface
[8.164s] -- Up-to-date: /home/jewoo/ros2_ws/install/tutorial_interface/include/tutorial_interface/tutorial_interface/msg
[8.164s] -- Up-to-date: /home/jewoo/ros2_ws/install/tutorial_interface/include/tutorial_interface/tutorial_interface/msg/detail
[8.164s] -- Installing: /home/jewoo/ros2_ws/install/tutorial_interface/include/tutorial_interface/tutorial_interface/msg/detail/num__type_support.cpp
[8.164s] -- Installing: /home/jewoo/ros2_ws/install/tutorial_interface/include/tutorial_interface/tutorial_interface/msg/detail/sphere__type_support.cpp
[8.164s] -- Installing: /home/jewoo/ros2_ws/install/tutorial_interface/include/tutorial_interface/tutorial_interface/msg/detail/num__rosidl_typesupport_introspection_cpp.hpp
[8.164s] -- Installing: /home/jewoo/ros2_ws/install/tutorial_interface/include/tutorial_interface/tutorial_interface/msg/detail/sphere__rosidl_typesupport_introspection_cpp.hpp
[8.164s] -- Up-to-date: /home/jewoo/ros2_ws/install/tutorial_interface/include/tutorial_interface/tutorial_interface/srv
[8.165s] -- Up-to-date: /home/jewoo/ros2_ws/install/tutorial_interface/include/tutorial_interface/tutorial_interface/srv/detail
[8.165s] -- Installing: /home/jewoo/ros2_ws/install/tutorial_interface/include/tutorial_interface/tutorial_interface/srv/detail/add_three_ints__rosidl_typesupport_introspection_cpp.hpp
[8.165s] -- Installing: /home/jewoo/ros2_ws/install/tutorial_interface/include/tutorial_interface/tutorial_interface/srv/detail/add_three_ints__type_support.cpp
[8.165s] -- Installing: /home/jewoo/ros2_ws/install/tutorial_interface/lib/libtutorial_interface__rosidl_typesupport_introspection_cpp.so
[8.165s] -- Set runtime path of "/home/jewoo/ros2_ws/install/tutorial_interface/lib/libtutorial_interface__rosidl_typesupport_introspection_cpp.so" to ""
[8.166s] -- Installing: /home/jewoo/ros2_ws/install/tutorial_interface/lib/libtutorial_interface__rosidl_typesupport_cpp.so
[8.166s] -- Set runtime path of "/home/jewoo/ros2_ws/install/tutorial_interface/lib/libtutorial_interface__rosidl_typesupport_cpp.so" to ""
[8.166s] -- Installing: /home/jewoo/ros2_ws/install/tutorial_interface/share/tutorial_interface/environment/pythonpath.sh
[8.167s] -- Installing: /home/jewoo/ros2_ws/install/tutorial_interface/share/tutorial_interface/environment/pythonpath.dsv
[8.167s] -- Installing: /home/jewoo/ros2_ws/install/tutorial_interface/local/lib/python3.10/dist-packages/tutorial_interface-0.0.0-py3.10.egg-info
[8.167s] -- Installing: /home/jewoo/ros2_ws/install/tutorial_interface/local/lib/python3.10/dist-packages/tutorial_interface-0.0.0-py3.10.egg-info/dependency_links.txt
[8.168s] -- Installing: /home/jewoo/ros2_ws/install/tutorial_interface/local/lib/python3.10/dist-packages/tutorial_interface-0.0.0-py3.10.egg-info/PKG-INFO
[8.168s] -- Installing: /home/jewoo/ros2_ws/install/tutorial_interface/local/lib/python3.10/dist-packages/tutorial_interface-0.0.0-py3.10.egg-info/SOURCES.txt
[8.168s] -- Installing: /home/jewoo/ros2_ws/install/tutorial_interface/local/lib/python3.10/dist-packages/tutorial_interface-0.0.0-py3.10.egg-info/top_level.txt
[8.168s] -- Installing: /home/jewoo/ros2_ws/install/tutorial_interface/local/lib/python3.10/dist-packages/tutorial_interface
[8.168s] -- Installing: /home/jewoo/ros2_ws/install/tutorial_interface/local/lib/python3.10/dist-packages/tutorial_interface/msg
[8.168s] -- Installing: /home/jewoo/ros2_ws/install/tutorial_interface/local/lib/python3.10/dist-packages/tutorial_interface/msg/_num.py
[8.168s] -- Installing: /home/jewoo/ros2_ws/install/tutorial_interface/local/lib/python3.10/dist-packages/tutorial_interface/msg/_sphere_s.c
[8.169s] -- Installing: /home/jewoo/ros2_ws/install/tutorial_interface/local/lib/python3.10/dist-packages/tutorial_interface/msg/_sphere.py
[8.169s] -- Installing: /home/jewoo/ros2_ws/install/tutorial_interface/local/lib/python3.10/dist-packages/tutorial_interface/msg/_num_s.c
[8.169s] -- Installing: /home/jewoo/ros2_ws/install/tutorial_interface/local/lib/python3.10/dist-packages/tutorial_interface/msg/__init__.py
[8.169s] -- Installing: /home/jewoo/ros2_ws/install/tutorial_interface/local/lib/python3.10/dist-packages/tutorial_interface/_tutorial_interface_s.ep.rosidl_typesupport_c.c
[8.169s] -- Installing: /home/jewoo/ros2_ws/install/tutorial_interface/local/lib/python3.10/dist-packages/tutorial_interface/_tutorial_interface_s.ep.rosidl_typesupport_introspection_c.c
[8.170s] -- Installing: /home/jewoo/ros2_ws/install/tutorial_interface/local/lib/python3.10/dist-packages/tutorial_interface/tutorial_interface_s__rosidl_typesupport_c.cpython-310-x86_64-linux-gnu.so
[8.170s] -- Installing: /home/jewoo/ros2_ws/install/tutorial_interface/local/lib/python3.10/dist-packages/tutorial_interface/tutorial_interface_s__rosidl_typesupport_introspection_c.cpython-310-x86_64-linux-gnu.so
[8.170s] -- Installing: /home/jewoo/ros2_ws/install/tutorial_interface/local/lib/python3.10/dist-packages/tutorial_interface/tutorial_interface_s__rosidl_typesupport_fastrtps_c.cpython-310-x86_64-linux-gnu.so
[8.170s] -- Installing: /home/jewoo/ros2_ws/install/tutorial_interface/local/lib/python3.10/dist-packages/tutorial_interface/libtutorial_interface__rosidl_generator_py.so
[8.171s] -- Installing: /home/jewoo/ros2_ws/install/tutorial_interface/local/lib/python3.10/dist-packages/tutorial_interface/_tutorial_interface_s.ep.rosidl_typesupport_fastrtps_c.c
[8.171s] -- Installing: /home/jewoo/ros2_ws/install/tutorial_interface/local/lib/python3.10/dist-packages/tutorial_interface/srv
[8.171s] -- Installing: /home/jewoo/ros2_ws/install/tutorial_interface/local/lib/python3.10/dist-packages/tutorial_interface/srv/_add_three_ints.py
[8.171s] -- Installing: /home/jewoo/ros2_ws/install/tutorial_interface/local/lib/python3.10/dist-packages/tutorial_interface/srv/_add_three_ints_s.c
[8.171s] -- Installing: /home/jewoo/ros2_ws/install/tutorial_interface/local/lib/python3.10/dist-packages/tutorial_interface/srv/__init__.py
[8.171s] -- Installing: /home/jewoo/ros2_ws/install/tutorial_interface/local/lib/python3.10/dist-packages/tutorial_interface/__init__.py
[8.229s] Listing '/home/jewoo/ros2_ws/install/tutorial_interface/local/lib/python3.10/dist-packages/tutorial_interface'...
[8.229s] Compiling '/home/jewoo/ros2_ws/install/tutorial_interface/local/lib/python3.10/dist-packages/tutorial_interface/__init__.py'...
[8.229s] Listing '/home/jewoo/ros2_ws/install/tutorial_interface/local/lib/python3.10/dist-packages/tutorial_interface/msg'...
[8.229s] Compiling '/home/jewoo/ros2_ws/install/tutorial_interface/local/lib/python3.10/dist-packages/tutorial_interface/msg/__init__.py'...
[8.229s] Compiling '/home/jewoo/ros2_ws/install/tutorial_interface/local/lib/python3.10/dist-packages/tutorial_interface/msg/_num.py'...
[8.229s] Compiling '/home/jewoo/ros2_ws/install/tutorial_interface/local/lib/python3.10/dist-packages/tutorial_interface/msg/_sphere.py'...
[8.229s] Listing '/home/jewoo/ros2_ws/install/tutorial_interface/local/lib/python3.10/dist-packages/tutorial_interface/srv'...
[8.229s] Compiling '/home/jewoo/ros2_ws/install/tutorial_interface/local/lib/python3.10/dist-packages/tutorial_interface/srv/__init__.py'...
[8.229s] Compiling '/home/jewoo/ros2_ws/install/tutorial_interface/local/lib/python3.10/dist-packages/tutorial_interface/srv/_add_three_ints.py'...
[8.236s] -- Installing: /home/jewoo/ros2_ws/install/tutorial_interface/local/lib/python3.10/dist-packages/tutorial_interface/tutorial_interface_s__rosidl_typesupport_fastrtps_c.cpython-310-x86_64-linux-gnu.so
[8.237s] -- Set runtime path of "/home/jewoo/ros2_ws/install/tutorial_interface/local/lib/python3.10/dist-packages/tutorial_interface/tutorial_interface_s__rosidl_typesupport_fastrtps_c.cpython-310-x86_64-linux-gnu.so" to ""
[8.237s] -- Installing: /home/jewoo/ros2_ws/install/tutorial_interface/local/lib/python3.10/dist-packages/tutorial_interface/tutorial_interface_s__rosidl_typesupport_introspection_c.cpython-310-x86_64-linux-gnu.so
[8.238s] -- Set runtime path of "/home/jewoo/ros2_ws/install/tutorial_interface/local/lib/python3.10/dist-packages/tutorial_interface/tutorial_interface_s__rosidl_typesupport_introspection_c.cpython-310-x86_64-linux-gnu.so" to ""
[8.239s] -- Installing: /home/jewoo/ros2_ws/install/tutorial_interface/local/lib/python3.10/dist-packages/tutorial_interface/tutorial_interface_s__rosidl_typesupport_c.cpython-310-x86_64-linux-gnu.so
[8.240s] -- Set runtime path of "/home/jewoo/ros2_ws/install/tutorial_interface/local/lib/python3.10/dist-packages/tutorial_interface/tutorial_interface_s__rosidl_typesupport_c.cpython-310-x86_64-linux-gnu.so" to ""
[8.240s] -- Installing: /home/jewoo/ros2_ws/install/tutorial_interface/lib/libtutorial_interface__rosidl_generator_py.so
[8.240s] -- Set runtime path of "/home/jewoo/ros2_ws/install/tutorial_interface/lib/libtutorial_interface__rosidl_generator_py.so" to ""
[8.241s] -- Installing: /home/jewoo/ros2_ws/install/tutorial_interface/share/tutorial_interface/msg/Num.idl
[8.241s] -- Installing: /home/jewoo/ros2_ws/install/tutorial_interface/share/tutorial_interface/msg/Sphere.idl
[8.241s] -- Installing: /home/jewoo/ros2_ws/install/tutorial_interface/share/tutorial_interface/srv/AddThreeInts.idl
[8.241s] -- Installing: /home/jewoo/ros2_ws/install/tutorial_interface/share/tutorial_interface/msg/Num.msg
[8.241s] -- Installing: /home/jewoo/ros2_ws/install/tutorial_interface/share/tutorial_interface/msg/Sphere.msg
[8.242s] -- Installing: /home/jewoo/ros2_ws/install/tutorial_interface/share/tutorial_interface/srv/AddThreeInts.srv
[8.242s] -- Installing: /home/jewoo/ros2_ws/install/tutorial_interface/share/tutorial_interface/srv/AddThreeInts_Request.msg
[8.242s] -- Installing: /home/jewoo/ros2_ws/install/tutorial_interface/share/tutorial_interface/srv/AddThreeInts_Response.msg
[8.242s] -- Installing: /home/jewoo/ros2_ws/install/tutorial_interface/share/ament_index/resource_index/package_run_dependencies/tutorial_interface
[8.243s] -- Installing: /home/jewoo/ros2_ws/install/tutorial_interface/share/ament_index/resource_index/parent_prefix_path/tutorial_interface
[8.243s] -- Installing: /home/jewoo/ros2_ws/install/tutorial_interface/share/tutorial_interface/environment/ament_prefix_path.sh
[8.243s] -- Installing: /home/jewoo/ros2_ws/install/tutorial_interface/share/tutorial_interface/environment/ament_prefix_path.dsv
[8.243s] -- Installing: /home/jewoo/ros2_ws/install/tutorial_interface/share/tutorial_interface/environment/path.sh
[8.244s] -- Installing: /home/jewoo/ros2_ws/install/tutorial_interface/share/tutorial_interface/environment/path.dsv
[8.244s] -- Installing: /home/jewoo/ros2_ws/install/tutorial_interface/share/tutorial_interface/local_setup.bash
[8.244s] -- Installing: /home/jewoo/ros2_ws/install/tutorial_interface/share/tutorial_interface/local_setup.sh
[8.245s] -- Installing: /home/jewoo/ros2_ws/install/tutorial_interface/share/tutorial_interface/local_setup.zsh
[8.245s] -- Installing: /home/jewoo/ros2_ws/install/tutorial_interface/share/tutorial_interface/local_setup.dsv
[8.245s] -- Installing: /home/jewoo/ros2_ws/install/tutorial_interface/share/tutorial_interface/package.dsv
[8.245s] -- Installing: /home/jewoo/ros2_ws/install/tutorial_interface/share/ament_index/resource_index/packages/tutorial_interface
[8.245s] -- Installing: /home/jewoo/ros2_ws/install/tutorial_interface/share/tutorial_interface/cmake/export_tutorial_interface__rosidl_generator_cExport.cmake
[8.245s] -- Installing: /home/jewoo/ros2_ws/install/tutorial_interface/share/tutorial_interface/cmake/export_tutorial_interface__rosidl_generator_cExport-noconfig.cmake
[8.246s] -- Installing: /home/jewoo/ros2_ws/install/tutorial_interface/share/tutorial_interface/cmake/export_tutorial_interface__rosidl_typesupport_fastrtps_cExport.cmake
[8.246s] -- Installing: /home/jewoo/ros2_ws/install/tutorial_interface/share/tutorial_interface/cmake/export_tutorial_interface__rosidl_typesupport_fastrtps_cExport-noconfig.cmake
[8.246s] -- Installing: /home/jewoo/ros2_ws/install/tutorial_interface/share/tutorial_interface/cmake/export_tutorial_interface__rosidl_generator_cppExport.cmake
[8.247s] -- Installing: /home/jewoo/ros2_ws/install/tutorial_interface/share/tutorial_interface/cmake/export_tutorial_interface__rosidl_typesupport_fastrtps_cppExport.cmake
[8.247s] -- Installing: /home/jewoo/ros2_ws/install/tutorial_interface/share/tutorial_interface/cmake/export_tutorial_interface__rosidl_typesupport_fastrtps_cppExport-noconfig.cmake
[8.247s] -- Installing: /home/jewoo/ros2_ws/install/tutorial_interface/share/tutorial_interface/cmake/tutorial_interface__rosidl_typesupport_introspection_cExport.cmake
[8.247s] -- Installing: /home/jewoo/ros2_ws/install/tutorial_interface/share/tutorial_interface/cmake/tutorial_interface__rosidl_typesupport_introspection_cExport-noconfig.cmake
[8.247s] -- Installing: /home/jewoo/ros2_ws/install/tutorial_interface/share/tutorial_interface/cmake/tutorial_interface__rosidl_typesupport_cExport.cmake
[8.248s] -- Installing: /home/jewoo/ros2_ws/install/tutorial_interface/share/tutorial_interface/cmake/tutorial_interface__rosidl_typesupport_cExport-noconfig.cmake
[8.248s] -- Installing: /home/jewoo/ros2_ws/install/tutorial_interface/share/tutorial_interface/cmake/tutorial_interface__rosidl_typesupport_introspection_cppExport.cmake
[8.248s] -- Installing: /home/jewoo/ros2_ws/install/tutorial_interface/share/tutorial_interface/cmake/tutorial_interface__rosidl_typesupport_introspection_cppExport-noconfig.cmake
[8.248s] -- Installing: /home/jewoo/ros2_ws/install/tutorial_interface/share/tutorial_interface/cmake/tutorial_interface__rosidl_typesupport_cppExport.cmake
[8.249s] -- Installing: /home/jewoo/ros2_ws/install/tutorial_interface/share/tutorial_interface/cmake/tutorial_interface__rosidl_typesupport_cppExport-noconfig.cmake
[8.249s] -- Installing: /home/jewoo/ros2_ws/install/tutorial_interface/share/tutorial_interface/cmake/export_tutorial_interface__rosidl_generator_pyExport.cmake
[8.249s] -- Installing: /home/jewoo/ros2_ws/install/tutorial_interface/share/tutorial_interface/cmake/export_tutorial_interface__rosidl_generator_pyExport-noconfig.cmake
[8.249s] -- Installing: /home/jewoo/ros2_ws/install/tutorial_interface/share/tutorial_interface/cmake/rosidl_cmake-extras.cmake
[8.250s] -- Installing: /home/jewoo/ros2_ws/install/tutorial_interface/share/tutorial_interface/cmake/ament_cmake_export_dependencies-extras.cmake
[8.250s] -- Installing: /home/jewoo/ros2_ws/install/tutorial_interface/share/tutorial_interface/cmake/ament_cmake_export_include_directories-extras.cmake
[8.250s] -- Installing: /home/jewoo/ros2_ws/install/tutorial_interface/share/tutorial_interface/cmake/ament_cmake_export_libraries-extras.cmake
[8.250s] -- Installing: /home/jewoo/ros2_ws/install/tutorial_interface/share/tutorial_interface/cmake/ament_cmake_export_targets-extras.cmake
[8.250s] -- Installing: /home/jewoo/ros2_ws/install/tutorial_interface/share/tutorial_interface/cmake/rosidl_cmake_export_typesupport_targets-extras.cmake
[8.251s] -- Installing: /home/jewoo/ros2_ws/install/tutorial_interface/share/tutorial_interface/cmake/rosidl_cmake_export_typesupport_libraries-extras.cmake
[8.251s] -- Installing: /home/jewoo/ros2_ws/install/tutorial_interface/share/tutorial_interface/cmake/tutorial_interfaceConfig.cmake
[8.251s] -- Installing: /home/jewoo/ros2_ws/install/tutorial_interface/share/tutorial_interface/cmake/tutorial_interfaceConfig-version.cmake
[8.251s] -- Installing: /home/jewoo/ros2_ws/install/tutorial_interface/share/tutorial_interface/package.xml
[8.256s] Invoked command in '/home/jewoo/ros2_ws/build/tutorial_interface' returned '0': CMAKE_PREFIX_PATH=/opt/ros/humble:/home/jewoo/ros2_ws/install/ros2_python_tutorial /usr/bin/cmake --install /home/jewoo/ros2_ws/build/tutorial_interface
