running develop
/usr/lib/python3/dist-packages/setuptools/command/easy_install.py:158: EasyInstallDeprecationWarning: easy_install command is deprecated. Use build and pip and other standards-based tools.
  warnings.warn(
running egg_info
writing ros2_python_tutorial.egg-info/PKG-INFO
writing dependency_links to ros2_python_tutorial.egg-info/dependency_links.txt
writing entry points to ros2_python_tutorial.egg-info/entry_points.txt
writing requirements to ros2_python_tutorial.egg-info/requires.txt
writing top-level names to ros2_python_tutorial.egg-info/top_level.txt
reading manifest file 'ros2_python_tutorial.egg-info/SOURCES.txt'
writing manifest file 'ros2_python_tutorial.egg-info/SOURCES.txt'
running build_ext
Creating /home/jewoo/ros2_ws/install/ros2_python_tutorial/lib/python3.10/site-packages/ros2-python-tutorial.egg-link (link to .)
Installing client script to /home/jewoo/ros2_ws/install/ros2_python_tutorial/lib/ros2_python_tutorial
Installing listener script to /home/jewoo/ros2_ws/install/ros2_python_tutorial/lib/ros2_python_tutorial
Installing python_node script to /home/jewoo/ros2_ws/install/ros2_python_tutorial/lib/ros2_python_tutorial
Installing server script to /home/jewoo/ros2_ws/install/ros2_python_tutorial/lib/ros2_python_tutorial
Installing talker script to /home/jewoo/ros2_ws/install/ros2_python_tutorial/lib/ros2_python_tutorial

Installed /home/jewoo/ros2_ws/build/ros2_python_tutorial
running symlink_data
