running egg_info
creating ../../build/ros2_python_tutorial/ros2_python_tutorial.egg-info
writing ../../build/ros2_python_tutorial/ros2_python_tutorial.egg-info/PKG-INFO
writing dependency_links to ../../build/ros2_python_tutorial/ros2_python_tutorial.egg-info/dependency_links.txt
writing entry points to ../../build/ros2_python_tutorial/ros2_python_tutorial.egg-info/entry_points.txt
writing requirements to ../../build/ros2_python_tutorial/ros2_python_tutorial.egg-info/requires.txt
writing top-level names to ../../build/ros2_python_tutorial/ros2_python_tutorial.egg-info/top_level.txt
writing manifest file '../../build/ros2_python_tutorial/ros2_python_tutorial.egg-info/SOURCES.txt'
reading manifest file '../../build/ros2_python_tutorial/ros2_python_tutorial.egg-info/SOURCES.txt'
adding license file 'LICENSE'
writing manifest file '../../build/ros2_python_tutorial/ros2_python_tutorial.egg-info/SOURCES.txt'
running build
running build_py
creating /home/jewoo/ros2_ws/build/ros2_python_tutorial/build
creating /home/jewoo/ros2_ws/build/ros2_python_tutorial/build/lib
creating /home/jewoo/ros2_ws/build/ros2_python_tutorial/build/lib/ros2_python_tutorial
copying ros2_python_tutorial/service_member_function.py -> /home/jewoo/ros2_ws/build/ros2_python_tutorial/build/lib/ros2_python_tutorial
copying ros2_python_tutorial/publisher_member_function.py -> /home/jewoo/ros2_ws/build/ros2_python_tutorial/build/lib/ros2_python_tutorial
copying ros2_python_tutorial/client_member_function.py -> /home/jewoo/ros2_ws/build/ros2_python_tutorial/build/lib/ros2_python_tutorial
copying ros2_python_tutorial/subscriber_member_function.py -> /home/jewoo/ros2_ws/build/ros2_python_tutorial/build/lib/ros2_python_tutorial
copying ros2_python_tutorial/python_node.py -> /home/jewoo/ros2_ws/build/ros2_python_tutorial/build/lib/ros2_python_tutorial
copying ros2_python_tutorial/__init__.py -> /home/jewoo/ros2_ws/build/ros2_python_tutorial/build/lib/ros2_python_tutorial
running install
running install_lib
creating /home/jewoo/ros2_ws/install/ros2_python_tutorial/lib/python3.10/site-packages/ros2_python_tutorial
copying /home/jewoo/ros2_ws/build/ros2_python_tutorial/build/lib/ros2_python_tutorial/service_member_function.py -> /home/jewoo/ros2_ws/install/ros2_python_tutorial/lib/python3.10/site-packages/ros2_python_tutorial
copying /home/jewoo/ros2_ws/build/ros2_python_tutorial/build/lib/ros2_python_tutorial/publisher_member_function.py -> /home/jewoo/ros2_ws/install/ros2_python_tutorial/lib/python3.10/site-packages/ros2_python_tutorial
copying /home/jewoo/ros2_ws/build/ros2_python_tutorial/build/lib/ros2_python_tutorial/client_member_function.py -> /home/jewoo/ros2_ws/install/ros2_python_tutorial/lib/python3.10/site-packages/ros2_python_tutorial
copying /home/jewoo/ros2_ws/build/ros2_python_tutorial/build/lib/ros2_python_tutorial/subscriber_member_function.py -> /home/jewoo/ros2_ws/install/ros2_python_tutorial/lib/python3.10/site-packages/ros2_python_tutorial
copying /home/jewoo/ros2_ws/build/ros2_python_tutorial/build/lib/ros2_python_tutorial/python_node.py -> /home/jewoo/ros2_ws/install/ros2_python_tutorial/lib/python3.10/site-packages/ros2_python_tutorial
copying /home/jewoo/ros2_ws/build/ros2_python_tutorial/build/lib/ros2_python_tutorial/__init__.py -> /home/jewoo/ros2_ws/install/ros2_python_tutorial/lib/python3.10/site-packages/ros2_python_tutorial
byte-compiling /home/jewoo/ros2_ws/install/ros2_python_tutorial/lib/python3.10/site-packages/ros2_python_tutorial/service_member_function.py to service_member_function.cpython-310.pyc
byte-compiling /home/jewoo/ros2_ws/install/ros2_python_tutorial/lib/python3.10/site-packages/ros2_python_tutorial/publisher_member_function.py to publisher_member_function.cpython-310.pyc
byte-compiling /home/jewoo/ros2_ws/install/ros2_python_tutorial/lib/python3.10/site-packages/ros2_python_tutorial/client_member_function.py to client_member_function.cpython-310.pyc
byte-compiling /home/jewoo/ros2_ws/install/ros2_python_tutorial/lib/python3.10/site-packages/ros2_python_tutorial/subscriber_member_function.py to subscriber_member_function.cpython-310.pyc
byte-compiling /home/jewoo/ros2_ws/install/ros2_python_tutorial/lib/python3.10/site-packages/ros2_python_tutorial/python_node.py to python_node.cpython-310.pyc
byte-compiling /home/jewoo/ros2_ws/install/ros2_python_tutorial/lib/python3.10/site-packages/ros2_python_tutorial/__init__.py to __init__.cpython-310.pyc
running install_data
creating /home/jewoo/ros2_ws/install/ros2_python_tutorial/share/ament_index
creating /home/jewoo/ros2_ws/install/ros2_python_tutorial/share/ament_index/resource_index
creating /home/jewoo/ros2_ws/install/ros2_python_tutorial/share/ament_index/resource_index/packages
copying resource/ros2_python_tutorial -> /home/jewoo/ros2_ws/install/ros2_python_tutorial/share/ament_index/resource_index/packages
copying package.xml -> /home/jewoo/ros2_ws/install/ros2_python_tutorial/share/ros2_python_tutorial
running install_egg_info
Copying ../../build/ros2_python_tutorial/ros2_python_tutorial.egg-info to /home/jewoo/ros2_ws/install/ros2_python_tutorial/lib/python3.10/site-packages/ros2_python_tutorial-0.0.0-py3.10.egg-info
running install_scripts
Installing client script to /home/jewoo/ros2_ws/install/ros2_python_tutorial/lib/ros2_python_tutorial
Installing listener script to /home/jewoo/ros2_ws/install/ros2_python_tutorial/lib/ros2_python_tutorial
Installing python_node script to /home/jewoo/ros2_ws/install/ros2_python_tutorial/lib/ros2_python_tutorial
Installing server script to /home/jewoo/ros2_ws/install/ros2_python_tutorial/lib/ros2_python_tutorial
Installing talker script to /home/jewoo/ros2_ws/install/ros2_python_tutorial/lib/ros2_python_tutorial
writing list of installed files to '/home/jewoo/ros2_ws/build/ros2_python_tutorial/install.log'
