[1.070s] Invoking command in '/home/jewoo/ros2_ws/src/ros2_python_tutorial': PYTHONPATH=/home/jewoo/ros2_ws/build/ros2_python_tutorial/prefix_override:/usr/lib/python3/dist-packages/colcon_core/task/python/colcon_distutils_commands:/home/jewoo/ros2_ws/install/ros2_python_tutorial/lib/python3.10/site-packages:${PYTHONPATH} /usr/bin/python3 -W ignore:setup.py install is deprecated setup.py egg_info --egg-base ../../build/ros2_python_tutorial build --build-base /home/jewoo/ros2_ws/build/ros2_python_tutorial/build install --record /home/jewoo/ros2_ws/build/ros2_python_tutorial/install.log --single-version-externally-managed install_data
[1.466s] running egg_info
[1.467s] creating ../../build/ros2_python_tutorial/ros2_python_tutorial.egg-info
[1.468s] writing ../../build/ros2_python_tutorial/ros2_python_tutorial.egg-info/PKG-INFO
[1.468s] writing dependency_links to ../../build/ros2_python_tutorial/ros2_python_tutorial.egg-info/dependency_links.txt
[1.468s] writing entry points to ../../build/ros2_python_tutorial/ros2_python_tutorial.egg-info/entry_points.txt
[1.469s] writing requirements to ../../build/ros2_python_tutorial/ros2_python_tutorial.egg-info/requires.txt
[1.469s] writing top-level names to ../../build/ros2_python_tutorial/ros2_python_tutorial.egg-info/top_level.txt
[1.469s] writing manifest file '../../build/ros2_python_tutorial/ros2_python_tutorial.egg-info/SOURCES.txt'
[1.471s] reading manifest file '../../build/ros2_python_tutorial/ros2_python_tutorial.egg-info/SOURCES.txt'
[1.471s] adding license file 'LICENSE'
[1.472s] writing manifest file '../../build/ros2_python_tutorial/ros2_python_tutorial.egg-info/SOURCES.txt'
[1.472s] running build
[1.472s] running build_py
[1.473s] creating /home/jewoo/ros2_ws/build/ros2_python_tutorial/build
[1.473s] creating /home/jewoo/ros2_ws/build/ros2_python_tutorial/build/lib
[1.473s] creating /home/jewoo/ros2_ws/build/ros2_python_tutorial/build/lib/ros2_python_tutorial
[1.473s] copying ros2_python_tutorial/service_member_function.py -> /home/jewoo/ros2_ws/build/ros2_python_tutorial/build/lib/ros2_python_tutorial
[1.473s] copying ros2_python_tutorial/publisher_member_function.py -> /home/jewoo/ros2_ws/build/ros2_python_tutorial/build/lib/ros2_python_tutorial
[1.474s] copying ros2_python_tutorial/client_member_function.py -> /home/jewoo/ros2_ws/build/ros2_python_tutorial/build/lib/ros2_python_tutorial
[1.474s] copying ros2_python_tutorial/subscriber_member_function.py -> /home/jewoo/ros2_ws/build/ros2_python_tutorial/build/lib/ros2_python_tutorial
[1.474s] copying ros2_python_tutorial/python_node.py -> /home/jewoo/ros2_ws/build/ros2_python_tutorial/build/lib/ros2_python_tutorial
[1.474s] copying ros2_python_tutorial/__init__.py -> /home/jewoo/ros2_ws/build/ros2_python_tutorial/build/lib/ros2_python_tutorial
[1.474s] running install
[1.475s] running install_lib
[1.475s] creating /home/jewoo/ros2_ws/install/ros2_python_tutorial/lib/python3.10/site-packages/ros2_python_tutorial
[1.476s] copying /home/jewoo/ros2_ws/build/ros2_python_tutorial/build/lib/ros2_python_tutorial/service_member_function.py -> /home/jewoo/ros2_ws/install/ros2_python_tutorial/lib/python3.10/site-packages/ros2_python_tutorial
[1.476s] copying /home/jewoo/ros2_ws/build/ros2_python_tutorial/build/lib/ros2_python_tutorial/publisher_member_function.py -> /home/jewoo/ros2_ws/install/ros2_python_tutorial/lib/python3.10/site-packages/ros2_python_tutorial
[1.476s] copying /home/jewoo/ros2_ws/build/ros2_python_tutorial/build/lib/ros2_python_tutorial/client_member_function.py -> /home/jewoo/ros2_ws/install/ros2_python_tutorial/lib/python3.10/site-packages/ros2_python_tutorial
[1.476s] copying /home/jewoo/ros2_ws/build/ros2_python_tutorial/build/lib/ros2_python_tutorial/subscriber_member_function.py -> /home/jewoo/ros2_ws/install/ros2_python_tutorial/lib/python3.10/site-packages/ros2_python_tutorial
[1.476s] copying /home/jewoo/ros2_ws/build/ros2_python_tutorial/build/lib/ros2_python_tutorial/python_node.py -> /home/jewoo/ros2_ws/install/ros2_python_tutorial/lib/python3.10/site-packages/ros2_python_tutorial
[1.476s] copying /home/jewoo/ros2_ws/build/ros2_python_tutorial/build/lib/ros2_python_tutorial/__init__.py -> /home/jewoo/ros2_ws/install/ros2_python_tutorial/lib/python3.10/site-packages/ros2_python_tutorial
[1.477s] byte-compiling /home/jewoo/ros2_ws/install/ros2_python_tutorial/lib/python3.10/site-packages/ros2_python_tutorial/service_member_function.py to service_member_function.cpython-310.pyc
[1.477s] byte-compiling /home/jewoo/ros2_ws/install/ros2_python_tutorial/lib/python3.10/site-packages/ros2_python_tutorial/publisher_member_function.py to publisher_member_function.cpython-310.pyc
[1.478s] byte-compiling /home/jewoo/ros2_ws/install/ros2_python_tutorial/lib/python3.10/site-packages/ros2_python_tutorial/client_member_function.py to client_member_function.cpython-310.pyc
[1.479s] byte-compiling /home/jewoo/ros2_ws/install/ros2_python_tutorial/lib/python3.10/site-packages/ros2_python_tutorial/subscriber_member_function.py to subscriber_member_function.cpython-310.pyc
[1.479s] byte-compiling /home/jewoo/ros2_ws/install/ros2_python_tutorial/lib/python3.10/site-packages/ros2_python_tutorial/python_node.py to python_node.cpython-310.pyc
[1.480s] byte-compiling /home/jewoo/ros2_ws/install/ros2_python_tutorial/lib/python3.10/site-packages/ros2_python_tutorial/__init__.py to __init__.cpython-310.pyc
[1.480s] running install_data
[1.480s] creating /home/jewoo/ros2_ws/install/ros2_python_tutorial/share/ament_index
[1.480s] creating /home/jewoo/ros2_ws/install/ros2_python_tutorial/share/ament_index/resource_index
[1.480s] creating /home/jewoo/ros2_ws/install/ros2_python_tutorial/share/ament_index/resource_index/packages
[1.480s] copying resource/ros2_python_tutorial -> /home/jewoo/ros2_ws/install/ros2_python_tutorial/share/ament_index/resource_index/packages
[1.481s] copying package.xml -> /home/jewoo/ros2_ws/install/ros2_python_tutorial/share/ros2_python_tutorial
[1.481s] running install_egg_info
[1.483s] Copying ../../build/ros2_python_tutorial/ros2_python_tutorial.egg-info to /home/jewoo/ros2_ws/install/ros2_python_tutorial/lib/python3.10/site-packages/ros2_python_tutorial-0.0.0-py3.10.egg-info
[1.485s] running install_scripts
[1.516s] Installing client script to /home/jewoo/ros2_ws/install/ros2_python_tutorial/lib/ros2_python_tutorial
[1.517s] Installing listener script to /home/jewoo/ros2_ws/install/ros2_python_tutorial/lib/ros2_python_tutorial
[1.517s] Installing python_node script to /home/jewoo/ros2_ws/install/ros2_python_tutorial/lib/ros2_python_tutorial
[1.517s] Installing server script to /home/jewoo/ros2_ws/install/ros2_python_tutorial/lib/ros2_python_tutorial
[1.517s] Installing talker script to /home/jewoo/ros2_ws/install/ros2_python_tutorial/lib/ros2_python_tutorial
[1.518s] writing list of installed files to '/home/jewoo/ros2_ws/build/ros2_python_tutorial/install.log'
[1.553s] Invoked command in '/home/jewoo/ros2_ws/src/ros2_python_tutorial' returned '0': PYTHONPATH=/home/jewoo/ros2_ws/build/ros2_python_tutorial/prefix_override:/usr/lib/python3/dist-packages/colcon_core/task/python/colcon_distutils_commands:/home/jewoo/ros2_ws/install/ros2_python_tutorial/lib/python3.10/site-packages:${PYTHONPATH} /usr/bin/python3 -W ignore:setup.py install is deprecated setup.py egg_info --egg-base ../../build/ros2_python_tutorial build --build-base /home/jewoo/ros2_ws/build/ros2_python_tutorial/build install --record /home/jewoo/ros2_ws/build/ros2_python_tutorial/install.log --single-version-externally-managed install_data
