[0.026s] Invoking command in '/home/jewoo/ros2_ws/build/ros2_interfaces_tutorial': CMAKE_PREFIX_PATH=${CMAKE_PREFIX_PATH}:/opt/ros/humble:/home/jewoo/ros2_ws/install/ros2_python_tutorial /usr/bin/cmake --build /home/jewoo/ros2_ws/build/ros2_interfaces_tutorial -- -j12 -l12
[0.129s] [  2%] Built target ros2_interfaces_tutorial__cpp
[0.132s] [ 12%] Built target ros2_interfaces_tutorial__rosidl_generator_c
[0.143s] [ 12%] Built target ament_cmake_python_symlink_ros2_interfaces_tutorial
[0.172s] [ 23%] Built target ros2_interfaces_tutorial__rosidl_typesupport_cpp
[0.173s] [ 34%] Built target ros2_interfaces_tutorial__rosidl_typesupport_introspection_c
[0.175s] [ 44%] Built target ros2_interfaces_tutorial__rosidl_typesupport_fastrtps_cpp
[0.176s] [ 55%] Built target ros2_interfaces_tutorial__rosidl_typesupport_c
[0.176s] [ 65%] Built target ros2_interfaces_tutorial__rosidl_typesupport_introspection_cpp
[0.183s] [ 76%] Built target ros2_interfaces_tutorial__rosidl_typesupport_fastrtps_c
[0.214s] [ 76%] Built target ros2_interfaces_tutorial
[0.249s] [ 78%] Built target ros2_interfaces_tutorial__py
[0.288s] [ 87%] Built target ros2_interfaces_tutorial__rosidl_generator_py
[0.325s] [ 91%] Built target ros2_interfaces_tutorial__rosidl_typesupport_fastrtps_c__pyext
[0.329s] [100%] Built target ros2_interfaces_tutorial__rosidl_typesupport_introspection_c__pyext
[0.329s] [100%] Built target ros2_interfaces_tutorial__rosidl_typesupport_c__pyext
[0.576s] running egg_info
[0.577s] writing ros2_interfaces_tutorial.egg-info/PKG-INFO
[0.577s] writing dependency_links to ros2_interfaces_tutorial.egg-info/dependency_links.txt
[0.578s] writing top-level names to ros2_interfaces_tutorial.egg-info/top_level.txt
[0.581s] reading manifest file 'ros2_interfaces_tutorial.egg-info/SOURCES.txt'
[0.583s] writing manifest file 'ros2_interfaces_tutorial.egg-info/SOURCES.txt'
[0.620s] [100%] Built target ament_cmake_python_build_ros2_interfaces_tutorial_egg
[0.638s] Invoked command in '/home/jewoo/ros2_ws/build/ros2_interfaces_tutorial' returned '0': CMAKE_PREFIX_PATH=${CMAKE_PREFIX_PATH}:/opt/ros/humble:/home/jewoo/ros2_ws/install/ros2_python_tutorial /usr/bin/cmake --build /home/jewoo/ros2_ws/build/ros2_interfaces_tutorial -- -j12 -l12
[0.786s] Invoking command in '/home/jewoo/ros2_ws/build/ros2_interfaces_tutorial': CMAKE_PREFIX_PATH=${CMAKE_PREFIX_PATH}:/opt/ros/humble:/home/jewoo/ros2_ws/install/ros2_python_tutorial /usr/bin/cmake --install /home/jewoo/ros2_ws/build/ros2_interfaces_tutorial
[0.804s] -- Install configuration: "RelWithDebInfo"
[0.805s] -- Execute custom install script
[0.806s] -- Up-to-date symlink: /home/jewoo/ros2_ws/install/ros2_interfaces_tutorial/share/ament_index/resource_index/rosidl_interfaces/ros2_interfaces_tutorial
[0.807s] -- Up-to-date symlink: /home/jewoo/ros2_ws/install/ros2_interfaces_tutorial/include/ros2_interfaces_tutorial/ros2_interfaces_tutorial/msg/detail/sphere__functions.h
[0.807s] -- Up-to-date symlink: /home/jewoo/ros2_ws/install/ros2_interfaces_tutorial/include/ros2_interfaces_tutorial/ros2_interfaces_tutorial/msg/detail/sphere__struct.h
[0.807s] -- Up-to-date symlink: /home/jewoo/ros2_ws/install/ros2_interfaces_tutorial/include/ros2_interfaces_tutorial/ros2_interfaces_tutorial/msg/detail/sphere__type_support.h
[0.807s] -- Up-to-date symlink: /home/jewoo/ros2_ws/install/ros2_interfaces_tutorial/include/ros2_interfaces_tutorial/ros2_interfaces_tutorial/msg/detail/spheres__functions.h
[0.808s] -- Up-to-date symlink: /home/jewoo/ros2_ws/install/ros2_interfaces_tutorial/include/ros2_interfaces_tutorial/ros2_interfaces_tutorial/msg/detail/spheres__struct.h
[0.808s] -- Up-to-date symlink: /home/jewoo/ros2_ws/install/ros2_interfaces_tutorial/include/ros2_interfaces_tutorial/ros2_interfaces_tutorial/msg/detail/spheres__type_support.h
[0.808s] -- Up-to-date symlink: /home/jewoo/ros2_ws/install/ros2_interfaces_tutorial/include/ros2_interfaces_tutorial/ros2_interfaces_tutorial/msg/rosidl_generator_c__visibility_control.h
[0.808s] -- Up-to-date symlink: /home/jewoo/ros2_ws/install/ros2_interfaces_tutorial/include/ros2_interfaces_tutorial/ros2_interfaces_tutorial/msg/sphere.h
[0.808s] -- Up-to-date symlink: /home/jewoo/ros2_ws/install/ros2_interfaces_tutorial/include/ros2_interfaces_tutorial/ros2_interfaces_tutorial/msg/spheres.h
[0.809s] -- Up-to-date symlink: /home/jewoo/ros2_ws/install/ros2_interfaces_tutorial/include/ros2_interfaces_tutorial/ros2_interfaces_tutorial/srv/add_three_ints.h
[0.809s] -- Up-to-date symlink: /home/jewoo/ros2_ws/install/ros2_interfaces_tutorial/include/ros2_interfaces_tutorial/ros2_interfaces_tutorial/srv/detail/add_three_ints__functions.h
[0.809s] -- Up-to-date symlink: /home/jewoo/ros2_ws/install/ros2_interfaces_tutorial/include/ros2_interfaces_tutorial/ros2_interfaces_tutorial/srv/detail/add_three_ints__struct.h
[0.809s] -- Up-to-date symlink: /home/jewoo/ros2_ws/install/ros2_interfaces_tutorial/include/ros2_interfaces_tutorial/ros2_interfaces_tutorial/srv/detail/add_three_ints__type_support.h
[0.809s] -- Up-to-date symlink: /home/jewoo/ros2_ws/install/ros2_interfaces_tutorial/share/ros2_interfaces_tutorial/environment/library_path.sh
[0.810s] -- Up-to-date symlink: /home/jewoo/ros2_ws/install/ros2_interfaces_tutorial/share/ros2_interfaces_tutorial/environment/library_path.dsv
[0.811s] -- Up-to-date symlink: /home/jewoo/ros2_ws/install/ros2_interfaces_tutorial/include/ros2_interfaces_tutorial/ros2_interfaces_tutorial/msg/detail/sphere__rosidl_typesupport_fastrtps_c.h
[0.811s] -- Up-to-date symlink: /home/jewoo/ros2_ws/install/ros2_interfaces_tutorial/include/ros2_interfaces_tutorial/ros2_interfaces_tutorial/msg/detail/spheres__rosidl_typesupport_fastrtps_c.h
[0.811s] -- Up-to-date symlink: /home/jewoo/ros2_ws/install/ros2_interfaces_tutorial/include/ros2_interfaces_tutorial/ros2_interfaces_tutorial/msg/rosidl_typesupport_fastrtps_c__visibility_control.h
[0.811s] -- Up-to-date symlink: /home/jewoo/ros2_ws/install/ros2_interfaces_tutorial/include/ros2_interfaces_tutorial/ros2_interfaces_tutorial/srv/detail/add_three_ints__rosidl_typesupport_fastrtps_c.h
[0.812s] -- Up-to-date symlink: /home/jewoo/ros2_ws/install/ros2_interfaces_tutorial/include/ros2_interfaces_tutorial/ros2_interfaces_tutorial/msg/detail/sphere__builder.hpp
[0.812s] -- Up-to-date symlink: /home/jewoo/ros2_ws/install/ros2_interfaces_tutorial/include/ros2_interfaces_tutorial/ros2_interfaces_tutorial/msg/detail/sphere__struct.hpp
[0.813s] -- Up-to-date symlink: /home/jewoo/ros2_ws/install/ros2_interfaces_tutorial/include/ros2_interfaces_tutorial/ros2_interfaces_tutorial/msg/detail/sphere__traits.hpp
[0.813s] -- Up-to-date symlink: /home/jewoo/ros2_ws/install/ros2_interfaces_tutorial/include/ros2_interfaces_tutorial/ros2_interfaces_tutorial/msg/detail/spheres__builder.hpp
[0.813s] -- Up-to-date symlink: /home/jewoo/ros2_ws/install/ros2_interfaces_tutorial/include/ros2_interfaces_tutorial/ros2_interfaces_tutorial/msg/detail/spheres__struct.hpp
[0.813s] -- Up-to-date symlink: /home/jewoo/ros2_ws/install/ros2_interfaces_tutorial/include/ros2_interfaces_tutorial/ros2_interfaces_tutorial/msg/detail/spheres__traits.hpp
[0.814s] -- Up-to-date symlink: /home/jewoo/ros2_ws/install/ros2_interfaces_tutorial/include/ros2_interfaces_tutorial/ros2_interfaces_tutorial/msg/sphere.hpp
[0.814s] -- Up-to-date symlink: /home/jewoo/ros2_ws/install/ros2_interfaces_tutorial/include/ros2_interfaces_tutorial/ros2_interfaces_tutorial/msg/spheres.hpp
[0.814s] -- Up-to-date symlink: /home/jewoo/ros2_ws/install/ros2_interfaces_tutorial/include/ros2_interfaces_tutorial/ros2_interfaces_tutorial/srv/add_three_ints.hpp
[0.814s] -- Up-to-date symlink: /home/jewoo/ros2_ws/install/ros2_interfaces_tutorial/include/ros2_interfaces_tutorial/ros2_interfaces_tutorial/srv/detail/add_three_ints__builder.hpp
[0.814s] -- Up-to-date symlink: /home/jewoo/ros2_ws/install/ros2_interfaces_tutorial/include/ros2_interfaces_tutorial/ros2_interfaces_tutorial/srv/detail/add_three_ints__struct.hpp
[0.815s] -- Up-to-date symlink: /home/jewoo/ros2_ws/install/ros2_interfaces_tutorial/include/ros2_interfaces_tutorial/ros2_interfaces_tutorial/srv/detail/add_three_ints__traits.hpp
[0.816s] -- Up-to-date symlink: /home/jewoo/ros2_ws/install/ros2_interfaces_tutorial/include/ros2_interfaces_tutorial/ros2_interfaces_tutorial/msg/detail/sphere__rosidl_typesupport_fastrtps_cpp.hpp
[0.816s] -- Up-to-date symlink: /home/jewoo/ros2_ws/install/ros2_interfaces_tutorial/include/ros2_interfaces_tutorial/ros2_interfaces_tutorial/msg/detail/spheres__rosidl_typesupport_fastrtps_cpp.hpp
[0.816s] -- Up-to-date symlink: /home/jewoo/ros2_ws/install/ros2_interfaces_tutorial/include/ros2_interfaces_tutorial/ros2_interfaces_tutorial/msg/rosidl_typesupport_fastrtps_cpp__visibility_control.h
[0.816s] -- Up-to-date symlink: /home/jewoo/ros2_ws/install/ros2_interfaces_tutorial/include/ros2_interfaces_tutorial/ros2_interfaces_tutorial/srv/detail/add_three_ints__rosidl_typesupport_fastrtps_cpp.hpp
[0.817s] -- Up-to-date symlink: /home/jewoo/ros2_ws/install/ros2_interfaces_tutorial/include/ros2_interfaces_tutorial/ros2_interfaces_tutorial/msg/detail/sphere__rosidl_typesupport_introspection_c.h
[0.817s] -- Up-to-date symlink: /home/jewoo/ros2_ws/install/ros2_interfaces_tutorial/include/ros2_interfaces_tutorial/ros2_interfaces_tutorial/msg/detail/spheres__rosidl_typesupport_introspection_c.h
[0.818s] -- Up-to-date symlink: /home/jewoo/ros2_ws/install/ros2_interfaces_tutorial/include/ros2_interfaces_tutorial/ros2_interfaces_tutorial/msg/rosidl_typesupport_introspection_c__visibility_control.h
[0.818s] -- Up-to-date symlink: /home/jewoo/ros2_ws/install/ros2_interfaces_tutorial/include/ros2_interfaces_tutorial/ros2_interfaces_tutorial/srv/detail/add_three_ints__rosidl_typesupport_introspection_c.h
[0.819s] -- Up-to-date symlink: /home/jewoo/ros2_ws/install/ros2_interfaces_tutorial/include/ros2_interfaces_tutorial/ros2_interfaces_tutorial/msg/detail/sphere__rosidl_typesupport_introspection_cpp.hpp
[0.819s] -- Up-to-date symlink: /home/jewoo/ros2_ws/install/ros2_interfaces_tutorial/include/ros2_interfaces_tutorial/ros2_interfaces_tutorial/msg/detail/spheres__rosidl_typesupport_introspection_cpp.hpp
[0.819s] -- Up-to-date symlink: /home/jewoo/ros2_ws/install/ros2_interfaces_tutorial/include/ros2_interfaces_tutorial/ros2_interfaces_tutorial/srv/detail/add_three_ints__rosidl_typesupport_introspection_cpp.hpp
[0.819s] -- Up-to-date symlink: /home/jewoo/ros2_ws/install/ros2_interfaces_tutorial/share/ros2_interfaces_tutorial/environment/pythonpath.sh
[0.820s] -- Up-to-date symlink: /home/jewoo/ros2_ws/install/ros2_interfaces_tutorial/share/ros2_interfaces_tutorial/environment/pythonpath.dsv
[0.820s] -- Up-to-date symlink: /home/jewoo/ros2_ws/install/ros2_interfaces_tutorial/local/lib/python3.10/dist-packages/ros2_interfaces_tutorial-0.0.0-py3.10.egg-info/PKG-INFO
[0.820s] -- Up-to-date symlink: /home/jewoo/ros2_ws/install/ros2_interfaces_tutorial/local/lib/python3.10/dist-packages/ros2_interfaces_tutorial-0.0.0-py3.10.egg-info/SOURCES.txt
[0.821s] -- Up-to-date symlink: /home/jewoo/ros2_ws/install/ros2_interfaces_tutorial/local/lib/python3.10/dist-packages/ros2_interfaces_tutorial-0.0.0-py3.10.egg-info/dependency_links.txt
[0.821s] -- Up-to-date symlink: /home/jewoo/ros2_ws/install/ros2_interfaces_tutorial/local/lib/python3.10/dist-packages/ros2_interfaces_tutorial-0.0.0-py3.10.egg-info/top_level.txt
[0.822s] -- Up-to-date symlink: /home/jewoo/ros2_ws/install/ros2_interfaces_tutorial/local/lib/python3.10/dist-packages/ros2_interfaces_tutorial/__init__.py
[0.822s] -- Up-to-date symlink: /home/jewoo/ros2_ws/install/ros2_interfaces_tutorial/local/lib/python3.10/dist-packages/ros2_interfaces_tutorial/_ros2_interfaces_tutorial_s.ep.rosidl_typesupport_c.c
[0.823s] -- Up-to-date symlink: /home/jewoo/ros2_ws/install/ros2_interfaces_tutorial/local/lib/python3.10/dist-packages/ros2_interfaces_tutorial/_ros2_interfaces_tutorial_s.ep.rosidl_typesupport_fastrtps_c.c
[0.823s] -- Up-to-date symlink: /home/jewoo/ros2_ws/install/ros2_interfaces_tutorial/local/lib/python3.10/dist-packages/ros2_interfaces_tutorial/_ros2_interfaces_tutorial_s.ep.rosidl_typesupport_introspection_c.c
[0.823s] -- Up-to-date symlink: /home/jewoo/ros2_ws/install/ros2_interfaces_tutorial/local/lib/python3.10/dist-packages/ros2_interfaces_tutorial/libros2_interfaces_tutorial__rosidl_generator_py.so
[0.823s] -- Up-to-date symlink: /home/jewoo/ros2_ws/install/ros2_interfaces_tutorial/local/lib/python3.10/dist-packages/ros2_interfaces_tutorial/msg/__init__.py
[0.823s] -- Up-to-date symlink: /home/jewoo/ros2_ws/install/ros2_interfaces_tutorial/local/lib/python3.10/dist-packages/ros2_interfaces_tutorial/msg/_sphere.py
[0.824s] -- Up-to-date symlink: /home/jewoo/ros2_ws/install/ros2_interfaces_tutorial/local/lib/python3.10/dist-packages/ros2_interfaces_tutorial/msg/_sphere_s.c
[0.824s] -- Up-to-date symlink: /home/jewoo/ros2_ws/install/ros2_interfaces_tutorial/local/lib/python3.10/dist-packages/ros2_interfaces_tutorial/msg/_spheres.py
[0.824s] -- Up-to-date symlink: /home/jewoo/ros2_ws/install/ros2_interfaces_tutorial/local/lib/python3.10/dist-packages/ros2_interfaces_tutorial/msg/_spheres_s.c
[0.824s] -- Up-to-date symlink: /home/jewoo/ros2_ws/install/ros2_interfaces_tutorial/local/lib/python3.10/dist-packages/ros2_interfaces_tutorial/ros2_interfaces_tutorial_s__rosidl_typesupport_c.cpython-310-x86_64-linux-gnu.so
[0.824s] -- Up-to-date symlink: /home/jewoo/ros2_ws/install/ros2_interfaces_tutorial/local/lib/python3.10/dist-packages/ros2_interfaces_tutorial/ros2_interfaces_tutorial_s__rosidl_typesupport_fastrtps_c.cpython-310-x86_64-linux-gnu.so
[0.825s] -- Up-to-date symlink: /home/jewoo/ros2_ws/install/ros2_interfaces_tutorial/local/lib/python3.10/dist-packages/ros2_interfaces_tutorial/ros2_interfaces_tutorial_s__rosidl_typesupport_introspection_c.cpython-310-x86_64-linux-gnu.so
[0.825s] -- Up-to-date symlink: /home/jewoo/ros2_ws/install/ros2_interfaces_tutorial/local/lib/python3.10/dist-packages/ros2_interfaces_tutorial/srv/__init__.py
[0.825s] -- Up-to-date symlink: /home/jewoo/ros2_ws/install/ros2_interfaces_tutorial/local/lib/python3.10/dist-packages/ros2_interfaces_tutorial/srv/_add_three_ints.py
[0.825s] -- Up-to-date symlink: /home/jewoo/ros2_ws/install/ros2_interfaces_tutorial/local/lib/python3.10/dist-packages/ros2_interfaces_tutorial/srv/_add_three_ints_s.c
[0.826s] -- Up-to-date symlink: /home/jewoo/ros2_ws/install/ros2_interfaces_tutorial/local/lib/python3.10/dist-packages/ros2_interfaces_tutorial/ros2_interfaces_tutorial_s__rosidl_typesupport_fastrtps_c.cpython-310-x86_64-linux-gnu.so
[0.827s] -- Up-to-date symlink: /home/jewoo/ros2_ws/install/ros2_interfaces_tutorial/local/lib/python3.10/dist-packages/ros2_interfaces_tutorial/ros2_interfaces_tutorial_s__rosidl_typesupport_introspection_c.cpython-310-x86_64-linux-gnu.so
[0.827s] -- Up-to-date symlink: /home/jewoo/ros2_ws/install/ros2_interfaces_tutorial/local/lib/python3.10/dist-packages/ros2_interfaces_tutorial/ros2_interfaces_tutorial_s__rosidl_typesupport_c.cpython-310-x86_64-linux-gnu.so
[0.828s] -- Up-to-date symlink: /home/jewoo/ros2_ws/install/ros2_interfaces_tutorial/share/ros2_interfaces_tutorial/msg/Sphere.idl
[0.828s] -- Up-to-date symlink: /home/jewoo/ros2_ws/install/ros2_interfaces_tutorial/share/ros2_interfaces_tutorial/msg/Spheres.idl
[0.828s] -- Up-to-date symlink: /home/jewoo/ros2_ws/install/ros2_interfaces_tutorial/share/ros2_interfaces_tutorial/srv/AddThreeInts.idl
[0.829s] -- Up-to-date symlink: /home/jewoo/ros2_ws/install/ros2_interfaces_tutorial/share/ros2_interfaces_tutorial/msg/Sphere.msg
[0.829s] -- Up-to-date symlink: /home/jewoo/ros2_ws/install/ros2_interfaces_tutorial/share/ros2_interfaces_tutorial/msg/Spheres.msg
[0.829s] -- Up-to-date symlink: /home/jewoo/ros2_ws/install/ros2_interfaces_tutorial/share/ros2_interfaces_tutorial/srv/AddThreeInts.srv
[0.830s] -- Up-to-date symlink: /home/jewoo/ros2_ws/install/ros2_interfaces_tutorial/share/ros2_interfaces_tutorial/srv/AddThreeInts_Request.msg
[0.830s] -- Up-to-date symlink: /home/jewoo/ros2_ws/install/ros2_interfaces_tutorial/share/ros2_interfaces_tutorial/srv/AddThreeInts_Response.msg
[0.830s] -- Up-to-date symlink: /home/jewoo/ros2_ws/install/ros2_interfaces_tutorial/share/ament_index/resource_index/package_run_dependencies/ros2_interfaces_tutorial
[0.831s] -- Up-to-date symlink: /home/jewoo/ros2_ws/install/ros2_interfaces_tutorial/share/ament_index/resource_index/parent_prefix_path/ros2_interfaces_tutorial
[0.831s] -- Up-to-date symlink: /home/jewoo/ros2_ws/install/ros2_interfaces_tutorial/share/ros2_interfaces_tutorial/environment/ament_prefix_path.sh
[0.831s] -- Up-to-date symlink: /home/jewoo/ros2_ws/install/ros2_interfaces_tutorial/share/ros2_interfaces_tutorial/environment/ament_prefix_path.dsv
[0.832s] -- Up-to-date symlink: /home/jewoo/ros2_ws/install/ros2_interfaces_tutorial/share/ros2_interfaces_tutorial/environment/path.sh
[0.832s] -- Up-to-date symlink: /home/jewoo/ros2_ws/install/ros2_interfaces_tutorial/share/ros2_interfaces_tutorial/environment/path.dsv
[0.832s] -- Up-to-date symlink: /home/jewoo/ros2_ws/install/ros2_interfaces_tutorial/share/ros2_interfaces_tutorial/local_setup.bash
[0.832s] -- Up-to-date symlink: /home/jewoo/ros2_ws/install/ros2_interfaces_tutorial/share/ros2_interfaces_tutorial/local_setup.sh
[0.832s] -- Up-to-date symlink: /home/jewoo/ros2_ws/install/ros2_interfaces_tutorial/share/ros2_interfaces_tutorial/local_setup.zsh
[0.833s] -- Up-to-date symlink: /home/jewoo/ros2_ws/install/ros2_interfaces_tutorial/share/ros2_interfaces_tutorial/local_setup.dsv
[0.833s] -- Symlinking: /home/jewoo/ros2_ws/install/ros2_interfaces_tutorial/share/ros2_interfaces_tutorial/package.dsv
[0.846s] -- Up-to-date symlink: /home/jewoo/ros2_ws/install/ros2_interfaces_tutorial/share/ament_index/resource_index/packages/ros2_interfaces_tutorial
[0.846s] -- Up-to-date symlink: /home/jewoo/ros2_ws/install/ros2_interfaces_tutorial/share/ros2_interfaces_tutorial/cmake/rosidl_cmake-extras.cmake
[0.847s] -- Up-to-date symlink: /home/jewoo/ros2_ws/install/ros2_interfaces_tutorial/share/ros2_interfaces_tutorial/cmake/ament_cmake_export_dependencies-extras.cmake
[0.847s] -- Up-to-date symlink: /home/jewoo/ros2_ws/install/ros2_interfaces_tutorial/share/ros2_interfaces_tutorial/cmake/ament_cmake_export_include_directories-extras.cmake
[0.847s] -- Up-to-date symlink: /home/jewoo/ros2_ws/install/ros2_interfaces_tutorial/share/ros2_interfaces_tutorial/cmake/ament_cmake_export_libraries-extras.cmake
[0.848s] -- Up-to-date symlink: /home/jewoo/ros2_ws/install/ros2_interfaces_tutorial/share/ros2_interfaces_tutorial/cmake/ament_cmake_export_targets-extras.cmake
[0.848s] -- Up-to-date symlink: /home/jewoo/ros2_ws/install/ros2_interfaces_tutorial/share/ros2_interfaces_tutorial/cmake/rosidl_cmake_export_typesupport_targets-extras.cmake
[0.848s] -- Up-to-date symlink: /home/jewoo/ros2_ws/install/ros2_interfaces_tutorial/share/ros2_interfaces_tutorial/cmake/rosidl_cmake_export_typesupport_libraries-extras.cmake
[0.848s] -- Up-to-date symlink: /home/jewoo/ros2_ws/install/ros2_interfaces_tutorial/share/ros2_interfaces_tutorial/cmake/ros2_interfaces_tutorialConfig.cmake
[0.849s] -- Up-to-date symlink: /home/jewoo/ros2_ws/install/ros2_interfaces_tutorial/share/ros2_interfaces_tutorial/cmake/ros2_interfaces_tutorialConfig-version.cmake
[0.849s] -- Up-to-date symlink: /home/jewoo/ros2_ws/install/ros2_interfaces_tutorial/share/ros2_interfaces_tutorial/package.xml
[0.850s] -- Up-to-date: /home/jewoo/ros2_ws/install/ros2_interfaces_tutorial/lib/libros2_interfaces_tutorial__rosidl_generator_c.so
[0.851s] -- Up-to-date: /home/jewoo/ros2_ws/install/ros2_interfaces_tutorial/lib/libros2_interfaces_tutorial__rosidl_typesupport_fastrtps_c.so
[0.852s] -- Up-to-date: /home/jewoo/ros2_ws/install/ros2_interfaces_tutorial/lib/libros2_interfaces_tutorial__rosidl_typesupport_fastrtps_cpp.so
[0.853s] -- Up-to-date: /home/jewoo/ros2_ws/install/ros2_interfaces_tutorial/lib/libros2_interfaces_tutorial__rosidl_typesupport_introspection_c.so
[0.854s] -- Up-to-date: /home/jewoo/ros2_ws/install/ros2_interfaces_tutorial/lib/libros2_interfaces_tutorial__rosidl_typesupport_c.so
[0.855s] -- Up-to-date: /home/jewoo/ros2_ws/install/ros2_interfaces_tutorial/lib/libros2_interfaces_tutorial__rosidl_typesupport_introspection_cpp.so
[0.856s] -- Up-to-date: /home/jewoo/ros2_ws/install/ros2_interfaces_tutorial/lib/libros2_interfaces_tutorial__rosidl_typesupport_cpp.so
[0.909s] Listing '/home/jewoo/ros2_ws/install/ros2_interfaces_tutorial/local/lib/python3.10/dist-packages/ros2_interfaces_tutorial'...
[0.909s] Listing '/home/jewoo/ros2_ws/install/ros2_interfaces_tutorial/local/lib/python3.10/dist-packages/ros2_interfaces_tutorial/msg'...
[0.909s] Listing '/home/jewoo/ros2_ws/install/ros2_interfaces_tutorial/local/lib/python3.10/dist-packages/ros2_interfaces_tutorial/srv'...
[0.916s] -- Up-to-date: /home/jewoo/ros2_ws/install/ros2_interfaces_tutorial/lib/libros2_interfaces_tutorial__rosidl_generator_py.so
[0.917s] -- Up-to-date: /home/jewoo/ros2_ws/install/ros2_interfaces_tutorial/share/ros2_interfaces_tutorial/cmake/export_ros2_interfaces_tutorial__rosidl_generator_cExport.cmake
[0.917s] -- Up-to-date: /home/jewoo/ros2_ws/install/ros2_interfaces_tutorial/share/ros2_interfaces_tutorial/cmake/export_ros2_interfaces_tutorial__rosidl_generator_cExport-relwithdebinfo.cmake
[0.917s] -- Up-to-date: /home/jewoo/ros2_ws/install/ros2_interfaces_tutorial/share/ros2_interfaces_tutorial/cmake/export_ros2_interfaces_tutorial__rosidl_typesupport_fastrtps_cExport.cmake
[0.917s] -- Up-to-date: /home/jewoo/ros2_ws/install/ros2_interfaces_tutorial/share/ros2_interfaces_tutorial/cmake/export_ros2_interfaces_tutorial__rosidl_typesupport_fastrtps_cExport-relwithdebinfo.cmake
[0.918s] -- Up-to-date: /home/jewoo/ros2_ws/install/ros2_interfaces_tutorial/share/ros2_interfaces_tutorial/cmake/export_ros2_interfaces_tutorial__rosidl_generator_cppExport.cmake
[0.918s] -- Up-to-date: /home/jewoo/ros2_ws/install/ros2_interfaces_tutorial/share/ros2_interfaces_tutorial/cmake/export_ros2_interfaces_tutorial__rosidl_typesupport_fastrtps_cppExport.cmake
[0.918s] -- Up-to-date: /home/jewoo/ros2_ws/install/ros2_interfaces_tutorial/share/ros2_interfaces_tutorial/cmake/export_ros2_interfaces_tutorial__rosidl_typesupport_fastrtps_cppExport-relwithdebinfo.cmake
[0.919s] -- Up-to-date: /home/jewoo/ros2_ws/install/ros2_interfaces_tutorial/share/ros2_interfaces_tutorial/cmake/ros2_interfaces_tutorial__rosidl_typesupport_introspection_cExport.cmake
[0.919s] -- Up-to-date: /home/jewoo/ros2_ws/install/ros2_interfaces_tutorial/share/ros2_interfaces_tutorial/cmake/ros2_interfaces_tutorial__rosidl_typesupport_introspection_cExport-relwithdebinfo.cmake
[0.919s] -- Up-to-date: /home/jewoo/ros2_ws/install/ros2_interfaces_tutorial/share/ros2_interfaces_tutorial/cmake/ros2_interfaces_tutorial__rosidl_typesupport_cExport.cmake
[0.919s] -- Up-to-date: /home/jewoo/ros2_ws/install/ros2_interfaces_tutorial/share/ros2_interfaces_tutorial/cmake/ros2_interfaces_tutorial__rosidl_typesupport_cExport-relwithdebinfo.cmake
[0.920s] -- Up-to-date: /home/jewoo/ros2_ws/install/ros2_interfaces_tutorial/share/ros2_interfaces_tutorial/cmake/ros2_interfaces_tutorial__rosidl_typesupport_introspection_cppExport.cmake
[0.920s] -- Up-to-date: /home/jewoo/ros2_ws/install/ros2_interfaces_tutorial/share/ros2_interfaces_tutorial/cmake/ros2_interfaces_tutorial__rosidl_typesupport_introspection_cppExport-relwithdebinfo.cmake
[0.920s] -- Up-to-date: /home/jewoo/ros2_ws/install/ros2_interfaces_tutorial/share/ros2_interfaces_tutorial/cmake/ros2_interfaces_tutorial__rosidl_typesupport_cppExport.cmake
[0.921s] -- Up-to-date: /home/jewoo/ros2_ws/install/ros2_interfaces_tutorial/share/ros2_interfaces_tutorial/cmake/ros2_interfaces_tutorial__rosidl_typesupport_cppExport-relwithdebinfo.cmake
[0.921s] -- Up-to-date: /home/jewoo/ros2_ws/install/ros2_interfaces_tutorial/share/ros2_interfaces_tutorial/cmake/export_ros2_interfaces_tutorial__rosidl_generator_pyExport.cmake
[0.921s] -- Up-to-date: /home/jewoo/ros2_ws/install/ros2_interfaces_tutorial/share/ros2_interfaces_tutorial/cmake/export_ros2_interfaces_tutorial__rosidl_generator_pyExport-relwithdebinfo.cmake
[0.925s] Invoked command in '/home/jewoo/ros2_ws/build/ros2_interfaces_tutorial' returned '0': CMAKE_PREFIX_PATH=${CMAKE_PREFIX_PATH}:/opt/ros/humble:/home/jewoo/ros2_ws/install/ros2_python_tutorial /usr/bin/cmake --install /home/jewoo/ros2_ws/build/ros2_interfaces_tutorial
