[1.515s] Invoking command in '/home/jewoo/ros2_ws/build/ros2_python_tutorial': PYTHONPATH=/home/jewoo/ros2_ws/build/ros2_python_tutorial/prefix_override:/usr/lib/python3/dist-packages/colcon_core/task/python/colcon_distutils_commands:/home/jewoo/ros2_ws/install/ros2_python_tutorial/lib/python3.10/site-packages:${PYTHONPATH} /usr/bin/python3 -W ignore:setup.py install is deprecated setup.py develop --editable --build-directory /home/jewoo/ros2_ws/build/ros2_python_tutorial/build --no-deps symlink_data
[2.009s] running develop
[2.316s] running egg_info
[2.316s] writing ros2_python_tutorial.egg-info/PKG-INFO
[2.316s] writing dependency_links to ros2_python_tutorial.egg-info/dependency_links.txt
[2.316s] writing entry points to ros2_python_tutorial.egg-info/entry_points.txt
[2.317s] writing requirements to ros2_python_tutorial.egg-info/requires.txt
[2.317s] writing top-level names to ros2_python_tutorial.egg-info/top_level.txt
[2.377s] reading manifest file 'ros2_python_tutorial.egg-info/SOURCES.txt'
[2.378s] writing manifest file 'ros2_python_tutorial.egg-info/SOURCES.txt'
[2.380s] running build_ext
[2.380s] Creating /home/jewoo/ros2_ws/install/ros2_python_tutorial/lib/python3.10/site-packages/ros2-python-tutorial.egg-link (link to .)
[2.382s] Installing client script to /home/jewoo/ros2_ws/install/ros2_python_tutorial/lib/ros2_python_tutorial
[2.382s] Installing custom_msg_publisher script to /home/jewoo/ros2_ws/install/ros2_python_tutorial/lib/ros2_python_tutorial
[2.382s] Installing double_listener script to /home/jewoo/ros2_ws/install/ros2_python_tutorial/lib/ros2_python_tutorial
[2.383s] Installing double_talker script to /home/jewoo/ros2_ws/install/ros2_python_tutorial/lib/ros2_python_tutorial
[2.383s] Installing fast_agent script to /home/jewoo/ros2_ws/install/ros2_python_tutorial/lib/ros2_python_tutorial
[2.383s] Installing listener script to /home/jewoo/ros2_ws/install/ros2_python_tutorial/lib/ros2_python_tutorial
[2.383s] Installing minimal_param_node script to /home/jewoo/ros2_ws/install/ros2_python_tutorial/lib/ros2_python_tutorial
[2.384s] Installing python_node script to /home/jewoo/ros2_ws/install/ros2_python_tutorial/lib/ros2_python_tutorial
[2.384s] Installing server script to /home/jewoo/ros2_ws/install/ros2_python_tutorial/lib/ros2_python_tutorial
[2.384s] Installing slow_agent script to /home/jewoo/ros2_ws/install/ros2_python_tutorial/lib/ros2_python_tutorial
[2.384s] Installing square script to /home/jewoo/ros2_ws/install/ros2_python_tutorial/lib/ros2_python_tutorial
[2.384s] Installing talker script to /home/jewoo/ros2_ws/install/ros2_python_tutorial/lib/ros2_python_tutorial
[2.384s] Installing toggle_led_client script to /home/jewoo/ros2_ws/install/ros2_python_tutorial/lib/ros2_python_tutorial
[2.384s] Installing toggle_led_service script to /home/jewoo/ros2_ws/install/ros2_python_tutorial/lib/ros2_python_tutorial
[2.385s] Installing turtlebot_visualizer script to /home/jewoo/ros2_ws/install/ros2_python_tutorial/lib/ros2_python_tutorial
[2.385s] 
[2.385s] Installed /home/jewoo/ros2_ws/build/ros2_python_tutorial
[2.385s] running symlink_data
[2.436s] Invoked command in '/home/jewoo/ros2_ws/build/ros2_python_tutorial' returned '0': PYTHONPATH=/home/jewoo/ros2_ws/build/ros2_python_tutorial/prefix_override:/usr/lib/python3/dist-packages/colcon_core/task/python/colcon_distutils_commands:/home/jewoo/ros2_ws/install/ros2_python_tutorial/lib/python3.10/site-packages:${PYTHONPATH} /usr/bin/python3 -W ignore:setup.py install is deprecated setup.py develop --editable --build-directory /home/jewoo/ros2_ws/build/ros2_python_tutorial/build --no-deps symlink_data
