[0.040s] Invoking command in '/home/jewoo/ros2_ws/src/build/ros2_interfaces_tutorial': CMAKE_PREFIX_PATH=${CMAKE_PREFIX_PATH}:/opt/ros/humble:/home/jewoo/ros2_ws/install/ros2_python_tutorial /usr/bin/cmake --build /home/jewoo/ros2_ws/src/build/ros2_interfaces_tutorial -- -j12 -l12
[0.112s] [35m[1mConsolidate compiler generated dependencies of target ros2_interfaces_tutorial__rosidl_generator_c[0m
[0.126s] [  2%] Built target ros2_interfaces_tutorial__cpp
[0.139s] [ 12%] Built target ros2_interfaces_tutorial__rosidl_generator_c
[0.145s] [ 12%] Built target ament_cmake_python_symlink_ros2_interfaces_tutorial
[0.152s] [35m[1mConsolidate compiler generated dependencies of target ros2_interfaces_tutorial__rosidl_typesupport_introspection_cpp[0m
[0.152s] [35m[1mConsolidate compiler generated dependencies of target ros2_interfaces_tutorial__rosidl_typesupport_fastrtps_cpp[0m
[0.156s] [35m[1mConsolidate compiler generated dependencies of target ros2_interfaces_tutorial__rosidl_typesupport_cpp[0m
[0.163s] [35m[1mConsolidate compiler generated dependencies of target ros2_interfaces_tutorial__rosidl_typesupport_introspection_c[0m
[0.165s] [35m[1mConsolidate compiler generated dependencies of target ros2_interfaces_tutorial__rosidl_typesupport_c[0m
[0.166s] [35m[1mConsolidate compiler generated dependencies of target ros2_interfaces_tutorial__rosidl_typesupport_fastrtps_c[0m
[0.182s] [ 23%] Built target ros2_interfaces_tutorial__rosidl_typesupport_fastrtps_cpp
[0.184s] [ 34%] Built target ros2_interfaces_tutorial__rosidl_typesupport_introspection_cpp
[0.184s] [ 44%] Built target ros2_interfaces_tutorial__rosidl_typesupport_c
[0.186s] [ 55%] Built target ros2_interfaces_tutorial__rosidl_typesupport_cpp
[0.190s] [ 65%] Built target ros2_interfaces_tutorial__rosidl_typesupport_introspection_c
[0.198s] [ 76%] Built target ros2_interfaces_tutorial__rosidl_typesupport_fastrtps_c
[0.231s] [ 76%] Built target ros2_interfaces_tutorial
[0.266s] [ 78%] Built target ros2_interfaces_tutorial__py
[0.285s] [35m[1mConsolidate compiler generated dependencies of target ros2_interfaces_tutorial__rosidl_generator_py[0m
[0.310s] [ 87%] Built target ros2_interfaces_tutorial__rosidl_generator_py
[0.329s] [35m[1mConsolidate compiler generated dependencies of target ros2_interfaces_tutorial__rosidl_typesupport_fastrtps_c__pyext[0m
[0.329s] [35m[1mConsolidate compiler generated dependencies of target ros2_interfaces_tutorial__rosidl_typesupport_c__pyext[0m
[0.329s] [35m[1mConsolidate compiler generated dependencies of target ros2_interfaces_tutorial__rosidl_typesupport_introspection_c__pyext[0m
[0.350s] [ 91%] Built target ros2_interfaces_tutorial__rosidl_typesupport_fastrtps_c__pyext
[0.350s] [ 95%] Built target ros2_interfaces_tutorial__rosidl_typesupport_introspection_c__pyext
[0.350s] [100%] Built target ros2_interfaces_tutorial__rosidl_typesupport_c__pyext
[0.623s] running egg_info
[0.652s] writing ros2_interfaces_tutorial.egg-info/PKG-INFO
[0.653s] writing dependency_links to ros2_interfaces_tutorial.egg-info/dependency_links.txt
[0.653s] writing top-level names to ros2_interfaces_tutorial.egg-info/top_level.txt
[0.738s] reading manifest file 'ros2_interfaces_tutorial.egg-info/SOURCES.txt'
[0.764s] Traceback (most recent call last):
[0.765s]   File "/home/jewoo/ros2_ws/src/build/ros2_interfaces_tutorial/ament_cmake_python/ros2_interfaces_tutorial/setup.py", line 4, in <module>
[0.765s]     setup(
[0.765s]   File "/home/jewoo/.local/lib/python3.10/site-packages/setuptools/__init__.py", line 117, in setup
[0.765s]     return distutils.core.setup(**attrs)
[0.765s]   File "/home/jewoo/.local/lib/python3.10/site-packages/setuptools/_distutils/core.py", line 183, in setup
[0.765s]     return run_commands(dist)
[0.765s]   File "/home/jewoo/.local/lib/python3.10/site-packages/setuptools/_distutils/core.py", line 199, in run_commands
[0.766s]     dist.run_commands()
[0.766s]   File "/home/jewoo/.local/lib/python3.10/site-packages/setuptools/_distutils/dist.py", line 954, in run_commands
[0.766s]     self.run_command(cmd)
[0.766s]   File "/home/jewoo/.local/lib/python3.10/site-packages/setuptools/dist.py", line 991, in run_command
[0.766s]     super().run_command(command)
[0.766s]   File "/home/jewoo/.local/lib/python3.10/site-packages/setuptools/_distutils/dist.py", line 973, in run_command
[0.766s]     cmd_obj.run()
[0.766s]   File "/home/jewoo/.local/lib/python3.10/site-packages/setuptools/command/egg_info.py", line 315, in run
[0.767s]     self.find_sources()
[0.767s]   File "/home/jewoo/.local/lib/python3.10/site-packages/setuptools/command/egg_info.py", line 323, in find_sources
[0.767s]     mm.run()
[0.767s]   File "/home/jewoo/.local/lib/python3.10/site-packages/setuptools/command/egg_info.py", line 549, in run
[0.767s]     self.prune_file_list()
[0.767s]   File "/home/jewoo/.local/lib/python3.10/site-packages/setuptools/command/sdist.py", line 161, in prune_file_list
[0.767s]     super().prune_file_list()
[0.767s]   File "/home/jewoo/.local/lib/python3.10/site-packages/setuptools/_distutils/command/sdist.py", line 380, in prune_file_list
[0.767s]     base_dir = self.distribution.get_fullname()
[0.768s]   File "/home/jewoo/.local/lib/python3.10/site-packages/setuptools/_core_metadata.py", line 267, in get_fullname
[0.768s]     return _distribution_fullname(self.get_name(), self.get_version())
[0.768s]   File "/home/jewoo/.local/lib/python3.10/site-packages/setuptools/_core_metadata.py", line 285, in _distribution_fullname
[0.768s]     canonicalize_version(version, strip_trailing_zero=False),
[0.768s] TypeError: canonicalize_version() got an unexpected keyword argument 'strip_trailing_zero'
[0.811s] gmake[2]: *** [CMakeFiles/ament_cmake_python_build_ros2_interfaces_tutorial_egg.dir/build.make:70: CMakeFiles/ament_cmake_python_build_ros2_interfaces_tutorial_egg] 오류 1
[0.812s] gmake[1]: *** [CMakeFiles/Makefile2:447: CMakeFiles/ament_cmake_python_build_ros2_interfaces_tutorial_egg.dir/all] 오류 2
[0.812s] gmake: *** [Makefile:146: all] 오류 2
[0.815s] Invoked command in '/home/jewoo/ros2_ws/src/build/ros2_interfaces_tutorial' returned '2': CMAKE_PREFIX_PATH=${CMAKE_PREFIX_PATH}:/opt/ros/humble:/home/jewoo/ros2_ws/install/ros2_python_tutorial /usr/bin/cmake --build /home/jewoo/ros2_ws/src/build/ros2_interfaces_tutorial -- -j12 -l12
