[0.018s] Invoking command in '/home/jewoo/ros2_ws/src/build/ros2_cpp_tutorial': AMENT_PREFIX_PATH=/home/jewoo/ros2_ws/src/install/ros2_interfaces_tutorial:${AMENT_PREFIX_PATH} CMAKE_PREFIX_PATH=/home/jewoo/ros2_ws/src/install/ros2_interfaces_tutorial:/home/jewoo/ros2_ws/install/tutorial_interface:/home/jewoo/ros2_ws/install/ros2_cpp_tutorial:/home/jewoo/ros2_ws/install/ros2_interfaces_tutorial:/opt/ros/humble:/home/jewoo/ros2_ws/install/ros2_python_tutorial:/home/jewoo/ros2_ws/install/gazebo_sim LD_LIBRARY_PATH=/home/jewoo/ros2_ws/src/install/ros2_interfaces_tutorial/lib:/usr/lib/x86_64-linux-gnu/gazebo-11/plugins:/opt/ros/humble/opt/rviz_ogre_vendor/lib:/opt/ros/humble/lib/x86_64-linux-gnu:/opt/ros/humble/lib:/home/jewoo/ros2_ws/install/tutorial_interface/lib:/home/jewoo/ros2_ws/install/ros2_interfaces_tutorial/lib:/usr/lib/x86_64-linux-gnu PYTHONPATH=/home/jewoo/ros2_ws/src/install/ros2_interfaces_tutorial/local/lib/python3.10/dist-packages:${PYTHONPATH} /usr/bin/cmake --build /home/jewoo/ros2_ws/src/build/ros2_cpp_tutorial -- -j12 -l12
[0.095s] [35m[1mConsolidate compiler generated dependencies of target server[0m
[0.102s] [35m[1mConsolidate compiler generated dependencies of target p1_publisher[0m
[0.103s] [35m[1mConsolidate compiler generated dependencies of target fast_agent[0m
[0.103s] [35m[1mConsolidate compiler generated dependencies of target talker[0m
[0.104s] [35m[1mConsolidate compiler generated dependencies of target p1_subscriber[0m
[0.105s] [35m[1mConsolidate compiler generated dependencies of target led_client[0m
[0.105s] [35m[1mConsolidate compiler generated dependencies of target cpp_node[0m
[0.105s] [35m[1mConsolidate compiler generated dependencies of target listener[0m
[0.110s] [35m[1mConsolidate compiler generated dependencies of target led_service[0m
[0.110s] [35m[1mConsolidate compiler generated dependencies of target client[0m
[0.110s] [35m[1mConsolidate compiler generated dependencies of target slow_agent[0m
[0.113s] [35m[1mConsolidate compiler generated dependencies of target custom_msg_publisher[0m
[0.141s] [  8%] Built target cpp_node
[0.152s] [ 16%] Built target p1_publisher
[0.152s] [ 25%] Built target server
[0.153s] [ 33%] Built target led_client
[0.153s] [ 41%] Built target fast_agent
[0.158s] [ 50%] Built target p1_subscriber
[0.159s] [ 58%] Built target talker
[0.163s] [ 66%] Built target client
[0.164s] [ 75%] Built target slow_agent
[0.165s] [ 83%] Built target custom_msg_publisher
[0.169s] [ 91%] Built target listener
[0.170s] [100%] Built target led_service
[0.188s] Invoked command in '/home/jewoo/ros2_ws/src/build/ros2_cpp_tutorial' returned '0': AMENT_PREFIX_PATH=/home/jewoo/ros2_ws/src/install/ros2_interfaces_tutorial:${AMENT_PREFIX_PATH} CMAKE_PREFIX_PATH=/home/jewoo/ros2_ws/src/install/ros2_interfaces_tutorial:/home/jewoo/ros2_ws/install/tutorial_interface:/home/jewoo/ros2_ws/install/ros2_cpp_tutorial:/home/jewoo/ros2_ws/install/ros2_interfaces_tutorial:/opt/ros/humble:/home/jewoo/ros2_ws/install/ros2_python_tutorial:/home/jewoo/ros2_ws/install/gazebo_sim LD_LIBRARY_PATH=/home/jewoo/ros2_ws/src/install/ros2_interfaces_tutorial/lib:/usr/lib/x86_64-linux-gnu/gazebo-11/plugins:/opt/ros/humble/opt/rviz_ogre_vendor/lib:/opt/ros/humble/lib/x86_64-linux-gnu:/opt/ros/humble/lib:/home/jewoo/ros2_ws/install/tutorial_interface/lib:/home/jewoo/ros2_ws/install/ros2_interfaces_tutorial/lib:/usr/lib/x86_64-linux-gnu PYTHONPATH=/home/jewoo/ros2_ws/src/install/ros2_interfaces_tutorial/local/lib/python3.10/dist-packages:${PYTHONPATH} /usr/bin/cmake --build /home/jewoo/ros2_ws/src/build/ros2_cpp_tutorial -- -j12 -l12
[0.310s] Invoking command in '/home/jewoo/ros2_ws/src/build/ros2_cpp_tutorial': AMENT_PREFIX_PATH=/home/jewoo/ros2_ws/src/install/ros2_interfaces_tutorial:${AMENT_PREFIX_PATH} CMAKE_PREFIX_PATH=/home/jewoo/ros2_ws/src/install/ros2_interfaces_tutorial:/home/jewoo/ros2_ws/install/tutorial_interface:/home/jewoo/ros2_ws/install/ros2_cpp_tutorial:/home/jewoo/ros2_ws/install/ros2_interfaces_tutorial:/opt/ros/humble:/home/jewoo/ros2_ws/install/ros2_python_tutorial:/home/jewoo/ros2_ws/install/gazebo_sim LD_LIBRARY_PATH=/home/jewoo/ros2_ws/src/install/ros2_interfaces_tutorial/lib:/usr/lib/x86_64-linux-gnu/gazebo-11/plugins:/opt/ros/humble/opt/rviz_ogre_vendor/lib:/opt/ros/humble/lib/x86_64-linux-gnu:/opt/ros/humble/lib:/home/jewoo/ros2_ws/install/tutorial_interface/lib:/home/jewoo/ros2_ws/install/ros2_interfaces_tutorial/lib:/usr/lib/x86_64-linux-gnu PYTHONPATH=/home/jewoo/ros2_ws/src/install/ros2_interfaces_tutorial/local/lib/python3.10/dist-packages:${PYTHONPATH} /usr/bin/cmake --install /home/jewoo/ros2_ws/src/build/ros2_cpp_tutorial
[0.335s] -- Install configuration: ""
[0.337s] -- Execute custom install script
[0.338s] -- Up-to-date symlink: /home/jewoo/ros2_ws/src/install/ros2_cpp_tutorial/lib/ros2_cpp_tutorial/talker
[0.338s] -- Up-to-date symlink: /home/jewoo/ros2_ws/src/install/ros2_cpp_tutorial/lib/ros2_cpp_tutorial/listener
[0.339s] -- Up-to-date symlink: /home/jewoo/ros2_ws/src/install/ros2_cpp_tutorial/lib/ros2_cpp_tutorial/p1_publisher
[0.340s] -- Up-to-date symlink: /home/jewoo/ros2_ws/src/install/ros2_cpp_tutorial/lib/ros2_cpp_tutorial/p1_subscriber
[0.341s] -- Up-to-date symlink: /home/jewoo/ros2_ws/src/install/ros2_cpp_tutorial/lib/ros2_cpp_tutorial/fast_agent
[0.342s] -- Up-to-date symlink: /home/jewoo/ros2_ws/src/install/ros2_cpp_tutorial/lib/ros2_cpp_tutorial/slow_agent
[0.343s] -- Up-to-date symlink: /home/jewoo/ros2_ws/src/install/ros2_cpp_tutorial/lib/ros2_cpp_tutorial/custom_msg_publisher
[0.343s] -- Up-to-date symlink: /home/jewoo/ros2_ws/src/install/ros2_cpp_tutorial/lib/ros2_cpp_tutorial/server
[0.344s] -- Up-to-date symlink: /home/jewoo/ros2_ws/src/install/ros2_cpp_tutorial/lib/ros2_cpp_tutorial/client
[0.345s] -- Up-to-date symlink: /home/jewoo/ros2_ws/src/install/ros2_cpp_tutorial/lib/ros2_cpp_tutorial/led_client
[0.346s] -- Up-to-date symlink: /home/jewoo/ros2_ws/src/install/ros2_cpp_tutorial/lib/ros2_cpp_tutorial/led_service
[0.347s] -- Up-to-date symlink: /home/jewoo/ros2_ws/src/install/ros2_cpp_tutorial/lib/ros2_cpp_tutorial/cpp_node
[0.347s] -- Up-to-date symlink: /home/jewoo/ros2_ws/src/install/ros2_cpp_tutorial/share/ros2_cpp_tutorial/launch/turtlesim_mimic_launch.py
[0.348s] -- Symlinking: /home/jewoo/ros2_ws/src/install/ros2_cpp_tutorial/share/ros2_cpp_tutorial/launch/turtlesim_multiple_launch.py
[0.363s] -- Up-to-date symlink: /home/jewoo/ros2_ws/src/install/ros2_cpp_tutorial/share/ament_index/resource_index/package_run_dependencies/ros2_cpp_tutorial
[0.363s] -- Up-to-date symlink: /home/jewoo/ros2_ws/src/install/ros2_cpp_tutorial/share/ament_index/resource_index/parent_prefix_path/ros2_cpp_tutorial
[0.364s] -- Up-to-date symlink: /home/jewoo/ros2_ws/src/install/ros2_cpp_tutorial/share/ros2_cpp_tutorial/environment/ament_prefix_path.sh
[0.364s] -- Up-to-date symlink: /home/jewoo/ros2_ws/src/install/ros2_cpp_tutorial/share/ros2_cpp_tutorial/environment/ament_prefix_path.dsv
[0.364s] -- Up-to-date symlink: /home/jewoo/ros2_ws/src/install/ros2_cpp_tutorial/share/ros2_cpp_tutorial/environment/path.sh
[0.364s] -- Up-to-date symlink: /home/jewoo/ros2_ws/src/install/ros2_cpp_tutorial/share/ros2_cpp_tutorial/environment/path.dsv
[0.365s] -- Up-to-date symlink: /home/jewoo/ros2_ws/src/install/ros2_cpp_tutorial/share/ros2_cpp_tutorial/local_setup.bash
[0.365s] -- Up-to-date symlink: /home/jewoo/ros2_ws/src/install/ros2_cpp_tutorial/share/ros2_cpp_tutorial/local_setup.sh
[0.365s] -- Up-to-date symlink: /home/jewoo/ros2_ws/src/install/ros2_cpp_tutorial/share/ros2_cpp_tutorial/local_setup.zsh
[0.365s] -- Up-to-date symlink: /home/jewoo/ros2_ws/src/install/ros2_cpp_tutorial/share/ros2_cpp_tutorial/local_setup.dsv
[0.366s] -- Symlinking: /home/jewoo/ros2_ws/src/install/ros2_cpp_tutorial/share/ros2_cpp_tutorial/package.dsv
[0.380s] -- Up-to-date symlink: /home/jewoo/ros2_ws/src/install/ros2_cpp_tutorial/share/ament_index/resource_index/packages/ros2_cpp_tutorial
[0.380s] -- Up-to-date symlink: /home/jewoo/ros2_ws/src/install/ros2_cpp_tutorial/share/ros2_cpp_tutorial/cmake/ros2_cpp_tutorialConfig.cmake
[0.381s] -- Up-to-date symlink: /home/jewoo/ros2_ws/src/install/ros2_cpp_tutorial/share/ros2_cpp_tutorial/cmake/ros2_cpp_tutorialConfig-version.cmake
[0.381s] -- Up-to-date symlink: /home/jewoo/ros2_ws/src/install/ros2_cpp_tutorial/share/ros2_cpp_tutorial/package.xml
[0.385s] Invoked command in '/home/jewoo/ros2_ws/src/build/ros2_cpp_tutorial' returned '0': AMENT_PREFIX_PATH=/home/jewoo/ros2_ws/src/install/ros2_interfaces_tutorial:${AMENT_PREFIX_PATH} CMAKE_PREFIX_PATH=/home/jewoo/ros2_ws/src/install/ros2_interfaces_tutorial:/home/jewoo/ros2_ws/install/tutorial_interface:/home/jewoo/ros2_ws/install/ros2_cpp_tutorial:/home/jewoo/ros2_ws/install/ros2_interfaces_tutorial:/opt/ros/humble:/home/jewoo/ros2_ws/install/ros2_python_tutorial:/home/jewoo/ros2_ws/install/gazebo_sim LD_LIBRARY_PATH=/home/jewoo/ros2_ws/src/install/ros2_interfaces_tutorial/lib:/usr/lib/x86_64-linux-gnu/gazebo-11/plugins:/opt/ros/humble/opt/rviz_ogre_vendor/lib:/opt/ros/humble/lib/x86_64-linux-gnu:/opt/ros/humble/lib:/home/jewoo/ros2_ws/install/tutorial_interface/lib:/home/jewoo/ros2_ws/install/ros2_interfaces_tutorial/lib:/usr/lib/x86_64-linux-gnu PYTHONPATH=/home/jewoo/ros2_ws/src/install/ros2_interfaces_tutorial/local/lib/python3.10/dist-packages:${PYTHONPATH} /usr/bin/cmake --install /home/jewoo/ros2_ws/src/build/ros2_cpp_tutorial
