[0.197s] DEBUG:colcon:Command line arguments: ['/usr/bin/colcon', 'build', '--symlink-install']
[0.197s] DEBUG:colcon:Parsed command line arguments: Namespace(log_base=None, log_level=None, verb_name='build', build_base='build', install_base='install', merge_install=False, symlink_install=True, test_result_base=None, continue_on_error=False, executor='parallel', parallel_workers=12, event_handlers=None, ignore_user_meta=False, metas=['./colcon.meta'], base_paths=['.'], packages_ignore=None, packages_ignore_regex=None, paths=None, packages_up_to=None, packages_up_to_regex=None, packages_above=None, packages_above_and_dependencies=None, packages_above_depth=None, packages_select_by_dep=None, packages_skip_by_dep=None, packages_skip_up_to=None, packages_select_build_failed=False, packages_skip_build_finished=False, packages_select_test_failures=False, packages_skip_test_passed=False, packages_select=None, packages_skip=None, packages_select_regex=None, packages_skip_regex=None, packages_start=None, packages_end=None, allow_overriding=[], cmake_args=None, cmake_target=None, cmake_target_skip_unavailable=False, cmake_clean_cache=False, cmake_clean_first=False, cmake_force_configure=False, ament_cmake_args=None, catkin_cmake_args=None, catkin_skip_building_tests=False, verb_parser=<colcon_defaults.argument_parser.defaults.DefaultArgumentsDecorator object at 0x7ab9999b1060>, verb_extension=<colcon_core.verb.build.BuildVerb object at 0x7ab9999b0220>, main=<bound method BuildVerb.main of <colcon_core.verb.build.BuildVerb object at 0x7ab9999b0220>>)
[0.484s] Level 1:colcon.colcon_core.package_discovery:discover_packages(colcon_meta) check parameters
[0.484s] Level 1:colcon.colcon_core.package_discovery:discover_packages(recursive) check parameters
[0.484s] Level 1:colcon.colcon_core.package_discovery:discover_packages(ignore) check parameters
[0.484s] Level 1:colcon.colcon_core.package_discovery:discover_packages(path) check parameters
[0.484s] Level 1:colcon.colcon_core.package_discovery:discover_packages(colcon_meta) discover
[0.484s] Level 1:colcon.colcon_core.package_discovery:discover_packages(recursive) discover
[0.484s] INFO:colcon.colcon_core.package_discovery:Crawling recursively for packages in '/home/jewoo/ros2_ws'
[0.485s] Level 1:colcon.colcon_core.package_identification:_identify(.) by extensions ['ignore', 'ignore_ament_install']
[0.485s] Level 1:colcon.colcon_core.package_identification:_identify(.) by extension 'ignore'
[0.485s] Level 1:colcon.colcon_core.package_identification:_identify(.) by extension 'ignore_ament_install'
[0.485s] Level 1:colcon.colcon_core.package_identification:_identify(.) by extensions ['colcon_pkg']
[0.485s] Level 1:colcon.colcon_core.package_identification:_identify(.) by extension 'colcon_pkg'
[0.485s] Level 1:colcon.colcon_core.package_identification:_identify(.) by extensions ['colcon_meta']
[0.485s] Level 1:colcon.colcon_core.package_identification:_identify(.) by extension 'colcon_meta'
[0.485s] Level 1:colcon.colcon_core.package_identification:_identify(.) by extensions ['ros']
[0.485s] Level 1:colcon.colcon_core.package_identification:_identify(.) by extension 'ros'
[0.524s] Level 1:colcon.colcon_core.package_identification:_identify(.) by extensions ['cmake', 'python']
[0.524s] Level 1:colcon.colcon_core.package_identification:_identify(.) by extension 'cmake'
[0.524s] Level 1:colcon.colcon_core.package_identification:_identify(.) by extension 'python'
[0.524s] Level 1:colcon.colcon_core.package_identification:_identify(.) by extensions ['python_setup_py']
[0.524s] Level 1:colcon.colcon_core.package_identification:_identify(.) by extension 'python_setup_py'
[0.525s] Level 1:colcon.colcon_core.package_identification:_identify(build) by extensions ['ignore', 'ignore_ament_install']
[0.525s] Level 1:colcon.colcon_core.package_identification:_identify(build) by extension 'ignore'
[0.525s] Level 1:colcon.colcon_core.package_identification:_identify(build) ignored
[0.525s] Level 1:colcon.colcon_core.package_identification:_identify(install) by extensions ['ignore', 'ignore_ament_install']
[0.525s] Level 1:colcon.colcon_core.package_identification:_identify(install) by extension 'ignore'
[0.525s] Level 1:colcon.colcon_core.package_identification:_identify(install) ignored
[0.525s] Level 1:colcon.colcon_core.package_identification:_identify(log) by extensions ['ignore', 'ignore_ament_install']
[0.526s] Level 1:colcon.colcon_core.package_identification:_identify(log) by extension 'ignore'
[0.526s] Level 1:colcon.colcon_core.package_identification:_identify(log) ignored
[0.526s] Level 1:colcon.colcon_core.package_identification:_identify(src) by extensions ['ignore', 'ignore_ament_install']
[0.526s] Level 1:colcon.colcon_core.package_identification:_identify(src) by extension 'ignore'
[0.526s] Level 1:colcon.colcon_core.package_identification:_identify(src) by extension 'ignore_ament_install'
[0.526s] Level 1:colcon.colcon_core.package_identification:_identify(src) by extensions ['colcon_pkg']
[0.526s] Level 1:colcon.colcon_core.package_identification:_identify(src) by extension 'colcon_pkg'
[0.526s] Level 1:colcon.colcon_core.package_identification:_identify(src) by extensions ['colcon_meta']
[0.526s] Level 1:colcon.colcon_core.package_identification:_identify(src) by extension 'colcon_meta'
[0.526s] Level 1:colcon.colcon_core.package_identification:_identify(src) by extensions ['ros']
[0.526s] Level 1:colcon.colcon_core.package_identification:_identify(src) by extension 'ros'
[0.527s] Level 1:colcon.colcon_core.package_identification:_identify(src) by extensions ['cmake', 'python']
[0.527s] Level 1:colcon.colcon_core.package_identification:_identify(src) by extension 'cmake'
[0.527s] Level 1:colcon.colcon_core.package_identification:_identify(src) by extension 'python'
[0.527s] Level 1:colcon.colcon_core.package_identification:_identify(src) by extensions ['python_setup_py']
[0.527s] Level 1:colcon.colcon_core.package_identification:_identify(src) by extension 'python_setup_py'
[0.527s] Level 1:colcon.colcon_core.package_identification:_identify(src/build) by extensions ['ignore', 'ignore_ament_install']
[0.527s] Level 1:colcon.colcon_core.package_identification:_identify(src/build) by extension 'ignore'
[0.527s] Level 1:colcon.colcon_core.package_identification:_identify(src/build) ignored
[0.527s] Level 1:colcon.colcon_core.package_identification:_identify(src/install) by extensions ['ignore', 'ignore_ament_install']
[0.527s] Level 1:colcon.colcon_core.package_identification:_identify(src/install) by extension 'ignore'
[0.528s] Level 1:colcon.colcon_core.package_identification:_identify(src/install) ignored
[0.528s] Level 1:colcon.colcon_core.package_identification:_identify(src/log) by extensions ['ignore', 'ignore_ament_install']
[0.528s] Level 1:colcon.colcon_core.package_identification:_identify(src/log) by extension 'ignore'
[0.528s] Level 1:colcon.colcon_core.package_identification:_identify(src/log) ignored
[0.528s] Level 1:colcon.colcon_core.package_identification:_identify(src/ros2_cpp_tutorial) by extensions ['ignore', 'ignore_ament_install']
[0.528s] Level 1:colcon.colcon_core.package_identification:_identify(src/ros2_cpp_tutorial) by extension 'ignore'
[0.528s] Level 1:colcon.colcon_core.package_identification:_identify(src/ros2_cpp_tutorial) by extension 'ignore_ament_install'
[0.528s] Level 1:colcon.colcon_core.package_identification:_identify(src/ros2_cpp_tutorial) by extensions ['colcon_pkg']
[0.528s] Level 1:colcon.colcon_core.package_identification:_identify(src/ros2_cpp_tutorial) by extension 'colcon_pkg'
[0.529s] Level 1:colcon.colcon_core.package_identification:_identify(src/ros2_cpp_tutorial) by extensions ['colcon_meta']
[0.529s] Level 1:colcon.colcon_core.package_identification:_identify(src/ros2_cpp_tutorial) by extension 'colcon_meta'
[0.529s] Level 1:colcon.colcon_core.package_identification:_identify(src/ros2_cpp_tutorial) by extensions ['ros']
[0.529s] Level 1:colcon.colcon_core.package_identification:_identify(src/ros2_cpp_tutorial) by extension 'ros'
[0.534s] DEBUG:colcon.colcon_core.package_identification:Package 'src/ros2_cpp_tutorial' with type 'ros.ament_cmake' and name 'ros2_cpp_tutorial'
[0.534s] Level 1:colcon.colcon_core.package_identification:_identify(src/ros2_interfaces_tutorial) by extensions ['ignore', 'ignore_ament_install']
[0.534s] Level 1:colcon.colcon_core.package_identification:_identify(src/ros2_interfaces_tutorial) by extension 'ignore'
[0.534s] Level 1:colcon.colcon_core.package_identification:_identify(src/ros2_interfaces_tutorial) by extension 'ignore_ament_install'
[0.534s] Level 1:colcon.colcon_core.package_identification:_identify(src/ros2_interfaces_tutorial) by extensions ['colcon_pkg']
[0.534s] Level 1:colcon.colcon_core.package_identification:_identify(src/ros2_interfaces_tutorial) by extension 'colcon_pkg'
[0.534s] Level 1:colcon.colcon_core.package_identification:_identify(src/ros2_interfaces_tutorial) by extensions ['colcon_meta']
[0.534s] Level 1:colcon.colcon_core.package_identification:_identify(src/ros2_interfaces_tutorial) by extension 'colcon_meta'
[0.535s] Level 1:colcon.colcon_core.package_identification:_identify(src/ros2_interfaces_tutorial) by extensions ['ros']
[0.535s] Level 1:colcon.colcon_core.package_identification:_identify(src/ros2_interfaces_tutorial) by extension 'ros'
[0.536s] DEBUG:colcon.colcon_core.package_identification:Package 'src/ros2_interfaces_tutorial' with type 'ros.ament_cmake' and name 'ros2_interfaces_tutorial'
[0.536s] Level 1:colcon.colcon_core.package_identification:_identify(src/ros2_python_tutorial) by extensions ['ignore', 'ignore_ament_install']
[0.536s] Level 1:colcon.colcon_core.package_identification:_identify(src/ros2_python_tutorial) by extension 'ignore'
[0.536s] Level 1:colcon.colcon_core.package_identification:_identify(src/ros2_python_tutorial) by extension 'ignore_ament_install'
[0.536s] Level 1:colcon.colcon_core.package_identification:_identify(src/ros2_python_tutorial) by extensions ['colcon_pkg']
[0.536s] Level 1:colcon.colcon_core.package_identification:_identify(src/ros2_python_tutorial) by extension 'colcon_pkg'
[0.536s] Level 1:colcon.colcon_core.package_identification:_identify(src/ros2_python_tutorial) by extensions ['colcon_meta']
[0.536s] Level 1:colcon.colcon_core.package_identification:_identify(src/ros2_python_tutorial) by extension 'colcon_meta'
[0.536s] Level 1:colcon.colcon_core.package_identification:_identify(src/ros2_python_tutorial) by extensions ['ros']
[0.537s] Level 1:colcon.colcon_core.package_identification:_identify(src/ros2_python_tutorial) by extension 'ros'
[0.538s] DEBUG:colcon.colcon_core.package_identification:Package 'src/ros2_python_tutorial' with type 'ros.ament_python' and name 'ros2_python_tutorial'
[0.538s] Level 1:colcon.colcon_core.package_discovery:discover_packages(recursive) using defaults
[0.538s] Level 1:colcon.colcon_core.package_discovery:discover_packages(ignore) discover
[0.538s] Level 1:colcon.colcon_core.package_discovery:discover_packages(ignore) using defaults
[0.538s] Level 1:colcon.colcon_core.package_discovery:discover_packages(path) discover
[0.538s] Level 1:colcon.colcon_core.package_discovery:discover_packages(path) using defaults
[0.569s] Level 1:colcon.colcon_core.package_discovery:discover_packages(prefix_path) check parameters
[0.569s] Level 1:colcon.colcon_core.package_discovery:discover_packages(prefix_path) discover
[0.572s] DEBUG:colcon.colcon_installed_package_information.package_discovery:Found 3 installed packages in /home/jewoo/ros2_ws/install
[0.575s] DEBUG:colcon.colcon_installed_package_information.package_discovery:Found 376 installed packages in /opt/ros/humble
[0.588s] Level 1:colcon.colcon_core.package_discovery:discover_packages(prefix_path) using defaults
[0.668s] Level 5:colcon.colcon_core.verb:set package 'ros2_interfaces_tutorial' build argument 'cmake_args' from command line to 'None'
[0.668s] Level 5:colcon.colcon_core.verb:set package 'ros2_interfaces_tutorial' build argument 'cmake_target' from command line to 'None'
[0.668s] Level 5:colcon.colcon_core.verb:set package 'ros2_interfaces_tutorial' build argument 'cmake_target_skip_unavailable' from command line to 'False'
[0.668s] Level 5:colcon.colcon_core.verb:set package 'ros2_interfaces_tutorial' build argument 'cmake_clean_cache' from command line to 'False'
[0.668s] Level 5:colcon.colcon_core.verb:set package 'ros2_interfaces_tutorial' build argument 'cmake_clean_first' from command line to 'False'
[0.668s] Level 5:colcon.colcon_core.verb:set package 'ros2_interfaces_tutorial' build argument 'cmake_force_configure' from command line to 'False'
[0.668s] Level 5:colcon.colcon_core.verb:set package 'ros2_interfaces_tutorial' build argument 'ament_cmake_args' from command line to 'None'
[0.668s] Level 5:colcon.colcon_core.verb:set package 'ros2_interfaces_tutorial' build argument 'catkin_cmake_args' from command line to 'None'
[0.668s] Level 5:colcon.colcon_core.verb:set package 'ros2_interfaces_tutorial' build argument 'catkin_skip_building_tests' from command line to 'False'
[0.668s] DEBUG:colcon.colcon_core.verb:Building package 'ros2_interfaces_tutorial' with the following arguments: {'ament_cmake_args': None, 'build_base': '/home/jewoo/ros2_ws/build/ros2_interfaces_tutorial', 'catkin_cmake_args': None, 'catkin_skip_building_tests': False, 'cmake_args': None, 'cmake_clean_cache': False, 'cmake_clean_first': False, 'cmake_force_configure': False, 'cmake_target': None, 'cmake_target_skip_unavailable': False, 'install_base': '/home/jewoo/ros2_ws/install/ros2_interfaces_tutorial', 'merge_install': False, 'path': '/home/jewoo/ros2_ws/src/ros2_interfaces_tutorial', 'symlink_install': True, 'test_result_base': None}
[0.669s] Level 5:colcon.colcon_core.verb:set package 'ros2_python_tutorial' build argument 'cmake_args' from command line to 'None'
[0.669s] Level 5:colcon.colcon_core.verb:set package 'ros2_python_tutorial' build argument 'cmake_target' from command line to 'None'
[0.669s] Level 5:colcon.colcon_core.verb:set package 'ros2_python_tutorial' build argument 'cmake_target_skip_unavailable' from command line to 'False'
[0.669s] Level 5:colcon.colcon_core.verb:set package 'ros2_python_tutorial' build argument 'cmake_clean_cache' from command line to 'False'
[0.669s] Level 5:colcon.colcon_core.verb:set package 'ros2_python_tutorial' build argument 'cmake_clean_first' from command line to 'False'
[0.669s] Level 5:colcon.colcon_core.verb:set package 'ros2_python_tutorial' build argument 'cmake_force_configure' from command line to 'False'
[0.669s] Level 5:colcon.colcon_core.verb:set package 'ros2_python_tutorial' build argument 'ament_cmake_args' from command line to 'None'
[0.669s] Level 5:colcon.colcon_core.verb:set package 'ros2_python_tutorial' build argument 'catkin_cmake_args' from command line to 'None'
[0.669s] Level 5:colcon.colcon_core.verb:set package 'ros2_python_tutorial' build argument 'catkin_skip_building_tests' from command line to 'False'
[0.669s] DEBUG:colcon.colcon_core.verb:Building package 'ros2_python_tutorial' with the following arguments: {'ament_cmake_args': None, 'build_base': '/home/jewoo/ros2_ws/build/ros2_python_tutorial', 'catkin_cmake_args': None, 'catkin_skip_building_tests': False, 'cmake_args': None, 'cmake_clean_cache': False, 'cmake_clean_first': False, 'cmake_force_configure': False, 'cmake_target': None, 'cmake_target_skip_unavailable': False, 'install_base': '/home/jewoo/ros2_ws/install/ros2_python_tutorial', 'merge_install': False, 'path': '/home/jewoo/ros2_ws/src/ros2_python_tutorial', 'symlink_install': True, 'test_result_base': None}
[0.670s] Level 5:colcon.colcon_core.verb:set package 'ros2_cpp_tutorial' build argument 'cmake_args' from command line to 'None'
[0.670s] Level 5:colcon.colcon_core.verb:set package 'ros2_cpp_tutorial' build argument 'cmake_target' from command line to 'None'
[0.670s] Level 5:colcon.colcon_core.verb:set package 'ros2_cpp_tutorial' build argument 'cmake_target_skip_unavailable' from command line to 'False'
[0.670s] Level 5:colcon.colcon_core.verb:set package 'ros2_cpp_tutorial' build argument 'cmake_clean_cache' from command line to 'False'
[0.670s] Level 5:colcon.colcon_core.verb:set package 'ros2_cpp_tutorial' build argument 'cmake_clean_first' from command line to 'False'
[0.670s] Level 5:colcon.colcon_core.verb:set package 'ros2_cpp_tutorial' build argument 'cmake_force_configure' from command line to 'False'
[0.670s] Level 5:colcon.colcon_core.verb:set package 'ros2_cpp_tutorial' build argument 'ament_cmake_args' from command line to 'None'
[0.670s] Level 5:colcon.colcon_core.verb:set package 'ros2_cpp_tutorial' build argument 'catkin_cmake_args' from command line to 'None'
[0.670s] Level 5:colcon.colcon_core.verb:set package 'ros2_cpp_tutorial' build argument 'catkin_skip_building_tests' from command line to 'False'
[0.670s] DEBUG:colcon.colcon_core.verb:Building package 'ros2_cpp_tutorial' with the following arguments: {'ament_cmake_args': None, 'build_base': '/home/jewoo/ros2_ws/build/ros2_cpp_tutorial', 'catkin_cmake_args': None, 'catkin_skip_building_tests': False, 'cmake_args': None, 'cmake_clean_cache': False, 'cmake_clean_first': False, 'cmake_force_configure': False, 'cmake_target': None, 'cmake_target_skip_unavailable': False, 'install_base': '/home/jewoo/ros2_ws/install/ros2_cpp_tutorial', 'merge_install': False, 'path': '/home/jewoo/ros2_ws/src/ros2_cpp_tutorial', 'symlink_install': True, 'test_result_base': None}
[0.671s] INFO:colcon.colcon_core.executor:Executing jobs using 'parallel' executor
[0.672s] DEBUG:colcon.colcon_parallel_executor.executor.parallel:run_until_complete
[0.672s] INFO:colcon.colcon_ros.task.ament_cmake.build:Building ROS package in '/home/jewoo/ros2_ws/src/ros2_interfaces_tutorial' with build type 'ament_cmake'
[0.672s] INFO:colcon.colcon_cmake.task.cmake.build:Building CMake package in '/home/jewoo/ros2_ws/src/ros2_interfaces_tutorial'
[0.676s] INFO:colcon.colcon_core.plugin_system:Skipping extension 'colcon_core.shell.bat': Not used on non-Windows systems
[0.676s] INFO:colcon.colcon_core.shell:Skip shell extension 'powershell' for command environment: Not usable outside of PowerShell
[0.676s] DEBUG:colcon.colcon_core.shell:Skip shell extension 'dsv' for command environment
[0.682s] INFO:colcon.colcon_ros.task.ament_python.build:Building ROS package in '/home/jewoo/ros2_ws/src/ros2_python_tutorial' with build type 'ament_python'
[0.682s] Level 1:colcon.colcon_core.shell:create_environment_hook('ros2_python_tutorial', 'ament_prefix_path')
[0.682s] INFO:colcon.colcon_core.shell:Creating environment hook '/home/jewoo/ros2_ws/install/ros2_python_tutorial/share/ros2_python_tutorial/hook/ament_prefix_path.ps1'
[0.683s] INFO:colcon.colcon_core.shell:Creating environment descriptor '/home/jewoo/ros2_ws/install/ros2_python_tutorial/share/ros2_python_tutorial/hook/ament_prefix_path.dsv'
[0.684s] INFO:colcon.colcon_core.shell:Creating environment hook '/home/jewoo/ros2_ws/install/ros2_python_tutorial/share/ros2_python_tutorial/hook/ament_prefix_path.sh'
[0.686s] INFO:colcon.colcon_core.shell:Skip shell extension 'powershell' for command environment: Not usable outside of PowerShell
[0.686s] DEBUG:colcon.colcon_core.shell:Skip shell extension 'dsv' for command environment
[0.700s] DEBUG:colcon.colcon_core.event_handler.log_command:Invoking command in '/home/jewoo/ros2_ws/build/ros2_interfaces_tutorial': CMAKE_PREFIX_PATH=${CMAKE_PREFIX_PATH}:/opt/ros/humble:/home/jewoo/ros2_ws/install/ros2_python_tutorial /usr/bin/cmake --build /home/jewoo/ros2_ws/build/ros2_interfaces_tutorial -- -j12 -l12
[1.241s] INFO:colcon.colcon_core.task.python.build:Building Python package in '/home/jewoo/ros2_ws/src/ros2_python_tutorial'
[1.242s] INFO:colcon.colcon_core.shell:Skip shell extension 'powershell' for command environment: Not usable outside of PowerShell
[1.242s] DEBUG:colcon.colcon_core.shell:Skip shell extension 'dsv' for command environment
[1.421s] DEBUG:colcon.colcon_core.event_handler.log_command:Invoked command in '/home/jewoo/ros2_ws/build/ros2_interfaces_tutorial' returned '0': CMAKE_PREFIX_PATH=${CMAKE_PREFIX_PATH}:/opt/ros/humble:/home/jewoo/ros2_ws/install/ros2_python_tutorial /usr/bin/cmake --build /home/jewoo/ros2_ws/build/ros2_interfaces_tutorial -- -j12 -l12
[1.570s] DEBUG:colcon.colcon_core.event_handler.log_command:Invoking command in '/home/jewoo/ros2_ws/build/ros2_interfaces_tutorial': CMAKE_PREFIX_PATH=${CMAKE_PREFIX_PATH}:/opt/ros/humble:/home/jewoo/ros2_ws/install/ros2_python_tutorial /usr/bin/cmake --install /home/jewoo/ros2_ws/build/ros2_interfaces_tutorial
[1.703s] Level 1:colcon.colcon_core.environment:create_environment_scripts_only(ros2_interfaces_tutorial)
[1.704s] DEBUG:colcon.colcon_core.event_handler.log_command:Invoked command in '/home/jewoo/ros2_ws/build/ros2_interfaces_tutorial' returned '0': CMAKE_PREFIX_PATH=${CMAKE_PREFIX_PATH}:/opt/ros/humble:/home/jewoo/ros2_ws/install/ros2_python_tutorial /usr/bin/cmake --install /home/jewoo/ros2_ws/build/ros2_interfaces_tutorial
[1.707s] Level 1:colcon.colcon_core.environment:checking '/home/jewoo/ros2_ws/install/ros2_interfaces_tutorial' for CMake module files
[1.708s] Level 1:colcon.colcon_core.environment:checking '/home/jewoo/ros2_ws/install/ros2_interfaces_tutorial' for CMake config files
[1.709s] Level 1:colcon.colcon_core.shell:create_environment_hook('ros2_interfaces_tutorial', 'cmake_prefix_path')
[1.709s] INFO:colcon.colcon_core.shell:Creating environment hook '/home/jewoo/ros2_ws/install/ros2_interfaces_tutorial/share/ros2_interfaces_tutorial/hook/cmake_prefix_path.ps1'
[1.710s] INFO:colcon.colcon_core.shell:Creating environment descriptor '/home/jewoo/ros2_ws/install/ros2_interfaces_tutorial/share/ros2_interfaces_tutorial/hook/cmake_prefix_path.dsv'
[1.710s] INFO:colcon.colcon_core.shell:Creating environment hook '/home/jewoo/ros2_ws/install/ros2_interfaces_tutorial/share/ros2_interfaces_tutorial/hook/cmake_prefix_path.sh'
[1.711s] Level 1:colcon.colcon_core.environment:checking '/home/jewoo/ros2_ws/install/ros2_interfaces_tutorial/lib'
[1.712s] Level 1:colcon.colcon_core.shell:create_environment_hook('ros2_interfaces_tutorial', 'ld_library_path_lib')
[1.712s] INFO:colcon.colcon_core.shell:Creating environment hook '/home/jewoo/ros2_ws/install/ros2_interfaces_tutorial/share/ros2_interfaces_tutorial/hook/ld_library_path_lib.ps1'
[1.712s] INFO:colcon.colcon_core.shell:Creating environment descriptor '/home/jewoo/ros2_ws/install/ros2_interfaces_tutorial/share/ros2_interfaces_tutorial/hook/ld_library_path_lib.dsv'
[1.713s] INFO:colcon.colcon_core.shell:Creating environment hook '/home/jewoo/ros2_ws/install/ros2_interfaces_tutorial/share/ros2_interfaces_tutorial/hook/ld_library_path_lib.sh'
[1.713s] Level 1:colcon.colcon_core.environment:checking '/home/jewoo/ros2_ws/install/ros2_interfaces_tutorial/bin'
[1.714s] Level 1:colcon.colcon_core.environment:checking '/home/jewoo/ros2_ws/install/ros2_interfaces_tutorial/lib/pkgconfig/ros2_interfaces_tutorial.pc'
[1.714s] Level 1:colcon.colcon_core.environment:checking '/home/jewoo/ros2_ws/install/ros2_interfaces_tutorial/lib/python3.10/site-packages'
[1.714s] Level 1:colcon.colcon_core.environment:checking '/home/jewoo/ros2_ws/install/ros2_interfaces_tutorial/bin'
[1.715s] INFO:colcon.colcon_core.shell:Creating package script '/home/jewoo/ros2_ws/install/ros2_interfaces_tutorial/share/ros2_interfaces_tutorial/package.ps1'
[1.716s] INFO:colcon.colcon_core.shell:Creating package descriptor '/home/jewoo/ros2_ws/install/ros2_interfaces_tutorial/share/ros2_interfaces_tutorial/package.dsv'
[1.717s] INFO:colcon.colcon_core.shell:Creating package script '/home/jewoo/ros2_ws/install/ros2_interfaces_tutorial/share/ros2_interfaces_tutorial/package.sh'
[1.718s] INFO:colcon.colcon_core.shell:Creating package script '/home/jewoo/ros2_ws/install/ros2_interfaces_tutorial/share/ros2_interfaces_tutorial/package.bash'
[1.719s] INFO:colcon.colcon_core.shell:Creating package script '/home/jewoo/ros2_ws/install/ros2_interfaces_tutorial/share/ros2_interfaces_tutorial/package.zsh'
[1.720s] Level 1:colcon.colcon_core.environment:create_file_with_runtime_dependencies(/home/jewoo/ros2_ws/install/ros2_interfaces_tutorial/share/colcon-core/packages/ros2_interfaces_tutorial)
[1.856s] Level 1:colcon.colcon_core.environment:create_environment_scripts_only(ros2_interfaces_tutorial)
[1.857s] Level 1:colcon.colcon_core.environment:checking '/home/jewoo/ros2_ws/install/ros2_interfaces_tutorial' for CMake module files
[1.858s] Level 1:colcon.colcon_core.environment:checking '/home/jewoo/ros2_ws/install/ros2_interfaces_tutorial' for CMake config files
[1.858s] Level 1:colcon.colcon_core.shell:create_environment_hook('ros2_interfaces_tutorial', 'cmake_prefix_path')
[1.859s] INFO:colcon.colcon_core.shell:Creating environment hook '/home/jewoo/ros2_ws/install/ros2_interfaces_tutorial/share/ros2_interfaces_tutorial/hook/cmake_prefix_path.ps1'
[1.859s] INFO:colcon.colcon_core.shell:Creating environment descriptor '/home/jewoo/ros2_ws/install/ros2_interfaces_tutorial/share/ros2_interfaces_tutorial/hook/cmake_prefix_path.dsv'
[1.860s] INFO:colcon.colcon_core.shell:Creating environment hook '/home/jewoo/ros2_ws/install/ros2_interfaces_tutorial/share/ros2_interfaces_tutorial/hook/cmake_prefix_path.sh'
[1.860s] Level 1:colcon.colcon_core.environment:checking '/home/jewoo/ros2_ws/install/ros2_interfaces_tutorial/lib'
[1.861s] Level 1:colcon.colcon_core.shell:create_environment_hook('ros2_interfaces_tutorial', 'ld_library_path_lib')
[1.861s] INFO:colcon.colcon_core.shell:Creating environment hook '/home/jewoo/ros2_ws/install/ros2_interfaces_tutorial/share/ros2_interfaces_tutorial/hook/ld_library_path_lib.ps1'
[1.861s] INFO:colcon.colcon_core.shell:Creating environment descriptor '/home/jewoo/ros2_ws/install/ros2_interfaces_tutorial/share/ros2_interfaces_tutorial/hook/ld_library_path_lib.dsv'
[1.862s] INFO:colcon.colcon_core.shell:Creating environment hook '/home/jewoo/ros2_ws/install/ros2_interfaces_tutorial/share/ros2_interfaces_tutorial/hook/ld_library_path_lib.sh'
[1.862s] Level 1:colcon.colcon_core.environment:checking '/home/jewoo/ros2_ws/install/ros2_interfaces_tutorial/bin'
[1.863s] Level 1:colcon.colcon_core.environment:checking '/home/jewoo/ros2_ws/install/ros2_interfaces_tutorial/lib/pkgconfig/ros2_interfaces_tutorial.pc'
[1.863s] Level 1:colcon.colcon_core.environment:checking '/home/jewoo/ros2_ws/install/ros2_interfaces_tutorial/lib/python3.10/site-packages'
[1.863s] Level 1:colcon.colcon_core.environment:checking '/home/jewoo/ros2_ws/install/ros2_interfaces_tutorial/bin'
[1.864s] INFO:colcon.colcon_core.shell:Creating package script '/home/jewoo/ros2_ws/install/ros2_interfaces_tutorial/share/ros2_interfaces_tutorial/package.ps1'
[1.864s] INFO:colcon.colcon_core.shell:Creating package descriptor '/home/jewoo/ros2_ws/install/ros2_interfaces_tutorial/share/ros2_interfaces_tutorial/package.dsv'
[1.865s] INFO:colcon.colcon_core.shell:Creating package script '/home/jewoo/ros2_ws/install/ros2_interfaces_tutorial/share/ros2_interfaces_tutorial/package.sh'
[1.866s] INFO:colcon.colcon_core.shell:Creating package script '/home/jewoo/ros2_ws/install/ros2_interfaces_tutorial/share/ros2_interfaces_tutorial/package.bash'
[1.866s] INFO:colcon.colcon_core.shell:Creating package script '/home/jewoo/ros2_ws/install/ros2_interfaces_tutorial/share/ros2_interfaces_tutorial/package.zsh'
[1.867s] Level 1:colcon.colcon_core.environment:create_file_with_runtime_dependencies(/home/jewoo/ros2_ws/install/ros2_interfaces_tutorial/share/colcon-core/packages/ros2_interfaces_tutorial)
[1.867s] INFO:colcon.colcon_ros.task.ament_cmake.build:Building ROS package in '/home/jewoo/ros2_ws/src/ros2_cpp_tutorial' with build type 'ament_cmake'
[1.868s] INFO:colcon.colcon_cmake.task.cmake.build:Building CMake package in '/home/jewoo/ros2_ws/src/ros2_cpp_tutorial'
[1.868s] INFO:colcon.colcon_core.shell:Skip shell extension 'powershell' for command environment: Not usable outside of PowerShell
[1.869s] DEBUG:colcon.colcon_core.shell:Skip shell extension 'dsv' for command environment
[1.887s] DEBUG:colcon.colcon_core.event_handler.log_command:Invoking command in '/home/jewoo/ros2_ws/build/ros2_cpp_tutorial': CMAKE_PREFIX_PATH=/home/jewoo/ros2_ws/install/ros2_interfaces_tutorial:/home/jewoo/ros2_ws/install/ros2_cpp_tutorial:/opt/ros/humble:/home/jewoo/ros2_ws/install/ros2_python_tutorial LD_LIBRARY_PATH=/home/jewoo/ros2_ws/install/ros2_interfaces_tutorial/lib:/usr/lib/x86_64-linux-gnu:/usr/lib/x86_64-linux-gnu:/usr/lib/x86_64-linux-gnu:/usr/lib/x86_64-linux-gnu:/usr/lib/x86_64-linux-gnu:/usr/lib/x86_64-linux-gnu:/usr/lib/x86_64-linux-gnu:/usr/lib/x86_64-linux-gnu:/usr/lib/x86_64-linux-gnu/gazebo-11/plugins:/opt/ros/humble/opt/rviz_ogre_vendor/lib:/opt/ros/humble/lib/x86_64-linux-gnu:/opt/ros/humble/lib:/usr/lib/x86_64-linux-gnu /usr/bin/cmake --build /home/jewoo/ros2_ws/build/ros2_cpp_tutorial -- -j12 -l12
[2.005s] DEBUG:colcon.colcon_core.event_handler.log_command:Invoking command in '/home/jewoo/ros2_ws/build/ros2_python_tutorial': PYTHONPATH=/home/jewoo/ros2_ws/build/ros2_python_tutorial/prefix_override:/usr/lib/python3/dist-packages/colcon_core/task/python/colcon_distutils_commands:/home/jewoo/ros2_ws/install/ros2_python_tutorial/lib/python3.10/site-packages:${PYTHONPATH} /usr/bin/python3 -W ignore:setup.py install is deprecated setup.py develop --editable --build-directory /home/jewoo/ros2_ws/build/ros2_python_tutorial/build --no-deps symlink_data
[2.070s] DEBUG:colcon.colcon_core.event_handler.log_command:Invoked command in '/home/jewoo/ros2_ws/build/ros2_cpp_tutorial' returned '0': CMAKE_PREFIX_PATH=/home/jewoo/ros2_ws/install/ros2_interfaces_tutorial:/home/jewoo/ros2_ws/install/ros2_cpp_tutorial:/opt/ros/humble:/home/jewoo/ros2_ws/install/ros2_python_tutorial LD_LIBRARY_PATH=/home/jewoo/ros2_ws/install/ros2_interfaces_tutorial/lib:/usr/lib/x86_64-linux-gnu:/usr/lib/x86_64-linux-gnu:/usr/lib/x86_64-linux-gnu:/usr/lib/x86_64-linux-gnu:/usr/lib/x86_64-linux-gnu:/usr/lib/x86_64-linux-gnu:/usr/lib/x86_64-linux-gnu:/usr/lib/x86_64-linux-gnu:/usr/lib/x86_64-linux-gnu/gazebo-11/plugins:/opt/ros/humble/opt/rviz_ogre_vendor/lib:/opt/ros/humble/lib/x86_64-linux-gnu:/opt/ros/humble/lib:/usr/lib/x86_64-linux-gnu /usr/bin/cmake --build /home/jewoo/ros2_ws/build/ros2_cpp_tutorial -- -j12 -l12
[2.172s] DEBUG:colcon.colcon_core.event_handler.log_command:Invoking command in '/home/jewoo/ros2_ws/build/ros2_cpp_tutorial': CMAKE_PREFIX_PATH=/home/jewoo/ros2_ws/install/ros2_interfaces_tutorial:/home/jewoo/ros2_ws/install/ros2_cpp_tutorial:/opt/ros/humble:/home/jewoo/ros2_ws/install/ros2_python_tutorial LD_LIBRARY_PATH=/home/jewoo/ros2_ws/install/ros2_interfaces_tutorial/lib:/usr/lib/x86_64-linux-gnu:/usr/lib/x86_64-linux-gnu:/usr/lib/x86_64-linux-gnu:/usr/lib/x86_64-linux-gnu:/usr/lib/x86_64-linux-gnu:/usr/lib/x86_64-linux-gnu:/usr/lib/x86_64-linux-gnu:/usr/lib/x86_64-linux-gnu:/usr/lib/x86_64-linux-gnu/gazebo-11/plugins:/opt/ros/humble/opt/rviz_ogre_vendor/lib:/opt/ros/humble/lib/x86_64-linux-gnu:/opt/ros/humble/lib:/usr/lib/x86_64-linux-gnu /usr/bin/cmake --install /home/jewoo/ros2_ws/build/ros2_cpp_tutorial
[2.217s] Level 1:colcon.colcon_core.environment:create_environment_scripts_only(ros2_cpp_tutorial)
[2.218s] Level 1:colcon.colcon_core.environment:checking '/home/jewoo/ros2_ws/install/ros2_cpp_tutorial' for CMake module files
[2.219s] DEBUG:colcon.colcon_core.event_handler.log_command:Invoked command in '/home/jewoo/ros2_ws/build/ros2_cpp_tutorial' returned '0': CMAKE_PREFIX_PATH=/home/jewoo/ros2_ws/install/ros2_interfaces_tutorial:/home/jewoo/ros2_ws/install/ros2_cpp_tutorial:/opt/ros/humble:/home/jewoo/ros2_ws/install/ros2_python_tutorial LD_LIBRARY_PATH=/home/jewoo/ros2_ws/install/ros2_interfaces_tutorial/lib:/usr/lib/x86_64-linux-gnu:/usr/lib/x86_64-linux-gnu:/usr/lib/x86_64-linux-gnu:/usr/lib/x86_64-linux-gnu:/usr/lib/x86_64-linux-gnu:/usr/lib/x86_64-linux-gnu:/usr/lib/x86_64-linux-gnu:/usr/lib/x86_64-linux-gnu:/usr/lib/x86_64-linux-gnu/gazebo-11/plugins:/opt/ros/humble/opt/rviz_ogre_vendor/lib:/opt/ros/humble/lib/x86_64-linux-gnu:/opt/ros/humble/lib:/usr/lib/x86_64-linux-gnu /usr/bin/cmake --install /home/jewoo/ros2_ws/build/ros2_cpp_tutorial
[2.220s] Level 1:colcon.colcon_core.environment:checking '/home/jewoo/ros2_ws/install/ros2_cpp_tutorial' for CMake config files
[2.221s] Level 1:colcon.colcon_core.shell:create_environment_hook('ros2_cpp_tutorial', 'cmake_prefix_path')
[2.221s] INFO:colcon.colcon_core.shell:Creating environment hook '/home/jewoo/ros2_ws/install/ros2_cpp_tutorial/share/ros2_cpp_tutorial/hook/cmake_prefix_path.ps1'
[2.222s] INFO:colcon.colcon_core.shell:Creating environment descriptor '/home/jewoo/ros2_ws/install/ros2_cpp_tutorial/share/ros2_cpp_tutorial/hook/cmake_prefix_path.dsv'
[2.222s] INFO:colcon.colcon_core.shell:Creating environment hook '/home/jewoo/ros2_ws/install/ros2_cpp_tutorial/share/ros2_cpp_tutorial/hook/cmake_prefix_path.sh'
[2.223s] Level 1:colcon.colcon_core.environment:checking '/home/jewoo/ros2_ws/install/ros2_cpp_tutorial/lib'
[2.223s] Level 1:colcon.colcon_core.environment:checking '/home/jewoo/ros2_ws/install/ros2_cpp_tutorial/bin'
[2.223s] Level 1:colcon.colcon_core.environment:checking '/home/jewoo/ros2_ws/install/ros2_cpp_tutorial/lib/pkgconfig/ros2_cpp_tutorial.pc'
[2.224s] Level 1:colcon.colcon_core.environment:checking '/home/jewoo/ros2_ws/install/ros2_cpp_tutorial/lib/python3.10/site-packages'
[2.224s] Level 1:colcon.colcon_core.environment:checking '/home/jewoo/ros2_ws/install/ros2_cpp_tutorial/bin'
[2.224s] INFO:colcon.colcon_core.shell:Creating package script '/home/jewoo/ros2_ws/install/ros2_cpp_tutorial/share/ros2_cpp_tutorial/package.ps1'
[2.225s] INFO:colcon.colcon_core.shell:Creating package descriptor '/home/jewoo/ros2_ws/install/ros2_cpp_tutorial/share/ros2_cpp_tutorial/package.dsv'
[2.226s] INFO:colcon.colcon_core.shell:Creating package script '/home/jewoo/ros2_ws/install/ros2_cpp_tutorial/share/ros2_cpp_tutorial/package.sh'
[2.226s] INFO:colcon.colcon_core.shell:Creating package script '/home/jewoo/ros2_ws/install/ros2_cpp_tutorial/share/ros2_cpp_tutorial/package.bash'
[2.227s] INFO:colcon.colcon_core.shell:Creating package script '/home/jewoo/ros2_ws/install/ros2_cpp_tutorial/share/ros2_cpp_tutorial/package.zsh'
[2.227s] Level 1:colcon.colcon_core.environment:create_file_with_runtime_dependencies(/home/jewoo/ros2_ws/install/ros2_cpp_tutorial/share/colcon-core/packages/ros2_cpp_tutorial)
[2.327s] Level 1:colcon.colcon_core.environment:create_environment_scripts_only(ros2_cpp_tutorial)
[2.328s] Level 1:colcon.colcon_core.environment:checking '/home/jewoo/ros2_ws/install/ros2_cpp_tutorial' for CMake module files
[2.329s] Level 1:colcon.colcon_core.environment:checking '/home/jewoo/ros2_ws/install/ros2_cpp_tutorial' for CMake config files
[2.330s] Level 1:colcon.colcon_core.shell:create_environment_hook('ros2_cpp_tutorial', 'cmake_prefix_path')
[2.331s] INFO:colcon.colcon_core.shell:Creating environment hook '/home/jewoo/ros2_ws/install/ros2_cpp_tutorial/share/ros2_cpp_tutorial/hook/cmake_prefix_path.ps1'
[2.332s] INFO:colcon.colcon_core.shell:Creating environment descriptor '/home/jewoo/ros2_ws/install/ros2_cpp_tutorial/share/ros2_cpp_tutorial/hook/cmake_prefix_path.dsv'
[2.333s] INFO:colcon.colcon_core.shell:Creating environment hook '/home/jewoo/ros2_ws/install/ros2_cpp_tutorial/share/ros2_cpp_tutorial/hook/cmake_prefix_path.sh'
[2.334s] Level 1:colcon.colcon_core.environment:checking '/home/jewoo/ros2_ws/install/ros2_cpp_tutorial/lib'
[2.334s] Level 1:colcon.colcon_core.environment:checking '/home/jewoo/ros2_ws/install/ros2_cpp_tutorial/bin'
[2.334s] Level 1:colcon.colcon_core.environment:checking '/home/jewoo/ros2_ws/install/ros2_cpp_tutorial/lib/pkgconfig/ros2_cpp_tutorial.pc'
[2.335s] Level 1:colcon.colcon_core.environment:checking '/home/jewoo/ros2_ws/install/ros2_cpp_tutorial/lib/python3.10/site-packages'
[2.335s] Level 1:colcon.colcon_core.environment:checking '/home/jewoo/ros2_ws/install/ros2_cpp_tutorial/bin'
[2.336s] INFO:colcon.colcon_core.shell:Creating package script '/home/jewoo/ros2_ws/install/ros2_cpp_tutorial/share/ros2_cpp_tutorial/package.ps1'
[2.337s] INFO:colcon.colcon_core.shell:Creating package descriptor '/home/jewoo/ros2_ws/install/ros2_cpp_tutorial/share/ros2_cpp_tutorial/package.dsv'
[2.338s] INFO:colcon.colcon_core.shell:Creating package script '/home/jewoo/ros2_ws/install/ros2_cpp_tutorial/share/ros2_cpp_tutorial/package.sh'
[2.339s] INFO:colcon.colcon_core.shell:Creating package script '/home/jewoo/ros2_ws/install/ros2_cpp_tutorial/share/ros2_cpp_tutorial/package.bash'
[2.340s] INFO:colcon.colcon_core.shell:Creating package script '/home/jewoo/ros2_ws/install/ros2_cpp_tutorial/share/ros2_cpp_tutorial/package.zsh'
[2.341s] Level 1:colcon.colcon_core.environment:create_file_with_runtime_dependencies(/home/jewoo/ros2_ws/install/ros2_cpp_tutorial/share/colcon-core/packages/ros2_cpp_tutorial)
[3.017s] Level 1:colcon.colcon_core.shell:create_environment_hook('ros2_python_tutorial', 'pythonpath_develop')
[3.018s] INFO:colcon.colcon_core.shell:Creating environment hook '/home/jewoo/ros2_ws/build/ros2_python_tutorial/share/ros2_python_tutorial/hook/pythonpath_develop.ps1'
[3.019s] DEBUG:colcon.colcon_core.event_handler.log_command:Invoked command in '/home/jewoo/ros2_ws/build/ros2_python_tutorial' returned '0': PYTHONPATH=/home/jewoo/ros2_ws/build/ros2_python_tutorial/prefix_override:/usr/lib/python3/dist-packages/colcon_core/task/python/colcon_distutils_commands:/home/jewoo/ros2_ws/install/ros2_python_tutorial/lib/python3.10/site-packages:${PYTHONPATH} /usr/bin/python3 -W ignore:setup.py install is deprecated setup.py develop --editable --build-directory /home/jewoo/ros2_ws/build/ros2_python_tutorial/build --no-deps symlink_data
[3.019s] INFO:colcon.colcon_core.shell:Creating environment descriptor '/home/jewoo/ros2_ws/build/ros2_python_tutorial/share/ros2_python_tutorial/hook/pythonpath_develop.dsv'
[3.020s] INFO:colcon.colcon_core.shell:Creating environment hook '/home/jewoo/ros2_ws/build/ros2_python_tutorial/share/ros2_python_tutorial/hook/pythonpath_develop.sh'
[3.021s] Level 1:colcon.colcon_core.environment:checking '/home/jewoo/ros2_ws/install/ros2_python_tutorial' for CMake module files
[3.023s] Level 1:colcon.colcon_core.environment:checking '/home/jewoo/ros2_ws/install/ros2_python_tutorial' for CMake config files
[3.024s] Level 1:colcon.colcon_core.environment:checking '/home/jewoo/ros2_ws/install/ros2_python_tutorial/lib'
[3.024s] Level 1:colcon.colcon_core.environment:checking '/home/jewoo/ros2_ws/install/ros2_python_tutorial/bin'
[3.025s] Level 1:colcon.colcon_core.environment:checking '/home/jewoo/ros2_ws/install/ros2_python_tutorial/lib/pkgconfig/ros2_python_tutorial.pc'
[3.025s] Level 1:colcon.colcon_core.environment:checking '/home/jewoo/ros2_ws/install/ros2_python_tutorial/lib/python3.10/site-packages'
[3.025s] Level 1:colcon.colcon_core.shell:create_environment_hook('ros2_python_tutorial', 'pythonpath')
[3.026s] INFO:colcon.colcon_core.shell:Creating environment hook '/home/jewoo/ros2_ws/install/ros2_python_tutorial/share/ros2_python_tutorial/hook/pythonpath.ps1'
[3.027s] INFO:colcon.colcon_core.shell:Creating environment descriptor '/home/jewoo/ros2_ws/install/ros2_python_tutorial/share/ros2_python_tutorial/hook/pythonpath.dsv'
[3.028s] INFO:colcon.colcon_core.shell:Creating environment hook '/home/jewoo/ros2_ws/install/ros2_python_tutorial/share/ros2_python_tutorial/hook/pythonpath.sh'
[3.029s] Level 1:colcon.colcon_core.environment:checking '/home/jewoo/ros2_ws/install/ros2_python_tutorial/bin'
[3.029s] Level 1:colcon.colcon_core.environment:create_environment_scripts_only(ros2_python_tutorial)
[3.030s] INFO:colcon.colcon_core.shell:Creating package script '/home/jewoo/ros2_ws/install/ros2_python_tutorial/share/ros2_python_tutorial/package.ps1'
[3.032s] INFO:colcon.colcon_core.shell:Creating package descriptor '/home/jewoo/ros2_ws/install/ros2_python_tutorial/share/ros2_python_tutorial/package.dsv'
[3.033s] INFO:colcon.colcon_core.shell:Creating package script '/home/jewoo/ros2_ws/install/ros2_python_tutorial/share/ros2_python_tutorial/package.sh'
[3.034s] INFO:colcon.colcon_core.shell:Creating package script '/home/jewoo/ros2_ws/install/ros2_python_tutorial/share/ros2_python_tutorial/package.bash'
[3.035s] INFO:colcon.colcon_core.shell:Creating package script '/home/jewoo/ros2_ws/install/ros2_python_tutorial/share/ros2_python_tutorial/package.zsh'
[3.036s] Level 1:colcon.colcon_core.environment:create_file_with_runtime_dependencies(/home/jewoo/ros2_ws/install/ros2_python_tutorial/share/colcon-core/packages/ros2_python_tutorial)
[3.036s] DEBUG:colcon.colcon_parallel_executor.executor.parallel:closing loop
[3.037s] DEBUG:colcon.colcon_parallel_executor.executor.parallel:loop closed
[3.037s] DEBUG:colcon.colcon_parallel_executor.executor.parallel:run_until_complete finished with '0'
[3.038s] DEBUG:colcon.colcon_core.event_reactor:joining thread
[3.047s] INFO:colcon.colcon_core.plugin_system:Skipping extension 'colcon_notification.desktop_notification.terminal_notifier': Not used on non-Darwin systems
[3.047s] INFO:colcon.colcon_core.plugin_system:Skipping extension 'colcon_notification.desktop_notification.win32': Not used on non-Windows systems
[3.047s] INFO:colcon.colcon_notification.desktop_notification:Sending desktop notification using 'notify2'
[3.072s] DEBUG:colcon.colcon_core.event_reactor:joined thread
[3.073s] INFO:colcon.colcon_core.shell:Creating prefix script '/home/jewoo/ros2_ws/install/local_setup.ps1'
[3.075s] INFO:colcon.colcon_core.shell:Creating prefix util module '/home/jewoo/ros2_ws/install/_local_setup_util_ps1.py'
[3.079s] INFO:colcon.colcon_core.shell:Creating prefix chain script '/home/jewoo/ros2_ws/install/setup.ps1'
[3.082s] INFO:colcon.colcon_core.shell:Creating prefix script '/home/jewoo/ros2_ws/install/local_setup.sh'
[3.083s] INFO:colcon.colcon_core.shell:Creating prefix util module '/home/jewoo/ros2_ws/install/_local_setup_util_sh.py'
[3.084s] INFO:colcon.colcon_core.shell:Creating prefix chain script '/home/jewoo/ros2_ws/install/setup.sh'
[3.087s] INFO:colcon.colcon_core.shell:Creating prefix script '/home/jewoo/ros2_ws/install/local_setup.bash'
[3.088s] INFO:colcon.colcon_core.shell:Creating prefix chain script '/home/jewoo/ros2_ws/install/setup.bash'
[3.091s] INFO:colcon.colcon_core.shell:Creating prefix script '/home/jewoo/ros2_ws/install/local_setup.zsh'
[3.092s] INFO:colcon.colcon_core.shell:Creating prefix chain script '/home/jewoo/ros2_ws/install/setup.zsh'
