[0.023s] Invoking command in '/home/jewoo/ros2_ws/build/ros2_interfaces_tutorial': CMAKE_PREFIX_PATH=${CMAKE_PREFIX_PATH}:/home/jewoo/ros2_ws/install/ros2_python_tutorial /usr/bin/cmake /home/jewoo/ros2_ws/src/ros2_interfaces_tutorial -DAMENT_CMAKE_SYMLINK_INSTALL=1 -DCMAKE_INSTALL_PREFIX=/home/jewoo/ros2_ws/install/ros2_interfaces_tutorial
[0.056s] [31mCMake Error at CMakeLists.txt:14 (find_package):
[0.056s]   By not providing "Findgeometry_msgs.cmake" in CMAKE_MODULE_PATH this
[0.056s]   project has asked CMake to find a package configuration file provided by
[0.056s]   "geometry_msgs", but CMake did not find one.
[0.056s] 
[0.056s]   Could not find a package configuration file provided by "geometry_msgs"
[0.056s]   with any of the following names:
[0.056s] 
[0.057s]     geometry_msgsConfig.cmake
[0.057s]     geometry_msgs-config.cmake
[0.057s] 
[0.057s]   Add the installation prefix of "geometry_msgs" to CMAKE_PREFIX_PATH or set
[0.057s]   "geometry_msgs_DIR" to a directory containing one of the above files.  If
[0.057s]   "geometry_msgs" provides a separate development package or SDK, be sure it
[0.057s]   has been installed.
[0.057s] 
[0.057s] [0m
[0.057s] -- Configuring incomplete, errors occurred!
[0.058s] See also "/home/jewoo/ros2_ws/build/ros2_interfaces_tutorial/CMakeFiles/CMakeOutput.log".
[0.380s] Invoked command in '/home/jewoo/ros2_ws/build/ros2_interfaces_tutorial' returned '1': CMAKE_PREFIX_PATH=${CMAKE_PREFIX_PATH}:/home/jewoo/ros2_ws/install/ros2_python_tutorial /usr/bin/cmake /home/jewoo/ros2_ws/src/ros2_interfaces_tutorial -DAMENT_CMAKE_SYMLINK_INSTALL=1 -DCMAKE_INSTALL_PREFIX=/home/jewoo/ros2_ws/install/ros2_interfaces_tutorial
