[0.000000] (-) TimerEvent: {}
[0.000242] (ros2_cpp_tutorial) JobQueued: {'identifier': 'ros2_cpp_tutorial', 'dependencies': OrderedDict()}
[0.000311] (ros2_python_tutorial) JobQueued: {'identifier': 'ros2_python_tutorial', 'dependencies': OrderedDict()}
[0.000412] (tutorial_interface) JobQueued: {'identifier': 'tutorial_interface', 'dependencies': OrderedDict()}
[0.000561] (ros2_cpp_tutorial) JobStarted: {'identifier': 'ros2_cpp_tutorial'}
[0.009644] (ros2_python_tutorial) JobStarted: {'identifier': 'ros2_python_tutorial'}
[0.018550] (tutorial_interface) JobStarted: {'identifier': 'tutorial_interface'}
[0.028463] (ros2_cpp_tutorial) JobProgress: {'identifier': 'ros2_cpp_tutorial', 'progress': 'cmake'}
[0.029663] (ros2_cpp_tutorial) Command: {'cmd': ['/usr/bin/cmake', '/home/jewoo/ros2_ws/src/ros2_cpp_tutorial', '-DCMAKE_BUILD_TYPE=RelWithDebInfo', '-DAMENT_CMAKE_SYMLINK_INSTALL=1', '-DCMAKE_INSTALL_PREFIX=/home/jewoo/ros2_ws/install/ros2_cpp_tutorial'], 'cwd': '/home/jewoo/ros2_ws/build/ros2_cpp_tutorial', 'env': OrderedDict([('GJS_DEBUG_TOPICS', 'JS ERROR;JS LOG'), ('LESSOPEN', '| /usr/bin/lesspipe %s'), ('VSCODE_CWD', '/home/jewoo'), ('LANGUAGE', 'ko:en'), ('USER', 'jewoo'), ('SNAP_COMMON', '/var/snap/code/common'), ('LC_TIME', 'ko_KR.UTF-8'), ('VSCODE_NLS_CONFIG', '{"userLocale":"ko","osLocale":"ko","resolvedLanguage":"en","defaultMessagesFile":"/snap/code/172/usr/share/code/resources/app/out/nls.messages.json","locale":"ko","availableLanguages":{}}'), ('GIO_MODULE_DIR', '/home/jewoo/snap/code/common/.cache/gio-modules'), ('VSCODE_HANDLES_UNCAUGHT_ERRORS', 'true'), ('XDG_SESSION_TYPE', 'x11'), ('GTK_EXE_PREFIX_VSCODE_SNAP_ORIG', ''), ('GDK_BACKEND_VSCODE_SNAP_ORIG', ''), ('SNAP_UID', '1000'), ('SHLVL', '0'), ('LD_LIBRARY_PATH', '/opt/ros/humble/opt/rviz_ogre_vendor/lib:/opt/ros/humble/lib/x86_64-linux-gnu:/opt/ros/humble/lib:/home/jewoo/ros2_ws/install/tutorial_interface/lib:/usr/lib/x86_64-linux-gnu:'), ('HOME', '/home/jewoo'), ('CHROME_DESKTOP', 'code-url-handler.desktop'), ('SNAP_LIBRARY_PATH', '/var/lib/snapd/lib/gl:/var/lib/snapd/lib/gl32:/var/lib/snapd/void'), ('LOCPATH_VSCODE_SNAP_ORIG', ''), ('TERM_PROGRAM_VERSION', '1.94.2'), ('DESKTOP_SESSION', 'ubuntu'), ('SNAP_USER_DATA', '/home/jewoo/snap/code/172'), ('GTK_PATH', '/snap/code/172/usr/lib/x86_64-linux-gnu/gtk-3.0'), ('VSCODE_IPC_HOOK', '/run/user/1000/vscode-c8a6cc9a-1.94-main.sock'), ('GTK_IM_MODULE_FILE', '/home/jewoo/snap/code/common/.cache/immodules/immodules.cache'), ('GIO_LAUNCHED_DESKTOP_FILE', '/var/lib/snapd/desktop/applications/code_code.desktop'), ('APPLICATION_INSIGHTS_NO_DIAGNOSTIC_CHANNEL', '1'), ('ROS_PYTHON_VERSION', '3'), ('GNOME_SHELL_SESSION_MODE', 'ubuntu'), ('GTK_MODULES', 'gail:atk-bridge'), ('GSETTINGS_SCHEMA_DIR_VSCODE_SNAP_ORIG', ''), ('LC_MONETARY', 'ko_KR.UTF-8'), ('MANAGERPID', '1002'), ('SYSTEMD_EXEC_PID', '1565'), ('DBUS_SESSION_BUS_ADDRESS', 'unix:path=/run/user/1000/bus'), ('SNAP_REVISION', '172'), ('COLORTERM', 'truecolor'), ('GIO_LAUNCHED_DESKTOP_FILE_PID', '7180'), ('_colcon_cd_root', '/opt/ros/humble/'), ('VSCODE_CRASH_REPORTER_PROCESS_TYPE', 'extensionHost'), ('IM_CONFIG_PHASE', '1'), ('VSCODE_L10N_BUNDLE_LOCATION', ''), ('COLCON_PREFIX_PATH', '/home/jewoo/ros2_ws/install'), ('ROS_DISTRO', 'humble'), ('GTK_IM_MODULE', 'ibus'), ('LOGNAME', 'jewoo'), ('_', '/usr/bin/colcon'), ('SNAP_CONTEXT', 'W-QB9fLAu5WdpjVnIpsu6mTwo8l3HaXd8SiYcr_Q7JKZzAJNKDmt'), ('SUMO_HOME', '/usr/share/sumo'), ('JOURNAL_STREAM', '8:10736'), ('ROS_VERSION', '2'), ('XDG_CONFIG_DIRS_VSCODE_SNAP_ORIG', '/etc/xdg/xdg-ubuntu:/etc/xdg'), ('XDG_SESSION_CLASS', 'user'), ('SNAP_VERSION', '384ff738'), ('XDG_DATA_DIRS_VSCODE_SNAP_ORIG', '/usr/share/ubuntu:/usr/share/gnome:/usr/local/share/:/usr/share/:/var/lib/snapd/desktop'), ('USERNAME', 'jewoo'), ('TERM', 'xterm-256color'), ('GNOME_DESKTOP_SESSION_ID', 'this-is-deprecated'), ('SNAP_INSTANCE_NAME', 'code'), ('ROS_LOCALHOST_ONLY', '0'), ('WINDOWPATH', '2'), ('PATH', '/home/jewoo/.local/bin:/opt/ros/humble/bin:/home/jewoo/.local/bin:/home/jewoo/.local/bin:/home/jewoo/anaconda3/bin:/home/jewoo/anaconda3/condabin:/home/jewoo/.local/bin:/usr/local/sbin:/usr/local/bin:/usr/sbin:/usr/bin:/sbin:/bin:/usr/games:/usr/local/games:/snap/bin:/snap/bin'), ('SESSION_MANAGER', 'local/jewoo-System-Product-Name:@/tmp/.ICE-unix/1505,unix/jewoo-System-Product-Name:/tmp/.ICE-unix/1505'), ('VSCODE_AMD_ENTRYPOINT', 'vs/workbench/api/node/extensionHostProcess'), ('GTK_EXE_PREFIX', '/snap/code/172/usr'), ('INVOCATION_ID', '605e65c35052471c9b3b30b84372df85'), ('PAPERSIZE', 'a4'), ('XDG_MENU_PREFIX', 'gnome-'), ('LC_ADDRESS', 'ko_KR.UTF-8'), ('BAMF_DESKTOP_FILE_HINT', '/var/lib/snapd/desktop/applications/code_code.desktop'), ('SNAP_DATA', '/var/snap/code/172'), ('XDG_RUNTIME_DIR', '/run/user/1000'), ('GDK_BACKEND', 'x11'), ('DISPLAY', ':0'), ('LOCPATH', '/snap/code/172/usr/lib/locale'), ('LANG', 'ko_KR.UTF-8'), ('XDG_CURRENT_DESKTOP', 'Unity'), ('LC_TELEPHONE', 'ko_KR.UTF-8'), ('GIO_MODULE_DIR_VSCODE_SNAP_ORIG', ''), ('XMODIFIERS', '@im=ibus'), ('XDG_SESSION_DESKTOP', 'ubuntu'), ('XAUTHORITY', '/run/user/1000/gdm/Xauthority'), ('LS_COLORS', ''), ('TERM_PROGRAM', 'vscode'), ('SSH_AGENT_LAUNCHER', 'gnome-keyring'), ('SNAP_USER_COMMON', '/home/jewoo/snap/code/common'), ('SSH_AUTH_SOCK', '/run/user/1000/keyring/ssh'), ('GSETTINGS_SCHEMA_DIR', '/home/jewoo/snap/code/172/.local/share/glib-2.0/schemas'), ('SNAP_ARCH', 'amd64'), ('AMENT_PREFIX_PATH', '/opt/ros/humble:/home/jewoo/ros2_ws/install/tutorial_interface:/home/jewoo/ros2_ws/install/ros2_python_tutorial:/home/jewoo/ros2_ws/install/ros2_cpp_tutorial'), ('SNAP_COOKIE', 'W-QB9fLAu5WdpjVnIpsu6mTwo8l3HaXd8SiYcr_Q7JKZzAJNKDmt'), ('ORIGINAL_XDG_CURRENT_DESKTOP', 'ubuntu:GNOME'), ('SHELL', '/bin/bash'), ('LC_NAME', 'ko_KR.UTF-8'), ('GDK_PIXBUF_MODULEDIR', '/snap/code/172/usr/lib/x86_64-linux-gnu/gdk-pixbuf-2.0/2.10.0/loaders'), ('QT_ACCESSIBILITY', '1'), ('ELECTRON_RUN_AS_NODE', '1'), ('GDMSESSION', 'ubuntu'), ('LESSCLOSE', '/usr/bin/lesspipe %s %s'), ('GTK_PATH_VSCODE_SNAP_ORIG', ''), ('SNAP_NAME', 'code'), ('GTK_IM_MODULE_FILE_VSCODE_SNAP_ORIG', ''), ('LC_MEASUREMENT', 'ko_KR.UTF-8'), ('GDK_PIXBUF_MODULE_FILE', '/home/jewoo/snap/code/common/.cache/gdk-pixbuf-loaders.cache'), ('GPG_AGENT_INFO', '/run/user/1000/gnupg/S.gpg-agent:0:1'), ('GJS_DEBUG_OUTPUT', 'stderr'), ('LC_IDENTIFICATION', 'ko_KR.UTF-8'), ('SNAP_LAUNCHER_ARCH_TRIPLET', 'x86_64-linux-gnu'), ('QT_IM_MODULE', 'ibus'), ('PWD', '/home/jewoo/ros2_ws/build/ros2_cpp_tutorial'), ('VSCODE_CLI', '1'), ('LC_ALL', 'en_US.UTF-8'), ('XDG_CONFIG_DIRS', '/etc/xdg/xdg-ubuntu:/etc/xdg'), ('SNAP_REAL_HOME', '/home/jewoo'), ('VSCODE_CODE_CACHE_PATH', '/home/jewoo/.config/Code/CachedData/384ff7382de624fb94dbaf6da11977bba1ecd427'), ('XDG_DATA_DIRS', '/home/jewoo/snap/code/172/.local/share:/home/jewoo/snap/code/172:/snap/code/172/usr/share:/usr/share/ubuntu:/usr/share/gnome:/usr/local/share/:/usr/share/:/var/lib/snapd/desktop'), ('SNAP_EUID', '1000'), ('PYTHONPATH', '/opt/ros/humble/lib/python3.10/site-packages:/opt/ros/humble/local/lib/python3.10/dist-packages:/home/jewoo/ros2_ws/install/tutorial_interface/local/lib/python3.10/dist-packages:/home/jewoo/ros2_ws/install/ros2_python_tutorial/lib/python3.10/site-packages'), ('SNAP', '/snap/code/172'), ('LC_NUMERIC', 'ko_KR.UTF-8'), ('LC_PAPER', 'ko_KR.UTF-8'), ('COLCON', '1'), ('ELECTRON_NO_ATTACH_CONSOLE', '1'), ('CMAKE_PREFIX_PATH', '/home/jewoo/ros2_ws/install/tutorial_interface:/home/jewoo/ros2_ws/install/ros2_cpp_tutorial:/opt/ros/humble:/home/jewoo/ros2_ws/install/ros2_python_tutorial'), ('VSCODE_PID', '7228')]), 'shell': False}
[0.098668] (-) TimerEvent: {}
[0.199184] (-) TimerEvent: {}
[0.299586] (-) TimerEvent: {}
[0.399982] (-) TimerEvent: {}
[0.500355] (-) TimerEvent: {}
[0.553171] (ros2_cpp_tutorial) StdoutLine: {'line': b'-- Found ament_cmake: 1.3.10 (/opt/ros/humble/share/ament_cmake/cmake)\n'}
[0.553823] (ros2_cpp_tutorial) StdoutLine: {'line': b'-- Override CMake install command with custom implementation using symlinks instead of copying resources\n'}
[0.556268] (ros2_cpp_tutorial) StdoutLine: {'line': b'-- Found rclcpp: 16.0.10 (/opt/ros/humble/share/rclcpp/cmake)\n'}
[0.557024] (ros2_cpp_tutorial) StdoutLine: {'line': b'-- Found rosidl_generator_c: 3.1.5 (/opt/ros/humble/share/rosidl_generator_c/cmake)\n'}
[0.557301] (ros2_cpp_tutorial) StdoutLine: {'line': b'-- Found rosidl_adapter: 3.1.5 (/opt/ros/humble/share/rosidl_adapter/cmake)\n'}
[0.557464] (ros2_cpp_tutorial) StdoutLine: {'line': b'-- Found rosidl_generator_cpp: 3.1.5 (/opt/ros/humble/share/rosidl_generator_cpp/cmake)\n'}
[0.557619] (ros2_cpp_tutorial) StdoutLine: {'line': b'-- Using all available rosidl_typesupport_c: rosidl_typesupport_fastrtps_c;rosidl_typesupport_introspection_c\n'}
[0.558063] (ros2_cpp_tutorial) StdoutLine: {'line': b'-- Using all available rosidl_typesupport_cpp: rosidl_typesupport_fastrtps_cpp;rosidl_typesupport_introspection_cpp\n'}
[0.558199] (ros2_cpp_tutorial) StdoutLine: {'line': b'-- Found rmw_implementation_cmake: 6.1.2 (/opt/ros/humble/share/rmw_implementation_cmake/cmake)\n'}
[0.558342] (ros2_cpp_tutorial) StdoutLine: {'line': b'-- Found rmw_fastrtps_cpp: 6.2.7 (/opt/ros/humble/share/rmw_fastrtps_cpp/cmake)\n'}
[0.558558] (tutorial_interface) JobProgress: {'identifier': 'tutorial_interface', 'progress': 'cmake'}
[0.559227] (tutorial_interface) Command: {'cmd': ['/usr/bin/cmake', '/home/jewoo/ros2_ws/src/tutorial_interface', '-DCMAKE_BUILD_TYPE=RelWithDebInfo', '-DAMENT_CMAKE_SYMLINK_INSTALL=1', '-DCMAKE_INSTALL_PREFIX=/home/jewoo/ros2_ws/install/tutorial_interface'], 'cwd': '/home/jewoo/ros2_ws/build/tutorial_interface', 'env': OrderedDict([('GJS_DEBUG_TOPICS', 'JS ERROR;JS LOG'), ('LESSOPEN', '| /usr/bin/lesspipe %s'), ('VSCODE_CWD', '/home/jewoo'), ('LANGUAGE', 'ko:en'), ('USER', 'jewoo'), ('SNAP_COMMON', '/var/snap/code/common'), ('LC_TIME', 'ko_KR.UTF-8'), ('VSCODE_NLS_CONFIG', '{"userLocale":"ko","osLocale":"ko","resolvedLanguage":"en","defaultMessagesFile":"/snap/code/172/usr/share/code/resources/app/out/nls.messages.json","locale":"ko","availableLanguages":{}}'), ('GIO_MODULE_DIR', '/home/jewoo/snap/code/common/.cache/gio-modules'), ('VSCODE_HANDLES_UNCAUGHT_ERRORS', 'true'), ('XDG_SESSION_TYPE', 'x11'), ('GTK_EXE_PREFIX_VSCODE_SNAP_ORIG', ''), ('GDK_BACKEND_VSCODE_SNAP_ORIG', ''), ('SNAP_UID', '1000'), ('SHLVL', '0'), ('LD_LIBRARY_PATH', '/opt/ros/humble/opt/rviz_ogre_vendor/lib:/opt/ros/humble/lib/x86_64-linux-gnu:/opt/ros/humble/lib:/home/jewoo/ros2_ws/install/tutorial_interface/lib:/usr/lib/x86_64-linux-gnu:'), ('HOME', '/home/jewoo'), ('CHROME_DESKTOP', 'code-url-handler.desktop'), ('SNAP_LIBRARY_PATH', '/var/lib/snapd/lib/gl:/var/lib/snapd/lib/gl32:/var/lib/snapd/void'), ('LOCPATH_VSCODE_SNAP_ORIG', ''), ('TERM_PROGRAM_VERSION', '1.94.2'), ('DESKTOP_SESSION', 'ubuntu'), ('SNAP_USER_DATA', '/home/jewoo/snap/code/172'), ('GTK_PATH', '/snap/code/172/usr/lib/x86_64-linux-gnu/gtk-3.0'), ('VSCODE_IPC_HOOK', '/run/user/1000/vscode-c8a6cc9a-1.94-main.sock'), ('GTK_IM_MODULE_FILE', '/home/jewoo/snap/code/common/.cache/immodules/immodules.cache'), ('GIO_LAUNCHED_DESKTOP_FILE', '/var/lib/snapd/desktop/applications/code_code.desktop'), ('APPLICATION_INSIGHTS_NO_DIAGNOSTIC_CHANNEL', '1'), ('ROS_PYTHON_VERSION', '3'), ('GNOME_SHELL_SESSION_MODE', 'ubuntu'), ('GTK_MODULES', 'gail:atk-bridge'), ('GSETTINGS_SCHEMA_DIR_VSCODE_SNAP_ORIG', ''), ('LC_MONETARY', 'ko_KR.UTF-8'), ('MANAGERPID', '1002'), ('SYSTEMD_EXEC_PID', '1565'), ('DBUS_SESSION_BUS_ADDRESS', 'unix:path=/run/user/1000/bus'), ('SNAP_REVISION', '172'), ('COLORTERM', 'truecolor'), ('GIO_LAUNCHED_DESKTOP_FILE_PID', '7180'), ('_colcon_cd_root', '/opt/ros/humble/'), ('VSCODE_CRASH_REPORTER_PROCESS_TYPE', 'extensionHost'), ('IM_CONFIG_PHASE', '1'), ('VSCODE_L10N_BUNDLE_LOCATION', ''), ('COLCON_PREFIX_PATH', '/home/jewoo/ros2_ws/install'), ('ROS_DISTRO', 'humble'), ('GTK_IM_MODULE', 'ibus'), ('LOGNAME', 'jewoo'), ('_', '/usr/bin/colcon'), ('SNAP_CONTEXT', 'W-QB9fLAu5WdpjVnIpsu6mTwo8l3HaXd8SiYcr_Q7JKZzAJNKDmt'), ('SUMO_HOME', '/usr/share/sumo'), ('JOURNAL_STREAM', '8:10736'), ('ROS_VERSION', '2'), ('XDG_CONFIG_DIRS_VSCODE_SNAP_ORIG', '/etc/xdg/xdg-ubuntu:/etc/xdg'), ('XDG_SESSION_CLASS', 'user'), ('SNAP_VERSION', '384ff738'), ('XDG_DATA_DIRS_VSCODE_SNAP_ORIG', '/usr/share/ubuntu:/usr/share/gnome:/usr/local/share/:/usr/share/:/var/lib/snapd/desktop'), ('USERNAME', 'jewoo'), ('TERM', 'xterm-256color'), ('GNOME_DESKTOP_SESSION_ID', 'this-is-deprecated'), ('SNAP_INSTANCE_NAME', 'code'), ('ROS_LOCALHOST_ONLY', '0'), ('WINDOWPATH', '2'), ('PATH', '/home/jewoo/.local/bin:/opt/ros/humble/bin:/home/jewoo/.local/bin:/home/jewoo/.local/bin:/home/jewoo/anaconda3/bin:/home/jewoo/anaconda3/condabin:/home/jewoo/.local/bin:/usr/local/sbin:/usr/local/bin:/usr/sbin:/usr/bin:/sbin:/bin:/usr/games:/usr/local/games:/snap/bin:/snap/bin'), ('SESSION_MANAGER', 'local/jewoo-System-Product-Name:@/tmp/.ICE-unix/1505,unix/jewoo-System-Product-Name:/tmp/.ICE-unix/1505'), ('VSCODE_AMD_ENTRYPOINT', 'vs/workbench/api/node/extensionHostProcess'), ('GTK_EXE_PREFIX', '/snap/code/172/usr'), ('INVOCATION_ID', '605e65c35052471c9b3b30b84372df85'), ('PAPERSIZE', 'a4'), ('XDG_MENU_PREFIX', 'gnome-'), ('LC_ADDRESS', 'ko_KR.UTF-8'), ('BAMF_DESKTOP_FILE_HINT', '/var/lib/snapd/desktop/applications/code_code.desktop'), ('SNAP_DATA', '/var/snap/code/172'), ('XDG_RUNTIME_DIR', '/run/user/1000'), ('GDK_BACKEND', 'x11'), ('DISPLAY', ':0'), ('LOCPATH', '/snap/code/172/usr/lib/locale'), ('LANG', 'ko_KR.UTF-8'), ('XDG_CURRENT_DESKTOP', 'Unity'), ('LC_TELEPHONE', 'ko_KR.UTF-8'), ('GIO_MODULE_DIR_VSCODE_SNAP_ORIG', ''), ('XMODIFIERS', '@im=ibus'), ('XDG_SESSION_DESKTOP', 'ubuntu'), ('XAUTHORITY', '/run/user/1000/gdm/Xauthority'), ('LS_COLORS', ''), ('TERM_PROGRAM', 'vscode'), ('SSH_AGENT_LAUNCHER', 'gnome-keyring'), ('SNAP_USER_COMMON', '/home/jewoo/snap/code/common'), ('SSH_AUTH_SOCK', '/run/user/1000/keyring/ssh'), ('GSETTINGS_SCHEMA_DIR', '/home/jewoo/snap/code/172/.local/share/glib-2.0/schemas'), ('SNAP_ARCH', 'amd64'), ('AMENT_PREFIX_PATH', '/opt/ros/humble:/home/jewoo/ros2_ws/install/tutorial_interface:/home/jewoo/ros2_ws/install/ros2_python_tutorial:/home/jewoo/ros2_ws/install/ros2_cpp_tutorial'), ('SNAP_COOKIE', 'W-QB9fLAu5WdpjVnIpsu6mTwo8l3HaXd8SiYcr_Q7JKZzAJNKDmt'), ('ORIGINAL_XDG_CURRENT_DESKTOP', 'ubuntu:GNOME'), ('SHELL', '/bin/bash'), ('LC_NAME', 'ko_KR.UTF-8'), ('GDK_PIXBUF_MODULEDIR', '/snap/code/172/usr/lib/x86_64-linux-gnu/gdk-pixbuf-2.0/2.10.0/loaders'), ('QT_ACCESSIBILITY', '1'), ('ELECTRON_RUN_AS_NODE', '1'), ('GDMSESSION', 'ubuntu'), ('LESSCLOSE', '/usr/bin/lesspipe %s %s'), ('GTK_PATH_VSCODE_SNAP_ORIG', ''), ('SNAP_NAME', 'code'), ('GTK_IM_MODULE_FILE_VSCODE_SNAP_ORIG', ''), ('LC_MEASUREMENT', 'ko_KR.UTF-8'), ('GDK_PIXBUF_MODULE_FILE', '/home/jewoo/snap/code/common/.cache/gdk-pixbuf-loaders.cache'), ('GPG_AGENT_INFO', '/run/user/1000/gnupg/S.gpg-agent:0:1'), ('GJS_DEBUG_OUTPUT', 'stderr'), ('LC_IDENTIFICATION', 'ko_KR.UTF-8'), ('SNAP_LAUNCHER_ARCH_TRIPLET', 'x86_64-linux-gnu'), ('QT_IM_MODULE', 'ibus'), ('PWD', '/home/jewoo/ros2_ws/build/tutorial_interface'), ('VSCODE_CLI', '1'), ('LC_ALL', 'en_US.UTF-8'), ('XDG_CONFIG_DIRS', '/etc/xdg/xdg-ubuntu:/etc/xdg'), ('SNAP_REAL_HOME', '/home/jewoo'), ('VSCODE_CODE_CACHE_PATH', '/home/jewoo/.config/Code/CachedData/384ff7382de624fb94dbaf6da11977bba1ecd427'), ('XDG_DATA_DIRS', '/home/jewoo/snap/code/172/.local/share:/home/jewoo/snap/code/172:/snap/code/172/usr/share:/usr/share/ubuntu:/usr/share/gnome:/usr/local/share/:/usr/share/:/var/lib/snapd/desktop'), ('SNAP_EUID', '1000'), ('PYTHONPATH', '/opt/ros/humble/lib/python3.10/site-packages:/opt/ros/humble/local/lib/python3.10/dist-packages:/home/jewoo/ros2_ws/install/tutorial_interface/local/lib/python3.10/dist-packages:/home/jewoo/ros2_ws/install/ros2_python_tutorial/lib/python3.10/site-packages'), ('SNAP', '/snap/code/172'), ('LC_NUMERIC', 'ko_KR.UTF-8'), ('LC_PAPER', 'ko_KR.UTF-8'), ('COLCON', '1'), ('ELECTRON_NO_ATTACH_CONSOLE', '1'), ('CMAKE_PREFIX_PATH', '/home/jewoo/ros2_ws/install/tutorial_interface:/home/jewoo/ros2_ws/install/ros2_cpp_tutorial:/opt/ros/humble:/home/jewoo/ros2_ws/install/ros2_python_tutorial'), ('VSCODE_PID', '7228')]), 'shell': False}
[0.581323] (tutorial_interface) StdoutLine: {'line': b'-- Found ament_cmake: 1.3.10 (/opt/ros/humble/share/ament_cmake/cmake)\n'}
[0.600488] (-) TimerEvent: {}
[0.682389] (ros2_cpp_tutorial) StdoutLine: {'line': b"-- Using RMW implementation 'rmw_fastrtps_cpp' as default\n"}
[0.700600] (-) TimerEvent: {}
[0.792261] (ros2_cpp_tutorial) StdoutLine: {'line': b'-- Found example_interfaces: 0.9.3 (/opt/ros/humble/share/example_interfaces/cmake)\n'}
[0.800316] (tutorial_interface) StdoutLine: {'line': b'-- Override CMake install command with custom implementation using symlinks instead of copying resources\n'}
[0.800589] (-) TimerEvent: {}
[0.816078] (tutorial_interface) StdoutLine: {'line': b'-- Found ament_lint_auto: 0.12.11 (/opt/ros/humble/share/ament_lint_auto/cmake)\n'}
[0.875997] (ros2_cpp_tutorial) StdoutLine: {'line': b'-- Found ament_lint_auto: 0.12.11 (/opt/ros/humble/share/ament_lint_auto/cmake)\n'}
[0.900704] (-) TimerEvent: {}
[0.940818] (tutorial_interface) StdoutLine: {'line': b'-- Found geometry_msgs: 4.2.4 (/opt/ros/humble/share/geometry_msgs/cmake)\n'}
[0.989650] (tutorial_interface) StdoutLine: {'line': b'-- Found rosidl_generator_c: 3.1.5 (/opt/ros/humble/share/rosidl_generator_c/cmake)\n'}
[0.995142] (tutorial_interface) StdoutLine: {'line': b'-- Found rosidl_adapter: 3.1.5 (/opt/ros/humble/share/rosidl_adapter/cmake)\n'}
[1.000813] (-) TimerEvent: {}
[1.010122] (tutorial_interface) StdoutLine: {'line': b'-- Found rosidl_generator_cpp: 3.1.5 (/opt/ros/humble/share/rosidl_generator_cpp/cmake)\n'}
[1.031267] (tutorial_interface) StdoutLine: {'line': b'-- Using all available rosidl_typesupport_c: rosidl_typesupport_fastrtps_c;rosidl_typesupport_introspection_c\n'}
[1.035963] (ros2_cpp_tutorial) StderrLine: {'line': b'\x1b[31mCMake Error at CMakeLists.txt:50 (find_package):\n'}
[1.036373] (ros2_cpp_tutorial) StderrLine: {'line': b'  By not providing "Findros2_interfaces_tutorial.cmake" in CMAKE_MODULE_PATH\n'}
[1.036581] (ros2_cpp_tutorial) StderrLine: {'line': b'  this project has asked CMake to find a package configuration file provided\n'}
[1.036786] (ros2_cpp_tutorial) StderrLine: {'line': b'  by "ros2_interfaces_tutorial", but CMake did not find one.\n'}
[1.037033] (ros2_cpp_tutorial) StderrLine: {'line': b'\n'}
[1.037282] (ros2_cpp_tutorial) StderrLine: {'line': b'  Could not find a package configuration file provided by\n'}
[1.037505] (ros2_cpp_tutorial) StderrLine: {'line': b'  "ros2_interfaces_tutorial" with any of the following names:\n'}
[1.037742] (ros2_cpp_tutorial) StderrLine: {'line': b'\n'}
[1.037955] (ros2_cpp_tutorial) StderrLine: {'line': b'    ros2_interfaces_tutorialConfig.cmake\n'}
[1.038161] (ros2_cpp_tutorial) StderrLine: {'line': b'    ros2_interfaces_tutorial-config.cmake\n'}
[1.038361] (ros2_cpp_tutorial) StderrLine: {'line': b'\n'}
[1.038545] (ros2_cpp_tutorial) StderrLine: {'line': b'  Add the installation prefix of "ros2_interfaces_tutorial" to\n'}
[1.038771] (ros2_cpp_tutorial) StderrLine: {'line': b'  CMAKE_PREFIX_PATH or set "ros2_interfaces_tutorial_DIR" to a directory\n'}
[1.038948] (ros2_cpp_tutorial) StderrLine: {'line': b'  containing one of the above files.  If "ros2_interfaces_tutorial" provides\n'}
[1.039127] (ros2_cpp_tutorial) StderrLine: {'line': b'  a separate development package or SDK, be sure it has been installed.\n'}
[1.039349] (ros2_cpp_tutorial) StderrLine: {'line': b'\n'}
[1.039530] (ros2_cpp_tutorial) StderrLine: {'line': b'\x1b[0m\n'}
[1.039700] (ros2_cpp_tutorial) StdoutLine: {'line': b'-- Configuring incomplete, errors occurred!\n'}
[1.039885] (ros2_cpp_tutorial) StdoutLine: {'line': b'See also "/home/jewoo/ros2_ws/build/ros2_cpp_tutorial/CMakeFiles/CMakeOutput.log".\n'}
[1.049769] (ros2_cpp_tutorial) CommandEnded: {'returncode': 1}
[1.060113] (tutorial_interface) StdoutLine: {'line': b'-- Using all available rosidl_typesupport_cpp: rosidl_typesupport_fastrtps_cpp;rosidl_typesupport_introspection_cpp\n'}
[1.088706] (ros2_cpp_tutorial) JobEnded: {'identifier': 'ros2_cpp_tutorial', 'rc': 1}
[1.100914] (-) TimerEvent: {}
[1.132601] (tutorial_interface) StdoutLine: {'line': b'-- Found rosidl_default_generators: 1.2.0 (/opt/ros/humble/share/rosidl_default_generators/cmake)\n'}
[1.201063] (-) TimerEvent: {}
[1.229568] (ros2_python_tutorial) JobEnded: {'identifier': 'ros2_python_tutorial', 'rc': 'SIGINT'}
[1.301196] (-) TimerEvent: {}
[1.401542] (-) TimerEvent: {}
[1.501872] (-) TimerEvent: {}
[1.561952] (tutorial_interface) StdoutLine: {'line': b'-- Found ament_cmake_ros: 0.10.0 (/opt/ros/humble/share/ament_cmake_ros/cmake)\n'}
[1.602017] (-) TimerEvent: {}
[1.702408] (-) TimerEvent: {}
[1.802686] (-) TimerEvent: {}
[1.903030] (-) TimerEvent: {}
[2.003394] (-) TimerEvent: {}
[2.103734] (-) TimerEvent: {}
[2.204103] (-) TimerEvent: {}
[2.300957] (tutorial_interface) StdoutLine: {'line': b'-- Using all available rosidl_typesupport_c: rosidl_typesupport_fastrtps_c;rosidl_typesupport_introspection_c\n'}
[2.304238] (-) TimerEvent: {}
[2.404659] (-) TimerEvent: {}
[2.505007] (-) TimerEvent: {}
[2.601596] (tutorial_interface) StdoutLine: {'line': b'-- Using all available rosidl_typesupport_cpp: rosidl_typesupport_fastrtps_cpp;rosidl_typesupport_introspection_cpp\n'}
[2.605110] (-) TimerEvent: {}
[2.648994] (tutorial_interface) StdoutLine: {'line': b'-- Found python_cmake_module: 0.10.0 (/opt/ros/humble/share/python_cmake_module/cmake)\n'}
[2.700081] (tutorial_interface) StdoutLine: {'line': b'-- Using PYTHON_EXECUTABLE: /usr/bin/python3\n'}
[2.700322] (tutorial_interface) StdoutLine: {'line': b'-- Using PYTHON_INCLUDE_DIRS: /usr/include/python3.10\n'}
[2.700517] (tutorial_interface) StdoutLine: {'line': b'-- Using PYTHON_LIBRARIES: /usr/lib/x86_64-linux-gnu/libpython3.10.so\n'}
[2.705243] (-) TimerEvent: {}
[2.785160] (tutorial_interface) StdoutLine: {'line': b"-- Added test 'lint_cmake' to check CMake code style\n"}
[2.788043] (tutorial_interface) StdoutLine: {'line': b"-- Added test 'xmllint' to check XML markup files\n"}
[2.797000] (tutorial_interface) StdoutLine: {'line': b'-- Configuring done\n'}
[2.805377] (-) TimerEvent: {}
[2.871180] (tutorial_interface) StdoutLine: {'line': b'-- Generating done\n'}
[2.876742] (tutorial_interface) StdoutLine: {'line': b'-- Build files have been written to: /home/jewoo/ros2_ws/build/tutorial_interface\n'}
[2.889393] (tutorial_interface) JobEnded: {'identifier': 'tutorial_interface', 'rc': 'SIGINT'}
[2.890960] (-) EventReactorShutdown: {}
