[0.023s] Invoking command in '/home/jewoo/ros2_ws/build/ros2_interfaces_tutorial': CMAKE_PREFIX_PATH=${CMAKE_PREFIX_PATH}:/opt/ros/humble:/home/jewoo/ros2_ws/install/ros2_python_tutorial /usr/bin/cmake --build /home/jewoo/ros2_ws/build/ros2_interfaces_tutorial -- -j12 -l12
[0.473s] [  2%] Built target ros2_interfaces_tutorial__cpp
[0.474s] [ 12%] Built target ros2_interfaces_tutorial__rosidl_generator_c
[0.474s] [ 12%] Built target ament_cmake_python_symlink_ros2_interfaces_tutorial
[0.474s] [ 23%] Built target ros2_interfaces_tutorial__rosidl_typesupport_introspection_c
[0.474s] [ 34%] Built target ros2_interfaces_tutorial__rosidl_typesupport_cpp
[0.474s] [ 44%] Built target ros2_interfaces_tutorial__rosidl_typesupport_c
[0.474s] [ 55%] Built target ros2_interfaces_tutorial__rosidl_typesupport_fastrtps_c
[0.475s] [ 65%] Built target ros2_interfaces_tutorial__rosidl_typesupport_introspection_cpp
[0.475s] [ 76%] Built target ros2_interfaces_tutorial__rosidl_typesupport_fastrtps_cpp
[0.475s] [ 76%] Built target ros2_interfaces_tutorial
[0.475s] [ 78%] Built target ros2_interfaces_tutorial__py
[0.475s] [ 87%] Built target ros2_interfaces_tutorial__rosidl_generator_py
[0.475s] [ 91%] Built target ros2_interfaces_tutorial__rosidl_typesupport_introspection_c__pyext
[0.475s] [ 95%] Built target ros2_interfaces_tutorial__rosidl_typesupport_fastrtps_c__pyext
[0.476s] [100%] Built target ros2_interfaces_tutorial__rosidl_typesupport_c__pyext
[0.549s] running egg_info
[0.550s] writing ros2_interfaces_tutorial.egg-info/PKG-INFO
[0.551s] writing dependency_links to ros2_interfaces_tutorial.egg-info/dependency_links.txt
[0.551s] writing top-level names to ros2_interfaces_tutorial.egg-info/top_level.txt
[0.554s] reading manifest file 'ros2_interfaces_tutorial.egg-info/SOURCES.txt'
[0.555s] writing manifest file 'ros2_interfaces_tutorial.egg-info/SOURCES.txt'
[0.589s] [100%] Built target ament_cmake_python_build_ros2_interfaces_tutorial_egg
