-- Found ament_cmake: 1.3.10 (/opt/ros/humble/share/ament_cmake/cmake)
-- Found Python3: /usr/bin/python3 (found version "3.10.12") found components: Interpreter 
-- Override CMake install command with custom implementation using symlinks instead of copying resources
-- Found geometry_msgs: 4.2.4 (/opt/ros/humble/share/geometry_msgs/cmake)
-- Found rosidl_generator_c: 3.1.5 (/opt/ros/humble/share/rosidl_generator_c/cmake)
-- Found rosidl_adapter: 3.1.5 (/opt/ros/humble/share/rosidl_adapter/cmake)
-- Found rosidl_generator_cpp: 3.1.5 (/opt/ros/humble/share/rosidl_generator_cpp/cmake)
-- Using all available rosidl_typesupport_c: rosidl_typesupport_fastrtps_c;rosidl_typesupport_introspection_c
-- Using all available rosidl_typesupport_cpp: rosidl_typesupport_fastrtps_cpp;rosidl_typesupport_introspection_cpp
-- Found rosidl_default_generators: 1.2.0 (/opt/ros/humble/share/rosidl_default_generators/cmake)
-- Found ament_cmake_ros: 0.10.0 (/opt/ros/humble/share/ament_cmake_ros/cmake)
-- Using all available rosidl_typesupport_c: rosidl_typesupport_fastrtps_c;rosidl_typesupport_introspection_c
-- Using all available rosidl_typesupport_cpp: rosidl_typesupport_fastrtps_cpp;rosidl_typesupport_introspection_cpp
-- Found PythonInterp: /usr/bin/python3 (found suitable version "3.10.12", minimum required is "3.6") 
-- Found python_cmake_module: 0.10.0 (/opt/ros/humble/share/python_cmake_module/cmake)
-- Found PythonLibs: /usr/lib/x86_64-linux-gnu/libpython3.10.so (found suitable version "3.10.12", minimum required is "3.5") 
-- Using PYTHON_EXECUTABLE: /usr/bin/python3
-- Using PYTHON_INCLUDE_DIRS: /usr/include/python3.10
-- Using PYTHON_LIBRARIES: /usr/lib/x86_64-linux-gnu/libpython3.10.so
-- Found PythonExtra: .so  
-- Found ament_lint_auto: 0.12.11 (/opt/ros/humble/share/ament_lint_auto/cmake)
-- Added test 'cppcheck' to perform static code analysis on C / C++ code
-- Configured cppcheck include dirs: 
-- Configured cppcheck exclude dirs and/or files: 
-- Added test 'flake8' to check Python code syntax and style conventions
-- Added test 'lint_cmake' to check CMake code style
-- Added test 'pep257' to check Python code against some of the docstring style conventions in PEP 257
-- Added test 'uncrustify' to check C / C++ code style
-- Configured uncrustify additional arguments: 
-- Added test 'xmllint' to check XML markup files
-- Configuring done
-- Generating done
-- Build files have been written to: /home/jewoo/ros2_ws/src/build/ros2_interfaces_tutorial
[  2%] [34m[1mGenerating C code for ROS interfaces[0m
[  4%] [34m[1mGenerating C++ code for ROS interfaces[0m
[  4%] Built target ament_cmake_python_symlink_ros2_interfaces_tutorial
running egg_info
creating ros2_interfaces_tutorial.egg-info
writing ros2_interfaces_tutorial.egg-info/PKG-INFO
writing dependency_links to ros2_interfaces_tutorial.egg-info/dependency_links.txt
writing top-level names to ros2_interfaces_tutorial.egg-info/top_level.txt
writing manifest file 'ros2_interfaces_tutorial.egg-info/SOURCES.txt'
reading manifest file 'ros2_interfaces_tutorial.egg-info/SOURCES.txt'
writing manifest file 'ros2_interfaces_tutorial.egg-info/SOURCES.txt'
[  4%] Built target ament_cmake_python_build_ros2_interfaces_tutorial_egg
[  4%] Built target ros2_interfaces_tutorial__cpp
[  8%] [34m[1mGenerating C++ type support for eProsima Fast-RTPS[0m
[  8%] [34m[1mGenerating C++ type support dispatch for ROS interfaces[0m
[ 10%] [34m[1mGenerating C++ introspection for ROS interfaces[0m
[ 14%] [32mBuilding C object CMakeFiles/ros2_interfaces_tutorial__rosidl_generator_c.dir/rosidl_generator_c/ros2_interfaces_tutorial/msg/detail/spheres__functions.c.o[0m
[ 14%] [32mBuilding C object CMakeFiles/ros2_interfaces_tutorial__rosidl_generator_c.dir/rosidl_generator_c/ros2_interfaces_tutorial/msg/detail/sphere__functions.c.o[0m
[ 17%] [32mBuilding C object CMakeFiles/ros2_interfaces_tutorial__rosidl_generator_c.dir/rosidl_generator_c/ros2_interfaces_tutorial/srv/detail/add_three_ints__functions.c.o[0m
[ 19%] [32m[1mLinking C shared library libros2_interfaces_tutorial__rosidl_generator_c.so[0m
[ 19%] Built target ros2_interfaces_tutorial__rosidl_generator_c
[ 21%] [34m[1mGenerating C introspection for ROS interfaces[0m
[ 23%] [34m[1mGenerating C type support for eProsima Fast-RTPS[0m
[ 25%] [34m[1mGenerating C type support dispatch for ROS interfaces[0m
[ 27%] [32mBuilding CXX object CMakeFiles/ros2_interfaces_tutorial__rosidl_typesupport_cpp.dir/rosidl_typesupport_cpp/ros2_interfaces_tutorial/msg/sphere__type_support.cpp.o[0m
[ 31%] [32mBuilding CXX object CMakeFiles/ros2_interfaces_tutorial__rosidl_typesupport_cpp.dir/rosidl_typesupport_cpp/ros2_interfaces_tutorial/srv/add_three_ints__type_support.cpp.o[0m
[ 31%] [32mBuilding CXX object CMakeFiles/ros2_interfaces_tutorial__rosidl_typesupport_cpp.dir/rosidl_typesupport_cpp/ros2_interfaces_tutorial/msg/spheres__type_support.cpp.o[0m
[ 36%] [32mBuilding CXX object CMakeFiles/ros2_interfaces_tutorial__rosidl_typesupport_introspection_cpp.dir/rosidl_typesupport_introspection_cpp/ros2_interfaces_tutorial/msg/detail/sphere__type_support.cpp.o[0m
[ 36%] [32mBuilding CXX object CMakeFiles/ros2_interfaces_tutorial__rosidl_typesupport_introspection_cpp.dir/rosidl_typesupport_introspection_cpp/ros2_interfaces_tutorial/msg/detail/spheres__type_support.cpp.o[0m
[ 38%] [32mBuilding CXX object CMakeFiles/ros2_interfaces_tutorial__rosidl_typesupport_introspection_cpp.dir/rosidl_typesupport_introspection_cpp/ros2_interfaces_tutorial/srv/detail/add_three_ints__type_support.cpp.o[0m
[ 42%] [32mBuilding CXX object CMakeFiles/ros2_interfaces_tutorial__rosidl_typesupport_fastrtps_cpp.dir/rosidl_typesupport_fastrtps_cpp/ros2_interfaces_tutorial/msg/detail/dds_fastrtps/spheres__type_support.cpp.o[0m
[ 42%] [32mBuilding CXX object CMakeFiles/ros2_interfaces_tutorial__rosidl_typesupport_fastrtps_cpp.dir/rosidl_typesupport_fastrtps_cpp/ros2_interfaces_tutorial/msg/detail/dds_fastrtps/sphere__type_support.cpp.o[0m
[ 44%] [32mBuilding CXX object CMakeFiles/ros2_interfaces_tutorial__rosidl_typesupport_fastrtps_cpp.dir/rosidl_typesupport_fastrtps_cpp/ros2_interfaces_tutorial/srv/detail/dds_fastrtps/add_three_ints__type_support.cpp.o[0m
[ 46%] [32mBuilding CXX object CMakeFiles/ros2_interfaces_tutorial__rosidl_typesupport_c.dir/rosidl_typesupport_c/ros2_interfaces_tutorial/msg/sphere__type_support.cpp.o[0m
[ 48%] [32mBuilding CXX object CMakeFiles/ros2_interfaces_tutorial__rosidl_typesupport_c.dir/rosidl_typesupport_c/ros2_interfaces_tutorial/msg/spheres__type_support.cpp.o[0m
[ 51%] [32mBuilding CXX object CMakeFiles/ros2_interfaces_tutorial__rosidl_typesupport_c.dir/rosidl_typesupport_c/ros2_interfaces_tutorial/srv/add_three_ints__type_support.cpp.o[0m
[ 53%] [32m[1mLinking CXX shared library libros2_interfaces_tutorial__rosidl_typesupport_c.so[0m
[ 55%] [32mBuilding C object CMakeFiles/ros2_interfaces_tutorial__rosidl_typesupport_introspection_c.dir/rosidl_typesupport_introspection_c/ros2_interfaces_tutorial/msg/detail/sphere__type_support.c.o[0m
[ 57%] [32mBuilding CXX object CMakeFiles/ros2_interfaces_tutorial__rosidl_typesupport_fastrtps_c.dir/rosidl_typesupport_fastrtps_c/ros2_interfaces_tutorial/msg/detail/sphere__type_support_c.cpp.o[0m
[ 59%] [32mBuilding CXX object CMakeFiles/ros2_interfaces_tutorial__rosidl_typesupport_fastrtps_c.dir/rosidl_typesupport_fastrtps_c/ros2_interfaces_tutorial/msg/detail/spheres__type_support_c.cpp.o[0m
[ 61%] [32mBuilding CXX object CMakeFiles/ros2_interfaces_tutorial__rosidl_typesupport_fastrtps_c.dir/rosidl_typesupport_fastrtps_c/ros2_interfaces_tutorial/srv/detail/add_three_ints__type_support_c.cpp.o[0m
[ 63%] [32m[1mLinking CXX shared library libros2_interfaces_tutorial__rosidl_typesupport_cpp.so[0m
[ 63%] Built target ros2_interfaces_tutorial__rosidl_typesupport_c
[ 65%] [32mBuilding C object CMakeFiles/ros2_interfaces_tutorial__rosidl_typesupport_introspection_c.dir/rosidl_typesupport_introspection_c/ros2_interfaces_tutorial/msg/detail/spheres__type_support.c.o[0m
[ 68%] [32mBuilding C object CMakeFiles/ros2_interfaces_tutorial__rosidl_typesupport_introspection_c.dir/rosidl_typesupport_introspection_c/ros2_interfaces_tutorial/srv/detail/add_three_ints__type_support.c.o[0m
[ 68%] Built target ros2_interfaces_tutorial__rosidl_typesupport_cpp
[ 70%] [32m[1mLinking C shared library libros2_interfaces_tutorial__rosidl_typesupport_introspection_c.so[0m
[ 70%] Built target ros2_interfaces_tutorial__rosidl_typesupport_introspection_c
[ 72%] [32m[1mLinking CXX shared library libros2_interfaces_tutorial__rosidl_typesupport_introspection_cpp.so[0m
[ 74%] [32m[1mLinking CXX shared library libros2_interfaces_tutorial__rosidl_typesupport_fastrtps_cpp.so[0m
[ 74%] Built target ros2_interfaces_tutorial__rosidl_typesupport_introspection_cpp
[ 74%] Built target ros2_interfaces_tutorial__rosidl_typesupport_fastrtps_cpp
[ 76%] [32m[1mLinking CXX shared library libros2_interfaces_tutorial__rosidl_typesupport_fastrtps_c.so[0m
[ 76%] Built target ros2_interfaces_tutorial__rosidl_typesupport_fastrtps_c
[ 76%] Built target ros2_interfaces_tutorial
[ 78%] [34m[1mGenerating Python code for ROS interfaces[0m
[ 78%] Built target ros2_interfaces_tutorial__py
[ 82%] [32mBuilding C object CMakeFiles/ros2_interfaces_tutorial__rosidl_generator_py.dir/rosidl_generator_py/ros2_interfaces_tutorial/msg/_sphere_s.c.o[0m
[ 82%] [32mBuilding C object CMakeFiles/ros2_interfaces_tutorial__rosidl_generator_py.dir/rosidl_generator_py/ros2_interfaces_tutorial/msg/_spheres_s.c.o[0m
[ 85%] [32mBuilding C object CMakeFiles/ros2_interfaces_tutorial__rosidl_generator_py.dir/rosidl_generator_py/ros2_interfaces_tutorial/srv/_add_three_ints_s.c.o[0m
[ 87%] [32m[1mLinking C shared library rosidl_generator_py/ros2_interfaces_tutorial/libros2_interfaces_tutorial__rosidl_generator_py.so[0m
[ 87%] Built target ros2_interfaces_tutorial__rosidl_generator_py
[ 93%] [32mBuilding C object CMakeFiles/ros2_interfaces_tutorial__rosidl_typesupport_fastrtps_c__pyext.dir/rosidl_generator_py/ros2_interfaces_tutorial/_ros2_interfaces_tutorial_s.ep.rosidl_typesupport_fastrtps_c.c.o[0m
[ 93%] [32mBuilding C object CMakeFiles/ros2_interfaces_tutorial__rosidl_typesupport_c__pyext.dir/rosidl_generator_py/ros2_interfaces_tutorial/_ros2_interfaces_tutorial_s.ep.rosidl_typesupport_c.c.o[0m
[ 93%] [32mBuilding C object CMakeFiles/ros2_interfaces_tutorial__rosidl_typesupport_introspection_c__pyext.dir/rosidl_generator_py/ros2_interfaces_tutorial/_ros2_interfaces_tutorial_s.ep.rosidl_typesupport_introspection_c.c.o[0m
[100%] [32m[1mLinking C shared library rosidl_generator_py/ros2_interfaces_tutorial/ros2_interfaces_tutorial_s__rosidl_typesupport_c.cpython-310-x86_64-linux-gnu.so[0m
[100%] [32m[1mLinking C shared library rosidl_generator_py/ros2_interfaces_tutorial/ros2_interfaces_tutorial_s__rosidl_typesupport_introspection_c.cpython-310-x86_64-linux-gnu.so[0m
[100%] [32m[1mLinking C shared library rosidl_generator_py/ros2_interfaces_tutorial/ros2_interfaces_tutorial_s__rosidl_typesupport_fastrtps_c.cpython-310-x86_64-linux-gnu.so[0m
[100%] Built target ros2_interfaces_tutorial__rosidl_typesupport_fastrtps_c__pyext
[100%] Built target ros2_interfaces_tutorial__rosidl_typesupport_c__pyext
[100%] Built target ros2_interfaces_tutorial__rosidl_typesupport_introspection_c__pyext
-- Install configuration: ""
-- Execute custom install script
-- Symlinking: /home/jewoo/ros2_ws/src/install/ros2_interfaces_tutorial/share/ament_index/resource_index/rosidl_interfaces/ros2_interfaces_tutorial
-- Symlinking: /home/jewoo/ros2_ws/src/install/ros2_interfaces_tutorial/include/ros2_interfaces_tutorial/ros2_interfaces_tutorial/msg/detail/sphere__functions.h
-- Symlinking: /home/jewoo/ros2_ws/src/install/ros2_interfaces_tutorial/include/ros2_interfaces_tutorial/ros2_interfaces_tutorial/msg/detail/sphere__struct.h
-- Symlinking: /home/jewoo/ros2_ws/src/install/ros2_interfaces_tutorial/include/ros2_interfaces_tutorial/ros2_interfaces_tutorial/msg/detail/sphere__type_support.h
-- Symlinking: /home/jewoo/ros2_ws/src/install/ros2_interfaces_tutorial/include/ros2_interfaces_tutorial/ros2_interfaces_tutorial/msg/detail/spheres__functions.h
-- Symlinking: /home/jewoo/ros2_ws/src/install/ros2_interfaces_tutorial/include/ros2_interfaces_tutorial/ros2_interfaces_tutorial/msg/detail/spheres__struct.h
-- Symlinking: /home/jewoo/ros2_ws/src/install/ros2_interfaces_tutorial/include/ros2_interfaces_tutorial/ros2_interfaces_tutorial/msg/detail/spheres__type_support.h
-- Symlinking: /home/jewoo/ros2_ws/src/install/ros2_interfaces_tutorial/include/ros2_interfaces_tutorial/ros2_interfaces_tutorial/msg/rosidl_generator_c__visibility_control.h
-- Symlinking: /home/jewoo/ros2_ws/src/install/ros2_interfaces_tutorial/include/ros2_interfaces_tutorial/ros2_interfaces_tutorial/msg/sphere.h
-- Symlinking: /home/jewoo/ros2_ws/src/install/ros2_interfaces_tutorial/include/ros2_interfaces_tutorial/ros2_interfaces_tutorial/msg/spheres.h
-- Symlinking: /home/jewoo/ros2_ws/src/install/ros2_interfaces_tutorial/include/ros2_interfaces_tutorial/ros2_interfaces_tutorial/srv/add_three_ints.h
-- Symlinking: /home/jewoo/ros2_ws/src/install/ros2_interfaces_tutorial/include/ros2_interfaces_tutorial/ros2_interfaces_tutorial/srv/detail/add_three_ints__functions.h
-- Symlinking: /home/jewoo/ros2_ws/src/install/ros2_interfaces_tutorial/include/ros2_interfaces_tutorial/ros2_interfaces_tutorial/srv/detail/add_three_ints__struct.h
-- Symlinking: /home/jewoo/ros2_ws/src/install/ros2_interfaces_tutorial/include/ros2_interfaces_tutorial/ros2_interfaces_tutorial/srv/detail/add_three_ints__type_support.h
-- Symlinking: /home/jewoo/ros2_ws/src/install/ros2_interfaces_tutorial/share/ros2_interfaces_tutorial/environment/library_path.sh
-- Symlinking: /home/jewoo/ros2_ws/src/install/ros2_interfaces_tutorial/share/ros2_interfaces_tutorial/environment/library_path.dsv
-- Symlinking: /home/jewoo/ros2_ws/src/install/ros2_interfaces_tutorial/include/ros2_interfaces_tutorial/ros2_interfaces_tutorial/msg/detail/sphere__rosidl_typesupport_fastrtps_c.h
-- Symlinking: /home/jewoo/ros2_ws/src/install/ros2_interfaces_tutorial/include/ros2_interfaces_tutorial/ros2_interfaces_tutorial/msg/detail/spheres__rosidl_typesupport_fastrtps_c.h
-- Symlinking: /home/jewoo/ros2_ws/src/install/ros2_interfaces_tutorial/include/ros2_interfaces_tutorial/ros2_interfaces_tutorial/msg/rosidl_typesupport_fastrtps_c__visibility_control.h
-- Symlinking: /home/jewoo/ros2_ws/src/install/ros2_interfaces_tutorial/include/ros2_interfaces_tutorial/ros2_interfaces_tutorial/srv/detail/add_three_ints__rosidl_typesupport_fastrtps_c.h
-- Symlinking: /home/jewoo/ros2_ws/src/install/ros2_interfaces_tutorial/include/ros2_interfaces_tutorial/ros2_interfaces_tutorial/msg/detail/sphere__builder.hpp
-- Symlinking: /home/jewoo/ros2_ws/src/install/ros2_interfaces_tutorial/include/ros2_interfaces_tutorial/ros2_interfaces_tutorial/msg/detail/sphere__struct.hpp
-- Symlinking: /home/jewoo/ros2_ws/src/install/ros2_interfaces_tutorial/include/ros2_interfaces_tutorial/ros2_interfaces_tutorial/msg/detail/sphere__traits.hpp
-- Symlinking: /home/jewoo/ros2_ws/src/install/ros2_interfaces_tutorial/include/ros2_interfaces_tutorial/ros2_interfaces_tutorial/msg/detail/spheres__builder.hpp
-- Symlinking: /home/jewoo/ros2_ws/src/install/ros2_interfaces_tutorial/include/ros2_interfaces_tutorial/ros2_interfaces_tutorial/msg/detail/spheres__struct.hpp
-- Symlinking: /home/jewoo/ros2_ws/src/install/ros2_interfaces_tutorial/include/ros2_interfaces_tutorial/ros2_interfaces_tutorial/msg/detail/spheres__traits.hpp
-- Symlinking: /home/jewoo/ros2_ws/src/install/ros2_interfaces_tutorial/include/ros2_interfaces_tutorial/ros2_interfaces_tutorial/msg/sphere.hpp
-- Symlinking: /home/jewoo/ros2_ws/src/install/ros2_interfaces_tutorial/include/ros2_interfaces_tutorial/ros2_interfaces_tutorial/msg/spheres.hpp
-- Symlinking: /home/jewoo/ros2_ws/src/install/ros2_interfaces_tutorial/include/ros2_interfaces_tutorial/ros2_interfaces_tutorial/srv/add_three_ints.hpp
-- Symlinking: /home/jewoo/ros2_ws/src/install/ros2_interfaces_tutorial/include/ros2_interfaces_tutorial/ros2_interfaces_tutorial/srv/detail/add_three_ints__builder.hpp
-- Symlinking: /home/jewoo/ros2_ws/src/install/ros2_interfaces_tutorial/include/ros2_interfaces_tutorial/ros2_interfaces_tutorial/srv/detail/add_three_ints__struct.hpp
-- Symlinking: /home/jewoo/ros2_ws/src/install/ros2_interfaces_tutorial/include/ros2_interfaces_tutorial/ros2_interfaces_tutorial/srv/detail/add_three_ints__traits.hpp
-- Symlinking: /home/jewoo/ros2_ws/src/install/ros2_interfaces_tutorial/include/ros2_interfaces_tutorial/ros2_interfaces_tutorial/msg/detail/sphere__rosidl_typesupport_fastrtps_cpp.hpp
-- Symlinking: /home/jewoo/ros2_ws/src/install/ros2_interfaces_tutorial/include/ros2_interfaces_tutorial/ros2_interfaces_tutorial/msg/detail/spheres__rosidl_typesupport_fastrtps_cpp.hpp
-- Symlinking: /home/jewoo/ros2_ws/src/install/ros2_interfaces_tutorial/include/ros2_interfaces_tutorial/ros2_interfaces_tutorial/msg/rosidl_typesupport_fastrtps_cpp__visibility_control.h
-- Symlinking: /home/jewoo/ros2_ws/src/install/ros2_interfaces_tutorial/include/ros2_interfaces_tutorial/ros2_interfaces_tutorial/srv/detail/add_three_ints__rosidl_typesupport_fastrtps_cpp.hpp
-- Symlinking: /home/jewoo/ros2_ws/src/install/ros2_interfaces_tutorial/include/ros2_interfaces_tutorial/ros2_interfaces_tutorial/msg/detail/sphere__rosidl_typesupport_introspection_c.h
-- Symlinking: /home/jewoo/ros2_ws/src/install/ros2_interfaces_tutorial/include/ros2_interfaces_tutorial/ros2_interfaces_tutorial/msg/detail/spheres__rosidl_typesupport_introspection_c.h
-- Symlinking: /home/jewoo/ros2_ws/src/install/ros2_interfaces_tutorial/include/ros2_interfaces_tutorial/ros2_interfaces_tutorial/msg/rosidl_typesupport_introspection_c__visibility_control.h
-- Symlinking: /home/jewoo/ros2_ws/src/install/ros2_interfaces_tutorial/include/ros2_interfaces_tutorial/ros2_interfaces_tutorial/srv/detail/add_three_ints__rosidl_typesupport_introspection_c.h
-- Symlinking: /home/jewoo/ros2_ws/src/install/ros2_interfaces_tutorial/include/ros2_interfaces_tutorial/ros2_interfaces_tutorial/msg/detail/sphere__rosidl_typesupport_introspection_cpp.hpp
-- Symlinking: /home/jewoo/ros2_ws/src/install/ros2_interfaces_tutorial/include/ros2_interfaces_tutorial/ros2_interfaces_tutorial/msg/detail/spheres__rosidl_typesupport_introspection_cpp.hpp
-- Symlinking: /home/jewoo/ros2_ws/src/install/ros2_interfaces_tutorial/include/ros2_interfaces_tutorial/ros2_interfaces_tutorial/srv/detail/add_three_ints__rosidl_typesupport_introspection_cpp.hpp
-- Symlinking: /home/jewoo/ros2_ws/src/install/ros2_interfaces_tutorial/share/ros2_interfaces_tutorial/environment/pythonpath.sh
-- Symlinking: /home/jewoo/ros2_ws/src/install/ros2_interfaces_tutorial/share/ros2_interfaces_tutorial/environment/pythonpath.dsv
-- Symlinking: /home/jewoo/ros2_ws/src/install/ros2_interfaces_tutorial/local/lib/python3.10/dist-packages/ros2_interfaces_tutorial-0.0.0-py3.10.egg-info/PKG-INFO
-- Symlinking: /home/jewoo/ros2_ws/src/install/ros2_interfaces_tutorial/local/lib/python3.10/dist-packages/ros2_interfaces_tutorial-0.0.0-py3.10.egg-info/SOURCES.txt
-- Symlinking: /home/jewoo/ros2_ws/src/install/ros2_interfaces_tutorial/local/lib/python3.10/dist-packages/ros2_interfaces_tutorial-0.0.0-py3.10.egg-info/dependency_links.txt
-- Symlinking: /home/jewoo/ros2_ws/src/install/ros2_interfaces_tutorial/local/lib/python3.10/dist-packages/ros2_interfaces_tutorial-0.0.0-py3.10.egg-info/top_level.txt
-- Symlinking: /home/jewoo/ros2_ws/src/install/ros2_interfaces_tutorial/local/lib/python3.10/dist-packages/ros2_interfaces_tutorial/__init__.py
-- Symlinking: /home/jewoo/ros2_ws/src/install/ros2_interfaces_tutorial/local/lib/python3.10/dist-packages/ros2_interfaces_tutorial/_ros2_interfaces_tutorial_s.ep.rosidl_typesupport_c.c
-- Symlinking: /home/jewoo/ros2_ws/src/install/ros2_interfaces_tutorial/local/lib/python3.10/dist-packages/ros2_interfaces_tutorial/_ros2_interfaces_tutorial_s.ep.rosidl_typesupport_fastrtps_c.c
-- Symlinking: /home/jewoo/ros2_ws/src/install/ros2_interfaces_tutorial/local/lib/python3.10/dist-packages/ros2_interfaces_tutorial/_ros2_interfaces_tutorial_s.ep.rosidl_typesupport_introspection_c.c
-- Symlinking: /home/jewoo/ros2_ws/src/install/ros2_interfaces_tutorial/local/lib/python3.10/dist-packages/ros2_interfaces_tutorial/libros2_interfaces_tutorial__rosidl_generator_py.so
-- Symlinking: /home/jewoo/ros2_ws/src/install/ros2_interfaces_tutorial/local/lib/python3.10/dist-packages/ros2_interfaces_tutorial/msg/__init__.py
-- Symlinking: /home/jewoo/ros2_ws/src/install/ros2_interfaces_tutorial/local/lib/python3.10/dist-packages/ros2_interfaces_tutorial/msg/_sphere.py
-- Symlinking: /home/jewoo/ros2_ws/src/install/ros2_interfaces_tutorial/local/lib/python3.10/dist-packages/ros2_interfaces_tutorial/msg/_sphere_s.c
-- Symlinking: /home/jewoo/ros2_ws/src/install/ros2_interfaces_tutorial/local/lib/python3.10/dist-packages/ros2_interfaces_tutorial/msg/_spheres.py
-- Symlinking: /home/jewoo/ros2_ws/src/install/ros2_interfaces_tutorial/local/lib/python3.10/dist-packages/ros2_interfaces_tutorial/msg/_spheres_s.c
-- Symlinking: /home/jewoo/ros2_ws/src/install/ros2_interfaces_tutorial/local/lib/python3.10/dist-packages/ros2_interfaces_tutorial/ros2_interfaces_tutorial_s__rosidl_typesupport_c.cpython-310-x86_64-linux-gnu.so
-- Symlinking: /home/jewoo/ros2_ws/src/install/ros2_interfaces_tutorial/local/lib/python3.10/dist-packages/ros2_interfaces_tutorial/ros2_interfaces_tutorial_s__rosidl_typesupport_fastrtps_c.cpython-310-x86_64-linux-gnu.so
-- Symlinking: /home/jewoo/ros2_ws/src/install/ros2_interfaces_tutorial/local/lib/python3.10/dist-packages/ros2_interfaces_tutorial/ros2_interfaces_tutorial_s__rosidl_typesupport_introspection_c.cpython-310-x86_64-linux-gnu.so
-- Symlinking: /home/jewoo/ros2_ws/src/install/ros2_interfaces_tutorial/local/lib/python3.10/dist-packages/ros2_interfaces_tutorial/srv/__init__.py
-- Symlinking: /home/jewoo/ros2_ws/src/install/ros2_interfaces_tutorial/local/lib/python3.10/dist-packages/ros2_interfaces_tutorial/srv/_add_three_ints.py
-- Symlinking: /home/jewoo/ros2_ws/src/install/ros2_interfaces_tutorial/local/lib/python3.10/dist-packages/ros2_interfaces_tutorial/srv/_add_three_ints_s.c
-- Up-to-date symlink: /home/jewoo/ros2_ws/src/install/ros2_interfaces_tutorial/local/lib/python3.10/dist-packages/ros2_interfaces_tutorial/ros2_interfaces_tutorial_s__rosidl_typesupport_fastrtps_c.cpython-310-x86_64-linux-gnu.so
-- Up-to-date symlink: /home/jewoo/ros2_ws/src/install/ros2_interfaces_tutorial/local/lib/python3.10/dist-packages/ros2_interfaces_tutorial/ros2_interfaces_tutorial_s__rosidl_typesupport_introspection_c.cpython-310-x86_64-linux-gnu.so
-- Up-to-date symlink: /home/jewoo/ros2_ws/src/install/ros2_interfaces_tutorial/local/lib/python3.10/dist-packages/ros2_interfaces_tutorial/ros2_interfaces_tutorial_s__rosidl_typesupport_c.cpython-310-x86_64-linux-gnu.so
-- Symlinking: /home/jewoo/ros2_ws/src/install/ros2_interfaces_tutorial/share/ros2_interfaces_tutorial/msg/Sphere.idl
-- Symlinking: /home/jewoo/ros2_ws/src/install/ros2_interfaces_tutorial/share/ros2_interfaces_tutorial/msg/Spheres.idl
-- Symlinking: /home/jewoo/ros2_ws/src/install/ros2_interfaces_tutorial/share/ros2_interfaces_tutorial/srv/AddThreeInts.idl
-- Symlinking: /home/jewoo/ros2_ws/src/install/ros2_interfaces_tutorial/share/ros2_interfaces_tutorial/msg/Sphere.msg
-- Symlinking: /home/jewoo/ros2_ws/src/install/ros2_interfaces_tutorial/share/ros2_interfaces_tutorial/msg/Spheres.msg
-- Symlinking: /home/jewoo/ros2_ws/src/install/ros2_interfaces_tutorial/share/ros2_interfaces_tutorial/srv/AddThreeInts.srv
-- Symlinking: /home/jewoo/ros2_ws/src/install/ros2_interfaces_tutorial/share/ros2_interfaces_tutorial/srv/AddThreeInts_Request.msg
-- Symlinking: /home/jewoo/ros2_ws/src/install/ros2_interfaces_tutorial/share/ros2_interfaces_tutorial/srv/AddThreeInts_Response.msg
-- Symlinking: /home/jewoo/ros2_ws/src/install/ros2_interfaces_tutorial/share/ament_index/resource_index/package_run_dependencies/ros2_interfaces_tutorial
-- Symlinking: /home/jewoo/ros2_ws/src/install/ros2_interfaces_tutorial/share/ament_index/resource_index/parent_prefix_path/ros2_interfaces_tutorial
-- Symlinking: /home/jewoo/ros2_ws/src/install/ros2_interfaces_tutorial/share/ros2_interfaces_tutorial/environment/ament_prefix_path.sh
-- Symlinking: /home/jewoo/ros2_ws/src/install/ros2_interfaces_tutorial/share/ros2_interfaces_tutorial/environment/ament_prefix_path.dsv
-- Symlinking: /home/jewoo/ros2_ws/src/install/ros2_interfaces_tutorial/share/ros2_interfaces_tutorial/environment/path.sh
-- Symlinking: /home/jewoo/ros2_ws/src/install/ros2_interfaces_tutorial/share/ros2_interfaces_tutorial/environment/path.dsv
-- Symlinking: /home/jewoo/ros2_ws/src/install/ros2_interfaces_tutorial/share/ros2_interfaces_tutorial/local_setup.bash
-- Symlinking: /home/jewoo/ros2_ws/src/install/ros2_interfaces_tutorial/share/ros2_interfaces_tutorial/local_setup.sh
-- Symlinking: /home/jewoo/ros2_ws/src/install/ros2_interfaces_tutorial/share/ros2_interfaces_tutorial/local_setup.zsh
-- Symlinking: /home/jewoo/ros2_ws/src/install/ros2_interfaces_tutorial/share/ros2_interfaces_tutorial/local_setup.dsv
-- Symlinking: /home/jewoo/ros2_ws/src/install/ros2_interfaces_tutorial/share/ros2_interfaces_tutorial/package.dsv
-- Symlinking: /home/jewoo/ros2_ws/src/install/ros2_interfaces_tutorial/share/ament_index/resource_index/packages/ros2_interfaces_tutorial
-- Symlinking: /home/jewoo/ros2_ws/src/install/ros2_interfaces_tutorial/share/ros2_interfaces_tutorial/cmake/rosidl_cmake-extras.cmake
-- Symlinking: /home/jewoo/ros2_ws/src/install/ros2_interfaces_tutorial/share/ros2_interfaces_tutorial/cmake/ament_cmake_export_dependencies-extras.cmake
-- Symlinking: /home/jewoo/ros2_ws/src/install/ros2_interfaces_tutorial/share/ros2_interfaces_tutorial/cmake/ament_cmake_export_include_directories-extras.cmake
-- Symlinking: /home/jewoo/ros2_ws/src/install/ros2_interfaces_tutorial/share/ros2_interfaces_tutorial/cmake/ament_cmake_export_libraries-extras.cmake
-- Symlinking: /home/jewoo/ros2_ws/src/install/ros2_interfaces_tutorial/share/ros2_interfaces_tutorial/cmake/ament_cmake_export_targets-extras.cmake
-- Symlinking: /home/jewoo/ros2_ws/src/install/ros2_interfaces_tutorial/share/ros2_interfaces_tutorial/cmake/rosidl_cmake_export_typesupport_targets-extras.cmake
-- Symlinking: /home/jewoo/ros2_ws/src/install/ros2_interfaces_tutorial/share/ros2_interfaces_tutorial/cmake/rosidl_cmake_export_typesupport_libraries-extras.cmake
-- Symlinking: /home/jewoo/ros2_ws/src/install/ros2_interfaces_tutorial/share/ros2_interfaces_tutorial/cmake/ros2_interfaces_tutorialConfig.cmake
-- Symlinking: /home/jewoo/ros2_ws/src/install/ros2_interfaces_tutorial/share/ros2_interfaces_tutorial/cmake/ros2_interfaces_tutorialConfig-version.cmake
-- Symlinking: /home/jewoo/ros2_ws/src/install/ros2_interfaces_tutorial/share/ros2_interfaces_tutorial/package.xml
-- Installing: /home/jewoo/ros2_ws/src/install/ros2_interfaces_tutorial/lib/libros2_interfaces_tutorial__rosidl_generator_c.so
-- Set runtime path of "/home/jewoo/ros2_ws/src/install/ros2_interfaces_tutorial/lib/libros2_interfaces_tutorial__rosidl_generator_c.so" to ""
-- Installing: /home/jewoo/ros2_ws/src/install/ros2_interfaces_tutorial/lib/libros2_interfaces_tutorial__rosidl_typesupport_fastrtps_c.so
-- Set runtime path of "/home/jewoo/ros2_ws/src/install/ros2_interfaces_tutorial/lib/libros2_interfaces_tutorial__rosidl_typesupport_fastrtps_c.so" to ""
-- Installing: /home/jewoo/ros2_ws/src/install/ros2_interfaces_tutorial/lib/libros2_interfaces_tutorial__rosidl_typesupport_fastrtps_cpp.so
-- Set runtime path of "/home/jewoo/ros2_ws/src/install/ros2_interfaces_tutorial/lib/libros2_interfaces_tutorial__rosidl_typesupport_fastrtps_cpp.so" to ""
-- Installing: /home/jewoo/ros2_ws/src/install/ros2_interfaces_tutorial/lib/libros2_interfaces_tutorial__rosidl_typesupport_introspection_c.so
-- Set runtime path of "/home/jewoo/ros2_ws/src/install/ros2_interfaces_tutorial/lib/libros2_interfaces_tutorial__rosidl_typesupport_introspection_c.so" to ""
-- Installing: /home/jewoo/ros2_ws/src/install/ros2_interfaces_tutorial/lib/libros2_interfaces_tutorial__rosidl_typesupport_c.so
-- Set runtime path of "/home/jewoo/ros2_ws/src/install/ros2_interfaces_tutorial/lib/libros2_interfaces_tutorial__rosidl_typesupport_c.so" to ""
-- Installing: /home/jewoo/ros2_ws/src/install/ros2_interfaces_tutorial/lib/libros2_interfaces_tutorial__rosidl_typesupport_introspection_cpp.so
-- Set runtime path of "/home/jewoo/ros2_ws/src/install/ros2_interfaces_tutorial/lib/libros2_interfaces_tutorial__rosidl_typesupport_introspection_cpp.so" to ""
-- Installing: /home/jewoo/ros2_ws/src/install/ros2_interfaces_tutorial/lib/libros2_interfaces_tutorial__rosidl_typesupport_cpp.so
-- Set runtime path of "/home/jewoo/ros2_ws/src/install/ros2_interfaces_tutorial/lib/libros2_interfaces_tutorial__rosidl_typesupport_cpp.so" to ""
Listing '/home/jewoo/ros2_ws/src/install/ros2_interfaces_tutorial/local/lib/python3.10/dist-packages/ros2_interfaces_tutorial'...
Compiling '/home/jewoo/ros2_ws/src/install/ros2_interfaces_tutorial/local/lib/python3.10/dist-packages/ros2_interfaces_tutorial/__init__.py'...
Listing '/home/jewoo/ros2_ws/src/install/ros2_interfaces_tutorial/local/lib/python3.10/dist-packages/ros2_interfaces_tutorial/msg'...
Compiling '/home/jewoo/ros2_ws/src/install/ros2_interfaces_tutorial/local/lib/python3.10/dist-packages/ros2_interfaces_tutorial/msg/__init__.py'...
Compiling '/home/jewoo/ros2_ws/src/install/ros2_interfaces_tutorial/local/lib/python3.10/dist-packages/ros2_interfaces_tutorial/msg/_sphere.py'...
Compiling '/home/jewoo/ros2_ws/src/install/ros2_interfaces_tutorial/local/lib/python3.10/dist-packages/ros2_interfaces_tutorial/msg/_spheres.py'...
Listing '/home/jewoo/ros2_ws/src/install/ros2_interfaces_tutorial/local/lib/python3.10/dist-packages/ros2_interfaces_tutorial/srv'...
Compiling '/home/jewoo/ros2_ws/src/install/ros2_interfaces_tutorial/local/lib/python3.10/dist-packages/ros2_interfaces_tutorial/srv/__init__.py'...
Compiling '/home/jewoo/ros2_ws/src/install/ros2_interfaces_tutorial/local/lib/python3.10/dist-packages/ros2_interfaces_tutorial/srv/_add_three_ints.py'...
-- Installing: /home/jewoo/ros2_ws/src/install/ros2_interfaces_tutorial/lib/libros2_interfaces_tutorial__rosidl_generator_py.so
-- Set runtime path of "/home/jewoo/ros2_ws/src/install/ros2_interfaces_tutorial/lib/libros2_interfaces_tutorial__rosidl_generator_py.so" to ""
-- Installing: /home/jewoo/ros2_ws/src/install/ros2_interfaces_tutorial/share/ros2_interfaces_tutorial/cmake/export_ros2_interfaces_tutorial__rosidl_generator_cExport.cmake
-- Installing: /home/jewoo/ros2_ws/src/install/ros2_interfaces_tutorial/share/ros2_interfaces_tutorial/cmake/export_ros2_interfaces_tutorial__rosidl_generator_cExport-noconfig.cmake
-- Installing: /home/jewoo/ros2_ws/src/install/ros2_interfaces_tutorial/share/ros2_interfaces_tutorial/cmake/export_ros2_interfaces_tutorial__rosidl_typesupport_fastrtps_cExport.cmake
-- Installing: /home/jewoo/ros2_ws/src/install/ros2_interfaces_tutorial/share/ros2_interfaces_tutorial/cmake/export_ros2_interfaces_tutorial__rosidl_typesupport_fastrtps_cExport-noconfig.cmake
-- Installing: /home/jewoo/ros2_ws/src/install/ros2_interfaces_tutorial/share/ros2_interfaces_tutorial/cmake/export_ros2_interfaces_tutorial__rosidl_generator_cppExport.cmake
-- Installing: /home/jewoo/ros2_ws/src/install/ros2_interfaces_tutorial/share/ros2_interfaces_tutorial/cmake/export_ros2_interfaces_tutorial__rosidl_typesupport_fastrtps_cppExport.cmake
-- Installing: /home/jewoo/ros2_ws/src/install/ros2_interfaces_tutorial/share/ros2_interfaces_tutorial/cmake/export_ros2_interfaces_tutorial__rosidl_typesupport_fastrtps_cppExport-noconfig.cmake
-- Installing: /home/jewoo/ros2_ws/src/install/ros2_interfaces_tutorial/share/ros2_interfaces_tutorial/cmake/ros2_interfaces_tutorial__rosidl_typesupport_introspection_cExport.cmake
-- Installing: /home/jewoo/ros2_ws/src/install/ros2_interfaces_tutorial/share/ros2_interfaces_tutorial/cmake/ros2_interfaces_tutorial__rosidl_typesupport_introspection_cExport-noconfig.cmake
-- Installing: /home/jewoo/ros2_ws/src/install/ros2_interfaces_tutorial/share/ros2_interfaces_tutorial/cmake/ros2_interfaces_tutorial__rosidl_typesupport_cExport.cmake
-- Installing: /home/jewoo/ros2_ws/src/install/ros2_interfaces_tutorial/share/ros2_interfaces_tutorial/cmake/ros2_interfaces_tutorial__rosidl_typesupport_cExport-noconfig.cmake
-- Installing: /home/jewoo/ros2_ws/src/install/ros2_interfaces_tutorial/share/ros2_interfaces_tutorial/cmake/ros2_interfaces_tutorial__rosidl_typesupport_introspection_cppExport.cmake
-- Installing: /home/jewoo/ros2_ws/src/install/ros2_interfaces_tutorial/share/ros2_interfaces_tutorial/cmake/ros2_interfaces_tutorial__rosidl_typesupport_introspection_cppExport-noconfig.cmake
-- Installing: /home/jewoo/ros2_ws/src/install/ros2_interfaces_tutorial/share/ros2_interfaces_tutorial/cmake/ros2_interfaces_tutorial__rosidl_typesupport_cppExport.cmake
-- Installing: /home/jewoo/ros2_ws/src/install/ros2_interfaces_tutorial/share/ros2_interfaces_tutorial/cmake/ros2_interfaces_tutorial__rosidl_typesupport_cppExport-noconfig.cmake
-- Installing: /home/jewoo/ros2_ws/src/install/ros2_interfaces_tutorial/share/ros2_interfaces_tutorial/cmake/export_ros2_interfaces_tutorial__rosidl_generator_pyExport.cmake
-- Installing: /home/jewoo/ros2_ws/src/install/ros2_interfaces_tutorial/share/ros2_interfaces_tutorial/cmake/export_ros2_interfaces_tutorial__rosidl_generator_pyExport-noconfig.cmake
