[0.186s] DEBUG:colcon:Command line arguments: ['/usr/bin/colcon', 'build', '--symlink-install']
[0.186s] DEBUG:colcon:Parsed command line arguments: Namespace(log_base=None, log_level=None, verb_name='build', build_base='build', install_base='install', merge_install=False, symlink_install=True, test_result_base=None, continue_on_error=False, executor='parallel', parallel_workers=12, event_handlers=None, ignore_user_meta=False, metas=['./colcon.meta'], base_paths=['.'], packages_ignore=None, packages_ignore_regex=None, paths=None, packages_up_to=None, packages_up_to_regex=None, packages_above=None, packages_above_and_dependencies=None, packages_above_depth=None, packages_select_by_dep=None, packages_skip_by_dep=None, packages_skip_up_to=None, packages_select_build_failed=False, packages_skip_build_finished=False, packages_select_test_failures=False, packages_skip_test_passed=False, packages_select=None, packages_skip=None, packages_select_regex=None, packages_skip_regex=None, packages_start=None, packages_end=None, allow_overriding=[], cmake_args=None, cmake_target=None, cmake_target_skip_unavailable=False, cmake_clean_cache=False, cmake_clean_first=False, cmake_force_configure=False, ament_cmake_args=None, catkin_cmake_args=None, catkin_skip_building_tests=False, verb_parser=<colcon_defaults.argument_parser.defaults.DefaultArgumentsDecorator object at 0x71950b7e5060>, verb_extension=<colcon_core.verb.build.BuildVerb object at 0x71950b7e4220>, main=<bound method BuildVerb.main of <colcon_core.verb.build.BuildVerb object at 0x71950b7e4220>>)
[0.491s] Level 1:colcon.colcon_core.package_discovery:discover_packages(colcon_meta) check parameters
[0.492s] Level 1:colcon.colcon_core.package_discovery:discover_packages(recursive) check parameters
[0.492s] Level 1:colcon.colcon_core.package_discovery:discover_packages(ignore) check parameters
[0.492s] Level 1:colcon.colcon_core.package_discovery:discover_packages(path) check parameters
[0.492s] Level 1:colcon.colcon_core.package_discovery:discover_packages(colcon_meta) discover
[0.492s] Level 1:colcon.colcon_core.package_discovery:discover_packages(recursive) discover
[0.492s] INFO:colcon.colcon_core.package_discovery:Crawling recursively for packages in '/home/jewoo/ros2_ws'
[0.492s] Level 1:colcon.colcon_core.package_identification:_identify(.) by extensions ['ignore', 'ignore_ament_install']
[0.492s] Level 1:colcon.colcon_core.package_identification:_identify(.) by extension 'ignore'
[0.492s] Level 1:colcon.colcon_core.package_identification:_identify(.) by extension 'ignore_ament_install'
[0.493s] Level 1:colcon.colcon_core.package_identification:_identify(.) by extensions ['colcon_pkg']
[0.493s] Level 1:colcon.colcon_core.package_identification:_identify(.) by extension 'colcon_pkg'
[0.493s] Level 1:colcon.colcon_core.package_identification:_identify(.) by extensions ['colcon_meta']
[0.493s] Level 1:colcon.colcon_core.package_identification:_identify(.) by extension 'colcon_meta'
[0.493s] Level 1:colcon.colcon_core.package_identification:_identify(.) by extensions ['ros']
[0.493s] Level 1:colcon.colcon_core.package_identification:_identify(.) by extension 'ros'
[0.534s] Level 1:colcon.colcon_core.package_identification:_identify(.) by extensions ['cmake', 'python']
[0.534s] Level 1:colcon.colcon_core.package_identification:_identify(.) by extension 'cmake'
[0.534s] Level 1:colcon.colcon_core.package_identification:_identify(.) by extension 'python'
[0.534s] Level 1:colcon.colcon_core.package_identification:_identify(.) by extensions ['python_setup_py']
[0.534s] Level 1:colcon.colcon_core.package_identification:_identify(.) by extension 'python_setup_py'
[0.534s] Level 1:colcon.colcon_core.package_identification:_identify(build) by extensions ['ignore', 'ignore_ament_install']
[0.535s] Level 1:colcon.colcon_core.package_identification:_identify(build) by extension 'ignore'
[0.535s] Level 1:colcon.colcon_core.package_identification:_identify(build) ignored
[0.535s] Level 1:colcon.colcon_core.package_identification:_identify(install) by extensions ['ignore', 'ignore_ament_install']
[0.535s] Level 1:colcon.colcon_core.package_identification:_identify(install) by extension 'ignore'
[0.535s] Level 1:colcon.colcon_core.package_identification:_identify(install) ignored
[0.535s] Level 1:colcon.colcon_core.package_identification:_identify(log) by extensions ['ignore', 'ignore_ament_install']
[0.535s] Level 1:colcon.colcon_core.package_identification:_identify(log) by extension 'ignore'
[0.536s] Level 1:colcon.colcon_core.package_identification:_identify(log) ignored
[0.536s] Level 1:colcon.colcon_core.package_identification:_identify(src) by extensions ['ignore', 'ignore_ament_install']
[0.536s] Level 1:colcon.colcon_core.package_identification:_identify(src) by extension 'ignore'
[0.536s] Level 1:colcon.colcon_core.package_identification:_identify(src) by extension 'ignore_ament_install'
[0.536s] Level 1:colcon.colcon_core.package_identification:_identify(src) by extensions ['colcon_pkg']
[0.536s] Level 1:colcon.colcon_core.package_identification:_identify(src) by extension 'colcon_pkg'
[0.536s] Level 1:colcon.colcon_core.package_identification:_identify(src) by extensions ['colcon_meta']
[0.536s] Level 1:colcon.colcon_core.package_identification:_identify(src) by extension 'colcon_meta'
[0.536s] Level 1:colcon.colcon_core.package_identification:_identify(src) by extensions ['ros']
[0.536s] Level 1:colcon.colcon_core.package_identification:_identify(src) by extension 'ros'
[0.536s] Level 1:colcon.colcon_core.package_identification:_identify(src) by extensions ['cmake', 'python']
[0.537s] Level 1:colcon.colcon_core.package_identification:_identify(src) by extension 'cmake'
[0.537s] Level 1:colcon.colcon_core.package_identification:_identify(src) by extension 'python'
[0.537s] Level 1:colcon.colcon_core.package_identification:_identify(src) by extensions ['python_setup_py']
[0.537s] Level 1:colcon.colcon_core.package_identification:_identify(src) by extension 'python_setup_py'
[0.537s] Level 1:colcon.colcon_core.package_identification:_identify(src/build) by extensions ['ignore', 'ignore_ament_install']
[0.537s] Level 1:colcon.colcon_core.package_identification:_identify(src/build) by extension 'ignore'
[0.537s] Level 1:colcon.colcon_core.package_identification:_identify(src/build) ignored
[0.537s] Level 1:colcon.colcon_core.package_identification:_identify(src/install) by extensions ['ignore', 'ignore_ament_install']
[0.538s] Level 1:colcon.colcon_core.package_identification:_identify(src/install) by extension 'ignore'
[0.538s] Level 1:colcon.colcon_core.package_identification:_identify(src/install) ignored
[0.538s] Level 1:colcon.colcon_core.package_identification:_identify(src/log) by extensions ['ignore', 'ignore_ament_install']
[0.538s] Level 1:colcon.colcon_core.package_identification:_identify(src/log) by extension 'ignore'
[0.538s] Level 1:colcon.colcon_core.package_identification:_identify(src/log) ignored
[0.538s] Level 1:colcon.colcon_core.package_identification:_identify(src/ros2_cpp_tutorial) by extensions ['ignore', 'ignore_ament_install']
[0.538s] Level 1:colcon.colcon_core.package_identification:_identify(src/ros2_cpp_tutorial) by extension 'ignore'
[0.538s] Level 1:colcon.colcon_core.package_identification:_identify(src/ros2_cpp_tutorial) by extension 'ignore_ament_install'
[0.539s] Level 1:colcon.colcon_core.package_identification:_identify(src/ros2_cpp_tutorial) by extensions ['colcon_pkg']
[0.539s] Level 1:colcon.colcon_core.package_identification:_identify(src/ros2_cpp_tutorial) by extension 'colcon_pkg'
[0.539s] Level 1:colcon.colcon_core.package_identification:_identify(src/ros2_cpp_tutorial) by extensions ['colcon_meta']
[0.539s] Level 1:colcon.colcon_core.package_identification:_identify(src/ros2_cpp_tutorial) by extension 'colcon_meta'
[0.539s] Level 1:colcon.colcon_core.package_identification:_identify(src/ros2_cpp_tutorial) by extensions ['ros']
[0.539s] Level 1:colcon.colcon_core.package_identification:_identify(src/ros2_cpp_tutorial) by extension 'ros'
[0.544s] DEBUG:colcon.colcon_core.package_identification:Package 'src/ros2_cpp_tutorial' with type 'ros.ament_cmake' and name 'ros2_cpp_tutorial'
[0.544s] Level 1:colcon.colcon_core.package_identification:_identify(src/ros2_interfaces_tutorial) by extensions ['ignore', 'ignore_ament_install']
[0.544s] Level 1:colcon.colcon_core.package_identification:_identify(src/ros2_interfaces_tutorial) by extension 'ignore'
[0.544s] Level 1:colcon.colcon_core.package_identification:_identify(src/ros2_interfaces_tutorial) by extension 'ignore_ament_install'
[0.544s] Level 1:colcon.colcon_core.package_identification:_identify(src/ros2_interfaces_tutorial) by extensions ['colcon_pkg']
[0.544s] Level 1:colcon.colcon_core.package_identification:_identify(src/ros2_interfaces_tutorial) by extension 'colcon_pkg'
[0.545s] Level 1:colcon.colcon_core.package_identification:_identify(src/ros2_interfaces_tutorial) by extensions ['colcon_meta']
[0.545s] Level 1:colcon.colcon_core.package_identification:_identify(src/ros2_interfaces_tutorial) by extension 'colcon_meta'
[0.545s] Level 1:colcon.colcon_core.package_identification:_identify(src/ros2_interfaces_tutorial) by extensions ['ros']
[0.545s] Level 1:colcon.colcon_core.package_identification:_identify(src/ros2_interfaces_tutorial) by extension 'ros'
[0.546s] DEBUG:colcon.colcon_core.package_identification:Package 'src/ros2_interfaces_tutorial' with type 'ros.ament_cmake' and name 'ros2_interfaces_tutorial'
[0.546s] Level 1:colcon.colcon_core.package_identification:_identify(src/ros2_python_tutorial) by extensions ['ignore', 'ignore_ament_install']
[0.546s] Level 1:colcon.colcon_core.package_identification:_identify(src/ros2_python_tutorial) by extension 'ignore'
[0.547s] Level 1:colcon.colcon_core.package_identification:_identify(src/ros2_python_tutorial) by extension 'ignore_ament_install'
[0.547s] Level 1:colcon.colcon_core.package_identification:_identify(src/ros2_python_tutorial) by extensions ['colcon_pkg']
[0.547s] Level 1:colcon.colcon_core.package_identification:_identify(src/ros2_python_tutorial) by extension 'colcon_pkg'
[0.547s] Level 1:colcon.colcon_core.package_identification:_identify(src/ros2_python_tutorial) by extensions ['colcon_meta']
[0.547s] Level 1:colcon.colcon_core.package_identification:_identify(src/ros2_python_tutorial) by extension 'colcon_meta'
[0.547s] Level 1:colcon.colcon_core.package_identification:_identify(src/ros2_python_tutorial) by extensions ['ros']
[0.547s] Level 1:colcon.colcon_core.package_identification:_identify(src/ros2_python_tutorial) by extension 'ros'
[0.548s] DEBUG:colcon.colcon_core.package_identification:Package 'src/ros2_python_tutorial' with type 'ros.ament_python' and name 'ros2_python_tutorial'
[0.548s] Level 1:colcon.colcon_core.package_discovery:discover_packages(recursive) using defaults
[0.549s] Level 1:colcon.colcon_core.package_discovery:discover_packages(ignore) discover
[0.549s] Level 1:colcon.colcon_core.package_discovery:discover_packages(ignore) using defaults
[0.549s] Level 1:colcon.colcon_core.package_discovery:discover_packages(path) discover
[0.549s] Level 1:colcon.colcon_core.package_discovery:discover_packages(path) using defaults
[0.581s] Level 1:colcon.colcon_core.package_discovery:discover_packages(prefix_path) check parameters
[0.581s] Level 1:colcon.colcon_core.package_discovery:discover_packages(prefix_path) discover
[0.585s] DEBUG:colcon.colcon_installed_package_information.package_discovery:Found 3 installed packages in /home/jewoo/ros2_ws/install
[0.590s] DEBUG:colcon.colcon_installed_package_information.package_discovery:Found 376 installed packages in /opt/ros/humble
[0.610s] Level 1:colcon.colcon_core.package_discovery:discover_packages(prefix_path) using defaults
[0.697s] Level 5:colcon.colcon_core.verb:set package 'ros2_interfaces_tutorial' build argument 'cmake_args' from command line to 'None'
[0.697s] Level 5:colcon.colcon_core.verb:set package 'ros2_interfaces_tutorial' build argument 'cmake_target' from command line to 'None'
[0.697s] Level 5:colcon.colcon_core.verb:set package 'ros2_interfaces_tutorial' build argument 'cmake_target_skip_unavailable' from command line to 'False'
[0.697s] Level 5:colcon.colcon_core.verb:set package 'ros2_interfaces_tutorial' build argument 'cmake_clean_cache' from command line to 'False'
[0.697s] Level 5:colcon.colcon_core.verb:set package 'ros2_interfaces_tutorial' build argument 'cmake_clean_first' from command line to 'False'
[0.697s] Level 5:colcon.colcon_core.verb:set package 'ros2_interfaces_tutorial' build argument 'cmake_force_configure' from command line to 'False'
[0.697s] Level 5:colcon.colcon_core.verb:set package 'ros2_interfaces_tutorial' build argument 'ament_cmake_args' from command line to 'None'
[0.697s] Level 5:colcon.colcon_core.verb:set package 'ros2_interfaces_tutorial' build argument 'catkin_cmake_args' from command line to 'None'
[0.697s] Level 5:colcon.colcon_core.verb:set package 'ros2_interfaces_tutorial' build argument 'catkin_skip_building_tests' from command line to 'False'
[0.698s] DEBUG:colcon.colcon_core.verb:Building package 'ros2_interfaces_tutorial' with the following arguments: {'ament_cmake_args': None, 'build_base': '/home/jewoo/ros2_ws/build/ros2_interfaces_tutorial', 'catkin_cmake_args': None, 'catkin_skip_building_tests': False, 'cmake_args': None, 'cmake_clean_cache': False, 'cmake_clean_first': False, 'cmake_force_configure': False, 'cmake_target': None, 'cmake_target_skip_unavailable': False, 'install_base': '/home/jewoo/ros2_ws/install/ros2_interfaces_tutorial', 'merge_install': False, 'path': '/home/jewoo/ros2_ws/src/ros2_interfaces_tutorial', 'symlink_install': True, 'test_result_base': None}
[0.698s] Level 5:colcon.colcon_core.verb:set package 'ros2_python_tutorial' build argument 'cmake_args' from command line to 'None'
[0.698s] Level 5:colcon.colcon_core.verb:set package 'ros2_python_tutorial' build argument 'cmake_target' from command line to 'None'
[0.698s] Level 5:colcon.colcon_core.verb:set package 'ros2_python_tutorial' build argument 'cmake_target_skip_unavailable' from command line to 'False'
[0.698s] Level 5:colcon.colcon_core.verb:set package 'ros2_python_tutorial' build argument 'cmake_clean_cache' from command line to 'False'
[0.698s] Level 5:colcon.colcon_core.verb:set package 'ros2_python_tutorial' build argument 'cmake_clean_first' from command line to 'False'
[0.698s] Level 5:colcon.colcon_core.verb:set package 'ros2_python_tutorial' build argument 'cmake_force_configure' from command line to 'False'
[0.698s] Level 5:colcon.colcon_core.verb:set package 'ros2_python_tutorial' build argument 'ament_cmake_args' from command line to 'None'
[0.698s] Level 5:colcon.colcon_core.verb:set package 'ros2_python_tutorial' build argument 'catkin_cmake_args' from command line to 'None'
[0.698s] Level 5:colcon.colcon_core.verb:set package 'ros2_python_tutorial' build argument 'catkin_skip_building_tests' from command line to 'False'
[0.699s] DEBUG:colcon.colcon_core.verb:Building package 'ros2_python_tutorial' with the following arguments: {'ament_cmake_args': None, 'build_base': '/home/jewoo/ros2_ws/build/ros2_python_tutorial', 'catkin_cmake_args': None, 'catkin_skip_building_tests': False, 'cmake_args': None, 'cmake_clean_cache': False, 'cmake_clean_first': False, 'cmake_force_configure': False, 'cmake_target': None, 'cmake_target_skip_unavailable': False, 'install_base': '/home/jewoo/ros2_ws/install/ros2_python_tutorial', 'merge_install': False, 'path': '/home/jewoo/ros2_ws/src/ros2_python_tutorial', 'symlink_install': True, 'test_result_base': None}
[0.699s] Level 5:colcon.colcon_core.verb:set package 'ros2_cpp_tutorial' build argument 'cmake_args' from command line to 'None'
[0.699s] Level 5:colcon.colcon_core.verb:set package 'ros2_cpp_tutorial' build argument 'cmake_target' from command line to 'None'
[0.699s] Level 5:colcon.colcon_core.verb:set package 'ros2_cpp_tutorial' build argument 'cmake_target_skip_unavailable' from command line to 'False'
[0.699s] Level 5:colcon.colcon_core.verb:set package 'ros2_cpp_tutorial' build argument 'cmake_clean_cache' from command line to 'False'
[0.699s] Level 5:colcon.colcon_core.verb:set package 'ros2_cpp_tutorial' build argument 'cmake_clean_first' from command line to 'False'
[0.699s] Level 5:colcon.colcon_core.verb:set package 'ros2_cpp_tutorial' build argument 'cmake_force_configure' from command line to 'False'
[0.699s] Level 5:colcon.colcon_core.verb:set package 'ros2_cpp_tutorial' build argument 'ament_cmake_args' from command line to 'None'
[0.699s] Level 5:colcon.colcon_core.verb:set package 'ros2_cpp_tutorial' build argument 'catkin_cmake_args' from command line to 'None'
[0.699s] Level 5:colcon.colcon_core.verb:set package 'ros2_cpp_tutorial' build argument 'catkin_skip_building_tests' from command line to 'False'
[0.700s] DEBUG:colcon.colcon_core.verb:Building package 'ros2_cpp_tutorial' with the following arguments: {'ament_cmake_args': None, 'build_base': '/home/jewoo/ros2_ws/build/ros2_cpp_tutorial', 'catkin_cmake_args': None, 'catkin_skip_building_tests': False, 'cmake_args': None, 'cmake_clean_cache': False, 'cmake_clean_first': False, 'cmake_force_configure': False, 'cmake_target': None, 'cmake_target_skip_unavailable': False, 'install_base': '/home/jewoo/ros2_ws/install/ros2_cpp_tutorial', 'merge_install': False, 'path': '/home/jewoo/ros2_ws/src/ros2_cpp_tutorial', 'symlink_install': True, 'test_result_base': None}
[0.700s] INFO:colcon.colcon_core.executor:Executing jobs using 'parallel' executor
[0.701s] DEBUG:colcon.colcon_parallel_executor.executor.parallel:run_until_complete
[0.702s] INFO:colcon.colcon_ros.task.ament_cmake.build:Building ROS package in '/home/jewoo/ros2_ws/src/ros2_interfaces_tutorial' with build type 'ament_cmake'
[0.702s] INFO:colcon.colcon_cmake.task.cmake.build:Building CMake package in '/home/jewoo/ros2_ws/src/ros2_interfaces_tutorial'
[0.706s] INFO:colcon.colcon_core.plugin_system:Skipping extension 'colcon_core.shell.bat': Not used on non-Windows systems
[0.706s] INFO:colcon.colcon_core.shell:Skip shell extension 'powershell' for command environment: Not usable outside of PowerShell
[0.707s] DEBUG:colcon.colcon_core.shell:Skip shell extension 'dsv' for command environment
[0.713s] INFO:colcon.colcon_ros.task.ament_python.build:Building ROS package in '/home/jewoo/ros2_ws/src/ros2_python_tutorial' with build type 'ament_python'
[0.714s] Level 1:colcon.colcon_core.shell:create_environment_hook('ros2_python_tutorial', 'ament_prefix_path')
[0.714s] INFO:colcon.colcon_core.shell:Creating environment hook '/home/jewoo/ros2_ws/install/ros2_python_tutorial/share/ros2_python_tutorial/hook/ament_prefix_path.ps1'
[0.715s] INFO:colcon.colcon_core.shell:Creating environment descriptor '/home/jewoo/ros2_ws/install/ros2_python_tutorial/share/ros2_python_tutorial/hook/ament_prefix_path.dsv'
[0.716s] INFO:colcon.colcon_core.shell:Creating environment hook '/home/jewoo/ros2_ws/install/ros2_python_tutorial/share/ros2_python_tutorial/hook/ament_prefix_path.sh'
[0.717s] INFO:colcon.colcon_core.shell:Skip shell extension 'powershell' for command environment: Not usable outside of PowerShell
[0.717s] DEBUG:colcon.colcon_core.shell:Skip shell extension 'dsv' for command environment
[0.732s] DEBUG:colcon.colcon_core.event_handler.log_command:Invoking command in '/home/jewoo/ros2_ws/build/ros2_interfaces_tutorial': CMAKE_PREFIX_PATH=${CMAKE_PREFIX_PATH}:/opt/ros/humble:/home/jewoo/ros2_ws/install/ros2_python_tutorial /usr/bin/cmake --build /home/jewoo/ros2_ws/build/ros2_interfaces_tutorial -- -j12 -l12
[1.312s] INFO:colcon.colcon_core.task.python.build:Building Python package in '/home/jewoo/ros2_ws/src/ros2_python_tutorial'
[1.312s] INFO:colcon.colcon_core.shell:Skip shell extension 'powershell' for command environment: Not usable outside of PowerShell
[1.313s] DEBUG:colcon.colcon_core.shell:Skip shell extension 'dsv' for command environment
[1.486s] DEBUG:colcon.colcon_core.event_handler.log_command:Invoked command in '/home/jewoo/ros2_ws/build/ros2_interfaces_tutorial' returned '0': CMAKE_PREFIX_PATH=${CMAKE_PREFIX_PATH}:/opt/ros/humble:/home/jewoo/ros2_ws/install/ros2_python_tutorial /usr/bin/cmake --build /home/jewoo/ros2_ws/build/ros2_interfaces_tutorial -- -j12 -l12
[1.650s] DEBUG:colcon.colcon_core.event_handler.log_command:Invoking command in '/home/jewoo/ros2_ws/build/ros2_interfaces_tutorial': CMAKE_PREFIX_PATH=${CMAKE_PREFIX_PATH}:/opt/ros/humble:/home/jewoo/ros2_ws/install/ros2_python_tutorial /usr/bin/cmake --install /home/jewoo/ros2_ws/build/ros2_interfaces_tutorial
[1.787s] Level 1:colcon.colcon_core.environment:create_environment_scripts_only(ros2_interfaces_tutorial)
[1.788s] DEBUG:colcon.colcon_core.event_handler.log_command:Invoked command in '/home/jewoo/ros2_ws/build/ros2_interfaces_tutorial' returned '0': CMAKE_PREFIX_PATH=${CMAKE_PREFIX_PATH}:/opt/ros/humble:/home/jewoo/ros2_ws/install/ros2_python_tutorial /usr/bin/cmake --install /home/jewoo/ros2_ws/build/ros2_interfaces_tutorial
[1.794s] Level 1:colcon.colcon_core.environment:checking '/home/jewoo/ros2_ws/install/ros2_interfaces_tutorial' for CMake module files
[1.796s] Level 1:colcon.colcon_core.environment:checking '/home/jewoo/ros2_ws/install/ros2_interfaces_tutorial' for CMake config files
[1.797s] Level 1:colcon.colcon_core.shell:create_environment_hook('ros2_interfaces_tutorial', 'cmake_prefix_path')
[1.798s] INFO:colcon.colcon_core.shell:Creating environment hook '/home/jewoo/ros2_ws/install/ros2_interfaces_tutorial/share/ros2_interfaces_tutorial/hook/cmake_prefix_path.ps1'
[1.799s] INFO:colcon.colcon_core.shell:Creating environment descriptor '/home/jewoo/ros2_ws/install/ros2_interfaces_tutorial/share/ros2_interfaces_tutorial/hook/cmake_prefix_path.dsv'
[1.800s] INFO:colcon.colcon_core.shell:Creating environment hook '/home/jewoo/ros2_ws/install/ros2_interfaces_tutorial/share/ros2_interfaces_tutorial/hook/cmake_prefix_path.sh'
[1.801s] Level 1:colcon.colcon_core.environment:checking '/home/jewoo/ros2_ws/install/ros2_interfaces_tutorial/lib'
[1.802s] Level 1:colcon.colcon_core.shell:create_environment_hook('ros2_interfaces_tutorial', 'ld_library_path_lib')
[1.802s] INFO:colcon.colcon_core.shell:Creating environment hook '/home/jewoo/ros2_ws/install/ros2_interfaces_tutorial/share/ros2_interfaces_tutorial/hook/ld_library_path_lib.ps1'
[1.804s] INFO:colcon.colcon_core.shell:Creating environment descriptor '/home/jewoo/ros2_ws/install/ros2_interfaces_tutorial/share/ros2_interfaces_tutorial/hook/ld_library_path_lib.dsv'
[1.804s] INFO:colcon.colcon_core.shell:Creating environment hook '/home/jewoo/ros2_ws/install/ros2_interfaces_tutorial/share/ros2_interfaces_tutorial/hook/ld_library_path_lib.sh'
[1.805s] Level 1:colcon.colcon_core.environment:checking '/home/jewoo/ros2_ws/install/ros2_interfaces_tutorial/bin'
[1.806s] Level 1:colcon.colcon_core.environment:checking '/home/jewoo/ros2_ws/install/ros2_interfaces_tutorial/lib/pkgconfig/ros2_interfaces_tutorial.pc'
[1.806s] Level 1:colcon.colcon_core.environment:checking '/home/jewoo/ros2_ws/install/ros2_interfaces_tutorial/lib/python3.10/site-packages'
[1.807s] Level 1:colcon.colcon_core.environment:checking '/home/jewoo/ros2_ws/install/ros2_interfaces_tutorial/bin'
[1.808s] INFO:colcon.colcon_core.shell:Creating package script '/home/jewoo/ros2_ws/install/ros2_interfaces_tutorial/share/ros2_interfaces_tutorial/package.ps1'
[1.810s] INFO:colcon.colcon_core.shell:Creating package descriptor '/home/jewoo/ros2_ws/install/ros2_interfaces_tutorial/share/ros2_interfaces_tutorial/package.dsv'
[1.812s] INFO:colcon.colcon_core.shell:Creating package script '/home/jewoo/ros2_ws/install/ros2_interfaces_tutorial/share/ros2_interfaces_tutorial/package.sh'
[1.814s] INFO:colcon.colcon_core.shell:Creating package script '/home/jewoo/ros2_ws/install/ros2_interfaces_tutorial/share/ros2_interfaces_tutorial/package.bash'
[1.816s] INFO:colcon.colcon_core.shell:Creating package script '/home/jewoo/ros2_ws/install/ros2_interfaces_tutorial/share/ros2_interfaces_tutorial/package.zsh'
[1.818s] Level 1:colcon.colcon_core.environment:create_file_with_runtime_dependencies(/home/jewoo/ros2_ws/install/ros2_interfaces_tutorial/share/colcon-core/packages/ros2_interfaces_tutorial)
[1.961s] Level 1:colcon.colcon_core.environment:create_environment_scripts_only(ros2_interfaces_tutorial)
[1.961s] Level 1:colcon.colcon_core.environment:checking '/home/jewoo/ros2_ws/install/ros2_interfaces_tutorial' for CMake module files
[1.962s] Level 1:colcon.colcon_core.environment:checking '/home/jewoo/ros2_ws/install/ros2_interfaces_tutorial' for CMake config files
[1.963s] Level 1:colcon.colcon_core.shell:create_environment_hook('ros2_interfaces_tutorial', 'cmake_prefix_path')
[1.963s] INFO:colcon.colcon_core.shell:Creating environment hook '/home/jewoo/ros2_ws/install/ros2_interfaces_tutorial/share/ros2_interfaces_tutorial/hook/cmake_prefix_path.ps1'
[1.964s] INFO:colcon.colcon_core.shell:Creating environment descriptor '/home/jewoo/ros2_ws/install/ros2_interfaces_tutorial/share/ros2_interfaces_tutorial/hook/cmake_prefix_path.dsv'
[1.964s] INFO:colcon.colcon_core.shell:Creating environment hook '/home/jewoo/ros2_ws/install/ros2_interfaces_tutorial/share/ros2_interfaces_tutorial/hook/cmake_prefix_path.sh'
[1.965s] Level 1:colcon.colcon_core.environment:checking '/home/jewoo/ros2_ws/install/ros2_interfaces_tutorial/lib'
[1.965s] Level 1:colcon.colcon_core.shell:create_environment_hook('ros2_interfaces_tutorial', 'ld_library_path_lib')
[1.966s] INFO:colcon.colcon_core.shell:Creating environment hook '/home/jewoo/ros2_ws/install/ros2_interfaces_tutorial/share/ros2_interfaces_tutorial/hook/ld_library_path_lib.ps1'
[1.966s] INFO:colcon.colcon_core.shell:Creating environment descriptor '/home/jewoo/ros2_ws/install/ros2_interfaces_tutorial/share/ros2_interfaces_tutorial/hook/ld_library_path_lib.dsv'
[1.967s] INFO:colcon.colcon_core.shell:Creating environment hook '/home/jewoo/ros2_ws/install/ros2_interfaces_tutorial/share/ros2_interfaces_tutorial/hook/ld_library_path_lib.sh'
[1.967s] Level 1:colcon.colcon_core.environment:checking '/home/jewoo/ros2_ws/install/ros2_interfaces_tutorial/bin'
[1.967s] Level 1:colcon.colcon_core.environment:checking '/home/jewoo/ros2_ws/install/ros2_interfaces_tutorial/lib/pkgconfig/ros2_interfaces_tutorial.pc'
[1.968s] Level 1:colcon.colcon_core.environment:checking '/home/jewoo/ros2_ws/install/ros2_interfaces_tutorial/lib/python3.10/site-packages'
[1.968s] Level 1:colcon.colcon_core.environment:checking '/home/jewoo/ros2_ws/install/ros2_interfaces_tutorial/bin'
[1.968s] INFO:colcon.colcon_core.shell:Creating package script '/home/jewoo/ros2_ws/install/ros2_interfaces_tutorial/share/ros2_interfaces_tutorial/package.ps1'
[1.969s] INFO:colcon.colcon_core.shell:Creating package descriptor '/home/jewoo/ros2_ws/install/ros2_interfaces_tutorial/share/ros2_interfaces_tutorial/package.dsv'
[1.970s] INFO:colcon.colcon_core.shell:Creating package script '/home/jewoo/ros2_ws/install/ros2_interfaces_tutorial/share/ros2_interfaces_tutorial/package.sh'
[1.971s] INFO:colcon.colcon_core.shell:Creating package script '/home/jewoo/ros2_ws/install/ros2_interfaces_tutorial/share/ros2_interfaces_tutorial/package.bash'
[1.971s] INFO:colcon.colcon_core.shell:Creating package script '/home/jewoo/ros2_ws/install/ros2_interfaces_tutorial/share/ros2_interfaces_tutorial/package.zsh'
[1.972s] Level 1:colcon.colcon_core.environment:create_file_with_runtime_dependencies(/home/jewoo/ros2_ws/install/ros2_interfaces_tutorial/share/colcon-core/packages/ros2_interfaces_tutorial)
[1.973s] INFO:colcon.colcon_ros.task.ament_cmake.build:Building ROS package in '/home/jewoo/ros2_ws/src/ros2_cpp_tutorial' with build type 'ament_cmake'
[1.973s] INFO:colcon.colcon_cmake.task.cmake.build:Building CMake package in '/home/jewoo/ros2_ws/src/ros2_cpp_tutorial'
[1.973s] INFO:colcon.colcon_core.shell:Skip shell extension 'powershell' for command environment: Not usable outside of PowerShell
[1.973s] DEBUG:colcon.colcon_core.shell:Skip shell extension 'dsv' for command environment
[1.992s] DEBUG:colcon.colcon_core.event_handler.log_command:Invoking command in '/home/jewoo/ros2_ws/build/ros2_cpp_tutorial': CMAKE_PREFIX_PATH=/home/jewoo/ros2_ws/install/ros2_interfaces_tutorial:/home/jewoo/ros2_ws/install/ros2_cpp_tutorial:/opt/ros/humble:/home/jewoo/ros2_ws/install/ros2_python_tutorial LD_LIBRARY_PATH=/home/jewoo/ros2_ws/install/ros2_interfaces_tutorial/lib:/usr/lib/x86_64-linux-gnu:/usr/lib/x86_64-linux-gnu:/usr/lib/x86_64-linux-gnu:/usr/lib/x86_64-linux-gnu:/usr/lib/x86_64-linux-gnu:/usr/lib/x86_64-linux-gnu:/usr/lib/x86_64-linux-gnu:/usr/lib/x86_64-linux-gnu:/usr/lib/x86_64-linux-gnu:/usr/lib/x86_64-linux-gnu:/usr/lib/x86_64-linux-gnu:/usr/lib/x86_64-linux-gnu/gazebo-11/plugins:/opt/ros/humble/opt/rviz_ogre_vendor/lib:/opt/ros/humble/lib/x86_64-linux-gnu:/opt/ros/humble/lib:/usr/lib/x86_64-linux-gnu /usr/bin/cmake --build /home/jewoo/ros2_ws/build/ros2_cpp_tutorial -- -j12 -l12
[2.150s] DEBUG:colcon.colcon_core.event_handler.log_command:Invoking command in '/home/jewoo/ros2_ws/build/ros2_python_tutorial': PYTHONPATH=/home/jewoo/ros2_ws/build/ros2_python_tutorial/prefix_override:/usr/lib/python3/dist-packages/colcon_core/task/python/colcon_distutils_commands:/home/jewoo/ros2_ws/install/ros2_python_tutorial/lib/python3.10/site-packages:${PYTHONPATH} /usr/bin/python3 -W ignore:setup.py install is deprecated setup.py develop --editable --build-directory /home/jewoo/ros2_ws/build/ros2_python_tutorial/build --no-deps symlink_data
[3.147s] Level 1:colcon.colcon_core.shell:create_environment_hook('ros2_python_tutorial', 'pythonpath_develop')
[3.148s] INFO:colcon.colcon_core.shell:Creating environment hook '/home/jewoo/ros2_ws/build/ros2_python_tutorial/share/ros2_python_tutorial/hook/pythonpath_develop.ps1'
[3.149s] DEBUG:colcon.colcon_core.event_handler.log_command:Invoked command in '/home/jewoo/ros2_ws/build/ros2_python_tutorial' returned '0': PYTHONPATH=/home/jewoo/ros2_ws/build/ros2_python_tutorial/prefix_override:/usr/lib/python3/dist-packages/colcon_core/task/python/colcon_distutils_commands:/home/jewoo/ros2_ws/install/ros2_python_tutorial/lib/python3.10/site-packages:${PYTHONPATH} /usr/bin/python3 -W ignore:setup.py install is deprecated setup.py develop --editable --build-directory /home/jewoo/ros2_ws/build/ros2_python_tutorial/build --no-deps symlink_data
[3.149s] INFO:colcon.colcon_core.shell:Creating environment descriptor '/home/jewoo/ros2_ws/build/ros2_python_tutorial/share/ros2_python_tutorial/hook/pythonpath_develop.dsv'
[3.150s] INFO:colcon.colcon_core.shell:Creating environment hook '/home/jewoo/ros2_ws/build/ros2_python_tutorial/share/ros2_python_tutorial/hook/pythonpath_develop.sh'
[3.151s] Level 1:colcon.colcon_core.environment:checking '/home/jewoo/ros2_ws/install/ros2_python_tutorial' for CMake module files
[3.152s] Level 1:colcon.colcon_core.environment:checking '/home/jewoo/ros2_ws/install/ros2_python_tutorial' for CMake config files
[3.153s] Level 1:colcon.colcon_core.environment:checking '/home/jewoo/ros2_ws/install/ros2_python_tutorial/lib'
[3.153s] Level 1:colcon.colcon_core.environment:checking '/home/jewoo/ros2_ws/install/ros2_python_tutorial/bin'
[3.153s] Level 1:colcon.colcon_core.environment:checking '/home/jewoo/ros2_ws/install/ros2_python_tutorial/lib/pkgconfig/ros2_python_tutorial.pc'
[3.153s] Level 1:colcon.colcon_core.environment:checking '/home/jewoo/ros2_ws/install/ros2_python_tutorial/lib/python3.10/site-packages'
[3.153s] Level 1:colcon.colcon_core.shell:create_environment_hook('ros2_python_tutorial', 'pythonpath')
[3.154s] INFO:colcon.colcon_core.shell:Creating environment hook '/home/jewoo/ros2_ws/install/ros2_python_tutorial/share/ros2_python_tutorial/hook/pythonpath.ps1'
[3.154s] INFO:colcon.colcon_core.shell:Creating environment descriptor '/home/jewoo/ros2_ws/install/ros2_python_tutorial/share/ros2_python_tutorial/hook/pythonpath.dsv'
[3.155s] INFO:colcon.colcon_core.shell:Creating environment hook '/home/jewoo/ros2_ws/install/ros2_python_tutorial/share/ros2_python_tutorial/hook/pythonpath.sh'
[3.155s] Level 1:colcon.colcon_core.environment:checking '/home/jewoo/ros2_ws/install/ros2_python_tutorial/bin'
[3.156s] Level 1:colcon.colcon_core.environment:create_environment_scripts_only(ros2_python_tutorial)
[3.156s] INFO:colcon.colcon_core.shell:Creating package script '/home/jewoo/ros2_ws/install/ros2_python_tutorial/share/ros2_python_tutorial/package.ps1'
[3.157s] INFO:colcon.colcon_core.shell:Creating package descriptor '/home/jewoo/ros2_ws/install/ros2_python_tutorial/share/ros2_python_tutorial/package.dsv'
[3.158s] INFO:colcon.colcon_core.shell:Creating package script '/home/jewoo/ros2_ws/install/ros2_python_tutorial/share/ros2_python_tutorial/package.sh'
[3.158s] INFO:colcon.colcon_core.shell:Creating package script '/home/jewoo/ros2_ws/install/ros2_python_tutorial/share/ros2_python_tutorial/package.bash'
[3.159s] INFO:colcon.colcon_core.shell:Creating package script '/home/jewoo/ros2_ws/install/ros2_python_tutorial/share/ros2_python_tutorial/package.zsh'
[3.160s] Level 1:colcon.colcon_core.environment:create_file_with_runtime_dependencies(/home/jewoo/ros2_ws/install/ros2_python_tutorial/share/colcon-core/packages/ros2_python_tutorial)
[16.411s] DEBUG:colcon.colcon_core.event_handler.log_command:Invoked command in '/home/jewoo/ros2_ws/build/ros2_cpp_tutorial' returned '0': CMAKE_PREFIX_PATH=/home/jewoo/ros2_ws/install/ros2_interfaces_tutorial:/home/jewoo/ros2_ws/install/ros2_cpp_tutorial:/opt/ros/humble:/home/jewoo/ros2_ws/install/ros2_python_tutorial LD_LIBRARY_PATH=/home/jewoo/ros2_ws/install/ros2_interfaces_tutorial/lib:/usr/lib/x86_64-linux-gnu:/usr/lib/x86_64-linux-gnu:/usr/lib/x86_64-linux-gnu:/usr/lib/x86_64-linux-gnu:/usr/lib/x86_64-linux-gnu:/usr/lib/x86_64-linux-gnu:/usr/lib/x86_64-linux-gnu:/usr/lib/x86_64-linux-gnu:/usr/lib/x86_64-linux-gnu:/usr/lib/x86_64-linux-gnu:/usr/lib/x86_64-linux-gnu:/usr/lib/x86_64-linux-gnu/gazebo-11/plugins:/opt/ros/humble/opt/rviz_ogre_vendor/lib:/opt/ros/humble/lib/x86_64-linux-gnu:/opt/ros/humble/lib:/usr/lib/x86_64-linux-gnu /usr/bin/cmake --build /home/jewoo/ros2_ws/build/ros2_cpp_tutorial -- -j12 -l12
[16.514s] DEBUG:colcon.colcon_core.event_handler.log_command:Invoking command in '/home/jewoo/ros2_ws/build/ros2_cpp_tutorial': CMAKE_PREFIX_PATH=/home/jewoo/ros2_ws/install/ros2_interfaces_tutorial:/home/jewoo/ros2_ws/install/ros2_cpp_tutorial:/opt/ros/humble:/home/jewoo/ros2_ws/install/ros2_python_tutorial LD_LIBRARY_PATH=/home/jewoo/ros2_ws/install/ros2_interfaces_tutorial/lib:/usr/lib/x86_64-linux-gnu:/usr/lib/x86_64-linux-gnu:/usr/lib/x86_64-linux-gnu:/usr/lib/x86_64-linux-gnu:/usr/lib/x86_64-linux-gnu:/usr/lib/x86_64-linux-gnu:/usr/lib/x86_64-linux-gnu:/usr/lib/x86_64-linux-gnu:/usr/lib/x86_64-linux-gnu:/usr/lib/x86_64-linux-gnu:/usr/lib/x86_64-linux-gnu:/usr/lib/x86_64-linux-gnu/gazebo-11/plugins:/opt/ros/humble/opt/rviz_ogre_vendor/lib:/opt/ros/humble/lib/x86_64-linux-gnu:/opt/ros/humble/lib:/usr/lib/x86_64-linux-gnu /usr/bin/cmake --install /home/jewoo/ros2_ws/build/ros2_cpp_tutorial
[16.554s] Level 1:colcon.colcon_core.environment:create_environment_scripts_only(ros2_cpp_tutorial)
[16.555s] Level 1:colcon.colcon_core.environment:checking '/home/jewoo/ros2_ws/install/ros2_cpp_tutorial' for CMake module files
[16.556s] DEBUG:colcon.colcon_core.event_handler.log_command:Invoked command in '/home/jewoo/ros2_ws/build/ros2_cpp_tutorial' returned '0': CMAKE_PREFIX_PATH=/home/jewoo/ros2_ws/install/ros2_interfaces_tutorial:/home/jewoo/ros2_ws/install/ros2_cpp_tutorial:/opt/ros/humble:/home/jewoo/ros2_ws/install/ros2_python_tutorial LD_LIBRARY_PATH=/home/jewoo/ros2_ws/install/ros2_interfaces_tutorial/lib:/usr/lib/x86_64-linux-gnu:/usr/lib/x86_64-linux-gnu:/usr/lib/x86_64-linux-gnu:/usr/lib/x86_64-linux-gnu:/usr/lib/x86_64-linux-gnu:/usr/lib/x86_64-linux-gnu:/usr/lib/x86_64-linux-gnu:/usr/lib/x86_64-linux-gnu:/usr/lib/x86_64-linux-gnu:/usr/lib/x86_64-linux-gnu:/usr/lib/x86_64-linux-gnu:/usr/lib/x86_64-linux-gnu/gazebo-11/plugins:/opt/ros/humble/opt/rviz_ogre_vendor/lib:/opt/ros/humble/lib/x86_64-linux-gnu:/opt/ros/humble/lib:/usr/lib/x86_64-linux-gnu /usr/bin/cmake --install /home/jewoo/ros2_ws/build/ros2_cpp_tutorial
[16.557s] Level 1:colcon.colcon_core.environment:checking '/home/jewoo/ros2_ws/install/ros2_cpp_tutorial' for CMake config files
[16.558s] Level 1:colcon.colcon_core.shell:create_environment_hook('ros2_cpp_tutorial', 'cmake_prefix_path')
[16.558s] INFO:colcon.colcon_core.shell:Creating environment hook '/home/jewoo/ros2_ws/install/ros2_cpp_tutorial/share/ros2_cpp_tutorial/hook/cmake_prefix_path.ps1'
[16.559s] INFO:colcon.colcon_core.shell:Creating environment descriptor '/home/jewoo/ros2_ws/install/ros2_cpp_tutorial/share/ros2_cpp_tutorial/hook/cmake_prefix_path.dsv'
[16.559s] INFO:colcon.colcon_core.shell:Creating environment hook '/home/jewoo/ros2_ws/install/ros2_cpp_tutorial/share/ros2_cpp_tutorial/hook/cmake_prefix_path.sh'
[16.561s] Level 1:colcon.colcon_core.environment:checking '/home/jewoo/ros2_ws/install/ros2_cpp_tutorial/lib'
[16.561s] Level 1:colcon.colcon_core.environment:checking '/home/jewoo/ros2_ws/install/ros2_cpp_tutorial/bin'
[16.561s] Level 1:colcon.colcon_core.environment:checking '/home/jewoo/ros2_ws/install/ros2_cpp_tutorial/lib/pkgconfig/ros2_cpp_tutorial.pc'
[16.561s] Level 1:colcon.colcon_core.environment:checking '/home/jewoo/ros2_ws/install/ros2_cpp_tutorial/lib/python3.10/site-packages'
[16.562s] Level 1:colcon.colcon_core.environment:checking '/home/jewoo/ros2_ws/install/ros2_cpp_tutorial/bin'
[16.562s] INFO:colcon.colcon_core.shell:Creating package script '/home/jewoo/ros2_ws/install/ros2_cpp_tutorial/share/ros2_cpp_tutorial/package.ps1'
[16.563s] INFO:colcon.colcon_core.shell:Creating package descriptor '/home/jewoo/ros2_ws/install/ros2_cpp_tutorial/share/ros2_cpp_tutorial/package.dsv'
[16.563s] INFO:colcon.colcon_core.shell:Creating package script '/home/jewoo/ros2_ws/install/ros2_cpp_tutorial/share/ros2_cpp_tutorial/package.sh'
[16.564s] INFO:colcon.colcon_core.shell:Creating package script '/home/jewoo/ros2_ws/install/ros2_cpp_tutorial/share/ros2_cpp_tutorial/package.bash'
[16.564s] INFO:colcon.colcon_core.shell:Creating package script '/home/jewoo/ros2_ws/install/ros2_cpp_tutorial/share/ros2_cpp_tutorial/package.zsh'
[16.565s] Level 1:colcon.colcon_core.environment:create_file_with_runtime_dependencies(/home/jewoo/ros2_ws/install/ros2_cpp_tutorial/share/colcon-core/packages/ros2_cpp_tutorial)
[16.671s] Level 1:colcon.colcon_core.environment:create_environment_scripts_only(ros2_cpp_tutorial)
[16.671s] Level 1:colcon.colcon_core.environment:checking '/home/jewoo/ros2_ws/install/ros2_cpp_tutorial' for CMake module files
[16.672s] Level 1:colcon.colcon_core.environment:checking '/home/jewoo/ros2_ws/install/ros2_cpp_tutorial' for CMake config files
[16.673s] Level 1:colcon.colcon_core.shell:create_environment_hook('ros2_cpp_tutorial', 'cmake_prefix_path')
[16.673s] INFO:colcon.colcon_core.shell:Creating environment hook '/home/jewoo/ros2_ws/install/ros2_cpp_tutorial/share/ros2_cpp_tutorial/hook/cmake_prefix_path.ps1'
[16.674s] INFO:colcon.colcon_core.shell:Creating environment descriptor '/home/jewoo/ros2_ws/install/ros2_cpp_tutorial/share/ros2_cpp_tutorial/hook/cmake_prefix_path.dsv'
[16.674s] INFO:colcon.colcon_core.shell:Creating environment hook '/home/jewoo/ros2_ws/install/ros2_cpp_tutorial/share/ros2_cpp_tutorial/hook/cmake_prefix_path.sh'
[16.675s] Level 1:colcon.colcon_core.environment:checking '/home/jewoo/ros2_ws/install/ros2_cpp_tutorial/lib'
[16.675s] Level 1:colcon.colcon_core.environment:checking '/home/jewoo/ros2_ws/install/ros2_cpp_tutorial/bin'
[16.675s] Level 1:colcon.colcon_core.environment:checking '/home/jewoo/ros2_ws/install/ros2_cpp_tutorial/lib/pkgconfig/ros2_cpp_tutorial.pc'
[16.676s] Level 1:colcon.colcon_core.environment:checking '/home/jewoo/ros2_ws/install/ros2_cpp_tutorial/lib/python3.10/site-packages'
[16.676s] Level 1:colcon.colcon_core.environment:checking '/home/jewoo/ros2_ws/install/ros2_cpp_tutorial/bin'
[16.677s] INFO:colcon.colcon_core.shell:Creating package script '/home/jewoo/ros2_ws/install/ros2_cpp_tutorial/share/ros2_cpp_tutorial/package.ps1'
[16.678s] INFO:colcon.colcon_core.shell:Creating package descriptor '/home/jewoo/ros2_ws/install/ros2_cpp_tutorial/share/ros2_cpp_tutorial/package.dsv'
[16.678s] INFO:colcon.colcon_core.shell:Creating package script '/home/jewoo/ros2_ws/install/ros2_cpp_tutorial/share/ros2_cpp_tutorial/package.sh'
[16.679s] INFO:colcon.colcon_core.shell:Creating package script '/home/jewoo/ros2_ws/install/ros2_cpp_tutorial/share/ros2_cpp_tutorial/package.bash'
[16.680s] INFO:colcon.colcon_core.shell:Creating package script '/home/jewoo/ros2_ws/install/ros2_cpp_tutorial/share/ros2_cpp_tutorial/package.zsh'
[16.680s] Level 1:colcon.colcon_core.environment:create_file_with_runtime_dependencies(/home/jewoo/ros2_ws/install/ros2_cpp_tutorial/share/colcon-core/packages/ros2_cpp_tutorial)
[16.681s] DEBUG:colcon.colcon_parallel_executor.executor.parallel:closing loop
[16.681s] DEBUG:colcon.colcon_parallel_executor.executor.parallel:loop closed
[16.681s] DEBUG:colcon.colcon_parallel_executor.executor.parallel:run_until_complete finished with '0'
[16.681s] DEBUG:colcon.colcon_core.event_reactor:joining thread
[16.690s] INFO:colcon.colcon_core.plugin_system:Skipping extension 'colcon_notification.desktop_notification.terminal_notifier': Not used on non-Darwin systems
[16.690s] INFO:colcon.colcon_core.plugin_system:Skipping extension 'colcon_notification.desktop_notification.win32': Not used on non-Windows systems
[16.691s] INFO:colcon.colcon_notification.desktop_notification:Sending desktop notification using 'notify2'
[16.711s] DEBUG:colcon.colcon_core.event_reactor:joined thread
[16.712s] INFO:colcon.colcon_core.shell:Creating prefix script '/home/jewoo/ros2_ws/install/local_setup.ps1'
[16.713s] INFO:colcon.colcon_core.shell:Creating prefix util module '/home/jewoo/ros2_ws/install/_local_setup_util_ps1.py'
[16.716s] INFO:colcon.colcon_core.shell:Creating prefix chain script '/home/jewoo/ros2_ws/install/setup.ps1'
[16.718s] INFO:colcon.colcon_core.shell:Creating prefix script '/home/jewoo/ros2_ws/install/local_setup.sh'
[16.719s] INFO:colcon.colcon_core.shell:Creating prefix util module '/home/jewoo/ros2_ws/install/_local_setup_util_sh.py'
[16.720s] INFO:colcon.colcon_core.shell:Creating prefix chain script '/home/jewoo/ros2_ws/install/setup.sh'
[16.721s] INFO:colcon.colcon_core.shell:Creating prefix script '/home/jewoo/ros2_ws/install/local_setup.bash'
[16.722s] INFO:colcon.colcon_core.shell:Creating prefix chain script '/home/jewoo/ros2_ws/install/setup.bash'
[16.724s] INFO:colcon.colcon_core.shell:Creating prefix script '/home/jewoo/ros2_ws/install/local_setup.zsh'
[16.725s] INFO:colcon.colcon_core.shell:Creating prefix chain script '/home/jewoo/ros2_ws/install/setup.zsh'
