[0.013s] Invoking command in '/home/jewoo/ros2_ws/src/ros2_interfaces_tutorial/build/ros2_interfaces_tutorial': CMAKE_PREFIX_PATH=${CMAKE_PREFIX_PATH}:/opt/ros/humble:/home/jewoo/ros2_ws/install/ros2_python_tutorial /usr/bin/cmake /home/jewoo/ros2_ws/src/ros2_interfaces_tutorial -DAMENT_CMAKE_SYMLINK_INSTALL=1 -DCMAKE_INSTALL_PREFIX=/home/jewoo/ros2_ws/src/ros2_interfaces_tutorial/install/ros2_interfaces_tutorial
[0.096s] -- The C compiler identification is GNU 11.4.0
[0.184s] -- The CXX compiler identification is GNU 11.4.0
[0.195s] -- Detecting C compiler ABI info
[0.310s] -- Detecting C compiler ABI info - done
[0.323s] -- Check for working C compiler: /usr/bin/cc - skipped
[0.324s] -- Detecting C compile features
[0.325s] -- Detecting C compile features - done
[0.331s] -- Detecting CXX compiler ABI info
[0.454s] -- Detecting CXX compiler ABI info - done
[0.467s] -- Check for working CXX compiler: /usr/bin/c++ - skipped
[0.467s] -- Detecting CXX compile features
[0.468s] -- Detecting CXX compile features - done
[0.472s] -- Found ament_cmake: 1.3.10 (/opt/ros/humble/share/ament_cmake/cmake)
[0.719s] -- Found Python3: /usr/bin/python3 (found version "3.10.12") found components: Interpreter 
[0.824s] -- Override CMake install command with custom implementation using symlinks instead of copying resources
[0.873s] -- Found geometry_msgs: 4.2.4 (/opt/ros/humble/share/geometry_msgs/cmake)
[0.939s] -- Found rosidl_generator_c: 3.1.5 (/opt/ros/humble/share/rosidl_generator_c/cmake)
[0.948s] -- Found rosidl_adapter: 3.1.5 (/opt/ros/humble/share/rosidl_adapter/cmake)
[0.963s] -- Found rosidl_generator_cpp: 3.1.5 (/opt/ros/humble/share/rosidl_generator_cpp/cmake)
[0.983s] -- Using all available rosidl_typesupport_c: rosidl_typesupport_fastrtps_c;rosidl_typesupport_introspection_c
[1.010s] -- Using all available rosidl_typesupport_cpp: rosidl_typesupport_fastrtps_cpp;rosidl_typesupport_introspection_cpp
[1.078s] -- Found rosidl_default_generators: 1.2.0 (/opt/ros/humble/share/rosidl_default_generators/cmake)
[1.561s] -- Found ament_cmake_ros: 0.10.0 (/opt/ros/humble/share/ament_cmake_ros/cmake)
[2.262s] -- Using all available rosidl_typesupport_c: rosidl_typesupport_fastrtps_c;rosidl_typesupport_introspection_c
[2.532s] -- Using all available rosidl_typesupport_cpp: rosidl_typesupport_fastrtps_cpp;rosidl_typesupport_introspection_cpp
[2.569s] -- Found PythonInterp: /usr/bin/python3 (found suitable version "3.10.12", minimum required is "3.6") 
[2.572s] -- Found python_cmake_module: 0.10.0 (/opt/ros/humble/share/python_cmake_module/cmake)
[2.614s] -- Found PythonLibs: /usr/lib/x86_64-linux-gnu/libpython3.10.so (found suitable version "3.10.12", minimum required is "3.5") 
[2.614s] -- Using PYTHON_EXECUTABLE: /usr/bin/python3
[2.614s] -- Using PYTHON_INCLUDE_DIRS: /usr/include/python3.10
[2.614s] -- Using PYTHON_LIBRARIES: /usr/lib/x86_64-linux-gnu/libpython3.10.so
[2.649s] -- Found PythonExtra: .so  
[2.751s] -- Found ament_lint_auto: 0.12.11 (/opt/ros/humble/share/ament_lint_auto/cmake)
[2.797s] -- Added test 'cppcheck' to perform static code analysis on C / C++ code
[2.798s] -- Configured cppcheck include dirs: $<BUILD_INTERFACE:/home/jewoo/ros2_ws/src/ros2_interfaces_tutorial/build/ros2_interfaces_tutorial/rosidl_generator_c>;$<BUILD_INTERFACE:/home/jewoo/ros2_ws/src/ros2_interfaces_tutorial/build/ros2_interfaces_tutorial/rosidl_typesupport_fastrtps_c>;$<BUILD_INTERFACE:/home/jewoo/ros2_ws/src/ros2_interfaces_tutorial/build/ros2_interfaces_tutorial/rosidl_generator_cpp>;$<BUILD_INTERFACE:/home/jewoo/ros2_ws/src/ros2_interfaces_tutorial/build/ros2_interfaces_tutorial/rosidl_typesupport_fastrtps_cpp>;$<BUILD_INTERFACE:/home/jewoo/ros2_ws/src/ros2_interfaces_tutorial/build/ros2_interfaces_tutorial/rosidl_typesupport_introspection_c>;$<BUILD_INTERFACE:/home/jewoo/ros2_ws/src/ros2_interfaces_tutorial/build/ros2_interfaces_tutorial/rosidl_typesupport_introspection_cpp>;/home/jewoo/ros2_ws/src/ros2_interfaces_tutorial/build/ros2_interfaces_tutorial/rosidl_generator_c;/home/jewoo/ros2_ws/src/ros2_interfaces_tutorial/build/ros2_interfaces_tutorial/rosidl_generator_py
[2.799s] -- Configured cppcheck exclude dirs and/or files: 
[2.801s] -- Added test 'flake8' to check Python code syntax and style conventions
[2.805s] -- Added test 'lint_cmake' to check CMake code style
[2.808s] -- Added test 'pep257' to check Python code against some of the docstring style conventions in PEP 257
[2.824s] -- Added test 'uncrustify' to check C / C++ code style
[2.824s] -- Configured uncrustify additional arguments: 
[2.826s] -- Added test 'xmllint' to check XML markup files
[2.834s] -- Configuring done
[2.907s] -- Generating done
[2.912s] -- Build files have been written to: /home/jewoo/ros2_ws/src/ros2_interfaces_tutorial/build/ros2_interfaces_tutorial
[2.924s] Invoked command in '/home/jewoo/ros2_ws/src/ros2_interfaces_tutorial/build/ros2_interfaces_tutorial' returned '0': CMAKE_PREFIX_PATH=${CMAKE_PREFIX_PATH}:/opt/ros/humble:/home/jewoo/ros2_ws/install/ros2_python_tutorial /usr/bin/cmake /home/jewoo/ros2_ws/src/ros2_interfaces_tutorial -DAMENT_CMAKE_SYMLINK_INSTALL=1 -DCMAKE_INSTALL_PREFIX=/home/jewoo/ros2_ws/src/ros2_interfaces_tutorial/install/ros2_interfaces_tutorial
[2.927s] Invoking command in '/home/jewoo/ros2_ws/src/ros2_interfaces_tutorial/build/ros2_interfaces_tutorial': CMAKE_PREFIX_PATH=${CMAKE_PREFIX_PATH}:/opt/ros/humble:/home/jewoo/ros2_ws/install/ros2_python_tutorial /usr/bin/cmake --build /home/jewoo/ros2_ws/src/ros2_interfaces_tutorial/build/ros2_interfaces_tutorial -- -j12 -l12
[2.985s] [  2%] [34m[1mGenerating C code for ROS interfaces[0m
[3.001s] [  4%] [34m[1mGenerating C++ code for ROS interfaces[0m
[3.015s] [  4%] Built target ament_cmake_python_symlink_ros2_interfaces_tutorial
[3.436s] running egg_info
[3.437s] creating ros2_interfaces_tutorial.egg-info
[3.437s] writing ros2_interfaces_tutorial.egg-info/PKG-INFO
[3.437s] writing dependency_links to ros2_interfaces_tutorial.egg-info/dependency_links.txt
[3.438s] writing top-level names to ros2_interfaces_tutorial.egg-info/top_level.txt
[3.438s] writing manifest file 'ros2_interfaces_tutorial.egg-info/SOURCES.txt'
[3.441s] reading manifest file 'ros2_interfaces_tutorial.egg-info/SOURCES.txt'
[3.442s] writing manifest file 'ros2_interfaces_tutorial.egg-info/SOURCES.txt'
[3.478s] [  4%] Built target ament_cmake_python_build_ros2_interfaces_tutorial_egg
[3.597s] [  4%] Built target ros2_interfaces_tutorial__cpp
[3.612s] [  6%] [34m[1mGenerating C++ type support dispatch for ROS interfaces[0m
[3.612s] [  8%] [34m[1mGenerating C++ introspection for ROS interfaces[0m
[3.615s] [ 10%] [34m[1mGenerating C++ type support for eProsima Fast-RTPS[0m
[3.624s] [ 12%] [32mBuilding C object CMakeFiles/ros2_interfaces_tutorial__rosidl_generator_c.dir/rosidl_generator_c/ros2_interfaces_tutorial/msg/detail/sphere__functions.c.o[0m
[3.624s] [ 17%] [32mBuilding C object CMakeFiles/ros2_interfaces_tutorial__rosidl_generator_c.dir/rosidl_generator_c/ros2_interfaces_tutorial/srv/detail/add_three_ints__functions.c.o[0m
[3.625s] [ 17%] [32mBuilding C object CMakeFiles/ros2_interfaces_tutorial__rosidl_generator_c.dir/rosidl_generator_c/ros2_interfaces_tutorial/msg/detail/spheres__functions.c.o[0m
[3.721s] [ 19%] [32m[1mLinking C shared library libros2_interfaces_tutorial__rosidl_generator_c.so[0m
[3.780s] [ 19%] Built target ros2_interfaces_tutorial__rosidl_generator_c
[3.795s] [ 25%] [34m[1mGenerating C type support dispatch for ROS interfaces[0m
[3.795s] [ 25%] [34m[1mGenerating C type support for eProsima Fast-RTPS[0m
[3.795s] [ 25%] [34m[1mGenerating C introspection for ROS interfaces[0m
[4.064s] [ 27%] [32mBuilding CXX object CMakeFiles/ros2_interfaces_tutorial__rosidl_typesupport_cpp.dir/rosidl_typesupport_cpp/ros2_interfaces_tutorial/msg/sphere__type_support.cpp.o[0m
[4.069s] [ 29%] [32mBuilding CXX object CMakeFiles/ros2_interfaces_tutorial__rosidl_typesupport_cpp.dir/rosidl_typesupport_cpp/ros2_interfaces_tutorial/msg/spheres__type_support.cpp.o[0m
[4.069s] [ 31%] [32mBuilding CXX object CMakeFiles/ros2_interfaces_tutorial__rosidl_typesupport_cpp.dir/rosidl_typesupport_cpp/ros2_interfaces_tutorial/srv/add_three_ints__type_support.cpp.o[0m
[4.143s] [ 36%] [32mBuilding CXX object CMakeFiles/ros2_interfaces_tutorial__rosidl_typesupport_introspection_cpp.dir/rosidl_typesupport_introspection_cpp/ros2_interfaces_tutorial/msg/detail/spheres__type_support.cpp.o[0m
[4.144s] [ 36%] [32mBuilding CXX object CMakeFiles/ros2_interfaces_tutorial__rosidl_typesupport_introspection_cpp.dir/rosidl_typesupport_introspection_cpp/ros2_interfaces_tutorial/msg/detail/sphere__type_support.cpp.o[0m
[4.144s] [ 38%] [32mBuilding CXX object CMakeFiles/ros2_interfaces_tutorial__rosidl_typesupport_introspection_cpp.dir/rosidl_typesupport_introspection_cpp/ros2_interfaces_tutorial/srv/detail/add_three_ints__type_support.cpp.o[0m
[4.267s] [ 40%] [32mBuilding CXX object CMakeFiles/ros2_interfaces_tutorial__rosidl_typesupport_fastrtps_cpp.dir/rosidl_typesupport_fastrtps_cpp/ros2_interfaces_tutorial/msg/detail/dds_fastrtps/sphere__type_support.cpp.o[0m
[4.271s] [ 42%] [32mBuilding CXX object CMakeFiles/ros2_interfaces_tutorial__rosidl_typesupport_fastrtps_cpp.dir/rosidl_typesupport_fastrtps_cpp/ros2_interfaces_tutorial/srv/detail/dds_fastrtps/add_three_ints__type_support.cpp.o[0m
[4.271s] [ 44%] [32mBuilding CXX object CMakeFiles/ros2_interfaces_tutorial__rosidl_typesupport_fastrtps_cpp.dir/rosidl_typesupport_fastrtps_cpp/ros2_interfaces_tutorial/msg/detail/dds_fastrtps/spheres__type_support.cpp.o[0m
[4.353s] [ 46%] [32mBuilding CXX object CMakeFiles/ros2_interfaces_tutorial__rosidl_typesupport_c.dir/rosidl_typesupport_c/ros2_interfaces_tutorial/msg/sphere__type_support.cpp.o[0m
[4.427s] [ 48%] [32mBuilding CXX object CMakeFiles/ros2_interfaces_tutorial__rosidl_typesupport_c.dir/rosidl_typesupport_c/ros2_interfaces_tutorial/msg/spheres__type_support.cpp.o[0m
[4.502s] [ 51%] [32mBuilding CXX object CMakeFiles/ros2_interfaces_tutorial__rosidl_typesupport_c.dir/rosidl_typesupport_c/ros2_interfaces_tutorial/srv/add_three_ints__type_support.cpp.o[0m
[4.551s] [ 53%] [32mBuilding C object CMakeFiles/ros2_interfaces_tutorial__rosidl_typesupport_introspection_c.dir/rosidl_typesupport_introspection_c/ros2_interfaces_tutorial/msg/detail/sphere__type_support.c.o[0m
[4.581s] [ 55%] [32m[1mLinking CXX shared library libros2_interfaces_tutorial__rosidl_typesupport_c.so[0m
[4.638s] [ 57%] [32mBuilding C object CMakeFiles/ros2_interfaces_tutorial__rosidl_typesupport_introspection_c.dir/rosidl_typesupport_introspection_c/ros2_interfaces_tutorial/msg/detail/spheres__type_support.c.o[0m
[4.694s] [ 57%] Built target ros2_interfaces_tutorial__rosidl_typesupport_c
[4.712s] [ 59%] [32mBuilding C object CMakeFiles/ros2_interfaces_tutorial__rosidl_typesupport_introspection_c.dir/rosidl_typesupport_introspection_c/ros2_interfaces_tutorial/srv/detail/add_three_ints__type_support.c.o[0m
[4.757s] [ 61%] [32mBuilding CXX object CMakeFiles/ros2_interfaces_tutorial__rosidl_typesupport_fastrtps_c.dir/rosidl_typesupport_fastrtps_c/ros2_interfaces_tutorial/msg/detail/spheres__type_support_c.cpp.o[0m
[4.759s] [ 63%] [32mBuilding CXX object CMakeFiles/ros2_interfaces_tutorial__rosidl_typesupport_fastrtps_c.dir/rosidl_typesupport_fastrtps_c/ros2_interfaces_tutorial/msg/detail/sphere__type_support_c.cpp.o[0m
[4.776s] [ 65%] [32mBuilding CXX object CMakeFiles/ros2_interfaces_tutorial__rosidl_typesupport_fastrtps_c.dir/rosidl_typesupport_fastrtps_c/ros2_interfaces_tutorial/srv/detail/add_three_ints__type_support_c.cpp.o[0m
[4.807s] [ 68%] [32m[1mLinking C shared library libros2_interfaces_tutorial__rosidl_typesupport_introspection_c.so[0m
[4.830s] [ 70%] [32m[1mLinking CXX shared library libros2_interfaces_tutorial__rosidl_typesupport_cpp.so[0m
[4.900s] [ 70%] Built target ros2_interfaces_tutorial__rosidl_typesupport_introspection_c
[4.932s] [ 70%] Built target ros2_interfaces_tutorial__rosidl_typesupport_cpp
[5.231s] [ 72%] [32m[1mLinking CXX shared library libros2_interfaces_tutorial__rosidl_typesupport_introspection_cpp.so[0m
[5.326s] [ 74%] [32m[1mLinking CXX shared library libros2_interfaces_tutorial__rosidl_typesupport_fastrtps_cpp.so[0m
[5.361s] [ 74%] Built target ros2_interfaces_tutorial__rosidl_typesupport_introspection_cpp
[5.459s] [ 74%] Built target ros2_interfaces_tutorial__rosidl_typesupport_fastrtps_cpp
[5.516s] [ 76%] [32m[1mLinking CXX shared library libros2_interfaces_tutorial__rosidl_typesupport_fastrtps_c.so[0m
[5.629s] [ 76%] Built target ros2_interfaces_tutorial__rosidl_typesupport_fastrtps_c
[5.658s] [ 76%] Built target ros2_interfaces_tutorial
[5.687s] [ 78%] [34m[1mGenerating Python code for ROS interfaces[0m
[6.493s] [ 78%] Built target ros2_interfaces_tutorial__py
[6.523s] [ 80%] [32mBuilding C object CMakeFiles/ros2_interfaces_tutorial__rosidl_generator_py.dir/rosidl_generator_py/ros2_interfaces_tutorial/msg/_sphere_s.c.o[0m
[6.523s] [ 82%] [32mBuilding C object CMakeFiles/ros2_interfaces_tutorial__rosidl_generator_py.dir/rosidl_generator_py/ros2_interfaces_tutorial/msg/_spheres_s.c.o[0m
[6.523s] [ 85%] [32mBuilding C object CMakeFiles/ros2_interfaces_tutorial__rosidl_generator_py.dir/rosidl_generator_py/ros2_interfaces_tutorial/srv/_add_three_ints_s.c.o[0m
[6.701s] [ 87%] [32m[1mLinking C shared library rosidl_generator_py/ros2_interfaces_tutorial/libros2_interfaces_tutorial__rosidl_generator_py.so[0m
[6.765s] [ 87%] Built target ros2_interfaces_tutorial__rosidl_generator_py
[6.794s] [ 91%] [32mBuilding C object CMakeFiles/ros2_interfaces_tutorial__rosidl_typesupport_introspection_c__pyext.dir/rosidl_generator_py/ros2_interfaces_tutorial/_ros2_interfaces_tutorial_s.ep.rosidl_typesupport_introspection_c.c.o[0m
[6.794s] [ 91%] [32mBuilding C object CMakeFiles/ros2_interfaces_tutorial__rosidl_typesupport_fastrtps_c__pyext.dir/rosidl_generator_py/ros2_interfaces_tutorial/_ros2_interfaces_tutorial_s.ep.rosidl_typesupport_fastrtps_c.c.o[0m
[6.794s] [ 93%] [32mBuilding C object CMakeFiles/ros2_interfaces_tutorial__rosidl_typesupport_c__pyext.dir/rosidl_generator_py/ros2_interfaces_tutorial/_ros2_interfaces_tutorial_s.ep.rosidl_typesupport_c.c.o[0m
[6.976s] [ 97%] [32m[1mLinking C shared library rosidl_generator_py/ros2_interfaces_tutorial/ros2_interfaces_tutorial_s__rosidl_typesupport_introspection_c.cpython-310-x86_64-linux-gnu.so[0m
[6.977s] [100%] [32m[1mLinking C shared library rosidl_generator_py/ros2_interfaces_tutorial/ros2_interfaces_tutorial_s__rosidl_typesupport_fastrtps_c.cpython-310-x86_64-linux-gnu.so[0m
[6.977s] [ 97%] [32m[1mLinking C shared library rosidl_generator_py/ros2_interfaces_tutorial/ros2_interfaces_tutorial_s__rosidl_typesupport_c.cpython-310-x86_64-linux-gnu.so[0m
[7.039s] [100%] Built target ros2_interfaces_tutorial__rosidl_typesupport_c__pyext
[7.039s] [100%] Built target ros2_interfaces_tutorial__rosidl_typesupport_fastrtps_c__pyext
[7.040s] [100%] Built target ros2_interfaces_tutorial__rosidl_typesupport_introspection_c__pyext
[7.057s] Invoked command in '/home/jewoo/ros2_ws/src/ros2_interfaces_tutorial/build/ros2_interfaces_tutorial' returned '0': CMAKE_PREFIX_PATH=${CMAKE_PREFIX_PATH}:/opt/ros/humble:/home/jewoo/ros2_ws/install/ros2_python_tutorial /usr/bin/cmake --build /home/jewoo/ros2_ws/src/ros2_interfaces_tutorial/build/ros2_interfaces_tutorial -- -j12 -l12
[7.213s] Invoking command in '/home/jewoo/ros2_ws/src/ros2_interfaces_tutorial/build/ros2_interfaces_tutorial': CMAKE_PREFIX_PATH=${CMAKE_PREFIX_PATH}:/opt/ros/humble:/home/jewoo/ros2_ws/install/ros2_python_tutorial /usr/bin/cmake --install /home/jewoo/ros2_ws/src/ros2_interfaces_tutorial/build/ros2_interfaces_tutorial
[7.224s] -- Install configuration: ""
[7.225s] -- Execute custom install script
[7.226s] -- Symlinking: /home/jewoo/ros2_ws/src/ros2_interfaces_tutorial/install/ros2_interfaces_tutorial/share/ament_index/resource_index/rosidl_interfaces/ros2_interfaces_tutorial
[7.239s] -- Symlinking: /home/jewoo/ros2_ws/src/ros2_interfaces_tutorial/install/ros2_interfaces_tutorial/include/ros2_interfaces_tutorial/ros2_interfaces_tutorial/msg/detail/sphere__functions.h
[7.253s] -- Symlinking: /home/jewoo/ros2_ws/src/ros2_interfaces_tutorial/install/ros2_interfaces_tutorial/include/ros2_interfaces_tutorial/ros2_interfaces_tutorial/msg/detail/sphere__struct.h
[7.265s] -- Symlinking: /home/jewoo/ros2_ws/src/ros2_interfaces_tutorial/install/ros2_interfaces_tutorial/include/ros2_interfaces_tutorial/ros2_interfaces_tutorial/msg/detail/sphere__type_support.h
[7.278s] -- Symlinking: /home/jewoo/ros2_ws/src/ros2_interfaces_tutorial/install/ros2_interfaces_tutorial/include/ros2_interfaces_tutorial/ros2_interfaces_tutorial/msg/detail/spheres__functions.h
[7.290s] -- Symlinking: /home/jewoo/ros2_ws/src/ros2_interfaces_tutorial/install/ros2_interfaces_tutorial/include/ros2_interfaces_tutorial/ros2_interfaces_tutorial/msg/detail/spheres__struct.h
[7.303s] -- Symlinking: /home/jewoo/ros2_ws/src/ros2_interfaces_tutorial/install/ros2_interfaces_tutorial/include/ros2_interfaces_tutorial/ros2_interfaces_tutorial/msg/detail/spheres__type_support.h
[7.315s] -- Symlinking: /home/jewoo/ros2_ws/src/ros2_interfaces_tutorial/install/ros2_interfaces_tutorial/include/ros2_interfaces_tutorial/ros2_interfaces_tutorial/msg/rosidl_generator_c__visibility_control.h
[7.328s] -- Symlinking: /home/jewoo/ros2_ws/src/ros2_interfaces_tutorial/install/ros2_interfaces_tutorial/include/ros2_interfaces_tutorial/ros2_interfaces_tutorial/msg/sphere.h
[7.340s] -- Symlinking: /home/jewoo/ros2_ws/src/ros2_interfaces_tutorial/install/ros2_interfaces_tutorial/include/ros2_interfaces_tutorial/ros2_interfaces_tutorial/msg/spheres.h
[7.354s] -- Symlinking: /home/jewoo/ros2_ws/src/ros2_interfaces_tutorial/install/ros2_interfaces_tutorial/include/ros2_interfaces_tutorial/ros2_interfaces_tutorial/srv/add_three_ints.h
[7.366s] -- Symlinking: /home/jewoo/ros2_ws/src/ros2_interfaces_tutorial/install/ros2_interfaces_tutorial/include/ros2_interfaces_tutorial/ros2_interfaces_tutorial/srv/detail/add_three_ints__functions.h
[7.381s] -- Symlinking: /home/jewoo/ros2_ws/src/ros2_interfaces_tutorial/install/ros2_interfaces_tutorial/include/ros2_interfaces_tutorial/ros2_interfaces_tutorial/srv/detail/add_three_ints__struct.h
[7.394s] -- Symlinking: /home/jewoo/ros2_ws/src/ros2_interfaces_tutorial/install/ros2_interfaces_tutorial/include/ros2_interfaces_tutorial/ros2_interfaces_tutorial/srv/detail/add_three_ints__type_support.h
[7.407s] -- Symlinking: /home/jewoo/ros2_ws/src/ros2_interfaces_tutorial/install/ros2_interfaces_tutorial/share/ros2_interfaces_tutorial/environment/library_path.sh
[7.419s] -- Symlinking: /home/jewoo/ros2_ws/src/ros2_interfaces_tutorial/install/ros2_interfaces_tutorial/share/ros2_interfaces_tutorial/environment/library_path.dsv
[7.432s] -- Symlinking: /home/jewoo/ros2_ws/src/ros2_interfaces_tutorial/install/ros2_interfaces_tutorial/include/ros2_interfaces_tutorial/ros2_interfaces_tutorial/msg/detail/sphere__rosidl_typesupport_fastrtps_c.h
[7.445s] -- Symlinking: /home/jewoo/ros2_ws/src/ros2_interfaces_tutorial/install/ros2_interfaces_tutorial/include/ros2_interfaces_tutorial/ros2_interfaces_tutorial/msg/detail/spheres__rosidl_typesupport_fastrtps_c.h
[7.457s] -- Symlinking: /home/jewoo/ros2_ws/src/ros2_interfaces_tutorial/install/ros2_interfaces_tutorial/include/ros2_interfaces_tutorial/ros2_interfaces_tutorial/msg/rosidl_typesupport_fastrtps_c__visibility_control.h
[7.469s] -- Symlinking: /home/jewoo/ros2_ws/src/ros2_interfaces_tutorial/install/ros2_interfaces_tutorial/include/ros2_interfaces_tutorial/ros2_interfaces_tutorial/srv/detail/add_three_ints__rosidl_typesupport_fastrtps_c.h
[7.483s] -- Symlinking: /home/jewoo/ros2_ws/src/ros2_interfaces_tutorial/install/ros2_interfaces_tutorial/include/ros2_interfaces_tutorial/ros2_interfaces_tutorial/msg/detail/sphere__builder.hpp
[7.495s] -- Symlinking: /home/jewoo/ros2_ws/src/ros2_interfaces_tutorial/install/ros2_interfaces_tutorial/include/ros2_interfaces_tutorial/ros2_interfaces_tutorial/msg/detail/sphere__struct.hpp
[7.508s] -- Symlinking: /home/jewoo/ros2_ws/src/ros2_interfaces_tutorial/install/ros2_interfaces_tutorial/include/ros2_interfaces_tutorial/ros2_interfaces_tutorial/msg/detail/sphere__traits.hpp
[7.520s] -- Symlinking: /home/jewoo/ros2_ws/src/ros2_interfaces_tutorial/install/ros2_interfaces_tutorial/include/ros2_interfaces_tutorial/ros2_interfaces_tutorial/msg/detail/spheres__builder.hpp
[7.532s] -- Symlinking: /home/jewoo/ros2_ws/src/ros2_interfaces_tutorial/install/ros2_interfaces_tutorial/include/ros2_interfaces_tutorial/ros2_interfaces_tutorial/msg/detail/spheres__struct.hpp
[7.545s] -- Symlinking: /home/jewoo/ros2_ws/src/ros2_interfaces_tutorial/install/ros2_interfaces_tutorial/include/ros2_interfaces_tutorial/ros2_interfaces_tutorial/msg/detail/spheres__traits.hpp
[7.558s] -- Symlinking: /home/jewoo/ros2_ws/src/ros2_interfaces_tutorial/install/ros2_interfaces_tutorial/include/ros2_interfaces_tutorial/ros2_interfaces_tutorial/msg/sphere.hpp
[7.570s] -- Symlinking: /home/jewoo/ros2_ws/src/ros2_interfaces_tutorial/install/ros2_interfaces_tutorial/include/ros2_interfaces_tutorial/ros2_interfaces_tutorial/msg/spheres.hpp
[7.583s] -- Symlinking: /home/jewoo/ros2_ws/src/ros2_interfaces_tutorial/install/ros2_interfaces_tutorial/include/ros2_interfaces_tutorial/ros2_interfaces_tutorial/srv/add_three_ints.hpp
[7.595s] -- Symlinking: /home/jewoo/ros2_ws/src/ros2_interfaces_tutorial/install/ros2_interfaces_tutorial/include/ros2_interfaces_tutorial/ros2_interfaces_tutorial/srv/detail/add_three_ints__builder.hpp
[7.608s] -- Symlinking: /home/jewoo/ros2_ws/src/ros2_interfaces_tutorial/install/ros2_interfaces_tutorial/include/ros2_interfaces_tutorial/ros2_interfaces_tutorial/srv/detail/add_three_ints__struct.hpp
[7.620s] -- Symlinking: /home/jewoo/ros2_ws/src/ros2_interfaces_tutorial/install/ros2_interfaces_tutorial/include/ros2_interfaces_tutorial/ros2_interfaces_tutorial/srv/detail/add_three_ints__traits.hpp
[7.633s] -- Symlinking: /home/jewoo/ros2_ws/src/ros2_interfaces_tutorial/install/ros2_interfaces_tutorial/include/ros2_interfaces_tutorial/ros2_interfaces_tutorial/msg/detail/sphere__rosidl_typesupport_fastrtps_cpp.hpp
[7.646s] -- Symlinking: /home/jewoo/ros2_ws/src/ros2_interfaces_tutorial/install/ros2_interfaces_tutorial/include/ros2_interfaces_tutorial/ros2_interfaces_tutorial/msg/detail/spheres__rosidl_typesupport_fastrtps_cpp.hpp
[7.658s] -- Symlinking: /home/jewoo/ros2_ws/src/ros2_interfaces_tutorial/install/ros2_interfaces_tutorial/include/ros2_interfaces_tutorial/ros2_interfaces_tutorial/msg/rosidl_typesupport_fastrtps_cpp__visibility_control.h
[7.671s] -- Symlinking: /home/jewoo/ros2_ws/src/ros2_interfaces_tutorial/install/ros2_interfaces_tutorial/include/ros2_interfaces_tutorial/ros2_interfaces_tutorial/srv/detail/add_three_ints__rosidl_typesupport_fastrtps_cpp.hpp
[7.684s] -- Symlinking: /home/jewoo/ros2_ws/src/ros2_interfaces_tutorial/install/ros2_interfaces_tutorial/include/ros2_interfaces_tutorial/ros2_interfaces_tutorial/msg/detail/sphere__rosidl_typesupport_introspection_c.h
[7.697s] -- Symlinking: /home/jewoo/ros2_ws/src/ros2_interfaces_tutorial/install/ros2_interfaces_tutorial/include/ros2_interfaces_tutorial/ros2_interfaces_tutorial/msg/detail/spheres__rosidl_typesupport_introspection_c.h
[7.709s] -- Symlinking: /home/jewoo/ros2_ws/src/ros2_interfaces_tutorial/install/ros2_interfaces_tutorial/include/ros2_interfaces_tutorial/ros2_interfaces_tutorial/msg/rosidl_typesupport_introspection_c__visibility_control.h
[7.721s] -- Symlinking: /home/jewoo/ros2_ws/src/ros2_interfaces_tutorial/install/ros2_interfaces_tutorial/include/ros2_interfaces_tutorial/ros2_interfaces_tutorial/srv/detail/add_three_ints__rosidl_typesupport_introspection_c.h
[7.734s] -- Symlinking: /home/jewoo/ros2_ws/src/ros2_interfaces_tutorial/install/ros2_interfaces_tutorial/include/ros2_interfaces_tutorial/ros2_interfaces_tutorial/msg/detail/sphere__rosidl_typesupport_introspection_cpp.hpp
[7.746s] -- Symlinking: /home/jewoo/ros2_ws/src/ros2_interfaces_tutorial/install/ros2_interfaces_tutorial/include/ros2_interfaces_tutorial/ros2_interfaces_tutorial/msg/detail/spheres__rosidl_typesupport_introspection_cpp.hpp
[7.759s] -- Symlinking: /home/jewoo/ros2_ws/src/ros2_interfaces_tutorial/install/ros2_interfaces_tutorial/include/ros2_interfaces_tutorial/ros2_interfaces_tutorial/srv/detail/add_three_ints__rosidl_typesupport_introspection_cpp.hpp
[7.771s] -- Symlinking: /home/jewoo/ros2_ws/src/ros2_interfaces_tutorial/install/ros2_interfaces_tutorial/share/ros2_interfaces_tutorial/environment/pythonpath.sh
[7.785s] -- Symlinking: /home/jewoo/ros2_ws/src/ros2_interfaces_tutorial/install/ros2_interfaces_tutorial/share/ros2_interfaces_tutorial/environment/pythonpath.dsv
[7.797s] -- Symlinking: /home/jewoo/ros2_ws/src/ros2_interfaces_tutorial/install/ros2_interfaces_tutorial/local/lib/python3.10/dist-packages/ros2_interfaces_tutorial-0.0.0-py3.10.egg-info/PKG-INFO
[7.810s] -- Symlinking: /home/jewoo/ros2_ws/src/ros2_interfaces_tutorial/install/ros2_interfaces_tutorial/local/lib/python3.10/dist-packages/ros2_interfaces_tutorial-0.0.0-py3.10.egg-info/SOURCES.txt
[7.823s] -- Symlinking: /home/jewoo/ros2_ws/src/ros2_interfaces_tutorial/install/ros2_interfaces_tutorial/local/lib/python3.10/dist-packages/ros2_interfaces_tutorial-0.0.0-py3.10.egg-info/dependency_links.txt
[7.835s] -- Symlinking: /home/jewoo/ros2_ws/src/ros2_interfaces_tutorial/install/ros2_interfaces_tutorial/local/lib/python3.10/dist-packages/ros2_interfaces_tutorial-0.0.0-py3.10.egg-info/top_level.txt
[7.848s] -- Symlinking: /home/jewoo/ros2_ws/src/ros2_interfaces_tutorial/install/ros2_interfaces_tutorial/local/lib/python3.10/dist-packages/ros2_interfaces_tutorial/__init__.py
[7.862s] -- Symlinking: /home/jewoo/ros2_ws/src/ros2_interfaces_tutorial/install/ros2_interfaces_tutorial/local/lib/python3.10/dist-packages/ros2_interfaces_tutorial/_ros2_interfaces_tutorial_s.ep.rosidl_typesupport_c.c
[7.875s] -- Symlinking: /home/jewoo/ros2_ws/src/ros2_interfaces_tutorial/install/ros2_interfaces_tutorial/local/lib/python3.10/dist-packages/ros2_interfaces_tutorial/_ros2_interfaces_tutorial_s.ep.rosidl_typesupport_fastrtps_c.c
[7.888s] -- Symlinking: /home/jewoo/ros2_ws/src/ros2_interfaces_tutorial/install/ros2_interfaces_tutorial/local/lib/python3.10/dist-packages/ros2_interfaces_tutorial/_ros2_interfaces_tutorial_s.ep.rosidl_typesupport_introspection_c.c
[7.902s] -- Symlinking: /home/jewoo/ros2_ws/src/ros2_interfaces_tutorial/install/ros2_interfaces_tutorial/local/lib/python3.10/dist-packages/ros2_interfaces_tutorial/libros2_interfaces_tutorial__rosidl_generator_py.so
[7.914s] -- Symlinking: /home/jewoo/ros2_ws/src/ros2_interfaces_tutorial/install/ros2_interfaces_tutorial/local/lib/python3.10/dist-packages/ros2_interfaces_tutorial/msg/__init__.py
[7.926s] -- Symlinking: /home/jewoo/ros2_ws/src/ros2_interfaces_tutorial/install/ros2_interfaces_tutorial/local/lib/python3.10/dist-packages/ros2_interfaces_tutorial/msg/_sphere.py
[7.939s] -- Symlinking: /home/jewoo/ros2_ws/src/ros2_interfaces_tutorial/install/ros2_interfaces_tutorial/local/lib/python3.10/dist-packages/ros2_interfaces_tutorial/msg/_sphere_s.c
[7.952s] -- Symlinking: /home/jewoo/ros2_ws/src/ros2_interfaces_tutorial/install/ros2_interfaces_tutorial/local/lib/python3.10/dist-packages/ros2_interfaces_tutorial/msg/_spheres.py
[7.964s] -- Symlinking: /home/jewoo/ros2_ws/src/ros2_interfaces_tutorial/install/ros2_interfaces_tutorial/local/lib/python3.10/dist-packages/ros2_interfaces_tutorial/msg/_spheres_s.c
[7.977s] -- Symlinking: /home/jewoo/ros2_ws/src/ros2_interfaces_tutorial/install/ros2_interfaces_tutorial/local/lib/python3.10/dist-packages/ros2_interfaces_tutorial/ros2_interfaces_tutorial_s__rosidl_typesupport_c.cpython-310-x86_64-linux-gnu.so
[7.992s] -- Symlinking: /home/jewoo/ros2_ws/src/ros2_interfaces_tutorial/install/ros2_interfaces_tutorial/local/lib/python3.10/dist-packages/ros2_interfaces_tutorial/ros2_interfaces_tutorial_s__rosidl_typesupport_fastrtps_c.cpython-310-x86_64-linux-gnu.so
[8.004s] -- Symlinking: /home/jewoo/ros2_ws/src/ros2_interfaces_tutorial/install/ros2_interfaces_tutorial/local/lib/python3.10/dist-packages/ros2_interfaces_tutorial/ros2_interfaces_tutorial_s__rosidl_typesupport_introspection_c.cpython-310-x86_64-linux-gnu.so
[8.017s] -- Symlinking: /home/jewoo/ros2_ws/src/ros2_interfaces_tutorial/install/ros2_interfaces_tutorial/local/lib/python3.10/dist-packages/ros2_interfaces_tutorial/srv/__init__.py
[8.029s] -- Symlinking: /home/jewoo/ros2_ws/src/ros2_interfaces_tutorial/install/ros2_interfaces_tutorial/local/lib/python3.10/dist-packages/ros2_interfaces_tutorial/srv/_add_three_ints.py
[8.041s] -- Symlinking: /home/jewoo/ros2_ws/src/ros2_interfaces_tutorial/install/ros2_interfaces_tutorial/local/lib/python3.10/dist-packages/ros2_interfaces_tutorial/srv/_add_three_ints_s.c
[8.054s] -- Up-to-date symlink: /home/jewoo/ros2_ws/src/ros2_interfaces_tutorial/install/ros2_interfaces_tutorial/local/lib/python3.10/dist-packages/ros2_interfaces_tutorial/ros2_interfaces_tutorial_s__rosidl_typesupport_fastrtps_c.cpython-310-x86_64-linux-gnu.so
[8.055s] -- Up-to-date symlink: /home/jewoo/ros2_ws/src/ros2_interfaces_tutorial/install/ros2_interfaces_tutorial/local/lib/python3.10/dist-packages/ros2_interfaces_tutorial/ros2_interfaces_tutorial_s__rosidl_typesupport_introspection_c.cpython-310-x86_64-linux-gnu.so
[8.055s] -- Up-to-date symlink: /home/jewoo/ros2_ws/src/ros2_interfaces_tutorial/install/ros2_interfaces_tutorial/local/lib/python3.10/dist-packages/ros2_interfaces_tutorial/ros2_interfaces_tutorial_s__rosidl_typesupport_c.cpython-310-x86_64-linux-gnu.so
[8.056s] -- Symlinking: /home/jewoo/ros2_ws/src/ros2_interfaces_tutorial/install/ros2_interfaces_tutorial/share/ros2_interfaces_tutorial/msg/Sphere.idl
[8.068s] -- Symlinking: /home/jewoo/ros2_ws/src/ros2_interfaces_tutorial/install/ros2_interfaces_tutorial/share/ros2_interfaces_tutorial/msg/Spheres.idl
[8.081s] -- Symlinking: /home/jewoo/ros2_ws/src/ros2_interfaces_tutorial/install/ros2_interfaces_tutorial/share/ros2_interfaces_tutorial/srv/AddThreeInts.idl
[8.093s] -- Symlinking: /home/jewoo/ros2_ws/src/ros2_interfaces_tutorial/install/ros2_interfaces_tutorial/share/ros2_interfaces_tutorial/msg/Sphere.msg
[8.106s] -- Symlinking: /home/jewoo/ros2_ws/src/ros2_interfaces_tutorial/install/ros2_interfaces_tutorial/share/ros2_interfaces_tutorial/msg/Spheres.msg
[8.118s] -- Symlinking: /home/jewoo/ros2_ws/src/ros2_interfaces_tutorial/install/ros2_interfaces_tutorial/share/ros2_interfaces_tutorial/srv/AddThreeInts.srv
[8.130s] -- Symlinking: /home/jewoo/ros2_ws/src/ros2_interfaces_tutorial/install/ros2_interfaces_tutorial/share/ros2_interfaces_tutorial/srv/AddThreeInts_Request.msg
[8.142s] -- Symlinking: /home/jewoo/ros2_ws/src/ros2_interfaces_tutorial/install/ros2_interfaces_tutorial/share/ros2_interfaces_tutorial/srv/AddThreeInts_Response.msg
[8.155s] -- Symlinking: /home/jewoo/ros2_ws/src/ros2_interfaces_tutorial/install/ros2_interfaces_tutorial/share/ament_index/resource_index/package_run_dependencies/ros2_interfaces_tutorial
[8.167s] -- Symlinking: /home/jewoo/ros2_ws/src/ros2_interfaces_tutorial/install/ros2_interfaces_tutorial/share/ament_index/resource_index/parent_prefix_path/ros2_interfaces_tutorial
[8.180s] -- Symlinking: /home/jewoo/ros2_ws/src/ros2_interfaces_tutorial/install/ros2_interfaces_tutorial/share/ros2_interfaces_tutorial/environment/ament_prefix_path.sh
[8.192s] -- Symlinking: /home/jewoo/ros2_ws/src/ros2_interfaces_tutorial/install/ros2_interfaces_tutorial/share/ros2_interfaces_tutorial/environment/ament_prefix_path.dsv
[8.206s] -- Symlinking: /home/jewoo/ros2_ws/src/ros2_interfaces_tutorial/install/ros2_interfaces_tutorial/share/ros2_interfaces_tutorial/environment/path.sh
[8.220s] -- Symlinking: /home/jewoo/ros2_ws/src/ros2_interfaces_tutorial/install/ros2_interfaces_tutorial/share/ros2_interfaces_tutorial/environment/path.dsv
[8.233s] -- Symlinking: /home/jewoo/ros2_ws/src/ros2_interfaces_tutorial/install/ros2_interfaces_tutorial/share/ros2_interfaces_tutorial/local_setup.bash
[8.246s] -- Symlinking: /home/jewoo/ros2_ws/src/ros2_interfaces_tutorial/install/ros2_interfaces_tutorial/share/ros2_interfaces_tutorial/local_setup.sh
[8.260s] -- Symlinking: /home/jewoo/ros2_ws/src/ros2_interfaces_tutorial/install/ros2_interfaces_tutorial/share/ros2_interfaces_tutorial/local_setup.zsh
[8.273s] -- Symlinking: /home/jewoo/ros2_ws/src/ros2_interfaces_tutorial/install/ros2_interfaces_tutorial/share/ros2_interfaces_tutorial/local_setup.dsv
[8.287s] -- Symlinking: /home/jewoo/ros2_ws/src/ros2_interfaces_tutorial/install/ros2_interfaces_tutorial/share/ros2_interfaces_tutorial/package.dsv
[8.301s] -- Symlinking: /home/jewoo/ros2_ws/src/ros2_interfaces_tutorial/install/ros2_interfaces_tutorial/share/ament_index/resource_index/packages/ros2_interfaces_tutorial
[8.314s] -- Symlinking: /home/jewoo/ros2_ws/src/ros2_interfaces_tutorial/install/ros2_interfaces_tutorial/share/ros2_interfaces_tutorial/cmake/rosidl_cmake-extras.cmake
[8.328s] -- Symlinking: /home/jewoo/ros2_ws/src/ros2_interfaces_tutorial/install/ros2_interfaces_tutorial/share/ros2_interfaces_tutorial/cmake/ament_cmake_export_dependencies-extras.cmake
[8.340s] -- Symlinking: /home/jewoo/ros2_ws/src/ros2_interfaces_tutorial/install/ros2_interfaces_tutorial/share/ros2_interfaces_tutorial/cmake/ament_cmake_export_include_directories-extras.cmake
[8.354s] -- Symlinking: /home/jewoo/ros2_ws/src/ros2_interfaces_tutorial/install/ros2_interfaces_tutorial/share/ros2_interfaces_tutorial/cmake/ament_cmake_export_libraries-extras.cmake
[8.367s] -- Symlinking: /home/jewoo/ros2_ws/src/ros2_interfaces_tutorial/install/ros2_interfaces_tutorial/share/ros2_interfaces_tutorial/cmake/ament_cmake_export_targets-extras.cmake
[8.380s] -- Symlinking: /home/jewoo/ros2_ws/src/ros2_interfaces_tutorial/install/ros2_interfaces_tutorial/share/ros2_interfaces_tutorial/cmake/rosidl_cmake_export_typesupport_targets-extras.cmake
[8.393s] -- Symlinking: /home/jewoo/ros2_ws/src/ros2_interfaces_tutorial/install/ros2_interfaces_tutorial/share/ros2_interfaces_tutorial/cmake/rosidl_cmake_export_typesupport_libraries-extras.cmake
[8.406s] -- Symlinking: /home/jewoo/ros2_ws/src/ros2_interfaces_tutorial/install/ros2_interfaces_tutorial/share/ros2_interfaces_tutorial/cmake/ros2_interfaces_tutorialConfig.cmake
[8.418s] -- Symlinking: /home/jewoo/ros2_ws/src/ros2_interfaces_tutorial/install/ros2_interfaces_tutorial/share/ros2_interfaces_tutorial/cmake/ros2_interfaces_tutorialConfig-version.cmake
[8.431s] -- Symlinking: /home/jewoo/ros2_ws/src/ros2_interfaces_tutorial/install/ros2_interfaces_tutorial/share/ros2_interfaces_tutorial/package.xml
[8.443s] -- Installing: /home/jewoo/ros2_ws/src/ros2_interfaces_tutorial/install/ros2_interfaces_tutorial/lib/libros2_interfaces_tutorial__rosidl_generator_c.so
[8.444s] -- Set runtime path of "/home/jewoo/ros2_ws/src/ros2_interfaces_tutorial/install/ros2_interfaces_tutorial/lib/libros2_interfaces_tutorial__rosidl_generator_c.so" to ""
[8.444s] -- Installing: /home/jewoo/ros2_ws/src/ros2_interfaces_tutorial/install/ros2_interfaces_tutorial/lib/libros2_interfaces_tutorial__rosidl_typesupport_fastrtps_c.so
[8.445s] -- Set runtime path of "/home/jewoo/ros2_ws/src/ros2_interfaces_tutorial/install/ros2_interfaces_tutorial/lib/libros2_interfaces_tutorial__rosidl_typesupport_fastrtps_c.so" to ""
[8.446s] -- Installing: /home/jewoo/ros2_ws/src/ros2_interfaces_tutorial/install/ros2_interfaces_tutorial/lib/libros2_interfaces_tutorial__rosidl_typesupport_fastrtps_cpp.so
[8.447s] -- Set runtime path of "/home/jewoo/ros2_ws/src/ros2_interfaces_tutorial/install/ros2_interfaces_tutorial/lib/libros2_interfaces_tutorial__rosidl_typesupport_fastrtps_cpp.so" to ""
[8.447s] -- Installing: /home/jewoo/ros2_ws/src/ros2_interfaces_tutorial/install/ros2_interfaces_tutorial/lib/libros2_interfaces_tutorial__rosidl_typesupport_introspection_c.so
[8.448s] -- Set runtime path of "/home/jewoo/ros2_ws/src/ros2_interfaces_tutorial/install/ros2_interfaces_tutorial/lib/libros2_interfaces_tutorial__rosidl_typesupport_introspection_c.so" to ""
[8.448s] -- Installing: /home/jewoo/ros2_ws/src/ros2_interfaces_tutorial/install/ros2_interfaces_tutorial/lib/libros2_interfaces_tutorial__rosidl_typesupport_c.so
[8.449s] -- Set runtime path of "/home/jewoo/ros2_ws/src/ros2_interfaces_tutorial/install/ros2_interfaces_tutorial/lib/libros2_interfaces_tutorial__rosidl_typesupport_c.so" to ""
[8.449s] -- Installing: /home/jewoo/ros2_ws/src/ros2_interfaces_tutorial/install/ros2_interfaces_tutorial/lib/libros2_interfaces_tutorial__rosidl_typesupport_introspection_cpp.so
[8.450s] -- Set runtime path of "/home/jewoo/ros2_ws/src/ros2_interfaces_tutorial/install/ros2_interfaces_tutorial/lib/libros2_interfaces_tutorial__rosidl_typesupport_introspection_cpp.so" to ""
[8.450s] -- Installing: /home/jewoo/ros2_ws/src/ros2_interfaces_tutorial/install/ros2_interfaces_tutorial/lib/libros2_interfaces_tutorial__rosidl_typesupport_cpp.so
[8.451s] -- Set runtime path of "/home/jewoo/ros2_ws/src/ros2_interfaces_tutorial/install/ros2_interfaces_tutorial/lib/libros2_interfaces_tutorial__rosidl_typesupport_cpp.so" to ""
[8.510s] Listing '/home/jewoo/ros2_ws/src/ros2_interfaces_tutorial/install/ros2_interfaces_tutorial/local/lib/python3.10/dist-packages/ros2_interfaces_tutorial'...
[8.510s] Compiling '/home/jewoo/ros2_ws/src/ros2_interfaces_tutorial/install/ros2_interfaces_tutorial/local/lib/python3.10/dist-packages/ros2_interfaces_tutorial/__init__.py'...
[8.511s] Listing '/home/jewoo/ros2_ws/src/ros2_interfaces_tutorial/install/ros2_interfaces_tutorial/local/lib/python3.10/dist-packages/ros2_interfaces_tutorial/msg'...
[8.511s] Compiling '/home/jewoo/ros2_ws/src/ros2_interfaces_tutorial/install/ros2_interfaces_tutorial/local/lib/python3.10/dist-packages/ros2_interfaces_tutorial/msg/__init__.py'...
[8.511s] Compiling '/home/jewoo/ros2_ws/src/ros2_interfaces_tutorial/install/ros2_interfaces_tutorial/local/lib/python3.10/dist-packages/ros2_interfaces_tutorial/msg/_sphere.py'...
[8.511s] Compiling '/home/jewoo/ros2_ws/src/ros2_interfaces_tutorial/install/ros2_interfaces_tutorial/local/lib/python3.10/dist-packages/ros2_interfaces_tutorial/msg/_spheres.py'...
[8.511s] Listing '/home/jewoo/ros2_ws/src/ros2_interfaces_tutorial/install/ros2_interfaces_tutorial/local/lib/python3.10/dist-packages/ros2_interfaces_tutorial/srv'...
[8.511s] Compiling '/home/jewoo/ros2_ws/src/ros2_interfaces_tutorial/install/ros2_interfaces_tutorial/local/lib/python3.10/dist-packages/ros2_interfaces_tutorial/srv/__init__.py'...
[8.511s] Compiling '/home/jewoo/ros2_ws/src/ros2_interfaces_tutorial/install/ros2_interfaces_tutorial/local/lib/python3.10/dist-packages/ros2_interfaces_tutorial/srv/_add_three_ints.py'...
[8.517s] -- Installing: /home/jewoo/ros2_ws/src/ros2_interfaces_tutorial/install/ros2_interfaces_tutorial/lib/libros2_interfaces_tutorial__rosidl_generator_py.so
[8.518s] -- Set runtime path of "/home/jewoo/ros2_ws/src/ros2_interfaces_tutorial/install/ros2_interfaces_tutorial/lib/libros2_interfaces_tutorial__rosidl_generator_py.so" to ""
[8.518s] -- Installing: /home/jewoo/ros2_ws/src/ros2_interfaces_tutorial/install/ros2_interfaces_tutorial/share/ros2_interfaces_tutorial/cmake/export_ros2_interfaces_tutorial__rosidl_generator_cExport.cmake
[8.518s] -- Installing: /home/jewoo/ros2_ws/src/ros2_interfaces_tutorial/install/ros2_interfaces_tutorial/share/ros2_interfaces_tutorial/cmake/export_ros2_interfaces_tutorial__rosidl_generator_cExport-noconfig.cmake
[8.519s] -- Installing: /home/jewoo/ros2_ws/src/ros2_interfaces_tutorial/install/ros2_interfaces_tutorial/share/ros2_interfaces_tutorial/cmake/export_ros2_interfaces_tutorial__rosidl_typesupport_fastrtps_cExport.cmake
[8.519s] -- Installing: /home/jewoo/ros2_ws/src/ros2_interfaces_tutorial/install/ros2_interfaces_tutorial/share/ros2_interfaces_tutorial/cmake/export_ros2_interfaces_tutorial__rosidl_typesupport_fastrtps_cExport-noconfig.cmake
[8.520s] -- Installing: /home/jewoo/ros2_ws/src/ros2_interfaces_tutorial/install/ros2_interfaces_tutorial/share/ros2_interfaces_tutorial/cmake/export_ros2_interfaces_tutorial__rosidl_generator_cppExport.cmake
[8.520s] -- Installing: /home/jewoo/ros2_ws/src/ros2_interfaces_tutorial/install/ros2_interfaces_tutorial/share/ros2_interfaces_tutorial/cmake/export_ros2_interfaces_tutorial__rosidl_typesupport_fastrtps_cppExport.cmake
[8.520s] -- Installing: /home/jewoo/ros2_ws/src/ros2_interfaces_tutorial/install/ros2_interfaces_tutorial/share/ros2_interfaces_tutorial/cmake/export_ros2_interfaces_tutorial__rosidl_typesupport_fastrtps_cppExport-noconfig.cmake
[8.520s] -- Installing: /home/jewoo/ros2_ws/src/ros2_interfaces_tutorial/install/ros2_interfaces_tutorial/share/ros2_interfaces_tutorial/cmake/ros2_interfaces_tutorial__rosidl_typesupport_introspection_cExport.cmake
[8.521s] -- Installing: /home/jewoo/ros2_ws/src/ros2_interfaces_tutorial/install/ros2_interfaces_tutorial/share/ros2_interfaces_tutorial/cmake/ros2_interfaces_tutorial__rosidl_typesupport_introspection_cExport-noconfig.cmake
[8.521s] -- Installing: /home/jewoo/ros2_ws/src/ros2_interfaces_tutorial/install/ros2_interfaces_tutorial/share/ros2_interfaces_tutorial/cmake/ros2_interfaces_tutorial__rosidl_typesupport_cExport.cmake
[8.522s] -- Installing: /home/jewoo/ros2_ws/src/ros2_interfaces_tutorial/install/ros2_interfaces_tutorial/share/ros2_interfaces_tutorial/cmake/ros2_interfaces_tutorial__rosidl_typesupport_cExport-noconfig.cmake
[8.522s] -- Installing: /home/jewoo/ros2_ws/src/ros2_interfaces_tutorial/install/ros2_interfaces_tutorial/share/ros2_interfaces_tutorial/cmake/ros2_interfaces_tutorial__rosidl_typesupport_introspection_cppExport.cmake
[8.522s] -- Installing: /home/jewoo/ros2_ws/src/ros2_interfaces_tutorial/install/ros2_interfaces_tutorial/share/ros2_interfaces_tutorial/cmake/ros2_interfaces_tutorial__rosidl_typesupport_introspection_cppExport-noconfig.cmake
[8.523s] -- Installing: /home/jewoo/ros2_ws/src/ros2_interfaces_tutorial/install/ros2_interfaces_tutorial/share/ros2_interfaces_tutorial/cmake/ros2_interfaces_tutorial__rosidl_typesupport_cppExport.cmake
[8.523s] -- Installing: /home/jewoo/ros2_ws/src/ros2_interfaces_tutorial/install/ros2_interfaces_tutorial/share/ros2_interfaces_tutorial/cmake/ros2_interfaces_tutorial__rosidl_typesupport_cppExport-noconfig.cmake
[8.523s] -- Installing: /home/jewoo/ros2_ws/src/ros2_interfaces_tutorial/install/ros2_interfaces_tutorial/share/ros2_interfaces_tutorial/cmake/export_ros2_interfaces_tutorial__rosidl_generator_pyExport.cmake
[8.524s] -- Installing: /home/jewoo/ros2_ws/src/ros2_interfaces_tutorial/install/ros2_interfaces_tutorial/share/ros2_interfaces_tutorial/cmake/export_ros2_interfaces_tutorial__rosidl_generator_pyExport-noconfig.cmake
[8.527s] Invoked command in '/home/jewoo/ros2_ws/src/ros2_interfaces_tutorial/build/ros2_interfaces_tutorial' returned '0': CMAKE_PREFIX_PATH=${CMAKE_PREFIX_PATH}:/opt/ros/humble:/home/jewoo/ros2_ws/install/ros2_python_tutorial /usr/bin/cmake --install /home/jewoo/ros2_ws/src/ros2_interfaces_tutorial/build/ros2_interfaces_tutorial
