[1.328s] Invoking command in '/home/jewoo/ros2_ws/src/build/ros2_python_tutorial': PYTHONPATH=/home/jewoo/ros2_ws/src/build/ros2_python_tutorial/prefix_override:/usr/lib/python3/dist-packages/colcon_core/task/python/colcon_distutils_commands:/home/jewoo/ros2_ws/src/install/ros2_python_tutorial/lib/python3.10/site-packages:${PYTHONPATH} /usr/bin/python3 -W ignore:setup.py install is deprecated setup.py develop --editable --build-directory /home/jewoo/ros2_ws/src/build/ros2_python_tutorial/build --no-deps symlink_data
[1.907s] running develop
[2.227s] running egg_info
[2.227s] writing ros2_python_tutorial.egg-info/PKG-INFO
[2.228s] writing dependency_links to ros2_python_tutorial.egg-info/dependency_links.txt
[2.228s] writing entry points to ros2_python_tutorial.egg-info/entry_points.txt
[2.229s] writing requirements to ros2_python_tutorial.egg-info/requires.txt
[2.229s] writing top-level names to ros2_python_tutorial.egg-info/top_level.txt
[2.287s] reading manifest file 'ros2_python_tutorial.egg-info/SOURCES.txt'
[2.289s] writing manifest file 'ros2_python_tutorial.egg-info/SOURCES.txt'
[2.291s] running build_ext
[2.292s] Creating /home/jewoo/ros2_ws/src/install/ros2_python_tutorial/lib/python3.10/site-packages/ros2-python-tutorial.egg-link (link to .)
[2.293s] Installing client script to /home/jewoo/ros2_ws/src/install/ros2_python_tutorial/lib/ros2_python_tutorial
[2.294s] Installing custom_msg_publisher script to /home/jewoo/ros2_ws/src/install/ros2_python_tutorial/lib/ros2_python_tutorial
[2.294s] Installing double_listener script to /home/jewoo/ros2_ws/src/install/ros2_python_tutorial/lib/ros2_python_tutorial
[2.294s] Installing double_talker script to /home/jewoo/ros2_ws/src/install/ros2_python_tutorial/lib/ros2_python_tutorial
[2.295s] Installing fast_agent script to /home/jewoo/ros2_ws/src/install/ros2_python_tutorial/lib/ros2_python_tutorial
[2.295s] Installing listener script to /home/jewoo/ros2_ws/src/install/ros2_python_tutorial/lib/ros2_python_tutorial
[2.295s] Installing python_node script to /home/jewoo/ros2_ws/src/install/ros2_python_tutorial/lib/ros2_python_tutorial
[2.296s] Installing server script to /home/jewoo/ros2_ws/src/install/ros2_python_tutorial/lib/ros2_python_tutorial
[2.296s] Installing slow_agent script to /home/jewoo/ros2_ws/src/install/ros2_python_tutorial/lib/ros2_python_tutorial
[2.296s] Installing talker script to /home/jewoo/ros2_ws/src/install/ros2_python_tutorial/lib/ros2_python_tutorial
[2.297s] Installing toggle_led_client script to /home/jewoo/ros2_ws/src/install/ros2_python_tutorial/lib/ros2_python_tutorial
[2.297s] Installing toggle_led_service script to /home/jewoo/ros2_ws/src/install/ros2_python_tutorial/lib/ros2_python_tutorial
[2.297s] 
[2.298s] Installed /home/jewoo/ros2_ws/src/build/ros2_python_tutorial
[2.298s] running symlink_data
[2.347s] Invoked command in '/home/jewoo/ros2_ws/src/build/ros2_python_tutorial' returned '0': PYTHONPATH=/home/jewoo/ros2_ws/src/build/ros2_python_tutorial/prefix_override:/usr/lib/python3/dist-packages/colcon_core/task/python/colcon_distutils_commands:/home/jewoo/ros2_ws/src/install/ros2_python_tutorial/lib/python3.10/site-packages:${PYTHONPATH} /usr/bin/python3 -W ignore:setup.py install is deprecated setup.py develop --editable --build-directory /home/jewoo/ros2_ws/src/build/ros2_python_tutorial/build --no-deps symlink_data
