[0.000000] (-) TimerEvent: {}
[0.000208] (ros2_interfaces_tutorial) JobQueued: {'identifier': 'ros2_interfaces_tutorial', 'dependencies': OrderedDict()}
[0.000339] (ros2_python_tutorial) JobQueued: {'identifier': 'ros2_python_tutorial', 'dependencies': OrderedDict()}
[0.000435] (ros2_cpp_tutorial) JobQueued: {'identifier': 'ros2_cpp_tutorial', 'dependencies': OrderedDict([('ros2_interfaces_tutorial', '/home/jewoo/ros2_ws/install/ros2_interfaces_tutorial')])}
[0.000591] (ros2_interfaces_tutorial) JobStarted: {'identifier': 'ros2_interfaces_tutorial'}
[0.010911] (ros2_python_tutorial) JobStarted: {'identifier': 'ros2_python_tutorial'}
[0.025360] (ros2_interfaces_tutorial) JobProgress: {'identifier': 'ros2_interfaces_tutorial', 'progress': 'cmake'}
[0.026444] (ros2_interfaces_tutorial) JobProgress: {'identifier': 'ros2_interfaces_tutorial', 'progress': 'build'}
[0.027516] (ros2_interfaces_tutorial) Command: {'cmd': ['/usr/bin/cmake', '--build', '/home/jewoo/ros2_ws/build/ros2_interfaces_tutorial', '--', '-j12', '-l12'], 'cwd': '/home/jewoo/ros2_ws/build/ros2_interfaces_tutorial', 'env': OrderedDict([('GJS_DEBUG_TOPICS', 'JS ERROR;JS LOG'), ('LESSOPEN', '| /usr/bin/lesspipe %s'), ('VSCODE_CWD', '/home/jewoo'), ('LANGUAGE', 'ko:en'), ('USER', 'jewoo'), ('SNAP_COMMON', '/var/snap/code/common'), ('LC_TIME', 'ko_KR.UTF-8'), ('VSCODE_NLS_CONFIG', '{"userLocale":"ko","osLocale":"ko","resolvedLanguage":"en","defaultMessagesFile":"/snap/code/172/usr/share/code/resources/app/out/nls.messages.json","locale":"ko","availableLanguages":{}}'), ('GIO_MODULE_DIR', '/home/jewoo/snap/code/common/.cache/gio-modules'), ('VSCODE_HANDLES_UNCAUGHT_ERRORS', 'true'), ('XDG_SESSION_TYPE', 'x11'), ('GTK_EXE_PREFIX_VSCODE_SNAP_ORIG', ''), ('GDK_BACKEND_VSCODE_SNAP_ORIG', ''), ('SNAP_UID', '1000'), ('SHLVL', '0'), ('LD_LIBRARY_PATH', '/home/jewoo/ros2_ws/install/ros2_interfaces_tutorial/lib:/opt/ros/humble/opt/rviz_ogre_vendor/lib:/opt/ros/humble/lib/x86_64-linux-gnu:/opt/ros/humble/lib:/home/jewoo/ros2_ws/install/tutorial_interface/lib:/usr/lib/x86_64-linux-gnu:'), ('HOME', '/home/jewoo'), ('CHROME_DESKTOP', 'code-url-handler.desktop'), ('SNAP_LIBRARY_PATH', '/var/lib/snapd/lib/gl:/var/lib/snapd/lib/gl32:/var/lib/snapd/void'), ('LOCPATH_VSCODE_SNAP_ORIG', ''), ('TERM_PROGRAM_VERSION', '1.94.2'), ('DESKTOP_SESSION', 'ubuntu'), ('SNAP_USER_DATA', '/home/jewoo/snap/code/172'), ('GTK_PATH', '/snap/code/172/usr/lib/x86_64-linux-gnu/gtk-3.0'), ('VSCODE_IPC_HOOK', '/run/user/1000/vscode-c8a6cc9a-1.94-main.sock'), ('GTK_IM_MODULE_FILE', '/home/jewoo/snap/code/common/.cache/immodules/immodules.cache'), ('GIO_LAUNCHED_DESKTOP_FILE', '/var/lib/snapd/desktop/applications/code_code.desktop'), ('APPLICATION_INSIGHTS_NO_DIAGNOSTIC_CHANNEL', '1'), ('ROS_PYTHON_VERSION', '3'), ('GNOME_SHELL_SESSION_MODE', 'ubuntu'), ('GTK_MODULES', 'gail:atk-bridge'), ('GSETTINGS_SCHEMA_DIR_VSCODE_SNAP_ORIG', ''), ('LC_MONETARY', 'ko_KR.UTF-8'), ('MANAGERPID', '1002'), ('SYSTEMD_EXEC_PID', '1565'), ('DBUS_SESSION_BUS_ADDRESS', 'unix:path=/run/user/1000/bus'), ('SNAP_REVISION', '172'), ('COLORTERM', 'truecolor'), ('GIO_LAUNCHED_DESKTOP_FILE_PID', '9547'), ('_colcon_cd_root', '/opt/ros/humble/'), ('VSCODE_CRASH_REPORTER_PROCESS_TYPE', 'extensionHost'), ('IM_CONFIG_PHASE', '1'), ('VSCODE_L10N_BUNDLE_LOCATION', ''), ('COLCON_PREFIX_PATH', '/home/jewoo/ros2_ws/install'), ('ROS_DISTRO', 'humble'), ('GTK_IM_MODULE', 'ibus'), ('LOGNAME', 'jewoo'), ('_', '/usr/bin/colcon'), ('SNAP_CONTEXT', 'W-QB9fLAu5WdpjVnIpsu6mTwo8l3HaXd8SiYcr_Q7JKZzAJNKDmt'), ('SUMO_HOME', '/usr/share/sumo'), ('JOURNAL_STREAM', '8:10736'), ('ROS_VERSION', '2'), ('XDG_CONFIG_DIRS_VSCODE_SNAP_ORIG', '/etc/xdg/xdg-ubuntu:/etc/xdg'), ('XDG_SESSION_CLASS', 'user'), ('SNAP_VERSION', '384ff738'), ('XDG_DATA_DIRS_VSCODE_SNAP_ORIG', '/usr/share/ubuntu:/usr/share/gnome:/usr/local/share/:/usr/share/:/var/lib/snapd/desktop'), ('USERNAME', 'jewoo'), ('TERM', 'xterm-256color'), ('GNOME_DESKTOP_SESSION_ID', 'this-is-deprecated'), ('SNAP_INSTANCE_NAME', 'code'), ('ROS_LOCALHOST_ONLY', '0'), ('WINDOWPATH', '2'), ('PATH', '/home/jewoo/.local/bin:/opt/ros/humble/bin:/home/jewoo/.local/bin:/home/jewoo/.local/bin:/home/jewoo/anaconda3/bin:/home/jewoo/anaconda3/condabin:/home/jewoo/.local/bin:/usr/local/sbin:/usr/local/bin:/usr/sbin:/usr/bin:/sbin:/bin:/usr/games:/usr/local/games:/snap/bin:/snap/bin'), ('SESSION_MANAGER', 'local/jewoo-System-Product-Name:@/tmp/.ICE-unix/1505,unix/jewoo-System-Product-Name:/tmp/.ICE-unix/1505'), ('VSCODE_AMD_ENTRYPOINT', 'vs/workbench/api/node/extensionHostProcess'), ('GTK_EXE_PREFIX', '/snap/code/172/usr'), ('INVOCATION_ID', '605e65c35052471c9b3b30b84372df85'), ('PAPERSIZE', 'a4'), ('XDG_MENU_PREFIX', 'gnome-'), ('LC_ADDRESS', 'ko_KR.UTF-8'), ('BAMF_DESKTOP_FILE_HINT', '/var/lib/snapd/desktop/applications/code_code.desktop'), ('SNAP_DATA', '/var/snap/code/172'), ('XDG_RUNTIME_DIR', '/run/user/1000'), ('GDK_BACKEND', 'x11'), ('DISPLAY', ':0'), ('LOCPATH', '/snap/code/172/usr/lib/locale'), ('LANG', 'ko_KR.UTF-8'), ('XDG_CURRENT_DESKTOP', 'Unity'), ('LC_TELEPHONE', 'ko_KR.UTF-8'), ('GIO_MODULE_DIR_VSCODE_SNAP_ORIG', ''), ('XMODIFIERS', '@im=ibus'), ('XDG_SESSION_DESKTOP', 'ubuntu'), ('XAUTHORITY', '/run/user/1000/gdm/Xauthority'), ('LS_COLORS', ''), ('TERM_PROGRAM', 'vscode'), ('SSH_AGENT_LAUNCHER', 'gnome-keyring'), ('SNAP_USER_COMMON', '/home/jewoo/snap/code/common'), ('SSH_AUTH_SOCK', '/run/user/1000/keyring/ssh'), ('GSETTINGS_SCHEMA_DIR', '/home/jewoo/snap/code/172/.local/share/glib-2.0/schemas'), ('SNAP_ARCH', 'amd64'), ('AMENT_PREFIX_PATH', '/home/jewoo/ros2_ws/install/ros2_interfaces_tutorial:/opt/ros/humble:/home/jewoo/ros2_ws/install/tutorial_interface:/home/jewoo/ros2_ws/install/ros2_python_tutorial:/home/jewoo/ros2_ws/install/ros2_cpp_tutorial'), ('SNAP_COOKIE', 'W-QB9fLAu5WdpjVnIpsu6mTwo8l3HaXd8SiYcr_Q7JKZzAJNKDmt'), ('ORIGINAL_XDG_CURRENT_DESKTOP', 'ubuntu:GNOME'), ('SHELL', '/bin/bash'), ('LC_NAME', 'ko_KR.UTF-8'), ('GDK_PIXBUF_MODULEDIR', '/snap/code/172/usr/lib/x86_64-linux-gnu/gdk-pixbuf-2.0/2.10.0/loaders'), ('QT_ACCESSIBILITY', '1'), ('ELECTRON_RUN_AS_NODE', '1'), ('GDMSESSION', 'ubuntu'), ('LESSCLOSE', '/usr/bin/lesspipe %s %s'), ('GTK_PATH_VSCODE_SNAP_ORIG', ''), ('SNAP_NAME', 'code'), ('GTK_IM_MODULE_FILE_VSCODE_SNAP_ORIG', ''), ('LC_MEASUREMENT', 'ko_KR.UTF-8'), ('GDK_PIXBUF_MODULE_FILE', '/home/jewoo/snap/code/common/.cache/gdk-pixbuf-loaders.cache'), ('GPG_AGENT_INFO', '/run/user/1000/gnupg/S.gpg-agent:0:1'), ('GJS_DEBUG_OUTPUT', 'stderr'), ('LC_IDENTIFICATION', 'ko_KR.UTF-8'), ('SNAP_LAUNCHER_ARCH_TRIPLET', 'x86_64-linux-gnu'), ('QT_IM_MODULE', 'ibus'), ('PWD', '/home/jewoo/ros2_ws/build/ros2_interfaces_tutorial'), ('VSCODE_CLI', '1'), ('LC_ALL', 'en_US.UTF-8'), ('XDG_CONFIG_DIRS', '/etc/xdg/xdg-ubuntu:/etc/xdg'), ('SNAP_REAL_HOME', '/home/jewoo'), ('VSCODE_CODE_CACHE_PATH', '/home/jewoo/.config/Code/CachedData/384ff7382de624fb94dbaf6da11977bba1ecd427'), ('XDG_DATA_DIRS', '/home/jewoo/snap/code/172/.local/share:/home/jewoo/snap/code/172:/snap/code/172/usr/share:/usr/share/ubuntu:/usr/share/gnome:/usr/local/share/:/usr/share/:/var/lib/snapd/desktop'), ('SNAP_EUID', '1000'), ('PYTHONPATH', '/home/jewoo/ros2_ws/install/ros2_interfaces_tutorial/local/lib/python3.10/dist-packages:/opt/ros/humble/lib/python3.10/site-packages:/opt/ros/humble/local/lib/python3.10/dist-packages:/home/jewoo/ros2_ws/install/tutorial_interface/local/lib/python3.10/dist-packages:/home/jewoo/ros2_ws/build/ros2_python_tutorial:/home/jewoo/ros2_ws/install/ros2_python_tutorial/lib/python3.10/site-packages'), ('SNAP', '/snap/code/172'), ('LC_NUMERIC', 'ko_KR.UTF-8'), ('LC_PAPER', 'ko_KR.UTF-8'), ('COLCON', '1'), ('ELECTRON_NO_ATTACH_CONSOLE', '1'), ('CMAKE_PREFIX_PATH', '/home/jewoo/ros2_ws/install/ros2_interfaces_tutorial:/home/jewoo/ros2_ws/install/tutorial_interface:/home/jewoo/ros2_ws/install/ros2_cpp_tutorial:/opt/ros/humble:/home/jewoo/ros2_ws/install/ros2_python_tutorial'), ('VSCODE_PID', '9594')]), 'shell': False}
[0.098835] (-) TimerEvent: {}
[0.122788] (ros2_interfaces_tutorial) StdoutLine: {'line': b'[  2%] Built target ros2_interfaces_tutorial__cpp\n'}
[0.123727] (ros2_interfaces_tutorial) StdoutLine: {'line': b'[ 12%] Built target ros2_interfaces_tutorial__rosidl_generator_c\n'}
[0.142299] (ros2_interfaces_tutorial) StdoutLine: {'line': b'[ 12%] Built target ament_cmake_python_symlink_ros2_interfaces_tutorial\n'}
[0.176518] (ros2_interfaces_tutorial) StdoutLine: {'line': b'[ 23%] Built target ros2_interfaces_tutorial__rosidl_typesupport_cpp\n'}
[0.178196] (ros2_interfaces_tutorial) StdoutLine: {'line': b'[ 34%] Built target ros2_interfaces_tutorial__rosidl_typesupport_fastrtps_cpp\n'}
[0.181266] (ros2_interfaces_tutorial) StdoutLine: {'line': b'[ 44%] Built target ros2_interfaces_tutorial__rosidl_typesupport_introspection_cpp\n'}
[0.194627] (ros2_interfaces_tutorial) StdoutLine: {'line': b'[ 55%] Built target ros2_interfaces_tutorial__rosidl_typesupport_introspection_c\n'}
[0.196946] (ros2_interfaces_tutorial) StdoutLine: {'line': b'[ 65%] Built target ros2_interfaces_tutorial__rosidl_typesupport_c\n'}
[0.198939] (-) TimerEvent: {}
[0.202462] (ros2_interfaces_tutorial) StdoutLine: {'line': b'[ 76%] Built target ros2_interfaces_tutorial__rosidl_typesupport_fastrtps_c\n'}
[0.242661] (ros2_interfaces_tutorial) StdoutLine: {'line': b'[ 76%] Built target ros2_interfaces_tutorial\n'}
[0.281430] (ros2_interfaces_tutorial) StdoutLine: {'line': b'[ 78%] Built target ros2_interfaces_tutorial__py\n'}
[0.299062] (-) TimerEvent: {}
[0.322369] (ros2_interfaces_tutorial) StdoutLine: {'line': b'[ 87%] Built target ros2_interfaces_tutorial__rosidl_generator_py\n'}
[0.361720] (ros2_interfaces_tutorial) StdoutLine: {'line': b'[ 91%] Built target ros2_interfaces_tutorial__rosidl_typesupport_fastrtps_c__pyext\n'}
[0.363269] (ros2_interfaces_tutorial) StdoutLine: {'line': b'[ 95%] Built target ros2_interfaces_tutorial__rosidl_typesupport_c__pyext\n'}
[0.365717] (ros2_interfaces_tutorial) StdoutLine: {'line': b'[100%] Built target ros2_interfaces_tutorial__rosidl_typesupport_introspection_c__pyext\n'}
[0.399206] (-) TimerEvent: {}
[0.499693] (-) TimerEvent: {}
[0.600002] (-) TimerEvent: {}
[0.650855] (ros2_interfaces_tutorial) StdoutLine: {'line': b'running egg_info\n'}
[0.652036] (ros2_interfaces_tutorial) StdoutLine: {'line': b'writing ros2_interfaces_tutorial.egg-info/PKG-INFO\n'}
[0.652336] (ros2_interfaces_tutorial) StdoutLine: {'line': b'writing dependency_links to ros2_interfaces_tutorial.egg-info/dependency_links.txt\n'}
[0.652597] (ros2_interfaces_tutorial) StdoutLine: {'line': b'writing top-level names to ros2_interfaces_tutorial.egg-info/top_level.txt\n'}
[0.656452] (ros2_interfaces_tutorial) StdoutLine: {'line': b"reading manifest file 'ros2_interfaces_tutorial.egg-info/SOURCES.txt'\n"}
[0.657615] (ros2_interfaces_tutorial) StdoutLine: {'line': b"writing manifest file 'ros2_interfaces_tutorial.egg-info/SOURCES.txt'\n"}
[0.699190] (ros2_interfaces_tutorial) StdoutLine: {'line': b'[100%] Built target ament_cmake_python_build_ros2_interfaces_tutorial_egg\n'}
[0.700128] (-) TimerEvent: {}
[0.719455] (ros2_interfaces_tutorial) CommandEnded: {'returncode': 0}
[0.800186] (-) TimerEvent: {}
[0.900504] (-) TimerEvent: {}
[0.902418] (ros2_interfaces_tutorial) JobProgress: {'identifier': 'ros2_interfaces_tutorial', 'progress': 'install'}
[0.917944] (ros2_interfaces_tutorial) Command: {'cmd': ['/usr/bin/cmake', '--install', '/home/jewoo/ros2_ws/build/ros2_interfaces_tutorial'], 'cwd': '/home/jewoo/ros2_ws/build/ros2_interfaces_tutorial', 'env': OrderedDict([('GJS_DEBUG_TOPICS', 'JS ERROR;JS LOG'), ('LESSOPEN', '| /usr/bin/lesspipe %s'), ('VSCODE_CWD', '/home/jewoo'), ('LANGUAGE', 'ko:en'), ('USER', 'jewoo'), ('SNAP_COMMON', '/var/snap/code/common'), ('LC_TIME', 'ko_KR.UTF-8'), ('VSCODE_NLS_CONFIG', '{"userLocale":"ko","osLocale":"ko","resolvedLanguage":"en","defaultMessagesFile":"/snap/code/172/usr/share/code/resources/app/out/nls.messages.json","locale":"ko","availableLanguages":{}}'), ('GIO_MODULE_DIR', '/home/jewoo/snap/code/common/.cache/gio-modules'), ('VSCODE_HANDLES_UNCAUGHT_ERRORS', 'true'), ('XDG_SESSION_TYPE', 'x11'), ('GTK_EXE_PREFIX_VSCODE_SNAP_ORIG', ''), ('GDK_BACKEND_VSCODE_SNAP_ORIG', ''), ('SNAP_UID', '1000'), ('SHLVL', '0'), ('LD_LIBRARY_PATH', '/home/jewoo/ros2_ws/install/ros2_interfaces_tutorial/lib:/opt/ros/humble/opt/rviz_ogre_vendor/lib:/opt/ros/humble/lib/x86_64-linux-gnu:/opt/ros/humble/lib:/home/jewoo/ros2_ws/install/tutorial_interface/lib:/usr/lib/x86_64-linux-gnu:'), ('HOME', '/home/jewoo'), ('CHROME_DESKTOP', 'code-url-handler.desktop'), ('SNAP_LIBRARY_PATH', '/var/lib/snapd/lib/gl:/var/lib/snapd/lib/gl32:/var/lib/snapd/void'), ('LOCPATH_VSCODE_SNAP_ORIG', ''), ('TERM_PROGRAM_VERSION', '1.94.2'), ('DESKTOP_SESSION', 'ubuntu'), ('SNAP_USER_DATA', '/home/jewoo/snap/code/172'), ('GTK_PATH', '/snap/code/172/usr/lib/x86_64-linux-gnu/gtk-3.0'), ('VSCODE_IPC_HOOK', '/run/user/1000/vscode-c8a6cc9a-1.94-main.sock'), ('GTK_IM_MODULE_FILE', '/home/jewoo/snap/code/common/.cache/immodules/immodules.cache'), ('GIO_LAUNCHED_DESKTOP_FILE', '/var/lib/snapd/desktop/applications/code_code.desktop'), ('APPLICATION_INSIGHTS_NO_DIAGNOSTIC_CHANNEL', '1'), ('ROS_PYTHON_VERSION', '3'), ('GNOME_SHELL_SESSION_MODE', 'ubuntu'), ('GTK_MODULES', 'gail:atk-bridge'), ('GSETTINGS_SCHEMA_DIR_VSCODE_SNAP_ORIG', ''), ('LC_MONETARY', 'ko_KR.UTF-8'), ('MANAGERPID', '1002'), ('SYSTEMD_EXEC_PID', '1565'), ('DBUS_SESSION_BUS_ADDRESS', 'unix:path=/run/user/1000/bus'), ('SNAP_REVISION', '172'), ('COLORTERM', 'truecolor'), ('GIO_LAUNCHED_DESKTOP_FILE_PID', '9547'), ('_colcon_cd_root', '/opt/ros/humble/'), ('VSCODE_CRASH_REPORTER_PROCESS_TYPE', 'extensionHost'), ('IM_CONFIG_PHASE', '1'), ('VSCODE_L10N_BUNDLE_LOCATION', ''), ('COLCON_PREFIX_PATH', '/home/jewoo/ros2_ws/install'), ('ROS_DISTRO', 'humble'), ('GTK_IM_MODULE', 'ibus'), ('LOGNAME', 'jewoo'), ('_', '/usr/bin/colcon'), ('SNAP_CONTEXT', 'W-QB9fLAu5WdpjVnIpsu6mTwo8l3HaXd8SiYcr_Q7JKZzAJNKDmt'), ('SUMO_HOME', '/usr/share/sumo'), ('JOURNAL_STREAM', '8:10736'), ('ROS_VERSION', '2'), ('XDG_CONFIG_DIRS_VSCODE_SNAP_ORIG', '/etc/xdg/xdg-ubuntu:/etc/xdg'), ('XDG_SESSION_CLASS', 'user'), ('SNAP_VERSION', '384ff738'), ('XDG_DATA_DIRS_VSCODE_SNAP_ORIG', '/usr/share/ubuntu:/usr/share/gnome:/usr/local/share/:/usr/share/:/var/lib/snapd/desktop'), ('USERNAME', 'jewoo'), ('TERM', 'xterm-256color'), ('GNOME_DESKTOP_SESSION_ID', 'this-is-deprecated'), ('SNAP_INSTANCE_NAME', 'code'), ('ROS_LOCALHOST_ONLY', '0'), ('WINDOWPATH', '2'), ('PATH', '/home/jewoo/.local/bin:/opt/ros/humble/bin:/home/jewoo/.local/bin:/home/jewoo/.local/bin:/home/jewoo/anaconda3/bin:/home/jewoo/anaconda3/condabin:/home/jewoo/.local/bin:/usr/local/sbin:/usr/local/bin:/usr/sbin:/usr/bin:/sbin:/bin:/usr/games:/usr/local/games:/snap/bin:/snap/bin'), ('SESSION_MANAGER', 'local/jewoo-System-Product-Name:@/tmp/.ICE-unix/1505,unix/jewoo-System-Product-Name:/tmp/.ICE-unix/1505'), ('VSCODE_AMD_ENTRYPOINT', 'vs/workbench/api/node/extensionHostProcess'), ('GTK_EXE_PREFIX', '/snap/code/172/usr'), ('INVOCATION_ID', '605e65c35052471c9b3b30b84372df85'), ('PAPERSIZE', 'a4'), ('XDG_MENU_PREFIX', 'gnome-'), ('LC_ADDRESS', 'ko_KR.UTF-8'), ('BAMF_DESKTOP_FILE_HINT', '/var/lib/snapd/desktop/applications/code_code.desktop'), ('SNAP_DATA', '/var/snap/code/172'), ('XDG_RUNTIME_DIR', '/run/user/1000'), ('GDK_BACKEND', 'x11'), ('DISPLAY', ':0'), ('LOCPATH', '/snap/code/172/usr/lib/locale'), ('LANG', 'ko_KR.UTF-8'), ('XDG_CURRENT_DESKTOP', 'Unity'), ('LC_TELEPHONE', 'ko_KR.UTF-8'), ('GIO_MODULE_DIR_VSCODE_SNAP_ORIG', ''), ('XMODIFIERS', '@im=ibus'), ('XDG_SESSION_DESKTOP', 'ubuntu'), ('XAUTHORITY', '/run/user/1000/gdm/Xauthority'), ('LS_COLORS', ''), ('TERM_PROGRAM', 'vscode'), ('SSH_AGENT_LAUNCHER', 'gnome-keyring'), ('SNAP_USER_COMMON', '/home/jewoo/snap/code/common'), ('SSH_AUTH_SOCK', '/run/user/1000/keyring/ssh'), ('GSETTINGS_SCHEMA_DIR', '/home/jewoo/snap/code/172/.local/share/glib-2.0/schemas'), ('SNAP_ARCH', 'amd64'), ('AMENT_PREFIX_PATH', '/home/jewoo/ros2_ws/install/ros2_interfaces_tutorial:/opt/ros/humble:/home/jewoo/ros2_ws/install/tutorial_interface:/home/jewoo/ros2_ws/install/ros2_python_tutorial:/home/jewoo/ros2_ws/install/ros2_cpp_tutorial'), ('SNAP_COOKIE', 'W-QB9fLAu5WdpjVnIpsu6mTwo8l3HaXd8SiYcr_Q7JKZzAJNKDmt'), ('ORIGINAL_XDG_CURRENT_DESKTOP', 'ubuntu:GNOME'), ('SHELL', '/bin/bash'), ('LC_NAME', 'ko_KR.UTF-8'), ('GDK_PIXBUF_MODULEDIR', '/snap/code/172/usr/lib/x86_64-linux-gnu/gdk-pixbuf-2.0/2.10.0/loaders'), ('QT_ACCESSIBILITY', '1'), ('ELECTRON_RUN_AS_NODE', '1'), ('GDMSESSION', 'ubuntu'), ('LESSCLOSE', '/usr/bin/lesspipe %s %s'), ('GTK_PATH_VSCODE_SNAP_ORIG', ''), ('SNAP_NAME', 'code'), ('GTK_IM_MODULE_FILE_VSCODE_SNAP_ORIG', ''), ('LC_MEASUREMENT', 'ko_KR.UTF-8'), ('GDK_PIXBUF_MODULE_FILE', '/home/jewoo/snap/code/common/.cache/gdk-pixbuf-loaders.cache'), ('GPG_AGENT_INFO', '/run/user/1000/gnupg/S.gpg-agent:0:1'), ('GJS_DEBUG_OUTPUT', 'stderr'), ('LC_IDENTIFICATION', 'ko_KR.UTF-8'), ('SNAP_LAUNCHER_ARCH_TRIPLET', 'x86_64-linux-gnu'), ('QT_IM_MODULE', 'ibus'), ('PWD', '/home/jewoo/ros2_ws/build/ros2_interfaces_tutorial'), ('VSCODE_CLI', '1'), ('LC_ALL', 'en_US.UTF-8'), ('XDG_CONFIG_DIRS', '/etc/xdg/xdg-ubuntu:/etc/xdg'), ('SNAP_REAL_HOME', '/home/jewoo'), ('VSCODE_CODE_CACHE_PATH', '/home/jewoo/.config/Code/CachedData/384ff7382de624fb94dbaf6da11977bba1ecd427'), ('XDG_DATA_DIRS', '/home/jewoo/snap/code/172/.local/share:/home/jewoo/snap/code/172:/snap/code/172/usr/share:/usr/share/ubuntu:/usr/share/gnome:/usr/local/share/:/usr/share/:/var/lib/snapd/desktop'), ('SNAP_EUID', '1000'), ('PYTHONPATH', '/home/jewoo/ros2_ws/install/ros2_interfaces_tutorial/local/lib/python3.10/dist-packages:/opt/ros/humble/lib/python3.10/site-packages:/opt/ros/humble/local/lib/python3.10/dist-packages:/home/jewoo/ros2_ws/install/tutorial_interface/local/lib/python3.10/dist-packages:/home/jewoo/ros2_ws/build/ros2_python_tutorial:/home/jewoo/ros2_ws/install/ros2_python_tutorial/lib/python3.10/site-packages'), ('SNAP', '/snap/code/172'), ('LC_NUMERIC', 'ko_KR.UTF-8'), ('LC_PAPER', 'ko_KR.UTF-8'), ('COLCON', '1'), ('ELECTRON_NO_ATTACH_CONSOLE', '1'), ('CMAKE_PREFIX_PATH', '/home/jewoo/ros2_ws/install/ros2_interfaces_tutorial:/home/jewoo/ros2_ws/install/tutorial_interface:/home/jewoo/ros2_ws/install/ros2_cpp_tutorial:/opt/ros/humble:/home/jewoo/ros2_ws/install/ros2_python_tutorial'), ('VSCODE_PID', '9594')]), 'shell': False}
[0.932308] (ros2_interfaces_tutorial) StdoutLine: {'line': b'-- Install configuration: "RelWithDebInfo"\n'}
[0.933257] (ros2_interfaces_tutorial) StdoutLine: {'line': b'-- Execute custom install script\n'}
[0.933683] (ros2_interfaces_tutorial) StdoutLine: {'line': b'-- Up-to-date symlink: /home/jewoo/ros2_ws/install/ros2_interfaces_tutorial/share/ament_index/resource_index/rosidl_interfaces/ros2_interfaces_tutorial\n'}
[0.934724] (ros2_interfaces_tutorial) StdoutLine: {'line': b'-- Up-to-date symlink: /home/jewoo/ros2_ws/install/ros2_interfaces_tutorial/include/ros2_interfaces_tutorial/ros2_interfaces_tutorial/msg/detail/sphere__functions.h\n'}
[0.935000] (ros2_interfaces_tutorial) StdoutLine: {'line': b'-- Up-to-date symlink: /home/jewoo/ros2_ws/install/ros2_interfaces_tutorial/include/ros2_interfaces_tutorial/ros2_interfaces_tutorial/msg/detail/sphere__struct.h\n'}
[0.935301] (ros2_interfaces_tutorial) StdoutLine: {'line': b'-- Up-to-date symlink: /home/jewoo/ros2_ws/install/ros2_interfaces_tutorial/include/ros2_interfaces_tutorial/ros2_interfaces_tutorial/msg/detail/sphere__type_support.h\n'}
[0.935612] (ros2_interfaces_tutorial) StdoutLine: {'line': b'-- Up-to-date symlink: /home/jewoo/ros2_ws/install/ros2_interfaces_tutorial/include/ros2_interfaces_tutorial/ros2_interfaces_tutorial/msg/detail/spheres__functions.h\n'}
[0.935883] (ros2_interfaces_tutorial) StdoutLine: {'line': b'-- Up-to-date symlink: /home/jewoo/ros2_ws/install/ros2_interfaces_tutorial/include/ros2_interfaces_tutorial/ros2_interfaces_tutorial/msg/detail/spheres__struct.h\n'}
[0.936093] (ros2_interfaces_tutorial) StdoutLine: {'line': b'-- Up-to-date symlink: /home/jewoo/ros2_ws/install/ros2_interfaces_tutorial/include/ros2_interfaces_tutorial/ros2_interfaces_tutorial/msg/detail/spheres__type_support.h\n'}
[0.936342] (ros2_interfaces_tutorial) StdoutLine: {'line': b'-- Up-to-date symlink: /home/jewoo/ros2_ws/install/ros2_interfaces_tutorial/include/ros2_interfaces_tutorial/ros2_interfaces_tutorial/msg/rosidl_generator_c__visibility_control.h\n'}
[0.936573] (ros2_interfaces_tutorial) StdoutLine: {'line': b'-- Up-to-date symlink: /home/jewoo/ros2_ws/install/ros2_interfaces_tutorial/include/ros2_interfaces_tutorial/ros2_interfaces_tutorial/msg/sphere.h\n'}
[0.936785] (ros2_interfaces_tutorial) StdoutLine: {'line': b'-- Up-to-date symlink: /home/jewoo/ros2_ws/install/ros2_interfaces_tutorial/include/ros2_interfaces_tutorial/ros2_interfaces_tutorial/msg/spheres.h\n'}
[0.937040] (ros2_interfaces_tutorial) StdoutLine: {'line': b'-- Up-to-date symlink: /home/jewoo/ros2_ws/install/ros2_interfaces_tutorial/include/ros2_interfaces_tutorial/ros2_interfaces_tutorial/srv/add_three_ints.h\n'}
[0.937353] (ros2_interfaces_tutorial) StdoutLine: {'line': b'-- Up-to-date symlink: /home/jewoo/ros2_ws/install/ros2_interfaces_tutorial/include/ros2_interfaces_tutorial/ros2_interfaces_tutorial/srv/detail/add_three_ints__functions.h\n'}
[0.937608] (ros2_interfaces_tutorial) StdoutLine: {'line': b'-- Up-to-date symlink: /home/jewoo/ros2_ws/install/ros2_interfaces_tutorial/include/ros2_interfaces_tutorial/ros2_interfaces_tutorial/srv/detail/add_three_ints__struct.h\n'}
[0.937870] (ros2_interfaces_tutorial) StdoutLine: {'line': b'-- Up-to-date symlink: /home/jewoo/ros2_ws/install/ros2_interfaces_tutorial/include/ros2_interfaces_tutorial/ros2_interfaces_tutorial/srv/detail/add_three_ints__type_support.h\n'}
[0.938331] (ros2_interfaces_tutorial) StdoutLine: {'line': b'-- Up-to-date symlink: /home/jewoo/ros2_ws/install/ros2_interfaces_tutorial/share/ros2_interfaces_tutorial/environment/library_path.sh\n'}
[0.938670] (ros2_interfaces_tutorial) StdoutLine: {'line': b'-- Up-to-date symlink: /home/jewoo/ros2_ws/install/ros2_interfaces_tutorial/share/ros2_interfaces_tutorial/environment/library_path.dsv\n'}
[0.940333] (ros2_interfaces_tutorial) StdoutLine: {'line': b'-- Up-to-date symlink: /home/jewoo/ros2_ws/install/ros2_interfaces_tutorial/include/ros2_interfaces_tutorial/ros2_interfaces_tutorial/msg/detail/sphere__rosidl_typesupport_fastrtps_c.h\n'}
[0.940642] (ros2_interfaces_tutorial) StdoutLine: {'line': b'-- Up-to-date symlink: /home/jewoo/ros2_ws/install/ros2_interfaces_tutorial/include/ros2_interfaces_tutorial/ros2_interfaces_tutorial/msg/detail/spheres__rosidl_typesupport_fastrtps_c.h\n'}
[0.940902] (ros2_interfaces_tutorial) StdoutLine: {'line': b'-- Up-to-date symlink: /home/jewoo/ros2_ws/install/ros2_interfaces_tutorial/include/ros2_interfaces_tutorial/ros2_interfaces_tutorial/msg/rosidl_typesupport_fastrtps_c__visibility_control.h\n'}
[0.941249] (ros2_interfaces_tutorial) StdoutLine: {'line': b'-- Up-to-date symlink: /home/jewoo/ros2_ws/install/ros2_interfaces_tutorial/include/ros2_interfaces_tutorial/ros2_interfaces_tutorial/srv/detail/add_three_ints__rosidl_typesupport_fastrtps_c.h\n'}
[0.942152] (ros2_interfaces_tutorial) StdoutLine: {'line': b'-- Up-to-date symlink: /home/jewoo/ros2_ws/install/ros2_interfaces_tutorial/include/ros2_interfaces_tutorial/ros2_interfaces_tutorial/msg/detail/sphere__builder.hpp\n'}
[0.942435] (ros2_interfaces_tutorial) StdoutLine: {'line': b'-- Up-to-date symlink: /home/jewoo/ros2_ws/install/ros2_interfaces_tutorial/include/ros2_interfaces_tutorial/ros2_interfaces_tutorial/msg/detail/sphere__struct.hpp\n'}
[0.942691] (ros2_interfaces_tutorial) StdoutLine: {'line': b'-- Up-to-date symlink: /home/jewoo/ros2_ws/install/ros2_interfaces_tutorial/include/ros2_interfaces_tutorial/ros2_interfaces_tutorial/msg/detail/sphere__traits.hpp\n'}
[0.942954] (ros2_interfaces_tutorial) StdoutLine: {'line': b'-- Up-to-date symlink: /home/jewoo/ros2_ws/install/ros2_interfaces_tutorial/include/ros2_interfaces_tutorial/ros2_interfaces_tutorial/msg/detail/spheres__builder.hpp\n'}
[0.943153] (ros2_interfaces_tutorial) StdoutLine: {'line': b'-- Up-to-date symlink: /home/jewoo/ros2_ws/install/ros2_interfaces_tutorial/include/ros2_interfaces_tutorial/ros2_interfaces_tutorial/msg/detail/spheres__struct.hpp\n'}
[0.943350] (ros2_interfaces_tutorial) StdoutLine: {'line': b'-- Up-to-date symlink: /home/jewoo/ros2_ws/install/ros2_interfaces_tutorial/include/ros2_interfaces_tutorial/ros2_interfaces_tutorial/msg/detail/spheres__traits.hpp\n'}
[0.943569] (ros2_interfaces_tutorial) StdoutLine: {'line': b'-- Up-to-date symlink: /home/jewoo/ros2_ws/install/ros2_interfaces_tutorial/include/ros2_interfaces_tutorial/ros2_interfaces_tutorial/msg/sphere.hpp\n'}
[0.943794] (ros2_interfaces_tutorial) StdoutLine: {'line': b'-- Up-to-date symlink: /home/jewoo/ros2_ws/install/ros2_interfaces_tutorial/include/ros2_interfaces_tutorial/ros2_interfaces_tutorial/msg/spheres.hpp\n'}
[0.944070] (ros2_interfaces_tutorial) StdoutLine: {'line': b'-- Up-to-date symlink: /home/jewoo/ros2_ws/install/ros2_interfaces_tutorial/include/ros2_interfaces_tutorial/ros2_interfaces_tutorial/srv/add_three_ints.hpp\n'}
[0.944415] (ros2_interfaces_tutorial) StdoutLine: {'line': b'-- Up-to-date symlink: /home/jewoo/ros2_ws/install/ros2_interfaces_tutorial/include/ros2_interfaces_tutorial/ros2_interfaces_tutorial/srv/detail/add_three_ints__builder.hpp\n'}
[0.944727] (ros2_interfaces_tutorial) StdoutLine: {'line': b'-- Up-to-date symlink: /home/jewoo/ros2_ws/install/ros2_interfaces_tutorial/include/ros2_interfaces_tutorial/ros2_interfaces_tutorial/srv/detail/add_three_ints__struct.hpp\n'}
[0.944993] (ros2_interfaces_tutorial) StdoutLine: {'line': b'-- Up-to-date symlink: /home/jewoo/ros2_ws/install/ros2_interfaces_tutorial/include/ros2_interfaces_tutorial/ros2_interfaces_tutorial/srv/detail/add_three_ints__traits.hpp\n'}
[0.946612] (ros2_interfaces_tutorial) StdoutLine: {'line': b'-- Up-to-date symlink: /home/jewoo/ros2_ws/install/ros2_interfaces_tutorial/include/ros2_interfaces_tutorial/ros2_interfaces_tutorial/msg/detail/sphere__rosidl_typesupport_fastrtps_cpp.hpp\n'}
[0.946951] (ros2_interfaces_tutorial) StdoutLine: {'line': b'-- Up-to-date symlink: /home/jewoo/ros2_ws/install/ros2_interfaces_tutorial/include/ros2_interfaces_tutorial/ros2_interfaces_tutorial/msg/detail/spheres__rosidl_typesupport_fastrtps_cpp.hpp\n'}
[0.947238] (ros2_interfaces_tutorial) StdoutLine: {'line': b'-- Up-to-date symlink: /home/jewoo/ros2_ws/install/ros2_interfaces_tutorial/include/ros2_interfaces_tutorial/ros2_interfaces_tutorial/msg/rosidl_typesupport_fastrtps_cpp__visibility_control.h\n'}
[0.947516] (ros2_interfaces_tutorial) StdoutLine: {'line': b'-- Up-to-date symlink: /home/jewoo/ros2_ws/install/ros2_interfaces_tutorial/include/ros2_interfaces_tutorial/ros2_interfaces_tutorial/srv/detail/add_three_ints__rosidl_typesupport_fastrtps_cpp.hpp\n'}
[0.948470] (ros2_interfaces_tutorial) StdoutLine: {'line': b'-- Up-to-date symlink: /home/jewoo/ros2_ws/install/ros2_interfaces_tutorial/include/ros2_interfaces_tutorial/ros2_interfaces_tutorial/msg/detail/sphere__rosidl_typesupport_introspection_c.h\n'}
[0.948752] (ros2_interfaces_tutorial) StdoutLine: {'line': b'-- Up-to-date symlink: /home/jewoo/ros2_ws/install/ros2_interfaces_tutorial/include/ros2_interfaces_tutorial/ros2_interfaces_tutorial/msg/detail/spheres__rosidl_typesupport_introspection_c.h\n'}
[0.948945] (ros2_interfaces_tutorial) StdoutLine: {'line': b'-- Up-to-date symlink: /home/jewoo/ros2_ws/install/ros2_interfaces_tutorial/include/ros2_interfaces_tutorial/ros2_interfaces_tutorial/msg/rosidl_typesupport_introspection_c__visibility_control.h\n'}
[0.949250] (ros2_interfaces_tutorial) StdoutLine: {'line': b'-- Up-to-date symlink: /home/jewoo/ros2_ws/install/ros2_interfaces_tutorial/include/ros2_interfaces_tutorial/ros2_interfaces_tutorial/srv/detail/add_three_ints__rosidl_typesupport_introspection_c.h\n'}
[0.949997] (ros2_interfaces_tutorial) StdoutLine: {'line': b'-- Up-to-date symlink: /home/jewoo/ros2_ws/install/ros2_interfaces_tutorial/include/ros2_interfaces_tutorial/ros2_interfaces_tutorial/msg/detail/sphere__rosidl_typesupport_introspection_cpp.hpp\n'}
[0.950309] (ros2_interfaces_tutorial) StdoutLine: {'line': b'-- Up-to-date symlink: /home/jewoo/ros2_ws/install/ros2_interfaces_tutorial/include/ros2_interfaces_tutorial/ros2_interfaces_tutorial/msg/detail/spheres__rosidl_typesupport_introspection_cpp.hpp\n'}
[0.950554] (ros2_interfaces_tutorial) StdoutLine: {'line': b'-- Up-to-date symlink: /home/jewoo/ros2_ws/install/ros2_interfaces_tutorial/include/ros2_interfaces_tutorial/ros2_interfaces_tutorial/srv/detail/add_three_ints__rosidl_typesupport_introspection_cpp.hpp\n'}
[0.950871] (ros2_interfaces_tutorial) StdoutLine: {'line': b'-- Up-to-date symlink: /home/jewoo/ros2_ws/install/ros2_interfaces_tutorial/share/ros2_interfaces_tutorial/environment/pythonpath.sh\n'}
[0.951178] (ros2_interfaces_tutorial) StdoutLine: {'line': b'-- Up-to-date symlink: /home/jewoo/ros2_ws/install/ros2_interfaces_tutorial/share/ros2_interfaces_tutorial/environment/pythonpath.dsv\n'}
[0.951750] (ros2_interfaces_tutorial) StdoutLine: {'line': b'-- Up-to-date symlink: /home/jewoo/ros2_ws/install/ros2_interfaces_tutorial/local/lib/python3.10/dist-packages/ros2_interfaces_tutorial-0.0.0-py3.10.egg-info/PKG-INFO\n'}
[0.952044] (ros2_interfaces_tutorial) StdoutLine: {'line': b'-- Up-to-date symlink: /home/jewoo/ros2_ws/install/ros2_interfaces_tutorial/local/lib/python3.10/dist-packages/ros2_interfaces_tutorial-0.0.0-py3.10.egg-info/SOURCES.txt\n'}
[0.952351] (ros2_interfaces_tutorial) StdoutLine: {'line': b'-- Up-to-date symlink: /home/jewoo/ros2_ws/install/ros2_interfaces_tutorial/local/lib/python3.10/dist-packages/ros2_interfaces_tutorial-0.0.0-py3.10.egg-info/dependency_links.txt\n'}
[0.952656] (ros2_interfaces_tutorial) StdoutLine: {'line': b'-- Up-to-date symlink: /home/jewoo/ros2_ws/install/ros2_interfaces_tutorial/local/lib/python3.10/dist-packages/ros2_interfaces_tutorial-0.0.0-py3.10.egg-info/top_level.txt\n'}
[0.954338] (ros2_interfaces_tutorial) StdoutLine: {'line': b'-- Up-to-date symlink: /home/jewoo/ros2_ws/install/ros2_interfaces_tutorial/local/lib/python3.10/dist-packages/ros2_interfaces_tutorial/__init__.py\n'}
[0.954652] (ros2_interfaces_tutorial) StdoutLine: {'line': b'-- Up-to-date symlink: /home/jewoo/ros2_ws/install/ros2_interfaces_tutorial/local/lib/python3.10/dist-packages/ros2_interfaces_tutorial/_ros2_interfaces_tutorial_s.ep.rosidl_typesupport_c.c\n'}
[0.954891] (ros2_interfaces_tutorial) StdoutLine: {'line': b'-- Up-to-date symlink: /home/jewoo/ros2_ws/install/ros2_interfaces_tutorial/local/lib/python3.10/dist-packages/ros2_interfaces_tutorial/_ros2_interfaces_tutorial_s.ep.rosidl_typesupport_fastrtps_c.c\n'}
[0.955122] (ros2_interfaces_tutorial) StdoutLine: {'line': b'-- Up-to-date symlink: /home/jewoo/ros2_ws/install/ros2_interfaces_tutorial/local/lib/python3.10/dist-packages/ros2_interfaces_tutorial/_ros2_interfaces_tutorial_s.ep.rosidl_typesupport_introspection_c.c\n'}
[0.955365] (ros2_interfaces_tutorial) StdoutLine: {'line': b'-- Up-to-date symlink: /home/jewoo/ros2_ws/install/ros2_interfaces_tutorial/local/lib/python3.10/dist-packages/ros2_interfaces_tutorial/libros2_interfaces_tutorial__rosidl_generator_py.so\n'}
[0.955573] (ros2_interfaces_tutorial) StdoutLine: {'line': b'-- Up-to-date symlink: /home/jewoo/ros2_ws/install/ros2_interfaces_tutorial/local/lib/python3.10/dist-packages/ros2_interfaces_tutorial/msg/__init__.py\n'}
[0.955786] (ros2_interfaces_tutorial) StdoutLine: {'line': b'-- Up-to-date symlink: /home/jewoo/ros2_ws/install/ros2_interfaces_tutorial/local/lib/python3.10/dist-packages/ros2_interfaces_tutorial/msg/_sphere.py\n'}
[0.955962] (ros2_interfaces_tutorial) StdoutLine: {'line': b'-- Up-to-date symlink: /home/jewoo/ros2_ws/install/ros2_interfaces_tutorial/local/lib/python3.10/dist-packages/ros2_interfaces_tutorial/msg/_sphere_s.c\n'}
[0.956183] (ros2_interfaces_tutorial) StdoutLine: {'line': b'-- Up-to-date symlink: /home/jewoo/ros2_ws/install/ros2_interfaces_tutorial/local/lib/python3.10/dist-packages/ros2_interfaces_tutorial/msg/_spheres.py\n'}
[0.956390] (ros2_interfaces_tutorial) StdoutLine: {'line': b'-- Up-to-date symlink: /home/jewoo/ros2_ws/install/ros2_interfaces_tutorial/local/lib/python3.10/dist-packages/ros2_interfaces_tutorial/msg/_spheres_s.c\n'}
[0.956622] (ros2_interfaces_tutorial) StdoutLine: {'line': b'-- Up-to-date symlink: /home/jewoo/ros2_ws/install/ros2_interfaces_tutorial/local/lib/python3.10/dist-packages/ros2_interfaces_tutorial/ros2_interfaces_tutorial_s__rosidl_typesupport_c.cpython-310-x86_64-linux-gnu.so\n'}
[0.956910] (ros2_interfaces_tutorial) StdoutLine: {'line': b'-- Up-to-date symlink: /home/jewoo/ros2_ws/install/ros2_interfaces_tutorial/local/lib/python3.10/dist-packages/ros2_interfaces_tutorial/ros2_interfaces_tutorial_s__rosidl_typesupport_fastrtps_c.cpython-310-x86_64-linux-gnu.so\n'}
[0.957175] (ros2_interfaces_tutorial) StdoutLine: {'line': b'-- Up-to-date symlink: /home/jewoo/ros2_ws/install/ros2_interfaces_tutorial/local/lib/python3.10/dist-packages/ros2_interfaces_tutorial/ros2_interfaces_tutorial_s__rosidl_typesupport_introspection_c.cpython-310-x86_64-linux-gnu.so\n'}
[0.957457] (ros2_interfaces_tutorial) StdoutLine: {'line': b'-- Up-to-date symlink: /home/jewoo/ros2_ws/install/ros2_interfaces_tutorial/local/lib/python3.10/dist-packages/ros2_interfaces_tutorial/srv/__init__.py\n'}
[0.957716] (ros2_interfaces_tutorial) StdoutLine: {'line': b'-- Up-to-date symlink: /home/jewoo/ros2_ws/install/ros2_interfaces_tutorial/local/lib/python3.10/dist-packages/ros2_interfaces_tutorial/srv/_add_three_ints.py\n'}
[0.957947] (ros2_interfaces_tutorial) StdoutLine: {'line': b'-- Up-to-date symlink: /home/jewoo/ros2_ws/install/ros2_interfaces_tutorial/local/lib/python3.10/dist-packages/ros2_interfaces_tutorial/srv/_add_three_ints_s.c\n'}
[0.958173] (ros2_interfaces_tutorial) StdoutLine: {'line': b'-- Up-to-date symlink: /home/jewoo/ros2_ws/install/ros2_interfaces_tutorial/local/lib/python3.10/dist-packages/ros2_interfaces_tutorial/ros2_interfaces_tutorial_s__rosidl_typesupport_fastrtps_c.cpython-310-x86_64-linux-gnu.so\n'}
[0.958707] (ros2_interfaces_tutorial) StdoutLine: {'line': b'-- Up-to-date symlink: /home/jewoo/ros2_ws/install/ros2_interfaces_tutorial/local/lib/python3.10/dist-packages/ros2_interfaces_tutorial/ros2_interfaces_tutorial_s__rosidl_typesupport_introspection_c.cpython-310-x86_64-linux-gnu.so\n'}
[0.959281] (ros2_interfaces_tutorial) StdoutLine: {'line': b'-- Up-to-date symlink: /home/jewoo/ros2_ws/install/ros2_interfaces_tutorial/local/lib/python3.10/dist-packages/ros2_interfaces_tutorial/ros2_interfaces_tutorial_s__rosidl_typesupport_c.cpython-310-x86_64-linux-gnu.so\n'}
[0.959648] (ros2_interfaces_tutorial) StdoutLine: {'line': b'-- Up-to-date symlink: /home/jewoo/ros2_ws/install/ros2_interfaces_tutorial/share/ros2_interfaces_tutorial/msg/Sphere.idl\n'}
[0.959946] (ros2_interfaces_tutorial) StdoutLine: {'line': b'-- Up-to-date symlink: /home/jewoo/ros2_ws/install/ros2_interfaces_tutorial/share/ros2_interfaces_tutorial/msg/Spheres.idl\n'}
[0.960436] (ros2_interfaces_tutorial) StdoutLine: {'line': b'-- Up-to-date symlink: /home/jewoo/ros2_ws/install/ros2_interfaces_tutorial/share/ros2_interfaces_tutorial/srv/AddThreeInts.idl\n'}
[0.960784] (ros2_interfaces_tutorial) StdoutLine: {'line': b'-- Up-to-date symlink: /home/jewoo/ros2_ws/install/ros2_interfaces_tutorial/share/ros2_interfaces_tutorial/msg/Sphere.msg\n'}
[0.961053] (ros2_interfaces_tutorial) StdoutLine: {'line': b'-- Up-to-date symlink: /home/jewoo/ros2_ws/install/ros2_interfaces_tutorial/share/ros2_interfaces_tutorial/msg/Spheres.msg\n'}
[0.961331] (ros2_interfaces_tutorial) StdoutLine: {'line': b'-- Up-to-date symlink: /home/jewoo/ros2_ws/install/ros2_interfaces_tutorial/share/ros2_interfaces_tutorial/srv/AddThreeInts.srv\n'}
[0.961572] (ros2_interfaces_tutorial) StdoutLine: {'line': b'-- Up-to-date symlink: /home/jewoo/ros2_ws/install/ros2_interfaces_tutorial/share/ros2_interfaces_tutorial/srv/AddThreeInts_Request.msg\n'}
[0.961839] (ros2_interfaces_tutorial) StdoutLine: {'line': b'-- Up-to-date symlink: /home/jewoo/ros2_ws/install/ros2_interfaces_tutorial/share/ros2_interfaces_tutorial/srv/AddThreeInts_Response.msg\n'}
[0.962103] (ros2_interfaces_tutorial) StdoutLine: {'line': b'-- Up-to-date symlink: /home/jewoo/ros2_ws/install/ros2_interfaces_tutorial/share/ament_index/resource_index/package_run_dependencies/ros2_interfaces_tutorial\n'}
[0.962470] (ros2_interfaces_tutorial) StdoutLine: {'line': b'-- Up-to-date symlink: /home/jewoo/ros2_ws/install/ros2_interfaces_tutorial/share/ament_index/resource_index/parent_prefix_path/ros2_interfaces_tutorial\n'}
[0.962743] (ros2_interfaces_tutorial) StdoutLine: {'line': b'-- Up-to-date symlink: /home/jewoo/ros2_ws/install/ros2_interfaces_tutorial/share/ros2_interfaces_tutorial/environment/ament_prefix_path.sh\n'}
[0.963015] (ros2_interfaces_tutorial) StdoutLine: {'line': b'-- Up-to-date symlink: /home/jewoo/ros2_ws/install/ros2_interfaces_tutorial/share/ros2_interfaces_tutorial/environment/ament_prefix_path.dsv\n'}
[0.963299] (ros2_interfaces_tutorial) StdoutLine: {'line': b'-- Up-to-date symlink: /home/jewoo/ros2_ws/install/ros2_interfaces_tutorial/share/ros2_interfaces_tutorial/environment/path.sh\n'}
[0.963567] (ros2_interfaces_tutorial) StdoutLine: {'line': b'-- Up-to-date symlink: /home/jewoo/ros2_ws/install/ros2_interfaces_tutorial/share/ros2_interfaces_tutorial/environment/path.dsv\n'}
[0.963854] (ros2_interfaces_tutorial) StdoutLine: {'line': b'-- Up-to-date symlink: /home/jewoo/ros2_ws/install/ros2_interfaces_tutorial/share/ros2_interfaces_tutorial/local_setup.bash\n'}
[0.964110] (ros2_interfaces_tutorial) StdoutLine: {'line': b'-- Up-to-date symlink: /home/jewoo/ros2_ws/install/ros2_interfaces_tutorial/share/ros2_interfaces_tutorial/local_setup.sh\n'}
[0.964401] (ros2_interfaces_tutorial) StdoutLine: {'line': b'-- Up-to-date symlink: /home/jewoo/ros2_ws/install/ros2_interfaces_tutorial/share/ros2_interfaces_tutorial/local_setup.zsh\n'}
[0.964707] (ros2_interfaces_tutorial) StdoutLine: {'line': b'-- Up-to-date symlink: /home/jewoo/ros2_ws/install/ros2_interfaces_tutorial/share/ros2_interfaces_tutorial/local_setup.dsv\n'}
[0.965008] (ros2_interfaces_tutorial) StdoutLine: {'line': b'-- Symlinking: /home/jewoo/ros2_ws/install/ros2_interfaces_tutorial/share/ros2_interfaces_tutorial/package.dsv\n'}
[0.979000] (ros2_interfaces_tutorial) StdoutLine: {'line': b'-- Up-to-date symlink: /home/jewoo/ros2_ws/install/ros2_interfaces_tutorial/share/ament_index/resource_index/packages/ros2_interfaces_tutorial\n'}
[0.979440] (ros2_interfaces_tutorial) StdoutLine: {'line': b'-- Up-to-date symlink: /home/jewoo/ros2_ws/install/ros2_interfaces_tutorial/share/ros2_interfaces_tutorial/cmake/rosidl_cmake-extras.cmake\n'}
[0.979693] (ros2_interfaces_tutorial) StdoutLine: {'line': b'-- Up-to-date symlink: /home/jewoo/ros2_ws/install/ros2_interfaces_tutorial/share/ros2_interfaces_tutorial/cmake/ament_cmake_export_dependencies-extras.cmake\n'}
[0.979951] (ros2_interfaces_tutorial) StdoutLine: {'line': b'-- Up-to-date symlink: /home/jewoo/ros2_ws/install/ros2_interfaces_tutorial/share/ros2_interfaces_tutorial/cmake/ament_cmake_export_include_directories-extras.cmake\n'}
[0.980391] (ros2_interfaces_tutorial) StdoutLine: {'line': b'-- Up-to-date symlink: /home/jewoo/ros2_ws/install/ros2_interfaces_tutorial/share/ros2_interfaces_tutorial/cmake/ament_cmake_export_libraries-extras.cmake\n'}
[0.980891] (ros2_interfaces_tutorial) StdoutLine: {'line': b'-- Up-to-date symlink: /home/jewoo/ros2_ws/install/ros2_interfaces_tutorial/share/ros2_interfaces_tutorial/cmake/ament_cmake_export_targets-extras.cmake\n'}
[0.981212] (ros2_interfaces_tutorial) StdoutLine: {'line': b'-- Up-to-date symlink: /home/jewoo/ros2_ws/install/ros2_interfaces_tutorial/share/ros2_interfaces_tutorial/cmake/rosidl_cmake_export_typesupport_targets-extras.cmake\n'}
[0.981602] (ros2_interfaces_tutorial) StdoutLine: {'line': b'-- Up-to-date symlink: /home/jewoo/ros2_ws/install/ros2_interfaces_tutorial/share/ros2_interfaces_tutorial/cmake/rosidl_cmake_export_typesupport_libraries-extras.cmake\n'}
[0.981905] (ros2_interfaces_tutorial) StdoutLine: {'line': b'-- Up-to-date symlink: /home/jewoo/ros2_ws/install/ros2_interfaces_tutorial/share/ros2_interfaces_tutorial/cmake/ros2_interfaces_tutorialConfig.cmake\n'}
[0.982223] (ros2_interfaces_tutorial) StdoutLine: {'line': b'-- Up-to-date symlink: /home/jewoo/ros2_ws/install/ros2_interfaces_tutorial/share/ros2_interfaces_tutorial/cmake/ros2_interfaces_tutorialConfig-version.cmake\n'}
[0.982537] (ros2_interfaces_tutorial) StdoutLine: {'line': b'-- Up-to-date symlink: /home/jewoo/ros2_ws/install/ros2_interfaces_tutorial/share/ros2_interfaces_tutorial/package.xml\n'}
[0.983031] (ros2_interfaces_tutorial) StdoutLine: {'line': b'-- Up-to-date: /home/jewoo/ros2_ws/install/ros2_interfaces_tutorial/lib/libros2_interfaces_tutorial__rosidl_generator_c.so\n'}
[0.983819] (ros2_interfaces_tutorial) StdoutLine: {'line': b'-- Up-to-date: /home/jewoo/ros2_ws/install/ros2_interfaces_tutorial/lib/libros2_interfaces_tutorial__rosidl_typesupport_fastrtps_c.so\n'}
[0.984492] (ros2_interfaces_tutorial) StdoutLine: {'line': b'-- Up-to-date: /home/jewoo/ros2_ws/install/ros2_interfaces_tutorial/lib/libros2_interfaces_tutorial__rosidl_typesupport_fastrtps_cpp.so\n'}
[0.985337] (ros2_interfaces_tutorial) StdoutLine: {'line': b'-- Up-to-date: /home/jewoo/ros2_ws/install/ros2_interfaces_tutorial/lib/libros2_interfaces_tutorial__rosidl_typesupport_introspection_c.so\n'}
[0.985957] (ros2_interfaces_tutorial) StdoutLine: {'line': b'-- Up-to-date: /home/jewoo/ros2_ws/install/ros2_interfaces_tutorial/lib/libros2_interfaces_tutorial__rosidl_typesupport_c.so\n'}
[0.986650] (ros2_interfaces_tutorial) StdoutLine: {'line': b'-- Up-to-date: /home/jewoo/ros2_ws/install/ros2_interfaces_tutorial/lib/libros2_interfaces_tutorial__rosidl_typesupport_introspection_cpp.so\n'}
[0.987374] (ros2_interfaces_tutorial) StdoutLine: {'line': b'-- Up-to-date: /home/jewoo/ros2_ws/install/ros2_interfaces_tutorial/lib/libros2_interfaces_tutorial__rosidl_typesupport_cpp.so\n'}
[1.000612] (-) TimerEvent: {}
[1.046297] (ros2_interfaces_tutorial) StdoutLine: {'line': b"Listing '/home/jewoo/ros2_ws/install/ros2_interfaces_tutorial/local/lib/python3.10/dist-packages/ros2_interfaces_tutorial'...\n"}
[1.046526] (ros2_interfaces_tutorial) StdoutLine: {'line': b"Listing '/home/jewoo/ros2_ws/install/ros2_interfaces_tutorial/local/lib/python3.10/dist-packages/ros2_interfaces_tutorial/msg'...\n"}
[1.046636] (ros2_interfaces_tutorial) StdoutLine: {'line': b"Listing '/home/jewoo/ros2_ws/install/ros2_interfaces_tutorial/local/lib/python3.10/dist-packages/ros2_interfaces_tutorial/srv'...\n"}
[1.054615] (ros2_interfaces_tutorial) StdoutLine: {'line': b'-- Up-to-date: /home/jewoo/ros2_ws/install/ros2_interfaces_tutorial/lib/libros2_interfaces_tutorial__rosidl_generator_py.so\n'}
[1.055093] (ros2_interfaces_tutorial) StdoutLine: {'line': b'-- Up-to-date: /home/jewoo/ros2_ws/install/ros2_interfaces_tutorial/share/ros2_interfaces_tutorial/cmake/export_ros2_interfaces_tutorial__rosidl_generator_cExport.cmake\n'}
[1.055475] (ros2_interfaces_tutorial) StdoutLine: {'line': b'-- Up-to-date: /home/jewoo/ros2_ws/install/ros2_interfaces_tutorial/share/ros2_interfaces_tutorial/cmake/export_ros2_interfaces_tutorial__rosidl_generator_cExport-relwithdebinfo.cmake\n'}
[1.055772] (ros2_interfaces_tutorial) StdoutLine: {'line': b'-- Up-to-date: /home/jewoo/ros2_ws/install/ros2_interfaces_tutorial/share/ros2_interfaces_tutorial/cmake/export_ros2_interfaces_tutorial__rosidl_typesupport_fastrtps_cExport.cmake\n'}
[1.056048] (ros2_interfaces_tutorial) StdoutLine: {'line': b'-- Up-to-date: /home/jewoo/ros2_ws/install/ros2_interfaces_tutorial/share/ros2_interfaces_tutorial/cmake/export_ros2_interfaces_tutorial__rosidl_typesupport_fastrtps_cExport-relwithdebinfo.cmake\n'}
[1.056388] (ros2_interfaces_tutorial) StdoutLine: {'line': b'-- Up-to-date: /home/jewoo/ros2_ws/install/ros2_interfaces_tutorial/share/ros2_interfaces_tutorial/cmake/export_ros2_interfaces_tutorial__rosidl_generator_cppExport.cmake\n'}
[1.056656] (ros2_interfaces_tutorial) StdoutLine: {'line': b'-- Up-to-date: /home/jewoo/ros2_ws/install/ros2_interfaces_tutorial/share/ros2_interfaces_tutorial/cmake/export_ros2_interfaces_tutorial__rosidl_typesupport_fastrtps_cppExport.cmake\n'}
[1.056914] (ros2_interfaces_tutorial) StdoutLine: {'line': b'-- Up-to-date: /home/jewoo/ros2_ws/install/ros2_interfaces_tutorial/share/ros2_interfaces_tutorial/cmake/export_ros2_interfaces_tutorial__rosidl_typesupport_fastrtps_cppExport-relwithdebinfo.cmake\n'}
[1.057133] (ros2_interfaces_tutorial) StdoutLine: {'line': b'-- Up-to-date: /home/jewoo/ros2_ws/install/ros2_interfaces_tutorial/share/ros2_interfaces_tutorial/cmake/ros2_interfaces_tutorial__rosidl_typesupport_introspection_cExport.cmake\n'}
[1.057413] (ros2_interfaces_tutorial) StdoutLine: {'line': b'-- Up-to-date: /home/jewoo/ros2_ws/install/ros2_interfaces_tutorial/share/ros2_interfaces_tutorial/cmake/ros2_interfaces_tutorial__rosidl_typesupport_introspection_cExport-relwithdebinfo.cmake\n'}
[1.057681] (ros2_interfaces_tutorial) StdoutLine: {'line': b'-- Up-to-date: /home/jewoo/ros2_ws/install/ros2_interfaces_tutorial/share/ros2_interfaces_tutorial/cmake/ros2_interfaces_tutorial__rosidl_typesupport_cExport.cmake\n'}
[1.057960] (ros2_interfaces_tutorial) StdoutLine: {'line': b'-- Up-to-date: /home/jewoo/ros2_ws/install/ros2_interfaces_tutorial/share/ros2_interfaces_tutorial/cmake/ros2_interfaces_tutorial__rosidl_typesupport_cExport-relwithdebinfo.cmake\n'}
[1.058161] (ros2_interfaces_tutorial) StdoutLine: {'line': b'-- Up-to-date: /home/jewoo/ros2_ws/install/ros2_interfaces_tutorial/share/ros2_interfaces_tutorial/cmake/ros2_interfaces_tutorial__rosidl_typesupport_introspection_cppExport.cmake\n'}
[1.058372] (ros2_interfaces_tutorial) StdoutLine: {'line': b'-- Up-to-date: /home/jewoo/ros2_ws/install/ros2_interfaces_tutorial/share/ros2_interfaces_tutorial/cmake/ros2_interfaces_tutorial__rosidl_typesupport_introspection_cppExport-relwithdebinfo.cmake\n'}
[1.058575] (ros2_interfaces_tutorial) StdoutLine: {'line': b'-- Up-to-date: /home/jewoo/ros2_ws/install/ros2_interfaces_tutorial/share/ros2_interfaces_tutorial/cmake/ros2_interfaces_tutorial__rosidl_typesupport_cppExport.cmake\n'}
[1.058771] (ros2_interfaces_tutorial) StdoutLine: {'line': b'-- Up-to-date: /home/jewoo/ros2_ws/install/ros2_interfaces_tutorial/share/ros2_interfaces_tutorial/cmake/ros2_interfaces_tutorial__rosidl_typesupport_cppExport-relwithdebinfo.cmake\n'}
[1.058954] (ros2_interfaces_tutorial) StdoutLine: {'line': b'-- Up-to-date: /home/jewoo/ros2_ws/install/ros2_interfaces_tutorial/share/ros2_interfaces_tutorial/cmake/export_ros2_interfaces_tutorial__rosidl_generator_pyExport.cmake\n'}
[1.059163] (ros2_interfaces_tutorial) StdoutLine: {'line': b'-- Up-to-date: /home/jewoo/ros2_ws/install/ros2_interfaces_tutorial/share/ros2_interfaces_tutorial/cmake/export_ros2_interfaces_tutorial__rosidl_generator_pyExport-relwithdebinfo.cmake\n'}
[1.061233] (ros2_interfaces_tutorial) CommandEnded: {'returncode': 0}
[1.100773] (-) TimerEvent: {}
[1.132041] (ros2_python_tutorial) Command: {'cmd': ['/usr/bin/python3', '-W', 'ignore:setup.py install is deprecated', 'setup.py', 'develop', '--editable', '--build-directory', '/home/jewoo/ros2_ws/build/ros2_python_tutorial/build', '--no-deps', 'symlink_data'], 'cwd': '/home/jewoo/ros2_ws/build/ros2_python_tutorial', 'env': {'GJS_DEBUG_TOPICS': 'JS ERROR;JS LOG', 'LESSOPEN': '| /usr/bin/lesspipe %s', 'VSCODE_CWD': '/home/jewoo', 'LANGUAGE': 'ko:en', 'USER': 'jewoo', 'SNAP_COMMON': '/var/snap/code/common', 'LC_TIME': 'ko_KR.UTF-8', 'VSCODE_NLS_CONFIG': '{"userLocale":"ko","osLocale":"ko","resolvedLanguage":"en","defaultMessagesFile":"/snap/code/172/usr/share/code/resources/app/out/nls.messages.json","locale":"ko","availableLanguages":{}}', 'GIO_MODULE_DIR': '/home/jewoo/snap/code/common/.cache/gio-modules', 'VSCODE_HANDLES_UNCAUGHT_ERRORS': 'true', 'XDG_SESSION_TYPE': 'x11', 'GTK_EXE_PREFIX_VSCODE_SNAP_ORIG': '', 'GDK_BACKEND_VSCODE_SNAP_ORIG': '', 'SNAP_UID': '1000', 'SHLVL': '0', 'LD_LIBRARY_PATH': '/home/jewoo/ros2_ws/install/ros2_interfaces_tutorial/lib:/opt/ros/humble/opt/rviz_ogre_vendor/lib:/opt/ros/humble/lib/x86_64-linux-gnu:/opt/ros/humble/lib:/home/jewoo/ros2_ws/install/tutorial_interface/lib:/usr/lib/x86_64-linux-gnu:', 'HOME': '/home/jewoo', 'CHROME_DESKTOP': 'code-url-handler.desktop', 'SNAP_LIBRARY_PATH': '/var/lib/snapd/lib/gl:/var/lib/snapd/lib/gl32:/var/lib/snapd/void', 'LOCPATH_VSCODE_SNAP_ORIG': '', 'TERM_PROGRAM_VERSION': '1.94.2', 'DESKTOP_SESSION': 'ubuntu', 'SNAP_USER_DATA': '/home/jewoo/snap/code/172', 'GTK_PATH': '/snap/code/172/usr/lib/x86_64-linux-gnu/gtk-3.0', 'VSCODE_IPC_HOOK': '/run/user/1000/vscode-c8a6cc9a-1.94-main.sock', 'GTK_IM_MODULE_FILE': '/home/jewoo/snap/code/common/.cache/immodules/immodules.cache', 'GIO_LAUNCHED_DESKTOP_FILE': '/var/lib/snapd/desktop/applications/code_code.desktop', 'APPLICATION_INSIGHTS_NO_DIAGNOSTIC_CHANNEL': '1', 'ROS_PYTHON_VERSION': '3', 'GNOME_SHELL_SESSION_MODE': 'ubuntu', 'GTK_MODULES': 'gail:atk-bridge', 'GSETTINGS_SCHEMA_DIR_VSCODE_SNAP_ORIG': '', 'LC_MONETARY': 'ko_KR.UTF-8', 'MANAGERPID': '1002', 'SYSTEMD_EXEC_PID': '1565', 'DBUS_SESSION_BUS_ADDRESS': 'unix:path=/run/user/1000/bus', 'SNAP_REVISION': '172', 'COLORTERM': 'truecolor', 'GIO_LAUNCHED_DESKTOP_FILE_PID': '9547', '_colcon_cd_root': '/opt/ros/humble/', 'VSCODE_CRASH_REPORTER_PROCESS_TYPE': 'extensionHost', 'IM_CONFIG_PHASE': '1', 'VSCODE_L10N_BUNDLE_LOCATION': '', 'COLCON_PREFIX_PATH': '/home/jewoo/ros2_ws/install', 'ROS_DISTRO': 'humble', 'GTK_IM_MODULE': 'ibus', 'LOGNAME': 'jewoo', '_': '/usr/bin/colcon', 'SNAP_CONTEXT': 'W-QB9fLAu5WdpjVnIpsu6mTwo8l3HaXd8SiYcr_Q7JKZzAJNKDmt', 'SUMO_HOME': '/usr/share/sumo', 'JOURNAL_STREAM': '8:10736', 'ROS_VERSION': '2', 'XDG_CONFIG_DIRS_VSCODE_SNAP_ORIG': '/etc/xdg/xdg-ubuntu:/etc/xdg', 'XDG_SESSION_CLASS': 'user', 'SNAP_VERSION': '384ff738', 'XDG_DATA_DIRS_VSCODE_SNAP_ORIG': '/usr/share/ubuntu:/usr/share/gnome:/usr/local/share/:/usr/share/:/var/lib/snapd/desktop', 'USERNAME': 'jewoo', 'TERM': 'xterm-256color', 'GNOME_DESKTOP_SESSION_ID': 'this-is-deprecated', 'SNAP_INSTANCE_NAME': 'code', 'ROS_LOCALHOST_ONLY': '0', 'WINDOWPATH': '2', 'PATH': '/home/jewoo/.local/bin:/opt/ros/humble/bin:/home/jewoo/.local/bin:/home/jewoo/.local/bin:/home/jewoo/anaconda3/bin:/home/jewoo/anaconda3/condabin:/home/jewoo/.local/bin:/usr/local/sbin:/usr/local/bin:/usr/sbin:/usr/bin:/sbin:/bin:/usr/games:/usr/local/games:/snap/bin:/snap/bin', 'SESSION_MANAGER': 'local/jewoo-System-Product-Name:@/tmp/.ICE-unix/1505,unix/jewoo-System-Product-Name:/tmp/.ICE-unix/1505', 'VSCODE_AMD_ENTRYPOINT': 'vs/workbench/api/node/extensionHostProcess', 'GTK_EXE_PREFIX': '/snap/code/172/usr', 'INVOCATION_ID': '605e65c35052471c9b3b30b84372df85', 'PAPERSIZE': 'a4', 'XDG_MENU_PREFIX': 'gnome-', 'LC_ADDRESS': 'ko_KR.UTF-8', 'BAMF_DESKTOP_FILE_HINT': '/var/lib/snapd/desktop/applications/code_code.desktop', 'SNAP_DATA': '/var/snap/code/172', 'XDG_RUNTIME_DIR': '/run/user/1000', 'GDK_BACKEND': 'x11', 'DISPLAY': ':0', 'LOCPATH': '/snap/code/172/usr/lib/locale', 'LANG': 'ko_KR.UTF-8', 'XDG_CURRENT_DESKTOP': 'Unity', 'LC_TELEPHONE': 'ko_KR.UTF-8', 'GIO_MODULE_DIR_VSCODE_SNAP_ORIG': '', 'XMODIFIERS': '@im=ibus', 'XDG_SESSION_DESKTOP': 'ubuntu', 'XAUTHORITY': '/run/user/1000/gdm/Xauthority', 'LS_COLORS': '', 'TERM_PROGRAM': 'vscode', 'SSH_AGENT_LAUNCHER': 'gnome-keyring', 'SNAP_USER_COMMON': '/home/jewoo/snap/code/common', 'SSH_AUTH_SOCK': '/run/user/1000/keyring/ssh', 'GSETTINGS_SCHEMA_DIR': '/home/jewoo/snap/code/172/.local/share/glib-2.0/schemas', 'SNAP_ARCH': 'amd64', 'AMENT_PREFIX_PATH': '/home/jewoo/ros2_ws/install/ros2_interfaces_tutorial:/opt/ros/humble:/home/jewoo/ros2_ws/install/tutorial_interface:/home/jewoo/ros2_ws/install/ros2_python_tutorial:/home/jewoo/ros2_ws/install/ros2_cpp_tutorial', 'SNAP_COOKIE': 'W-QB9fLAu5WdpjVnIpsu6mTwo8l3HaXd8SiYcr_Q7JKZzAJNKDmt', 'ORIGINAL_XDG_CURRENT_DESKTOP': 'ubuntu:GNOME', 'SHELL': '/bin/bash', 'LC_NAME': 'ko_KR.UTF-8', 'GDK_PIXBUF_MODULEDIR': '/snap/code/172/usr/lib/x86_64-linux-gnu/gdk-pixbuf-2.0/2.10.0/loaders', 'QT_ACCESSIBILITY': '1', 'ELECTRON_RUN_AS_NODE': '1', 'GDMSESSION': 'ubuntu', 'LESSCLOSE': '/usr/bin/lesspipe %s %s', 'GTK_PATH_VSCODE_SNAP_ORIG': '', 'SNAP_NAME': 'code', 'GTK_IM_MODULE_FILE_VSCODE_SNAP_ORIG': '', 'LC_MEASUREMENT': 'ko_KR.UTF-8', 'GDK_PIXBUF_MODULE_FILE': '/home/jewoo/snap/code/common/.cache/gdk-pixbuf-loaders.cache', 'GPG_AGENT_INFO': '/run/user/1000/gnupg/S.gpg-agent:0:1', 'GJS_DEBUG_OUTPUT': 'stderr', 'LC_IDENTIFICATION': 'ko_KR.UTF-8', 'SNAP_LAUNCHER_ARCH_TRIPLET': 'x86_64-linux-gnu', 'QT_IM_MODULE': 'ibus', 'PWD': '/home/jewoo/ros2_ws/build/ros2_python_tutorial', 'VSCODE_CLI': '1', 'LC_ALL': 'en_US.UTF-8', 'XDG_CONFIG_DIRS': '/etc/xdg/xdg-ubuntu:/etc/xdg', 'SNAP_REAL_HOME': '/home/jewoo', 'VSCODE_CODE_CACHE_PATH': '/home/jewoo/.config/Code/CachedData/384ff7382de624fb94dbaf6da11977bba1ecd427', 'XDG_DATA_DIRS': '/home/jewoo/snap/code/172/.local/share:/home/jewoo/snap/code/172:/snap/code/172/usr/share:/usr/share/ubuntu:/usr/share/gnome:/usr/local/share/:/usr/share/:/var/lib/snapd/desktop', 'SNAP_EUID': '1000', 'PYTHONPATH': '/home/jewoo/ros2_ws/build/ros2_python_tutorial/prefix_override:/usr/lib/python3/dist-packages/colcon_core/task/python/colcon_distutils_commands:/home/jewoo/ros2_ws/install/ros2_python_tutorial/lib/python3.10/site-packages:/home/jewoo/ros2_ws/install/ros2_interfaces_tutorial/local/lib/python3.10/dist-packages:/opt/ros/humble/lib/python3.10/site-packages:/opt/ros/humble/local/lib/python3.10/dist-packages:/home/jewoo/ros2_ws/install/tutorial_interface/local/lib/python3.10/dist-packages:/home/jewoo/ros2_ws/build/ros2_python_tutorial:/home/jewoo/ros2_ws/install/ros2_python_tutorial/lib/python3.10/site-packages', 'SNAP': '/snap/code/172', 'LC_NUMERIC': 'ko_KR.UTF-8', 'LC_PAPER': 'ko_KR.UTF-8', 'COLCON': '1', 'ELECTRON_NO_ATTACH_CONSOLE': '1', 'CMAKE_PREFIX_PATH': '/home/jewoo/ros2_ws/install/ros2_interfaces_tutorial:/home/jewoo/ros2_ws/install/tutorial_interface:/home/jewoo/ros2_ws/install/ros2_cpp_tutorial', 'VSCODE_PID': '9594'}, 'shell': False}
[1.200860] (-) TimerEvent: {}
[1.276881] (ros2_interfaces_tutorial) JobEnded: {'identifier': 'ros2_interfaces_tutorial', 'rc': 0}
[1.278999] (ros2_cpp_tutorial) JobStarted: {'identifier': 'ros2_cpp_tutorial'}
[1.294543] (ros2_cpp_tutorial) JobProgress: {'identifier': 'ros2_cpp_tutorial', 'progress': 'cmake'}
[1.295992] (ros2_cpp_tutorial) JobProgress: {'identifier': 'ros2_cpp_tutorial', 'progress': 'build'}
[1.297904] (ros2_cpp_tutorial) Command: {'cmd': ['/usr/bin/cmake', '--build', '/home/jewoo/ros2_ws/build/ros2_cpp_tutorial', '--', '-j12', '-l12'], 'cwd': '/home/jewoo/ros2_ws/build/ros2_cpp_tutorial', 'env': OrderedDict([('GJS_DEBUG_TOPICS', 'JS ERROR;JS LOG'), ('LESSOPEN', '| /usr/bin/lesspipe %s'), ('VSCODE_CWD', '/home/jewoo'), ('LANGUAGE', 'ko:en'), ('USER', 'jewoo'), ('SNAP_COMMON', '/var/snap/code/common'), ('LC_TIME', 'ko_KR.UTF-8'), ('VSCODE_NLS_CONFIG', '{"userLocale":"ko","osLocale":"ko","resolvedLanguage":"en","defaultMessagesFile":"/snap/code/172/usr/share/code/resources/app/out/nls.messages.json","locale":"ko","availableLanguages":{}}'), ('GIO_MODULE_DIR', '/home/jewoo/snap/code/common/.cache/gio-modules'), ('VSCODE_HANDLES_UNCAUGHT_ERRORS', 'true'), ('XDG_SESSION_TYPE', 'x11'), ('GTK_EXE_PREFIX_VSCODE_SNAP_ORIG', ''), ('GDK_BACKEND_VSCODE_SNAP_ORIG', ''), ('SNAP_UID', '1000'), ('SHLVL', '0'), ('LD_LIBRARY_PATH', '/home/jewoo/ros2_ws/install/ros2_interfaces_tutorial/lib:/opt/ros/humble/opt/rviz_ogre_vendor/lib:/opt/ros/humble/lib/x86_64-linux-gnu:/opt/ros/humble/lib:/home/jewoo/ros2_ws/install/tutorial_interface/lib:/usr/lib/x86_64-linux-gnu'), ('HOME', '/home/jewoo'), ('CHROME_DESKTOP', 'code-url-handler.desktop'), ('SNAP_LIBRARY_PATH', '/var/lib/snapd/lib/gl:/var/lib/snapd/lib/gl32:/var/lib/snapd/void'), ('LOCPATH_VSCODE_SNAP_ORIG', ''), ('TERM_PROGRAM_VERSION', '1.94.2'), ('DESKTOP_SESSION', 'ubuntu'), ('SNAP_USER_DATA', '/home/jewoo/snap/code/172'), ('GTK_PATH', '/snap/code/172/usr/lib/x86_64-linux-gnu/gtk-3.0'), ('VSCODE_IPC_HOOK', '/run/user/1000/vscode-c8a6cc9a-1.94-main.sock'), ('GTK_IM_MODULE_FILE', '/home/jewoo/snap/code/common/.cache/immodules/immodules.cache'), ('GIO_LAUNCHED_DESKTOP_FILE', '/var/lib/snapd/desktop/applications/code_code.desktop'), ('APPLICATION_INSIGHTS_NO_DIAGNOSTIC_CHANNEL', '1'), ('ROS_PYTHON_VERSION', '3'), ('GNOME_SHELL_SESSION_MODE', 'ubuntu'), ('GTK_MODULES', 'gail:atk-bridge'), ('GSETTINGS_SCHEMA_DIR_VSCODE_SNAP_ORIG', ''), ('LC_MONETARY', 'ko_KR.UTF-8'), ('MANAGERPID', '1002'), ('SYSTEMD_EXEC_PID', '1565'), ('DBUS_SESSION_BUS_ADDRESS', 'unix:path=/run/user/1000/bus'), ('SNAP_REVISION', '172'), ('COLORTERM', 'truecolor'), ('GIO_LAUNCHED_DESKTOP_FILE_PID', '9547'), ('_colcon_cd_root', '/opt/ros/humble/'), ('VSCODE_CRASH_REPORTER_PROCESS_TYPE', 'extensionHost'), ('IM_CONFIG_PHASE', '1'), ('VSCODE_L10N_BUNDLE_LOCATION', ''), ('COLCON_PREFIX_PATH', '/home/jewoo/ros2_ws/install'), ('ROS_DISTRO', 'humble'), ('GTK_IM_MODULE', 'ibus'), ('LOGNAME', 'jewoo'), ('_', '/usr/bin/colcon'), ('SNAP_CONTEXT', 'W-QB9fLAu5WdpjVnIpsu6mTwo8l3HaXd8SiYcr_Q7JKZzAJNKDmt'), ('SUMO_HOME', '/usr/share/sumo'), ('JOURNAL_STREAM', '8:10736'), ('ROS_VERSION', '2'), ('XDG_CONFIG_DIRS_VSCODE_SNAP_ORIG', '/etc/xdg/xdg-ubuntu:/etc/xdg'), ('XDG_SESSION_CLASS', 'user'), ('SNAP_VERSION', '384ff738'), ('XDG_DATA_DIRS_VSCODE_SNAP_ORIG', '/usr/share/ubuntu:/usr/share/gnome:/usr/local/share/:/usr/share/:/var/lib/snapd/desktop'), ('USERNAME', 'jewoo'), ('TERM', 'xterm-256color'), ('GNOME_DESKTOP_SESSION_ID', 'this-is-deprecated'), ('SNAP_INSTANCE_NAME', 'code'), ('ROS_LOCALHOST_ONLY', '0'), ('WINDOWPATH', '2'), ('PATH', '/home/jewoo/.local/bin:/opt/ros/humble/bin:/home/jewoo/.local/bin:/home/jewoo/.local/bin:/home/jewoo/anaconda3/bin:/home/jewoo/anaconda3/condabin:/home/jewoo/.local/bin:/usr/local/sbin:/usr/local/bin:/usr/sbin:/usr/bin:/sbin:/bin:/usr/games:/usr/local/games:/snap/bin:/snap/bin'), ('SESSION_MANAGER', 'local/jewoo-System-Product-Name:@/tmp/.ICE-unix/1505,unix/jewoo-System-Product-Name:/tmp/.ICE-unix/1505'), ('VSCODE_AMD_ENTRYPOINT', 'vs/workbench/api/node/extensionHostProcess'), ('GTK_EXE_PREFIX', '/snap/code/172/usr'), ('INVOCATION_ID', '605e65c35052471c9b3b30b84372df85'), ('PAPERSIZE', 'a4'), ('XDG_MENU_PREFIX', 'gnome-'), ('LC_ADDRESS', 'ko_KR.UTF-8'), ('BAMF_DESKTOP_FILE_HINT', '/var/lib/snapd/desktop/applications/code_code.desktop'), ('SNAP_DATA', '/var/snap/code/172'), ('XDG_RUNTIME_DIR', '/run/user/1000'), ('GDK_BACKEND', 'x11'), ('DISPLAY', ':0'), ('LOCPATH', '/snap/code/172/usr/lib/locale'), ('LANG', 'ko_KR.UTF-8'), ('XDG_CURRENT_DESKTOP', 'Unity'), ('LC_TELEPHONE', 'ko_KR.UTF-8'), ('GIO_MODULE_DIR_VSCODE_SNAP_ORIG', ''), ('XMODIFIERS', '@im=ibus'), ('XDG_SESSION_DESKTOP', 'ubuntu'), ('XAUTHORITY', '/run/user/1000/gdm/Xauthority'), ('LS_COLORS', ''), ('TERM_PROGRAM', 'vscode'), ('SSH_AGENT_LAUNCHER', 'gnome-keyring'), ('SNAP_USER_COMMON', '/home/jewoo/snap/code/common'), ('SSH_AUTH_SOCK', '/run/user/1000/keyring/ssh'), ('GSETTINGS_SCHEMA_DIR', '/home/jewoo/snap/code/172/.local/share/glib-2.0/schemas'), ('SNAP_ARCH', 'amd64'), ('AMENT_PREFIX_PATH', '/home/jewoo/ros2_ws/install/ros2_interfaces_tutorial:/opt/ros/humble:/home/jewoo/ros2_ws/install/tutorial_interface:/home/jewoo/ros2_ws/install/ros2_python_tutorial:/home/jewoo/ros2_ws/install/ros2_cpp_tutorial'), ('SNAP_COOKIE', 'W-QB9fLAu5WdpjVnIpsu6mTwo8l3HaXd8SiYcr_Q7JKZzAJNKDmt'), ('ORIGINAL_XDG_CURRENT_DESKTOP', 'ubuntu:GNOME'), ('SHELL', '/bin/bash'), ('LC_NAME', 'ko_KR.UTF-8'), ('GDK_PIXBUF_MODULEDIR', '/snap/code/172/usr/lib/x86_64-linux-gnu/gdk-pixbuf-2.0/2.10.0/loaders'), ('QT_ACCESSIBILITY', '1'), ('ELECTRON_RUN_AS_NODE', '1'), ('GDMSESSION', 'ubuntu'), ('LESSCLOSE', '/usr/bin/lesspipe %s %s'), ('GTK_PATH_VSCODE_SNAP_ORIG', ''), ('SNAP_NAME', 'code'), ('GTK_IM_MODULE_FILE_VSCODE_SNAP_ORIG', ''), ('LC_MEASUREMENT', 'ko_KR.UTF-8'), ('GDK_PIXBUF_MODULE_FILE', '/home/jewoo/snap/code/common/.cache/gdk-pixbuf-loaders.cache'), ('GPG_AGENT_INFO', '/run/user/1000/gnupg/S.gpg-agent:0:1'), ('GJS_DEBUG_OUTPUT', 'stderr'), ('LC_IDENTIFICATION', 'ko_KR.UTF-8'), ('SNAP_LAUNCHER_ARCH_TRIPLET', 'x86_64-linux-gnu'), ('QT_IM_MODULE', 'ibus'), ('PWD', '/home/jewoo/ros2_ws/build/ros2_cpp_tutorial'), ('VSCODE_CLI', '1'), ('LC_ALL', 'en_US.UTF-8'), ('XDG_CONFIG_DIRS', '/etc/xdg/xdg-ubuntu:/etc/xdg'), ('SNAP_REAL_HOME', '/home/jewoo'), ('VSCODE_CODE_CACHE_PATH', '/home/jewoo/.config/Code/CachedData/384ff7382de624fb94dbaf6da11977bba1ecd427'), ('XDG_DATA_DIRS', '/home/jewoo/snap/code/172/.local/share:/home/jewoo/snap/code/172:/snap/code/172/usr/share:/usr/share/ubuntu:/usr/share/gnome:/usr/local/share/:/usr/share/:/var/lib/snapd/desktop'), ('SNAP_EUID', '1000'), ('PYTHONPATH', '/home/jewoo/ros2_ws/install/ros2_interfaces_tutorial/local/lib/python3.10/dist-packages:/opt/ros/humble/lib/python3.10/site-packages:/opt/ros/humble/local/lib/python3.10/dist-packages:/home/jewoo/ros2_ws/install/tutorial_interface/local/lib/python3.10/dist-packages:/home/jewoo/ros2_ws/build/ros2_python_tutorial:/home/jewoo/ros2_ws/install/ros2_python_tutorial/lib/python3.10/site-packages'), ('SNAP', '/snap/code/172'), ('LC_NUMERIC', 'ko_KR.UTF-8'), ('LC_PAPER', 'ko_KR.UTF-8'), ('COLCON', '1'), ('ELECTRON_NO_ATTACH_CONSOLE', '1'), ('CMAKE_PREFIX_PATH', '/home/jewoo/ros2_ws/install/ros2_interfaces_tutorial:/home/jewoo/ros2_ws/install/tutorial_interface:/home/jewoo/ros2_ws/install/ros2_cpp_tutorial:/opt/ros/humble:/home/jewoo/ros2_ws/install/ros2_python_tutorial'), ('VSCODE_PID', '9594')]), 'shell': False}
[1.301621] (-) TimerEvent: {}
[1.387127] (ros2_cpp_tutorial) StdoutLine: {'line': b'\x1b[35m\x1b[1mConsolidate compiler generated dependencies of target custom_msg_publisher\x1b[0m\n'}
[1.401739] (-) TimerEvent: {}
[1.410193] (ros2_cpp_tutorial) StdoutLine: {'line': b'[ 25%] Built target cpp_node\n'}
[1.413405] (ros2_cpp_tutorial) StdoutLine: {'line': b'[ 50%] Built target listener\n'}
[1.419205] (ros2_cpp_tutorial) StdoutLine: {'line': b'[ 75%] Built target talker\n'}
[1.419763] (ros2_cpp_tutorial) StdoutLine: {'line': b'[100%] Built target custom_msg_publisher\n'}
[1.440603] (ros2_cpp_tutorial) CommandEnded: {'returncode': 0}
[1.501854] (-) TimerEvent: {}
[1.503296] (ros2_cpp_tutorial) JobProgress: {'identifier': 'ros2_cpp_tutorial', 'progress': 'install'}
[1.505022] (ros2_cpp_tutorial) Command: {'cmd': ['/usr/bin/cmake', '--install', '/home/jewoo/ros2_ws/build/ros2_cpp_tutorial'], 'cwd': '/home/jewoo/ros2_ws/build/ros2_cpp_tutorial', 'env': OrderedDict([('GJS_DEBUG_TOPICS', 'JS ERROR;JS LOG'), ('LESSOPEN', '| /usr/bin/lesspipe %s'), ('VSCODE_CWD', '/home/jewoo'), ('LANGUAGE', 'ko:en'), ('USER', 'jewoo'), ('SNAP_COMMON', '/var/snap/code/common'), ('LC_TIME', 'ko_KR.UTF-8'), ('VSCODE_NLS_CONFIG', '{"userLocale":"ko","osLocale":"ko","resolvedLanguage":"en","defaultMessagesFile":"/snap/code/172/usr/share/code/resources/app/out/nls.messages.json","locale":"ko","availableLanguages":{}}'), ('GIO_MODULE_DIR', '/home/jewoo/snap/code/common/.cache/gio-modules'), ('VSCODE_HANDLES_UNCAUGHT_ERRORS', 'true'), ('XDG_SESSION_TYPE', 'x11'), ('GTK_EXE_PREFIX_VSCODE_SNAP_ORIG', ''), ('GDK_BACKEND_VSCODE_SNAP_ORIG', ''), ('SNAP_UID', '1000'), ('SHLVL', '0'), ('LD_LIBRARY_PATH', '/home/jewoo/ros2_ws/install/ros2_interfaces_tutorial/lib:/opt/ros/humble/opt/rviz_ogre_vendor/lib:/opt/ros/humble/lib/x86_64-linux-gnu:/opt/ros/humble/lib:/home/jewoo/ros2_ws/install/tutorial_interface/lib:/usr/lib/x86_64-linux-gnu'), ('HOME', '/home/jewoo'), ('CHROME_DESKTOP', 'code-url-handler.desktop'), ('SNAP_LIBRARY_PATH', '/var/lib/snapd/lib/gl:/var/lib/snapd/lib/gl32:/var/lib/snapd/void'), ('LOCPATH_VSCODE_SNAP_ORIG', ''), ('TERM_PROGRAM_VERSION', '1.94.2'), ('DESKTOP_SESSION', 'ubuntu'), ('SNAP_USER_DATA', '/home/jewoo/snap/code/172'), ('GTK_PATH', '/snap/code/172/usr/lib/x86_64-linux-gnu/gtk-3.0'), ('VSCODE_IPC_HOOK', '/run/user/1000/vscode-c8a6cc9a-1.94-main.sock'), ('GTK_IM_MODULE_FILE', '/home/jewoo/snap/code/common/.cache/immodules/immodules.cache'), ('GIO_LAUNCHED_DESKTOP_FILE', '/var/lib/snapd/desktop/applications/code_code.desktop'), ('APPLICATION_INSIGHTS_NO_DIAGNOSTIC_CHANNEL', '1'), ('ROS_PYTHON_VERSION', '3'), ('GNOME_SHELL_SESSION_MODE', 'ubuntu'), ('GTK_MODULES', 'gail:atk-bridge'), ('GSETTINGS_SCHEMA_DIR_VSCODE_SNAP_ORIG', ''), ('LC_MONETARY', 'ko_KR.UTF-8'), ('MANAGERPID', '1002'), ('SYSTEMD_EXEC_PID', '1565'), ('DBUS_SESSION_BUS_ADDRESS', 'unix:path=/run/user/1000/bus'), ('SNAP_REVISION', '172'), ('COLORTERM', 'truecolor'), ('GIO_LAUNCHED_DESKTOP_FILE_PID', '9547'), ('_colcon_cd_root', '/opt/ros/humble/'), ('VSCODE_CRASH_REPORTER_PROCESS_TYPE', 'extensionHost'), ('IM_CONFIG_PHASE', '1'), ('VSCODE_L10N_BUNDLE_LOCATION', ''), ('COLCON_PREFIX_PATH', '/home/jewoo/ros2_ws/install'), ('ROS_DISTRO', 'humble'), ('GTK_IM_MODULE', 'ibus'), ('LOGNAME', 'jewoo'), ('_', '/usr/bin/colcon'), ('SNAP_CONTEXT', 'W-QB9fLAu5WdpjVnIpsu6mTwo8l3HaXd8SiYcr_Q7JKZzAJNKDmt'), ('SUMO_HOME', '/usr/share/sumo'), ('JOURNAL_STREAM', '8:10736'), ('ROS_VERSION', '2'), ('XDG_CONFIG_DIRS_VSCODE_SNAP_ORIG', '/etc/xdg/xdg-ubuntu:/etc/xdg'), ('XDG_SESSION_CLASS', 'user'), ('SNAP_VERSION', '384ff738'), ('XDG_DATA_DIRS_VSCODE_SNAP_ORIG', '/usr/share/ubuntu:/usr/share/gnome:/usr/local/share/:/usr/share/:/var/lib/snapd/desktop'), ('USERNAME', 'jewoo'), ('TERM', 'xterm-256color'), ('GNOME_DESKTOP_SESSION_ID', 'this-is-deprecated'), ('SNAP_INSTANCE_NAME', 'code'), ('ROS_LOCALHOST_ONLY', '0'), ('WINDOWPATH', '2'), ('PATH', '/home/jewoo/.local/bin:/opt/ros/humble/bin:/home/jewoo/.local/bin:/home/jewoo/.local/bin:/home/jewoo/anaconda3/bin:/home/jewoo/anaconda3/condabin:/home/jewoo/.local/bin:/usr/local/sbin:/usr/local/bin:/usr/sbin:/usr/bin:/sbin:/bin:/usr/games:/usr/local/games:/snap/bin:/snap/bin'), ('SESSION_MANAGER', 'local/jewoo-System-Product-Name:@/tmp/.ICE-unix/1505,unix/jewoo-System-Product-Name:/tmp/.ICE-unix/1505'), ('VSCODE_AMD_ENTRYPOINT', 'vs/workbench/api/node/extensionHostProcess'), ('GTK_EXE_PREFIX', '/snap/code/172/usr'), ('INVOCATION_ID', '605e65c35052471c9b3b30b84372df85'), ('PAPERSIZE', 'a4'), ('XDG_MENU_PREFIX', 'gnome-'), ('LC_ADDRESS', 'ko_KR.UTF-8'), ('BAMF_DESKTOP_FILE_HINT', '/var/lib/snapd/desktop/applications/code_code.desktop'), ('SNAP_DATA', '/var/snap/code/172'), ('XDG_RUNTIME_DIR', '/run/user/1000'), ('GDK_BACKEND', 'x11'), ('DISPLAY', ':0'), ('LOCPATH', '/snap/code/172/usr/lib/locale'), ('LANG', 'ko_KR.UTF-8'), ('XDG_CURRENT_DESKTOP', 'Unity'), ('LC_TELEPHONE', 'ko_KR.UTF-8'), ('GIO_MODULE_DIR_VSCODE_SNAP_ORIG', ''), ('XMODIFIERS', '@im=ibus'), ('XDG_SESSION_DESKTOP', 'ubuntu'), ('XAUTHORITY', '/run/user/1000/gdm/Xauthority'), ('LS_COLORS', ''), ('TERM_PROGRAM', 'vscode'), ('SSH_AGENT_LAUNCHER', 'gnome-keyring'), ('SNAP_USER_COMMON', '/home/jewoo/snap/code/common'), ('SSH_AUTH_SOCK', '/run/user/1000/keyring/ssh'), ('GSETTINGS_SCHEMA_DIR', '/home/jewoo/snap/code/172/.local/share/glib-2.0/schemas'), ('SNAP_ARCH', 'amd64'), ('AMENT_PREFIX_PATH', '/home/jewoo/ros2_ws/install/ros2_interfaces_tutorial:/opt/ros/humble:/home/jewoo/ros2_ws/install/tutorial_interface:/home/jewoo/ros2_ws/install/ros2_python_tutorial:/home/jewoo/ros2_ws/install/ros2_cpp_tutorial'), ('SNAP_COOKIE', 'W-QB9fLAu5WdpjVnIpsu6mTwo8l3HaXd8SiYcr_Q7JKZzAJNKDmt'), ('ORIGINAL_XDG_CURRENT_DESKTOP', 'ubuntu:GNOME'), ('SHELL', '/bin/bash'), ('LC_NAME', 'ko_KR.UTF-8'), ('GDK_PIXBUF_MODULEDIR', '/snap/code/172/usr/lib/x86_64-linux-gnu/gdk-pixbuf-2.0/2.10.0/loaders'), ('QT_ACCESSIBILITY', '1'), ('ELECTRON_RUN_AS_NODE', '1'), ('GDMSESSION', 'ubuntu'), ('LESSCLOSE', '/usr/bin/lesspipe %s %s'), ('GTK_PATH_VSCODE_SNAP_ORIG', ''), ('SNAP_NAME', 'code'), ('GTK_IM_MODULE_FILE_VSCODE_SNAP_ORIG', ''), ('LC_MEASUREMENT', 'ko_KR.UTF-8'), ('GDK_PIXBUF_MODULE_FILE', '/home/jewoo/snap/code/common/.cache/gdk-pixbuf-loaders.cache'), ('GPG_AGENT_INFO', '/run/user/1000/gnupg/S.gpg-agent:0:1'), ('GJS_DEBUG_OUTPUT', 'stderr'), ('LC_IDENTIFICATION', 'ko_KR.UTF-8'), ('SNAP_LAUNCHER_ARCH_TRIPLET', 'x86_64-linux-gnu'), ('QT_IM_MODULE', 'ibus'), ('PWD', '/home/jewoo/ros2_ws/build/ros2_cpp_tutorial'), ('VSCODE_CLI', '1'), ('LC_ALL', 'en_US.UTF-8'), ('XDG_CONFIG_DIRS', '/etc/xdg/xdg-ubuntu:/etc/xdg'), ('SNAP_REAL_HOME', '/home/jewoo'), ('VSCODE_CODE_CACHE_PATH', '/home/jewoo/.config/Code/CachedData/384ff7382de624fb94dbaf6da11977bba1ecd427'), ('XDG_DATA_DIRS', '/home/jewoo/snap/code/172/.local/share:/home/jewoo/snap/code/172:/snap/code/172/usr/share:/usr/share/ubuntu:/usr/share/gnome:/usr/local/share/:/usr/share/:/var/lib/snapd/desktop'), ('SNAP_EUID', '1000'), ('PYTHONPATH', '/home/jewoo/ros2_ws/install/ros2_interfaces_tutorial/local/lib/python3.10/dist-packages:/opt/ros/humble/lib/python3.10/site-packages:/opt/ros/humble/local/lib/python3.10/dist-packages:/home/jewoo/ros2_ws/install/tutorial_interface/local/lib/python3.10/dist-packages:/home/jewoo/ros2_ws/build/ros2_python_tutorial:/home/jewoo/ros2_ws/install/ros2_python_tutorial/lib/python3.10/site-packages'), ('SNAP', '/snap/code/172'), ('LC_NUMERIC', 'ko_KR.UTF-8'), ('LC_PAPER', 'ko_KR.UTF-8'), ('COLCON', '1'), ('ELECTRON_NO_ATTACH_CONSOLE', '1'), ('CMAKE_PREFIX_PATH', '/home/jewoo/ros2_ws/install/ros2_interfaces_tutorial:/home/jewoo/ros2_ws/install/tutorial_interface:/home/jewoo/ros2_ws/install/ros2_cpp_tutorial:/opt/ros/humble:/home/jewoo/ros2_ws/install/ros2_python_tutorial'), ('VSCODE_PID', '9594')]), 'shell': False}
[1.516554] (ros2_cpp_tutorial) StdoutLine: {'line': b'-- Install configuration: "RelWithDebInfo"\n'}
[1.517490] (ros2_cpp_tutorial) StdoutLine: {'line': b'-- Execute custom install script\n'}
[1.517968] (ros2_cpp_tutorial) StdoutLine: {'line': b'-- Up-to-date symlink: /home/jewoo/ros2_ws/install/ros2_cpp_tutorial/lib/ros2_cpp_tutorial/talker\n'}
[1.518550] (ros2_cpp_tutorial) StdoutLine: {'line': b'-- Up-to-date symlink: /home/jewoo/ros2_ws/install/ros2_cpp_tutorial/lib/ros2_cpp_tutorial/listener\n'}
[1.519100] (ros2_cpp_tutorial) StdoutLine: {'line': b'-- Up-to-date symlink: /home/jewoo/ros2_ws/install/ros2_cpp_tutorial/lib/ros2_cpp_tutorial/custom_msg_publisher\n'}
[1.519616] (ros2_cpp_tutorial) StdoutLine: {'line': b'-- Up-to-date symlink: /home/jewoo/ros2_ws/install/ros2_cpp_tutorial/lib/ros2_cpp_tutorial/cpp_node\n'}
[1.520003] (ros2_cpp_tutorial) StdoutLine: {'line': b'-- Up-to-date symlink: /home/jewoo/ros2_ws/install/ros2_cpp_tutorial/share/ament_index/resource_index/package_run_dependencies/ros2_cpp_tutorial\n'}
[1.520436] (ros2_cpp_tutorial) StdoutLine: {'line': b'-- Up-to-date symlink: /home/jewoo/ros2_ws/install/ros2_cpp_tutorial/share/ament_index/resource_index/parent_prefix_path/ros2_cpp_tutorial\n'}
[1.520712] (ros2_cpp_tutorial) StdoutLine: {'line': b'-- Up-to-date symlink: /home/jewoo/ros2_ws/install/ros2_cpp_tutorial/share/ros2_cpp_tutorial/environment/ament_prefix_path.sh\n'}
[1.520973] (ros2_cpp_tutorial) StdoutLine: {'line': b'-- Up-to-date symlink: /home/jewoo/ros2_ws/install/ros2_cpp_tutorial/share/ros2_cpp_tutorial/environment/ament_prefix_path.dsv\n'}
[1.521284] (ros2_cpp_tutorial) StdoutLine: {'line': b'-- Up-to-date symlink: /home/jewoo/ros2_ws/install/ros2_cpp_tutorial/share/ros2_cpp_tutorial/environment/path.sh\n'}
[1.521503] (ros2_cpp_tutorial) StdoutLine: {'line': b'-- Up-to-date symlink: /home/jewoo/ros2_ws/install/ros2_cpp_tutorial/share/ros2_cpp_tutorial/environment/path.dsv\n'}
[1.521798] (ros2_cpp_tutorial) StdoutLine: {'line': b'-- Up-to-date symlink: /home/jewoo/ros2_ws/install/ros2_cpp_tutorial/share/ros2_cpp_tutorial/local_setup.bash\n'}
[1.522038] (ros2_cpp_tutorial) StdoutLine: {'line': b'-- Up-to-date symlink: /home/jewoo/ros2_ws/install/ros2_cpp_tutorial/share/ros2_cpp_tutorial/local_setup.sh\n'}
[1.522277] (ros2_cpp_tutorial) StdoutLine: {'line': b'-- Up-to-date symlink: /home/jewoo/ros2_ws/install/ros2_cpp_tutorial/share/ros2_cpp_tutorial/local_setup.zsh\n'}
[1.522526] (ros2_cpp_tutorial) StdoutLine: {'line': b'-- Up-to-date symlink: /home/jewoo/ros2_ws/install/ros2_cpp_tutorial/share/ros2_cpp_tutorial/local_setup.dsv\n'}
[1.522728] (ros2_cpp_tutorial) StdoutLine: {'line': b'-- Symlinking: /home/jewoo/ros2_ws/install/ros2_cpp_tutorial/share/ros2_cpp_tutorial/package.dsv\n'}
[1.537709] (ros2_cpp_tutorial) StdoutLine: {'line': b'-- Up-to-date symlink: /home/jewoo/ros2_ws/install/ros2_cpp_tutorial/share/ament_index/resource_index/packages/ros2_cpp_tutorial\n'}
[1.538086] (ros2_cpp_tutorial) StdoutLine: {'line': b'-- Up-to-date symlink: /home/jewoo/ros2_ws/install/ros2_cpp_tutorial/share/ros2_cpp_tutorial/cmake/ros2_cpp_tutorialConfig.cmake\n'}
[1.538336] (ros2_cpp_tutorial) StdoutLine: {'line': b'-- Up-to-date symlink: /home/jewoo/ros2_ws/install/ros2_cpp_tutorial/share/ros2_cpp_tutorial/cmake/ros2_cpp_tutorialConfig-version.cmake\n'}
[1.538564] (ros2_cpp_tutorial) StdoutLine: {'line': b'-- Up-to-date symlink: /home/jewoo/ros2_ws/install/ros2_cpp_tutorial/share/ros2_cpp_tutorial/package.xml\n'}
[1.541247] (ros2_cpp_tutorial) CommandEnded: {'returncode': 0}
[1.601956] (-) TimerEvent: {}
[1.625008] (ros2_cpp_tutorial) JobEnded: {'identifier': 'ros2_cpp_tutorial', 'rc': 0}
[1.664461] (ros2_python_tutorial) StdoutLine: {'line': b'running develop\n'}
[1.664976] (ros2_python_tutorial) StderrLine: {'line': b'/usr/lib/python3/dist-packages/setuptools/command/easy_install.py:158: EasyInstallDeprecationWarning: easy_install command is deprecated. Use build and pip and other standards-based tools.\n'}
[1.665187] (ros2_python_tutorial) StderrLine: {'line': b'  warnings.warn(\n'}
[1.702089] (-) TimerEvent: {}
[1.802483] (-) TimerEvent: {}
[1.902800] (-) TimerEvent: {}
[1.961551] (ros2_python_tutorial) StdoutLine: {'line': b'running egg_info\n'}
[1.961876] (ros2_python_tutorial) StdoutLine: {'line': b'writing ros2_python_tutorial.egg-info/PKG-INFO\n'}
[1.962077] (ros2_python_tutorial) StdoutLine: {'line': b'writing dependency_links to ros2_python_tutorial.egg-info/dependency_links.txt\n'}
[1.962365] (ros2_python_tutorial) StdoutLine: {'line': b'writing entry points to ros2_python_tutorial.egg-info/entry_points.txt\n'}
[1.962606] (ros2_python_tutorial) StdoutLine: {'line': b'writing requirements to ros2_python_tutorial.egg-info/requires.txt\n'}
[1.962899] (ros2_python_tutorial) StdoutLine: {'line': b'writing top-level names to ros2_python_tutorial.egg-info/top_level.txt\n'}
[1.965446] (ros2_python_tutorial) StdoutLine: {'line': b"reading manifest file 'ros2_python_tutorial.egg-info/SOURCES.txt'\n"}
[1.966920] (ros2_python_tutorial) StdoutLine: {'line': b"writing manifest file 'ros2_python_tutorial.egg-info/SOURCES.txt'\n"}
[1.969163] (ros2_python_tutorial) StdoutLine: {'line': b'running build_ext\n'}
[1.969503] (ros2_python_tutorial) StdoutLine: {'line': b'Creating /home/jewoo/ros2_ws/install/ros2_python_tutorial/lib/python3.10/site-packages/ros2-python-tutorial.egg-link (link to .)\n'}
[1.971082] (ros2_python_tutorial) StdoutLine: {'line': b'Installing client script to /home/jewoo/ros2_ws/install/ros2_python_tutorial/lib/ros2_python_tutorial\n'}
[1.971402] (ros2_python_tutorial) StdoutLine: {'line': b'Installing custom_msg_publisher script to /home/jewoo/ros2_ws/install/ros2_python_tutorial/lib/ros2_python_tutorial\n'}
[1.971678] (ros2_python_tutorial) StdoutLine: {'line': b'Installing listener script to /home/jewoo/ros2_ws/install/ros2_python_tutorial/lib/ros2_python_tutorial\n'}
[1.971829] (ros2_python_tutorial) StdoutLine: {'line': b'Installing python_node script to /home/jewoo/ros2_ws/install/ros2_python_tutorial/lib/ros2_python_tutorial\n'}
[1.971957] (ros2_python_tutorial) StdoutLine: {'line': b'Installing server script to /home/jewoo/ros2_ws/install/ros2_python_tutorial/lib/ros2_python_tutorial\n'}
[1.972094] (ros2_python_tutorial) StdoutLine: {'line': b'Installing talker script to /home/jewoo/ros2_ws/install/ros2_python_tutorial/lib/ros2_python_tutorial\n'}
[1.972527] (ros2_python_tutorial) StdoutLine: {'line': b'\n'}
[1.972770] (ros2_python_tutorial) StdoutLine: {'line': b'Installed /home/jewoo/ros2_ws/build/ros2_python_tutorial\n'}
[1.972879] (ros2_python_tutorial) StdoutLine: {'line': b'running symlink_data\n'}
[2.002963] (-) TimerEvent: {}
[2.011479] (ros2_python_tutorial) CommandEnded: {'returncode': 0}
[2.023298] (ros2_python_tutorial) JobEnded: {'identifier': 'ros2_python_tutorial', 'rc': 0}
[2.024571] (-) EventReactorShutdown: {}
