[0.021s] Invoking command in '/home/jewoo/ros2_ws/build/ros2_cpp_tutorial': CMAKE_PREFIX_PATH=/home/jewoo/ros2_ws/install/ros2_interfaces_tutorial:/home/jewoo/ros2_ws/install/ros2_cpp_tutorial:/opt/ros/humble:/home/jewoo/ros2_ws/install/ros2_python_tutorial LD_LIBRARY_PATH=/home/jewoo/ros2_ws/install/ros2_interfaces_tutorial/lib:/usr/lib/x86_64-linux-gnu:/usr/lib/x86_64-linux-gnu:/usr/lib/x86_64-linux-gnu:/usr/lib/x86_64-linux-gnu:/usr/lib/x86_64-linux-gnu:/usr/lib/x86_64-linux-gnu:/usr/lib/x86_64-linux-gnu:/usr/lib/x86_64-linux-gnu:/usr/lib/x86_64-linux-gnu:/usr/lib/x86_64-linux-gnu:/usr/lib/x86_64-linux-gnu/gazebo-11/plugins:/opt/ros/humble/opt/rviz_ogre_vendor/lib:/opt/ros/humble/lib/x86_64-linux-gnu:/opt/ros/humble/lib:/usr/lib/x86_64-linux-gnu /usr/bin/cmake --build /home/jewoo/ros2_ws/build/ros2_cpp_tutorial -- -j12 -l12
[0.133s] [  6%] Built target p1_publisher
[0.134s] [ 12%] Built target talker
[0.134s] [ 21%] Built target custom_msg_publisher
[0.135s] [ 25%] Built target listener
[0.138s] [ 37%] Built target fast_agent
[0.139s] [ 37%] Built target server
[0.139s] [ 43%] Built target cpp_node
[0.139s] [ 50%] Built target p1_subscriber
[0.141s] [ 56%] Built target slow_agent
[0.146s] [ 62%] Built target led_client
[0.150s] [ 68%] Built target led_service
[0.150s] [ 75%] Built target client
[0.166s] [35m[1mConsolidate compiler generated dependencies of target turtlebot_visualizer[0m
[0.179s] [ 81%] Built target square
[0.179s] [ 87%] Built target turtlebot_controller
[0.180s] [ 93%] Built target minimal_param_node
[0.199s] [ 96%] [32mBuilding CXX object CMakeFiles/turtlebot_visualizer.dir/src/turtlebot_visualizer.cpp.o[0m
[4.206s] [01m[K/home/jewoo/ros2_ws/src/ros2_cpp_tutorial/src/turtlebot_visualizer.cpp:[m[K In member function ‘[01m[Kvoid TurtlebotVisualizer::timer_callback()[m[K’:
[4.206s] [01m[K/home/jewoo/ros2_ws/src/ros2_cpp_tutorial/src/turtlebot_visualizer.cpp:53:18:[m[K [01;35m[Kwarning: [m[Kcomparison of integer expressions of different signedness: ‘[01m[Kint[m[K’ and ‘[01m[Klong unsigned int[m[K’ [[01;35m[K]8;;https://gcc.gnu.org/onlinedocs/gcc/Warning-Options.html#index-Wsign-compare-Wsign-compare]8;;[m[K]
[4.206s]    53 |     for(int i=0;[01;35m[Ki<sizeof(way_x)[m[K;i++){
[4.206s]       |                 [01;35m[K~^~~~~~~~~~~~~~[m[K
[13.770s] [100%] [32m[1mLinking CXX executable turtlebot_visualizer[0m
[14.490s] [100%] Built target turtlebot_visualizer
[14.508s] Invoked command in '/home/jewoo/ros2_ws/build/ros2_cpp_tutorial' returned '0': CMAKE_PREFIX_PATH=/home/jewoo/ros2_ws/install/ros2_interfaces_tutorial:/home/jewoo/ros2_ws/install/ros2_cpp_tutorial:/opt/ros/humble:/home/jewoo/ros2_ws/install/ros2_python_tutorial LD_LIBRARY_PATH=/home/jewoo/ros2_ws/install/ros2_interfaces_tutorial/lib:/usr/lib/x86_64-linux-gnu:/usr/lib/x86_64-linux-gnu:/usr/lib/x86_64-linux-gnu:/usr/lib/x86_64-linux-gnu:/usr/lib/x86_64-linux-gnu:/usr/lib/x86_64-linux-gnu:/usr/lib/x86_64-linux-gnu:/usr/lib/x86_64-linux-gnu:/usr/lib/x86_64-linux-gnu:/usr/lib/x86_64-linux-gnu:/usr/lib/x86_64-linux-gnu/gazebo-11/plugins:/opt/ros/humble/opt/rviz_ogre_vendor/lib:/opt/ros/humble/lib/x86_64-linux-gnu:/opt/ros/humble/lib:/usr/lib/x86_64-linux-gnu /usr/bin/cmake --build /home/jewoo/ros2_ws/build/ros2_cpp_tutorial -- -j12 -l12
[14.611s] Invoking command in '/home/jewoo/ros2_ws/build/ros2_cpp_tutorial': CMAKE_PREFIX_PATH=/home/jewoo/ros2_ws/install/ros2_interfaces_tutorial:/home/jewoo/ros2_ws/install/ros2_cpp_tutorial:/opt/ros/humble:/home/jewoo/ros2_ws/install/ros2_python_tutorial LD_LIBRARY_PATH=/home/jewoo/ros2_ws/install/ros2_interfaces_tutorial/lib:/usr/lib/x86_64-linux-gnu:/usr/lib/x86_64-linux-gnu:/usr/lib/x86_64-linux-gnu:/usr/lib/x86_64-linux-gnu:/usr/lib/x86_64-linux-gnu:/usr/lib/x86_64-linux-gnu:/usr/lib/x86_64-linux-gnu:/usr/lib/x86_64-linux-gnu:/usr/lib/x86_64-linux-gnu:/usr/lib/x86_64-linux-gnu:/usr/lib/x86_64-linux-gnu/gazebo-11/plugins:/opt/ros/humble/opt/rviz_ogre_vendor/lib:/opt/ros/humble/lib/x86_64-linux-gnu:/opt/ros/humble/lib:/usr/lib/x86_64-linux-gnu /usr/bin/cmake --install /home/jewoo/ros2_ws/build/ros2_cpp_tutorial
[14.622s] -- Install configuration: ""
[14.623s] -- Execute custom install script
[14.624s] -- Up-to-date symlink: /home/jewoo/ros2_ws/install/ros2_cpp_tutorial/lib/ros2_cpp_tutorial/talker
[14.624s] -- Up-to-date symlink: /home/jewoo/ros2_ws/install/ros2_cpp_tutorial/lib/ros2_cpp_tutorial/listener
[14.625s] -- Up-to-date symlink: /home/jewoo/ros2_ws/install/ros2_cpp_tutorial/lib/ros2_cpp_tutorial/p1_publisher
[14.626s] -- Up-to-date symlink: /home/jewoo/ros2_ws/install/ros2_cpp_tutorial/lib/ros2_cpp_tutorial/p1_subscriber
[14.626s] -- Up-to-date symlink: /home/jewoo/ros2_ws/install/ros2_cpp_tutorial/lib/ros2_cpp_tutorial/fast_agent
[14.627s] -- Up-to-date symlink: /home/jewoo/ros2_ws/install/ros2_cpp_tutorial/lib/ros2_cpp_tutorial/slow_agent
[14.627s] -- Up-to-date symlink: /home/jewoo/ros2_ws/install/ros2_cpp_tutorial/lib/ros2_cpp_tutorial/custom_msg_publisher
[14.628s] -- Up-to-date symlink: /home/jewoo/ros2_ws/install/ros2_cpp_tutorial/lib/ros2_cpp_tutorial/server
[14.628s] -- Up-to-date symlink: /home/jewoo/ros2_ws/install/ros2_cpp_tutorial/lib/ros2_cpp_tutorial/client
[14.629s] -- Up-to-date symlink: /home/jewoo/ros2_ws/install/ros2_cpp_tutorial/lib/ros2_cpp_tutorial/led_client
[14.630s] -- Up-to-date symlink: /home/jewoo/ros2_ws/install/ros2_cpp_tutorial/lib/ros2_cpp_tutorial/led_service
[14.630s] -- Up-to-date symlink: /home/jewoo/ros2_ws/install/ros2_cpp_tutorial/lib/ros2_cpp_tutorial/cpp_node
[14.631s] -- Up-to-date symlink: /home/jewoo/ros2_ws/install/ros2_cpp_tutorial/lib/ros2_cpp_tutorial/turtlebot_controller
[14.631s] -- Up-to-date symlink: /home/jewoo/ros2_ws/install/ros2_cpp_tutorial/lib/ros2_cpp_tutorial/square
[14.631s] -- Up-to-date symlink: /home/jewoo/ros2_ws/install/ros2_cpp_tutorial/lib/ros2_cpp_tutorial/minimal_param_node
[14.632s] -- Up-to-date symlink: /home/jewoo/ros2_ws/install/ros2_cpp_tutorial/lib/ros2_cpp_tutorial/turtlebot_visualizer
[14.632s] -- Up-to-date symlink: /home/jewoo/ros2_ws/install/ros2_cpp_tutorial/share/ros2_cpp_tutorial/launch/cpp_parameters_launch.py
[14.633s] -- Up-to-date symlink: /home/jewoo/ros2_ws/install/ros2_cpp_tutorial/share/ros2_cpp_tutorial/launch/multi_turtlebot_control_launch.py
[14.633s] -- Up-to-date symlink: /home/jewoo/ros2_ws/install/ros2_cpp_tutorial/share/ros2_cpp_tutorial/launch/talker_listener_launch.py
[14.633s] -- Up-to-date symlink: /home/jewoo/ros2_ws/install/ros2_cpp_tutorial/share/ros2_cpp_tutorial/launch/turtlebot_control_launch.py
[14.633s] -- Up-to-date symlink: /home/jewoo/ros2_ws/install/ros2_cpp_tutorial/share/ros2_cpp_tutorial/launch/turtlebot_square_control_launch.py
[14.633s] -- Up-to-date symlink: /home/jewoo/ros2_ws/install/ros2_cpp_tutorial/share/ros2_cpp_tutorial/launch/turtlebot_visualization_launch.py
[14.634s] -- Up-to-date symlink: /home/jewoo/ros2_ws/install/ros2_cpp_tutorial/share/ros2_cpp_tutorial/launch/turtlesim_mimic_launch.py
[14.634s] -- Up-to-date symlink: /home/jewoo/ros2_ws/install/ros2_cpp_tutorial/share/ros2_cpp_tutorial/launch/turtlesim_multiple_launch.py
[14.634s] -- Up-to-date symlink: /home/jewoo/ros2_ws/install/ros2_cpp_tutorial/share/ament_index/resource_index/package_run_dependencies/ros2_cpp_tutorial
[14.634s] -- Up-to-date symlink: /home/jewoo/ros2_ws/install/ros2_cpp_tutorial/share/ament_index/resource_index/parent_prefix_path/ros2_cpp_tutorial
[14.634s] -- Up-to-date symlink: /home/jewoo/ros2_ws/install/ros2_cpp_tutorial/share/ros2_cpp_tutorial/environment/ament_prefix_path.sh
[14.635s] -- Up-to-date symlink: /home/jewoo/ros2_ws/install/ros2_cpp_tutorial/share/ros2_cpp_tutorial/environment/ament_prefix_path.dsv
[14.635s] -- Up-to-date symlink: /home/jewoo/ros2_ws/install/ros2_cpp_tutorial/share/ros2_cpp_tutorial/environment/path.sh
[14.635s] -- Up-to-date symlink: /home/jewoo/ros2_ws/install/ros2_cpp_tutorial/share/ros2_cpp_tutorial/environment/path.dsv
[14.635s] -- Up-to-date symlink: /home/jewoo/ros2_ws/install/ros2_cpp_tutorial/share/ros2_cpp_tutorial/local_setup.bash
[14.636s] -- Up-to-date symlink: /home/jewoo/ros2_ws/install/ros2_cpp_tutorial/share/ros2_cpp_tutorial/local_setup.sh
[14.636s] -- Up-to-date symlink: /home/jewoo/ros2_ws/install/ros2_cpp_tutorial/share/ros2_cpp_tutorial/local_setup.zsh
[14.636s] -- Up-to-date symlink: /home/jewoo/ros2_ws/install/ros2_cpp_tutorial/share/ros2_cpp_tutorial/local_setup.dsv
[14.636s] -- Symlinking: /home/jewoo/ros2_ws/install/ros2_cpp_tutorial/share/ros2_cpp_tutorial/package.dsv
[14.650s] -- Up-to-date symlink: /home/jewoo/ros2_ws/install/ros2_cpp_tutorial/share/ament_index/resource_index/packages/ros2_cpp_tutorial
[14.650s] -- Up-to-date symlink: /home/jewoo/ros2_ws/install/ros2_cpp_tutorial/share/ros2_cpp_tutorial/cmake/ros2_cpp_tutorialConfig.cmake
[14.651s] -- Up-to-date symlink: /home/jewoo/ros2_ws/install/ros2_cpp_tutorial/share/ros2_cpp_tutorial/cmake/ros2_cpp_tutorialConfig-version.cmake
[14.651s] -- Up-to-date symlink: /home/jewoo/ros2_ws/install/ros2_cpp_tutorial/share/ros2_cpp_tutorial/package.xml
[14.655s] Invoked command in '/home/jewoo/ros2_ws/build/ros2_cpp_tutorial' returned '0': CMAKE_PREFIX_PATH=/home/jewoo/ros2_ws/install/ros2_interfaces_tutorial:/home/jewoo/ros2_ws/install/ros2_cpp_tutorial:/opt/ros/humble:/home/jewoo/ros2_ws/install/ros2_python_tutorial LD_LIBRARY_PATH=/home/jewoo/ros2_ws/install/ros2_interfaces_tutorial/lib:/usr/lib/x86_64-linux-gnu:/usr/lib/x86_64-linux-gnu:/usr/lib/x86_64-linux-gnu:/usr/lib/x86_64-linux-gnu:/usr/lib/x86_64-linux-gnu:/usr/lib/x86_64-linux-gnu:/usr/lib/x86_64-linux-gnu:/usr/lib/x86_64-linux-gnu:/usr/lib/x86_64-linux-gnu:/usr/lib/x86_64-linux-gnu:/usr/lib/x86_64-linux-gnu/gazebo-11/plugins:/opt/ros/humble/opt/rviz_ogre_vendor/lib:/opt/ros/humble/lib/x86_64-linux-gnu:/opt/ros/humble/lib:/usr/lib/x86_64-linux-gnu /usr/bin/cmake --install /home/jewoo/ros2_ws/build/ros2_cpp_tutorial
