[0.019s] Invoking command in '/home/jewoo/ros2_ws/build/ros2_cpp_tutorial': CMAKE_PREFIX_PATH=/home/jewoo/ros2_ws/install/ros2_interfaces_tutorial:/home/jewoo/ros2_ws/install/ros2_cpp_tutorial:/opt/ros/humble:/home/jewoo/ros2_ws/install/ros2_python_tutorial LD_LIBRARY_PATH=/home/jewoo/ros2_ws/install/ros2_interfaces_tutorial/lib:/usr/lib/x86_64-linux-gnu:/usr/lib/x86_64-linux-gnu:/usr/lib/x86_64-linux-gnu:/usr/lib/x86_64-linux-gnu:/usr/lib/x86_64-linux-gnu:/usr/lib/x86_64-linux-gnu:/usr/lib/x86_64-linux-gnu:/usr/lib/x86_64-linux-gnu:/usr/lib/x86_64-linux-gnu:/usr/lib/x86_64-linux-gnu:/usr/lib/x86_64-linux-gnu:/usr/lib/x86_64-linux-gnu/gazebo-11/plugins:/opt/ros/humble/opt/rviz_ogre_vendor/lib:/opt/ros/humble/lib/x86_64-linux-gnu:/opt/ros/humble/lib:/usr/lib/x86_64-linux-gnu /usr/bin/cmake --build /home/jewoo/ros2_ws/build/ros2_cpp_tutorial -- -j12 -l12
[0.137s] [  6%] Built target talker
[0.142s] [ 12%] Built target listener
[0.142s] [ 21%] Built target p1_subscriber
[0.142s] [ 25%] Built target server
[0.142s] [ 31%] Built target slow_agent
[0.149s] [ 37%] Built target fast_agent
[0.150s] [ 43%] Built target p1_publisher
[0.150s] [ 56%] Built target cpp_node
[0.150s] [ 56%] Built target led_client
[0.151s] [ 62%] Built target client
[0.152s] [ 68%] Built target led_service
[0.152s] [ 75%] Built target custom_msg_publisher
[0.167s] [35m[1mConsolidate compiler generated dependencies of target turtlebot_visualizer[0m
[0.186s] [ 81%] Built target minimal_param_node
[0.188s] [ 87%] Built target square
[0.189s] [ 93%] Built target turtlebot_controller
[0.198s] [ 96%] [32mBuilding CXX object CMakeFiles/turtlebot_visualizer.dir/src/turtlebot_visualizer.cpp.o[0m
[13.527s] [100%] [32m[1mLinking CXX executable turtlebot_visualizer[0m
[14.300s] [100%] Built target turtlebot_visualizer
[14.318s] Invoked command in '/home/jewoo/ros2_ws/build/ros2_cpp_tutorial' returned '0': CMAKE_PREFIX_PATH=/home/jewoo/ros2_ws/install/ros2_interfaces_tutorial:/home/jewoo/ros2_ws/install/ros2_cpp_tutorial:/opt/ros/humble:/home/jewoo/ros2_ws/install/ros2_python_tutorial LD_LIBRARY_PATH=/home/jewoo/ros2_ws/install/ros2_interfaces_tutorial/lib:/usr/lib/x86_64-linux-gnu:/usr/lib/x86_64-linux-gnu:/usr/lib/x86_64-linux-gnu:/usr/lib/x86_64-linux-gnu:/usr/lib/x86_64-linux-gnu:/usr/lib/x86_64-linux-gnu:/usr/lib/x86_64-linux-gnu:/usr/lib/x86_64-linux-gnu:/usr/lib/x86_64-linux-gnu:/usr/lib/x86_64-linux-gnu:/usr/lib/x86_64-linux-gnu:/usr/lib/x86_64-linux-gnu/gazebo-11/plugins:/opt/ros/humble/opt/rviz_ogre_vendor/lib:/opt/ros/humble/lib/x86_64-linux-gnu:/opt/ros/humble/lib:/usr/lib/x86_64-linux-gnu /usr/bin/cmake --build /home/jewoo/ros2_ws/build/ros2_cpp_tutorial -- -j12 -l12
[14.423s] Invoking command in '/home/jewoo/ros2_ws/build/ros2_cpp_tutorial': CMAKE_PREFIX_PATH=/home/jewoo/ros2_ws/install/ros2_interfaces_tutorial:/home/jewoo/ros2_ws/install/ros2_cpp_tutorial:/opt/ros/humble:/home/jewoo/ros2_ws/install/ros2_python_tutorial LD_LIBRARY_PATH=/home/jewoo/ros2_ws/install/ros2_interfaces_tutorial/lib:/usr/lib/x86_64-linux-gnu:/usr/lib/x86_64-linux-gnu:/usr/lib/x86_64-linux-gnu:/usr/lib/x86_64-linux-gnu:/usr/lib/x86_64-linux-gnu:/usr/lib/x86_64-linux-gnu:/usr/lib/x86_64-linux-gnu:/usr/lib/x86_64-linux-gnu:/usr/lib/x86_64-linux-gnu:/usr/lib/x86_64-linux-gnu:/usr/lib/x86_64-linux-gnu:/usr/lib/x86_64-linux-gnu/gazebo-11/plugins:/opt/ros/humble/opt/rviz_ogre_vendor/lib:/opt/ros/humble/lib/x86_64-linux-gnu:/opt/ros/humble/lib:/usr/lib/x86_64-linux-gnu /usr/bin/cmake --install /home/jewoo/ros2_ws/build/ros2_cpp_tutorial
[14.434s] -- Install configuration: ""
[14.435s] -- Execute custom install script
[14.435s] -- Up-to-date symlink: /home/jewoo/ros2_ws/install/ros2_cpp_tutorial/lib/ros2_cpp_tutorial/talker
[14.436s] -- Up-to-date symlink: /home/jewoo/ros2_ws/install/ros2_cpp_tutorial/lib/ros2_cpp_tutorial/listener
[14.436s] -- Up-to-date symlink: /home/jewoo/ros2_ws/install/ros2_cpp_tutorial/lib/ros2_cpp_tutorial/p1_publisher
[14.437s] -- Up-to-date symlink: /home/jewoo/ros2_ws/install/ros2_cpp_tutorial/lib/ros2_cpp_tutorial/p1_subscriber
[14.437s] -- Up-to-date symlink: /home/jewoo/ros2_ws/install/ros2_cpp_tutorial/lib/ros2_cpp_tutorial/fast_agent
[14.438s] -- Up-to-date symlink: /home/jewoo/ros2_ws/install/ros2_cpp_tutorial/lib/ros2_cpp_tutorial/slow_agent
[14.439s] -- Up-to-date symlink: /home/jewoo/ros2_ws/install/ros2_cpp_tutorial/lib/ros2_cpp_tutorial/custom_msg_publisher
[14.439s] -- Up-to-date symlink: /home/jewoo/ros2_ws/install/ros2_cpp_tutorial/lib/ros2_cpp_tutorial/server
[14.440s] -- Up-to-date symlink: /home/jewoo/ros2_ws/install/ros2_cpp_tutorial/lib/ros2_cpp_tutorial/client
[14.440s] -- Up-to-date symlink: /home/jewoo/ros2_ws/install/ros2_cpp_tutorial/lib/ros2_cpp_tutorial/led_client
[14.441s] -- Up-to-date symlink: /home/jewoo/ros2_ws/install/ros2_cpp_tutorial/lib/ros2_cpp_tutorial/led_service
[14.441s] -- Up-to-date symlink: /home/jewoo/ros2_ws/install/ros2_cpp_tutorial/lib/ros2_cpp_tutorial/cpp_node
[14.442s] -- Up-to-date symlink: /home/jewoo/ros2_ws/install/ros2_cpp_tutorial/lib/ros2_cpp_tutorial/turtlebot_controller
[14.442s] -- Up-to-date symlink: /home/jewoo/ros2_ws/install/ros2_cpp_tutorial/lib/ros2_cpp_tutorial/square
[14.443s] -- Up-to-date symlink: /home/jewoo/ros2_ws/install/ros2_cpp_tutorial/lib/ros2_cpp_tutorial/minimal_param_node
[14.444s] -- Up-to-date symlink: /home/jewoo/ros2_ws/install/ros2_cpp_tutorial/lib/ros2_cpp_tutorial/turtlebot_visualizer
[14.444s] -- Up-to-date symlink: /home/jewoo/ros2_ws/install/ros2_cpp_tutorial/share/ros2_cpp_tutorial/launch/cpp_parameters_launch.py
[14.445s] -- Up-to-date symlink: /home/jewoo/ros2_ws/install/ros2_cpp_tutorial/share/ros2_cpp_tutorial/launch/multi_turtlebot_control_launch.py
[14.445s] -- Up-to-date symlink: /home/jewoo/ros2_ws/install/ros2_cpp_tutorial/share/ros2_cpp_tutorial/launch/talker_listener_launch.py
[14.445s] -- Up-to-date symlink: /home/jewoo/ros2_ws/install/ros2_cpp_tutorial/share/ros2_cpp_tutorial/launch/turtlebot_control_launch.py
[14.446s] -- Up-to-date symlink: /home/jewoo/ros2_ws/install/ros2_cpp_tutorial/share/ros2_cpp_tutorial/launch/turtlebot_square_control_launch.py
[14.446s] -- Up-to-date symlink: /home/jewoo/ros2_ws/install/ros2_cpp_tutorial/share/ros2_cpp_tutorial/launch/turtlebot_visualization_launch.py
[14.446s] -- Up-to-date symlink: /home/jewoo/ros2_ws/install/ros2_cpp_tutorial/share/ros2_cpp_tutorial/launch/turtlesim_mimic_launch.py
[14.447s] -- Up-to-date symlink: /home/jewoo/ros2_ws/install/ros2_cpp_tutorial/share/ros2_cpp_tutorial/launch/turtlesim_multiple_launch.py
[14.447s] -- Up-to-date symlink: /home/jewoo/ros2_ws/install/ros2_cpp_tutorial/share/ament_index/resource_index/package_run_dependencies/ros2_cpp_tutorial
[14.447s] -- Up-to-date symlink: /home/jewoo/ros2_ws/install/ros2_cpp_tutorial/share/ament_index/resource_index/parent_prefix_path/ros2_cpp_tutorial
[14.448s] -- Up-to-date symlink: /home/jewoo/ros2_ws/install/ros2_cpp_tutorial/share/ros2_cpp_tutorial/environment/ament_prefix_path.sh
[14.448s] -- Up-to-date symlink: /home/jewoo/ros2_ws/install/ros2_cpp_tutorial/share/ros2_cpp_tutorial/environment/ament_prefix_path.dsv
[14.449s] -- Up-to-date symlink: /home/jewoo/ros2_ws/install/ros2_cpp_tutorial/share/ros2_cpp_tutorial/environment/path.sh
[14.449s] -- Up-to-date symlink: /home/jewoo/ros2_ws/install/ros2_cpp_tutorial/share/ros2_cpp_tutorial/environment/path.dsv
[14.450s] -- Up-to-date symlink: /home/jewoo/ros2_ws/install/ros2_cpp_tutorial/share/ros2_cpp_tutorial/local_setup.bash
[14.450s] -- Up-to-date symlink: /home/jewoo/ros2_ws/install/ros2_cpp_tutorial/share/ros2_cpp_tutorial/local_setup.sh
[14.450s] -- Up-to-date symlink: /home/jewoo/ros2_ws/install/ros2_cpp_tutorial/share/ros2_cpp_tutorial/local_setup.zsh
[14.451s] -- Up-to-date symlink: /home/jewoo/ros2_ws/install/ros2_cpp_tutorial/share/ros2_cpp_tutorial/local_setup.dsv
[14.451s] -- Symlinking: /home/jewoo/ros2_ws/install/ros2_cpp_tutorial/share/ros2_cpp_tutorial/package.dsv
[14.465s] -- Up-to-date symlink: /home/jewoo/ros2_ws/install/ros2_cpp_tutorial/share/ament_index/resource_index/packages/ros2_cpp_tutorial
[14.465s] -- Up-to-date symlink: /home/jewoo/ros2_ws/install/ros2_cpp_tutorial/share/ros2_cpp_tutorial/cmake/ros2_cpp_tutorialConfig.cmake
[14.465s] -- Up-to-date symlink: /home/jewoo/ros2_ws/install/ros2_cpp_tutorial/share/ros2_cpp_tutorial/cmake/ros2_cpp_tutorialConfig-version.cmake
[14.466s] -- Up-to-date symlink: /home/jewoo/ros2_ws/install/ros2_cpp_tutorial/share/ros2_cpp_tutorial/package.xml
[14.469s] Invoked command in '/home/jewoo/ros2_ws/build/ros2_cpp_tutorial' returned '0': CMAKE_PREFIX_PATH=/home/jewoo/ros2_ws/install/ros2_interfaces_tutorial:/home/jewoo/ros2_ws/install/ros2_cpp_tutorial:/opt/ros/humble:/home/jewoo/ros2_ws/install/ros2_python_tutorial LD_LIBRARY_PATH=/home/jewoo/ros2_ws/install/ros2_interfaces_tutorial/lib:/usr/lib/x86_64-linux-gnu:/usr/lib/x86_64-linux-gnu:/usr/lib/x86_64-linux-gnu:/usr/lib/x86_64-linux-gnu:/usr/lib/x86_64-linux-gnu:/usr/lib/x86_64-linux-gnu:/usr/lib/x86_64-linux-gnu:/usr/lib/x86_64-linux-gnu:/usr/lib/x86_64-linux-gnu:/usr/lib/x86_64-linux-gnu:/usr/lib/x86_64-linux-gnu:/usr/lib/x86_64-linux-gnu/gazebo-11/plugins:/opt/ros/humble/opt/rviz_ogre_vendor/lib:/opt/ros/humble/lib/x86_64-linux-gnu:/opt/ros/humble/lib:/usr/lib/x86_64-linux-gnu /usr/bin/cmake --install /home/jewoo/ros2_ws/build/ros2_cpp_tutorial
