[0.183s] DEBUG:colcon:Command line arguments: ['/usr/bin/colcon', 'build', '--symlink-install']
[0.183s] DEBUG:colcon:Parsed command line arguments: Namespace(log_base=None, log_level=None, verb_name='build', build_base='build', install_base='install', merge_install=False, symlink_install=True, test_result_base=None, continue_on_error=False, executor='parallel', parallel_workers=12, event_handlers=None, ignore_user_meta=False, metas=['./colcon.meta'], base_paths=['.'], packages_ignore=None, packages_ignore_regex=None, paths=None, packages_up_to=None, packages_up_to_regex=None, packages_above=None, packages_above_and_dependencies=None, packages_above_depth=None, packages_select_by_dep=None, packages_skip_by_dep=None, packages_skip_up_to=None, packages_select_build_failed=False, packages_skip_build_finished=False, packages_select_test_failures=False, packages_skip_test_passed=False, packages_select=None, packages_skip=None, packages_select_regex=None, packages_skip_regex=None, packages_start=None, packages_end=None, allow_overriding=[], cmake_args=None, cmake_target=None, cmake_target_skip_unavailable=False, cmake_clean_cache=False, cmake_clean_first=False, cmake_force_configure=False, ament_cmake_args=None, catkin_cmake_args=None, catkin_skip_building_tests=False, verb_parser=<colcon_defaults.argument_parser.defaults.DefaultArgumentsDecorator object at 0x78be1c845060>, verb_extension=<colcon_core.verb.build.BuildVerb object at 0x78be1c844220>, main=<bound method BuildVerb.main of <colcon_core.verb.build.BuildVerb object at 0x78be1c844220>>)
[0.491s] Level 1:colcon.colcon_core.package_discovery:discover_packages(colcon_meta) check parameters
[0.491s] Level 1:colcon.colcon_core.package_discovery:discover_packages(recursive) check parameters
[0.491s] Level 1:colcon.colcon_core.package_discovery:discover_packages(ignore) check parameters
[0.491s] Level 1:colcon.colcon_core.package_discovery:discover_packages(path) check parameters
[0.491s] Level 1:colcon.colcon_core.package_discovery:discover_packages(colcon_meta) discover
[0.491s] Level 1:colcon.colcon_core.package_discovery:discover_packages(recursive) discover
[0.491s] INFO:colcon.colcon_core.package_discovery:Crawling recursively for packages in '/home/jewoo/ros2_ws'
[0.491s] Level 1:colcon.colcon_core.package_identification:_identify(.) by extensions ['ignore', 'ignore_ament_install']
[0.492s] Level 1:colcon.colcon_core.package_identification:_identify(.) by extension 'ignore'
[0.492s] Level 1:colcon.colcon_core.package_identification:_identify(.) by extension 'ignore_ament_install'
[0.492s] Level 1:colcon.colcon_core.package_identification:_identify(.) by extensions ['colcon_pkg']
[0.492s] Level 1:colcon.colcon_core.package_identification:_identify(.) by extension 'colcon_pkg'
[0.492s] Level 1:colcon.colcon_core.package_identification:_identify(.) by extensions ['colcon_meta']
[0.492s] Level 1:colcon.colcon_core.package_identification:_identify(.) by extension 'colcon_meta'
[0.492s] Level 1:colcon.colcon_core.package_identification:_identify(.) by extensions ['ros']
[0.493s] Level 1:colcon.colcon_core.package_identification:_identify(.) by extension 'ros'
[0.536s] Level 1:colcon.colcon_core.package_identification:_identify(.) by extensions ['cmake', 'python']
[0.536s] Level 1:colcon.colcon_core.package_identification:_identify(.) by extension 'cmake'
[0.537s] Level 1:colcon.colcon_core.package_identification:_identify(.) by extension 'python'
[0.537s] Level 1:colcon.colcon_core.package_identification:_identify(.) by extensions ['python_setup_py']
[0.537s] Level 1:colcon.colcon_core.package_identification:_identify(.) by extension 'python_setup_py'
[0.537s] Level 1:colcon.colcon_core.package_identification:_identify(build) by extensions ['ignore', 'ignore_ament_install']
[0.537s] Level 1:colcon.colcon_core.package_identification:_identify(build) by extension 'ignore'
[0.537s] Level 1:colcon.colcon_core.package_identification:_identify(build) ignored
[0.538s] Level 1:colcon.colcon_core.package_identification:_identify(install) by extensions ['ignore', 'ignore_ament_install']
[0.538s] Level 1:colcon.colcon_core.package_identification:_identify(install) by extension 'ignore'
[0.538s] Level 1:colcon.colcon_core.package_identification:_identify(install) ignored
[0.538s] Level 1:colcon.colcon_core.package_identification:_identify(log) by extensions ['ignore', 'ignore_ament_install']
[0.539s] Level 1:colcon.colcon_core.package_identification:_identify(log) by extension 'ignore'
[0.539s] Level 1:colcon.colcon_core.package_identification:_identify(log) ignored
[0.539s] Level 1:colcon.colcon_core.package_identification:_identify(src) by extensions ['ignore', 'ignore_ament_install']
[0.539s] Level 1:colcon.colcon_core.package_identification:_identify(src) by extension 'ignore'
[0.539s] Level 1:colcon.colcon_core.package_identification:_identify(src) by extension 'ignore_ament_install'
[0.540s] Level 1:colcon.colcon_core.package_identification:_identify(src) by extensions ['colcon_pkg']
[0.540s] Level 1:colcon.colcon_core.package_identification:_identify(src) by extension 'colcon_pkg'
[0.540s] Level 1:colcon.colcon_core.package_identification:_identify(src) by extensions ['colcon_meta']
[0.540s] Level 1:colcon.colcon_core.package_identification:_identify(src) by extension 'colcon_meta'
[0.540s] Level 1:colcon.colcon_core.package_identification:_identify(src) by extensions ['ros']
[0.540s] Level 1:colcon.colcon_core.package_identification:_identify(src) by extension 'ros'
[0.540s] Level 1:colcon.colcon_core.package_identification:_identify(src) by extensions ['cmake', 'python']
[0.540s] Level 1:colcon.colcon_core.package_identification:_identify(src) by extension 'cmake'
[0.540s] Level 1:colcon.colcon_core.package_identification:_identify(src) by extension 'python'
[0.541s] Level 1:colcon.colcon_core.package_identification:_identify(src) by extensions ['python_setup_py']
[0.541s] Level 1:colcon.colcon_core.package_identification:_identify(src) by extension 'python_setup_py'
[0.541s] Level 1:colcon.colcon_core.package_identification:_identify(src/build) by extensions ['ignore', 'ignore_ament_install']
[0.541s] Level 1:colcon.colcon_core.package_identification:_identify(src/build) by extension 'ignore'
[0.541s] Level 1:colcon.colcon_core.package_identification:_identify(src/build) ignored
[0.541s] Level 1:colcon.colcon_core.package_identification:_identify(src/install) by extensions ['ignore', 'ignore_ament_install']
[0.542s] Level 1:colcon.colcon_core.package_identification:_identify(src/install) by extension 'ignore'
[0.542s] Level 1:colcon.colcon_core.package_identification:_identify(src/install) ignored
[0.542s] Level 1:colcon.colcon_core.package_identification:_identify(src/log) by extensions ['ignore', 'ignore_ament_install']
[0.542s] Level 1:colcon.colcon_core.package_identification:_identify(src/log) by extension 'ignore'
[0.542s] Level 1:colcon.colcon_core.package_identification:_identify(src/log) ignored
[0.543s] Level 1:colcon.colcon_core.package_identification:_identify(src/ros2_cpp_tutorial) by extensions ['ignore', 'ignore_ament_install']
[0.543s] Level 1:colcon.colcon_core.package_identification:_identify(src/ros2_cpp_tutorial) by extension 'ignore'
[0.543s] Level 1:colcon.colcon_core.package_identification:_identify(src/ros2_cpp_tutorial) by extension 'ignore_ament_install'
[0.543s] Level 1:colcon.colcon_core.package_identification:_identify(src/ros2_cpp_tutorial) by extensions ['colcon_pkg']
[0.543s] Level 1:colcon.colcon_core.package_identification:_identify(src/ros2_cpp_tutorial) by extension 'colcon_pkg'
[0.543s] Level 1:colcon.colcon_core.package_identification:_identify(src/ros2_cpp_tutorial) by extensions ['colcon_meta']
[0.544s] Level 1:colcon.colcon_core.package_identification:_identify(src/ros2_cpp_tutorial) by extension 'colcon_meta'
[0.544s] Level 1:colcon.colcon_core.package_identification:_identify(src/ros2_cpp_tutorial) by extensions ['ros']
[0.544s] Level 1:colcon.colcon_core.package_identification:_identify(src/ros2_cpp_tutorial) by extension 'ros'
[0.549s] DEBUG:colcon.colcon_core.package_identification:Package 'src/ros2_cpp_tutorial' with type 'ros.ament_cmake' and name 'ros2_cpp_tutorial'
[0.550s] Level 1:colcon.colcon_core.package_identification:_identify(src/ros2_interfaces_tutorial) by extensions ['ignore', 'ignore_ament_install']
[0.550s] Level 1:colcon.colcon_core.package_identification:_identify(src/ros2_interfaces_tutorial) by extension 'ignore'
[0.550s] Level 1:colcon.colcon_core.package_identification:_identify(src/ros2_interfaces_tutorial) by extension 'ignore_ament_install'
[0.550s] Level 1:colcon.colcon_core.package_identification:_identify(src/ros2_interfaces_tutorial) by extensions ['colcon_pkg']
[0.550s] Level 1:colcon.colcon_core.package_identification:_identify(src/ros2_interfaces_tutorial) by extension 'colcon_pkg'
[0.551s] Level 1:colcon.colcon_core.package_identification:_identify(src/ros2_interfaces_tutorial) by extensions ['colcon_meta']
[0.551s] Level 1:colcon.colcon_core.package_identification:_identify(src/ros2_interfaces_tutorial) by extension 'colcon_meta'
[0.551s] Level 1:colcon.colcon_core.package_identification:_identify(src/ros2_interfaces_tutorial) by extensions ['ros']
[0.551s] Level 1:colcon.colcon_core.package_identification:_identify(src/ros2_interfaces_tutorial) by extension 'ros'
[0.552s] DEBUG:colcon.colcon_core.package_identification:Package 'src/ros2_interfaces_tutorial' with type 'ros.ament_cmake' and name 'ros2_interfaces_tutorial'
[0.553s] Level 1:colcon.colcon_core.package_identification:_identify(src/ros2_python_tutorial) by extensions ['ignore', 'ignore_ament_install']
[0.553s] Level 1:colcon.colcon_core.package_identification:_identify(src/ros2_python_tutorial) by extension 'ignore'
[0.553s] Level 1:colcon.colcon_core.package_identification:_identify(src/ros2_python_tutorial) by extension 'ignore_ament_install'
[0.553s] Level 1:colcon.colcon_core.package_identification:_identify(src/ros2_python_tutorial) by extensions ['colcon_pkg']
[0.553s] Level 1:colcon.colcon_core.package_identification:_identify(src/ros2_python_tutorial) by extension 'colcon_pkg'
[0.553s] Level 1:colcon.colcon_core.package_identification:_identify(src/ros2_python_tutorial) by extensions ['colcon_meta']
[0.553s] Level 1:colcon.colcon_core.package_identification:_identify(src/ros2_python_tutorial) by extension 'colcon_meta'
[0.554s] Level 1:colcon.colcon_core.package_identification:_identify(src/ros2_python_tutorial) by extensions ['ros']
[0.554s] Level 1:colcon.colcon_core.package_identification:_identify(src/ros2_python_tutorial) by extension 'ros'
[0.555s] DEBUG:colcon.colcon_core.package_identification:Package 'src/ros2_python_tutorial' with type 'ros.ament_python' and name 'ros2_python_tutorial'
[0.555s] Level 1:colcon.colcon_core.package_discovery:discover_packages(recursive) using defaults
[0.555s] Level 1:colcon.colcon_core.package_discovery:discover_packages(ignore) discover
[0.555s] Level 1:colcon.colcon_core.package_discovery:discover_packages(ignore) using defaults
[0.555s] Level 1:colcon.colcon_core.package_discovery:discover_packages(path) discover
[0.555s] Level 1:colcon.colcon_core.package_discovery:discover_packages(path) using defaults
[0.589s] Level 1:colcon.colcon_core.package_discovery:discover_packages(prefix_path) check parameters
[0.589s] Level 1:colcon.colcon_core.package_discovery:discover_packages(prefix_path) discover
[0.593s] DEBUG:colcon.colcon_installed_package_information.package_discovery:Found 3 installed packages in /home/jewoo/ros2_ws/install
[0.596s] DEBUG:colcon.colcon_installed_package_information.package_discovery:Found 376 installed packages in /opt/ros/humble
[0.615s] Level 1:colcon.colcon_core.package_discovery:discover_packages(prefix_path) using defaults
[0.701s] Level 5:colcon.colcon_core.verb:set package 'ros2_interfaces_tutorial' build argument 'cmake_args' from command line to 'None'
[0.701s] Level 5:colcon.colcon_core.verb:set package 'ros2_interfaces_tutorial' build argument 'cmake_target' from command line to 'None'
[0.701s] Level 5:colcon.colcon_core.verb:set package 'ros2_interfaces_tutorial' build argument 'cmake_target_skip_unavailable' from command line to 'False'
[0.701s] Level 5:colcon.colcon_core.verb:set package 'ros2_interfaces_tutorial' build argument 'cmake_clean_cache' from command line to 'False'
[0.701s] Level 5:colcon.colcon_core.verb:set package 'ros2_interfaces_tutorial' build argument 'cmake_clean_first' from command line to 'False'
[0.701s] Level 5:colcon.colcon_core.verb:set package 'ros2_interfaces_tutorial' build argument 'cmake_force_configure' from command line to 'False'
[0.701s] Level 5:colcon.colcon_core.verb:set package 'ros2_interfaces_tutorial' build argument 'ament_cmake_args' from command line to 'None'
[0.701s] Level 5:colcon.colcon_core.verb:set package 'ros2_interfaces_tutorial' build argument 'catkin_cmake_args' from command line to 'None'
[0.701s] Level 5:colcon.colcon_core.verb:set package 'ros2_interfaces_tutorial' build argument 'catkin_skip_building_tests' from command line to 'False'
[0.701s] DEBUG:colcon.colcon_core.verb:Building package 'ros2_interfaces_tutorial' with the following arguments: {'ament_cmake_args': None, 'build_base': '/home/jewoo/ros2_ws/build/ros2_interfaces_tutorial', 'catkin_cmake_args': None, 'catkin_skip_building_tests': False, 'cmake_args': None, 'cmake_clean_cache': False, 'cmake_clean_first': False, 'cmake_force_configure': False, 'cmake_target': None, 'cmake_target_skip_unavailable': False, 'install_base': '/home/jewoo/ros2_ws/install/ros2_interfaces_tutorial', 'merge_install': False, 'path': '/home/jewoo/ros2_ws/src/ros2_interfaces_tutorial', 'symlink_install': True, 'test_result_base': None}
[0.702s] Level 5:colcon.colcon_core.verb:set package 'ros2_python_tutorial' build argument 'cmake_args' from command line to 'None'
[0.702s] Level 5:colcon.colcon_core.verb:set package 'ros2_python_tutorial' build argument 'cmake_target' from command line to 'None'
[0.702s] Level 5:colcon.colcon_core.verb:set package 'ros2_python_tutorial' build argument 'cmake_target_skip_unavailable' from command line to 'False'
[0.702s] Level 5:colcon.colcon_core.verb:set package 'ros2_python_tutorial' build argument 'cmake_clean_cache' from command line to 'False'
[0.702s] Level 5:colcon.colcon_core.verb:set package 'ros2_python_tutorial' build argument 'cmake_clean_first' from command line to 'False'
[0.702s] Level 5:colcon.colcon_core.verb:set package 'ros2_python_tutorial' build argument 'cmake_force_configure' from command line to 'False'
[0.702s] Level 5:colcon.colcon_core.verb:set package 'ros2_python_tutorial' build argument 'ament_cmake_args' from command line to 'None'
[0.702s] Level 5:colcon.colcon_core.verb:set package 'ros2_python_tutorial' build argument 'catkin_cmake_args' from command line to 'None'
[0.702s] Level 5:colcon.colcon_core.verb:set package 'ros2_python_tutorial' build argument 'catkin_skip_building_tests' from command line to 'False'
[0.702s] DEBUG:colcon.colcon_core.verb:Building package 'ros2_python_tutorial' with the following arguments: {'ament_cmake_args': None, 'build_base': '/home/jewoo/ros2_ws/build/ros2_python_tutorial', 'catkin_cmake_args': None, 'catkin_skip_building_tests': False, 'cmake_args': None, 'cmake_clean_cache': False, 'cmake_clean_first': False, 'cmake_force_configure': False, 'cmake_target': None, 'cmake_target_skip_unavailable': False, 'install_base': '/home/jewoo/ros2_ws/install/ros2_python_tutorial', 'merge_install': False, 'path': '/home/jewoo/ros2_ws/src/ros2_python_tutorial', 'symlink_install': True, 'test_result_base': None}
[0.703s] Level 5:colcon.colcon_core.verb:set package 'ros2_cpp_tutorial' build argument 'cmake_args' from command line to 'None'
[0.703s] Level 5:colcon.colcon_core.verb:set package 'ros2_cpp_tutorial' build argument 'cmake_target' from command line to 'None'
[0.703s] Level 5:colcon.colcon_core.verb:set package 'ros2_cpp_tutorial' build argument 'cmake_target_skip_unavailable' from command line to 'False'
[0.703s] Level 5:colcon.colcon_core.verb:set package 'ros2_cpp_tutorial' build argument 'cmake_clean_cache' from command line to 'False'
[0.703s] Level 5:colcon.colcon_core.verb:set package 'ros2_cpp_tutorial' build argument 'cmake_clean_first' from command line to 'False'
[0.703s] Level 5:colcon.colcon_core.verb:set package 'ros2_cpp_tutorial' build argument 'cmake_force_configure' from command line to 'False'
[0.703s] Level 5:colcon.colcon_core.verb:set package 'ros2_cpp_tutorial' build argument 'ament_cmake_args' from command line to 'None'
[0.703s] Level 5:colcon.colcon_core.verb:set package 'ros2_cpp_tutorial' build argument 'catkin_cmake_args' from command line to 'None'
[0.703s] Level 5:colcon.colcon_core.verb:set package 'ros2_cpp_tutorial' build argument 'catkin_skip_building_tests' from command line to 'False'
[0.703s] DEBUG:colcon.colcon_core.verb:Building package 'ros2_cpp_tutorial' with the following arguments: {'ament_cmake_args': None, 'build_base': '/home/jewoo/ros2_ws/build/ros2_cpp_tutorial', 'catkin_cmake_args': None, 'catkin_skip_building_tests': False, 'cmake_args': None, 'cmake_clean_cache': False, 'cmake_clean_first': False, 'cmake_force_configure': False, 'cmake_target': None, 'cmake_target_skip_unavailable': False, 'install_base': '/home/jewoo/ros2_ws/install/ros2_cpp_tutorial', 'merge_install': False, 'path': '/home/jewoo/ros2_ws/src/ros2_cpp_tutorial', 'symlink_install': True, 'test_result_base': None}
[0.704s] INFO:colcon.colcon_core.executor:Executing jobs using 'parallel' executor
[0.705s] DEBUG:colcon.colcon_parallel_executor.executor.parallel:run_until_complete
[0.705s] INFO:colcon.colcon_ros.task.ament_cmake.build:Building ROS package in '/home/jewoo/ros2_ws/src/ros2_interfaces_tutorial' with build type 'ament_cmake'
[0.706s] INFO:colcon.colcon_cmake.task.cmake.build:Building CMake package in '/home/jewoo/ros2_ws/src/ros2_interfaces_tutorial'
[0.709s] INFO:colcon.colcon_core.plugin_system:Skipping extension 'colcon_core.shell.bat': Not used on non-Windows systems
[0.709s] INFO:colcon.colcon_core.shell:Skip shell extension 'powershell' for command environment: Not usable outside of PowerShell
[0.709s] DEBUG:colcon.colcon_core.shell:Skip shell extension 'dsv' for command environment
[0.717s] INFO:colcon.colcon_ros.task.ament_python.build:Building ROS package in '/home/jewoo/ros2_ws/src/ros2_python_tutorial' with build type 'ament_python'
[0.717s] Level 1:colcon.colcon_core.shell:create_environment_hook('ros2_python_tutorial', 'ament_prefix_path')
[0.717s] INFO:colcon.colcon_core.shell:Creating environment hook '/home/jewoo/ros2_ws/install/ros2_python_tutorial/share/ros2_python_tutorial/hook/ament_prefix_path.ps1'
[0.719s] INFO:colcon.colcon_core.shell:Creating environment descriptor '/home/jewoo/ros2_ws/install/ros2_python_tutorial/share/ros2_python_tutorial/hook/ament_prefix_path.dsv'
[0.719s] INFO:colcon.colcon_core.shell:Creating environment hook '/home/jewoo/ros2_ws/install/ros2_python_tutorial/share/ros2_python_tutorial/hook/ament_prefix_path.sh'
[0.721s] INFO:colcon.colcon_core.shell:Skip shell extension 'powershell' for command environment: Not usable outside of PowerShell
[0.721s] DEBUG:colcon.colcon_core.shell:Skip shell extension 'dsv' for command environment
[0.736s] DEBUG:colcon.colcon_core.event_handler.log_command:Invoking command in '/home/jewoo/ros2_ws/build/ros2_interfaces_tutorial': CMAKE_PREFIX_PATH=${CMAKE_PREFIX_PATH}:/opt/ros/humble:/home/jewoo/ros2_ws/install/ros2_python_tutorial /usr/bin/cmake --build /home/jewoo/ros2_ws/build/ros2_interfaces_tutorial -- -j12 -l12
[1.367s] INFO:colcon.colcon_core.task.python.build:Building Python package in '/home/jewoo/ros2_ws/src/ros2_python_tutorial'
[1.368s] INFO:colcon.colcon_core.shell:Skip shell extension 'powershell' for command environment: Not usable outside of PowerShell
[1.368s] DEBUG:colcon.colcon_core.shell:Skip shell extension 'dsv' for command environment
[1.555s] DEBUG:colcon.colcon_core.event_handler.log_command:Invoked command in '/home/jewoo/ros2_ws/build/ros2_interfaces_tutorial' returned '0': CMAKE_PREFIX_PATH=${CMAKE_PREFIX_PATH}:/opt/ros/humble:/home/jewoo/ros2_ws/install/ros2_python_tutorial /usr/bin/cmake --build /home/jewoo/ros2_ws/build/ros2_interfaces_tutorial -- -j12 -l12
[1.712s] DEBUG:colcon.colcon_core.event_handler.log_command:Invoking command in '/home/jewoo/ros2_ws/build/ros2_interfaces_tutorial': CMAKE_PREFIX_PATH=${CMAKE_PREFIX_PATH}:/opt/ros/humble:/home/jewoo/ros2_ws/install/ros2_python_tutorial /usr/bin/cmake --install /home/jewoo/ros2_ws/build/ros2_interfaces_tutorial
[1.837s] Level 1:colcon.colcon_core.environment:create_environment_scripts_only(ros2_interfaces_tutorial)
[1.838s] DEBUG:colcon.colcon_core.event_handler.log_command:Invoked command in '/home/jewoo/ros2_ws/build/ros2_interfaces_tutorial' returned '0': CMAKE_PREFIX_PATH=${CMAKE_PREFIX_PATH}:/opt/ros/humble:/home/jewoo/ros2_ws/install/ros2_python_tutorial /usr/bin/cmake --install /home/jewoo/ros2_ws/build/ros2_interfaces_tutorial
[1.842s] Level 1:colcon.colcon_core.environment:checking '/home/jewoo/ros2_ws/install/ros2_interfaces_tutorial' for CMake module files
[1.843s] Level 1:colcon.colcon_core.environment:checking '/home/jewoo/ros2_ws/install/ros2_interfaces_tutorial' for CMake config files
[1.844s] Level 1:colcon.colcon_core.shell:create_environment_hook('ros2_interfaces_tutorial', 'cmake_prefix_path')
[1.845s] INFO:colcon.colcon_core.shell:Creating environment hook '/home/jewoo/ros2_ws/install/ros2_interfaces_tutorial/share/ros2_interfaces_tutorial/hook/cmake_prefix_path.ps1'
[1.845s] INFO:colcon.colcon_core.shell:Creating environment descriptor '/home/jewoo/ros2_ws/install/ros2_interfaces_tutorial/share/ros2_interfaces_tutorial/hook/cmake_prefix_path.dsv'
[1.846s] INFO:colcon.colcon_core.shell:Creating environment hook '/home/jewoo/ros2_ws/install/ros2_interfaces_tutorial/share/ros2_interfaces_tutorial/hook/cmake_prefix_path.sh'
[1.847s] Level 1:colcon.colcon_core.environment:checking '/home/jewoo/ros2_ws/install/ros2_interfaces_tutorial/lib'
[1.847s] Level 1:colcon.colcon_core.shell:create_environment_hook('ros2_interfaces_tutorial', 'ld_library_path_lib')
[1.848s] INFO:colcon.colcon_core.shell:Creating environment hook '/home/jewoo/ros2_ws/install/ros2_interfaces_tutorial/share/ros2_interfaces_tutorial/hook/ld_library_path_lib.ps1'
[1.848s] INFO:colcon.colcon_core.shell:Creating environment descriptor '/home/jewoo/ros2_ws/install/ros2_interfaces_tutorial/share/ros2_interfaces_tutorial/hook/ld_library_path_lib.dsv'
[1.849s] INFO:colcon.colcon_core.shell:Creating environment hook '/home/jewoo/ros2_ws/install/ros2_interfaces_tutorial/share/ros2_interfaces_tutorial/hook/ld_library_path_lib.sh'
[1.849s] Level 1:colcon.colcon_core.environment:checking '/home/jewoo/ros2_ws/install/ros2_interfaces_tutorial/bin'
[1.849s] Level 1:colcon.colcon_core.environment:checking '/home/jewoo/ros2_ws/install/ros2_interfaces_tutorial/lib/pkgconfig/ros2_interfaces_tutorial.pc'
[1.850s] Level 1:colcon.colcon_core.environment:checking '/home/jewoo/ros2_ws/install/ros2_interfaces_tutorial/lib/python3.10/site-packages'
[1.850s] Level 1:colcon.colcon_core.environment:checking '/home/jewoo/ros2_ws/install/ros2_interfaces_tutorial/bin'
[1.851s] INFO:colcon.colcon_core.shell:Creating package script '/home/jewoo/ros2_ws/install/ros2_interfaces_tutorial/share/ros2_interfaces_tutorial/package.ps1'
[1.852s] INFO:colcon.colcon_core.shell:Creating package descriptor '/home/jewoo/ros2_ws/install/ros2_interfaces_tutorial/share/ros2_interfaces_tutorial/package.dsv'
[1.853s] INFO:colcon.colcon_core.shell:Creating package script '/home/jewoo/ros2_ws/install/ros2_interfaces_tutorial/share/ros2_interfaces_tutorial/package.sh'
[1.854s] INFO:colcon.colcon_core.shell:Creating package script '/home/jewoo/ros2_ws/install/ros2_interfaces_tutorial/share/ros2_interfaces_tutorial/package.bash'
[1.855s] INFO:colcon.colcon_core.shell:Creating package script '/home/jewoo/ros2_ws/install/ros2_interfaces_tutorial/share/ros2_interfaces_tutorial/package.zsh'
[1.856s] Level 1:colcon.colcon_core.environment:create_file_with_runtime_dependencies(/home/jewoo/ros2_ws/install/ros2_interfaces_tutorial/share/colcon-core/packages/ros2_interfaces_tutorial)
[1.996s] Level 1:colcon.colcon_core.environment:create_environment_scripts_only(ros2_interfaces_tutorial)
[1.997s] Level 1:colcon.colcon_core.environment:checking '/home/jewoo/ros2_ws/install/ros2_interfaces_tutorial' for CMake module files
[1.998s] Level 1:colcon.colcon_core.environment:checking '/home/jewoo/ros2_ws/install/ros2_interfaces_tutorial' for CMake config files
[1.998s] Level 1:colcon.colcon_core.shell:create_environment_hook('ros2_interfaces_tutorial', 'cmake_prefix_path')
[1.999s] INFO:colcon.colcon_core.shell:Creating environment hook '/home/jewoo/ros2_ws/install/ros2_interfaces_tutorial/share/ros2_interfaces_tutorial/hook/cmake_prefix_path.ps1'
[1.999s] INFO:colcon.colcon_core.shell:Creating environment descriptor '/home/jewoo/ros2_ws/install/ros2_interfaces_tutorial/share/ros2_interfaces_tutorial/hook/cmake_prefix_path.dsv'
[2.000s] INFO:colcon.colcon_core.shell:Creating environment hook '/home/jewoo/ros2_ws/install/ros2_interfaces_tutorial/share/ros2_interfaces_tutorial/hook/cmake_prefix_path.sh'
[2.001s] Level 1:colcon.colcon_core.environment:checking '/home/jewoo/ros2_ws/install/ros2_interfaces_tutorial/lib'
[2.001s] Level 1:colcon.colcon_core.shell:create_environment_hook('ros2_interfaces_tutorial', 'ld_library_path_lib')
[2.001s] INFO:colcon.colcon_core.shell:Creating environment hook '/home/jewoo/ros2_ws/install/ros2_interfaces_tutorial/share/ros2_interfaces_tutorial/hook/ld_library_path_lib.ps1'
[2.002s] INFO:colcon.colcon_core.shell:Creating environment descriptor '/home/jewoo/ros2_ws/install/ros2_interfaces_tutorial/share/ros2_interfaces_tutorial/hook/ld_library_path_lib.dsv'
[2.002s] INFO:colcon.colcon_core.shell:Creating environment hook '/home/jewoo/ros2_ws/install/ros2_interfaces_tutorial/share/ros2_interfaces_tutorial/hook/ld_library_path_lib.sh'
[2.003s] Level 1:colcon.colcon_core.environment:checking '/home/jewoo/ros2_ws/install/ros2_interfaces_tutorial/bin'
[2.003s] Level 1:colcon.colcon_core.environment:checking '/home/jewoo/ros2_ws/install/ros2_interfaces_tutorial/lib/pkgconfig/ros2_interfaces_tutorial.pc'
[2.003s] Level 1:colcon.colcon_core.environment:checking '/home/jewoo/ros2_ws/install/ros2_interfaces_tutorial/lib/python3.10/site-packages'
[2.003s] Level 1:colcon.colcon_core.environment:checking '/home/jewoo/ros2_ws/install/ros2_interfaces_tutorial/bin'
[2.004s] INFO:colcon.colcon_core.shell:Creating package script '/home/jewoo/ros2_ws/install/ros2_interfaces_tutorial/share/ros2_interfaces_tutorial/package.ps1'
[2.005s] INFO:colcon.colcon_core.shell:Creating package descriptor '/home/jewoo/ros2_ws/install/ros2_interfaces_tutorial/share/ros2_interfaces_tutorial/package.dsv'
[2.006s] INFO:colcon.colcon_core.shell:Creating package script '/home/jewoo/ros2_ws/install/ros2_interfaces_tutorial/share/ros2_interfaces_tutorial/package.sh'
[2.006s] INFO:colcon.colcon_core.shell:Creating package script '/home/jewoo/ros2_ws/install/ros2_interfaces_tutorial/share/ros2_interfaces_tutorial/package.bash'
[2.007s] INFO:colcon.colcon_core.shell:Creating package script '/home/jewoo/ros2_ws/install/ros2_interfaces_tutorial/share/ros2_interfaces_tutorial/package.zsh'
[2.008s] Level 1:colcon.colcon_core.environment:create_file_with_runtime_dependencies(/home/jewoo/ros2_ws/install/ros2_interfaces_tutorial/share/colcon-core/packages/ros2_interfaces_tutorial)
[2.008s] INFO:colcon.colcon_ros.task.ament_cmake.build:Building ROS package in '/home/jewoo/ros2_ws/src/ros2_cpp_tutorial' with build type 'ament_cmake'
[2.008s] INFO:colcon.colcon_cmake.task.cmake.build:Building CMake package in '/home/jewoo/ros2_ws/src/ros2_cpp_tutorial'
[2.009s] INFO:colcon.colcon_core.shell:Skip shell extension 'powershell' for command environment: Not usable outside of PowerShell
[2.009s] DEBUG:colcon.colcon_core.shell:Skip shell extension 'dsv' for command environment
[2.027s] DEBUG:colcon.colcon_core.event_handler.log_command:Invoking command in '/home/jewoo/ros2_ws/build/ros2_cpp_tutorial': CMAKE_PREFIX_PATH=/home/jewoo/ros2_ws/install/ros2_interfaces_tutorial:/home/jewoo/ros2_ws/install/ros2_cpp_tutorial:/opt/ros/humble:/home/jewoo/ros2_ws/install/ros2_python_tutorial LD_LIBRARY_PATH=/home/jewoo/ros2_ws/install/ros2_interfaces_tutorial/lib:/usr/lib/x86_64-linux-gnu:/usr/lib/x86_64-linux-gnu:/usr/lib/x86_64-linux-gnu:/usr/lib/x86_64-linux-gnu:/usr/lib/x86_64-linux-gnu:/usr/lib/x86_64-linux-gnu:/usr/lib/x86_64-linux-gnu:/usr/lib/x86_64-linux-gnu:/usr/lib/x86_64-linux-gnu:/usr/lib/x86_64-linux-gnu:/usr/lib/x86_64-linux-gnu/gazebo-11/plugins:/opt/ros/humble/opt/rviz_ogre_vendor/lib:/opt/ros/humble/lib/x86_64-linux-gnu:/opt/ros/humble/lib:/usr/lib/x86_64-linux-gnu /usr/bin/cmake --build /home/jewoo/ros2_ws/build/ros2_cpp_tutorial -- -j12 -l12
[2.245s] DEBUG:colcon.colcon_core.event_handler.log_command:Invoking command in '/home/jewoo/ros2_ws/build/ros2_python_tutorial': PYTHONPATH=/home/jewoo/ros2_ws/build/ros2_python_tutorial/prefix_override:/usr/lib/python3/dist-packages/colcon_core/task/python/colcon_distutils_commands:/home/jewoo/ros2_ws/install/ros2_python_tutorial/lib/python3.10/site-packages:${PYTHONPATH} /usr/bin/python3 -W ignore:setup.py install is deprecated setup.py develop --editable --build-directory /home/jewoo/ros2_ws/build/ros2_python_tutorial/build --no-deps symlink_data
[3.268s] Level 1:colcon.colcon_core.shell:create_environment_hook('ros2_python_tutorial', 'pythonpath_develop')
[3.269s] INFO:colcon.colcon_core.shell:Creating environment hook '/home/jewoo/ros2_ws/build/ros2_python_tutorial/share/ros2_python_tutorial/hook/pythonpath_develop.ps1'
[3.269s] DEBUG:colcon.colcon_core.event_handler.log_command:Invoked command in '/home/jewoo/ros2_ws/build/ros2_python_tutorial' returned '0': PYTHONPATH=/home/jewoo/ros2_ws/build/ros2_python_tutorial/prefix_override:/usr/lib/python3/dist-packages/colcon_core/task/python/colcon_distutils_commands:/home/jewoo/ros2_ws/install/ros2_python_tutorial/lib/python3.10/site-packages:${PYTHONPATH} /usr/bin/python3 -W ignore:setup.py install is deprecated setup.py develop --editable --build-directory /home/jewoo/ros2_ws/build/ros2_python_tutorial/build --no-deps symlink_data
[3.270s] INFO:colcon.colcon_core.shell:Creating environment descriptor '/home/jewoo/ros2_ws/build/ros2_python_tutorial/share/ros2_python_tutorial/hook/pythonpath_develop.dsv'
[3.271s] INFO:colcon.colcon_core.shell:Creating environment hook '/home/jewoo/ros2_ws/build/ros2_python_tutorial/share/ros2_python_tutorial/hook/pythonpath_develop.sh'
[3.272s] Level 1:colcon.colcon_core.environment:checking '/home/jewoo/ros2_ws/install/ros2_python_tutorial' for CMake module files
[3.272s] Level 1:colcon.colcon_core.environment:checking '/home/jewoo/ros2_ws/install/ros2_python_tutorial' for CMake config files
[3.273s] Level 1:colcon.colcon_core.environment:checking '/home/jewoo/ros2_ws/install/ros2_python_tutorial/lib'
[3.273s] Level 1:colcon.colcon_core.environment:checking '/home/jewoo/ros2_ws/install/ros2_python_tutorial/bin'
[3.274s] Level 1:colcon.colcon_core.environment:checking '/home/jewoo/ros2_ws/install/ros2_python_tutorial/lib/pkgconfig/ros2_python_tutorial.pc'
[3.274s] Level 1:colcon.colcon_core.environment:checking '/home/jewoo/ros2_ws/install/ros2_python_tutorial/lib/python3.10/site-packages'
[3.274s] Level 1:colcon.colcon_core.shell:create_environment_hook('ros2_python_tutorial', 'pythonpath')
[3.274s] INFO:colcon.colcon_core.shell:Creating environment hook '/home/jewoo/ros2_ws/install/ros2_python_tutorial/share/ros2_python_tutorial/hook/pythonpath.ps1'
[3.275s] INFO:colcon.colcon_core.shell:Creating environment descriptor '/home/jewoo/ros2_ws/install/ros2_python_tutorial/share/ros2_python_tutorial/hook/pythonpath.dsv'
[3.276s] INFO:colcon.colcon_core.shell:Creating environment hook '/home/jewoo/ros2_ws/install/ros2_python_tutorial/share/ros2_python_tutorial/hook/pythonpath.sh'
[3.276s] Level 1:colcon.colcon_core.environment:checking '/home/jewoo/ros2_ws/install/ros2_python_tutorial/bin'
[3.277s] Level 1:colcon.colcon_core.environment:create_environment_scripts_only(ros2_python_tutorial)
[3.277s] INFO:colcon.colcon_core.shell:Creating package script '/home/jewoo/ros2_ws/install/ros2_python_tutorial/share/ros2_python_tutorial/package.ps1'
[3.278s] INFO:colcon.colcon_core.shell:Creating package descriptor '/home/jewoo/ros2_ws/install/ros2_python_tutorial/share/ros2_python_tutorial/package.dsv'
[3.279s] INFO:colcon.colcon_core.shell:Creating package script '/home/jewoo/ros2_ws/install/ros2_python_tutorial/share/ros2_python_tutorial/package.sh'
[3.279s] INFO:colcon.colcon_core.shell:Creating package script '/home/jewoo/ros2_ws/install/ros2_python_tutorial/share/ros2_python_tutorial/package.bash'
[3.280s] INFO:colcon.colcon_core.shell:Creating package script '/home/jewoo/ros2_ws/install/ros2_python_tutorial/share/ros2_python_tutorial/package.zsh'
[3.280s] Level 1:colcon.colcon_core.environment:create_file_with_runtime_dependencies(/home/jewoo/ros2_ws/install/ros2_python_tutorial/share/colcon-core/packages/ros2_python_tutorial)
[16.626s] DEBUG:colcon.colcon_core.event_handler.log_command:Invoked command in '/home/jewoo/ros2_ws/build/ros2_cpp_tutorial' returned '0': CMAKE_PREFIX_PATH=/home/jewoo/ros2_ws/install/ros2_interfaces_tutorial:/home/jewoo/ros2_ws/install/ros2_cpp_tutorial:/opt/ros/humble:/home/jewoo/ros2_ws/install/ros2_python_tutorial LD_LIBRARY_PATH=/home/jewoo/ros2_ws/install/ros2_interfaces_tutorial/lib:/usr/lib/x86_64-linux-gnu:/usr/lib/x86_64-linux-gnu:/usr/lib/x86_64-linux-gnu:/usr/lib/x86_64-linux-gnu:/usr/lib/x86_64-linux-gnu:/usr/lib/x86_64-linux-gnu:/usr/lib/x86_64-linux-gnu:/usr/lib/x86_64-linux-gnu:/usr/lib/x86_64-linux-gnu:/usr/lib/x86_64-linux-gnu:/usr/lib/x86_64-linux-gnu/gazebo-11/plugins:/opt/ros/humble/opt/rviz_ogre_vendor/lib:/opt/ros/humble/lib/x86_64-linux-gnu:/opt/ros/humble/lib:/usr/lib/x86_64-linux-gnu /usr/bin/cmake --build /home/jewoo/ros2_ws/build/ros2_cpp_tutorial -- -j12 -l12
[16.730s] DEBUG:colcon.colcon_core.event_handler.log_command:Invoking command in '/home/jewoo/ros2_ws/build/ros2_cpp_tutorial': CMAKE_PREFIX_PATH=/home/jewoo/ros2_ws/install/ros2_interfaces_tutorial:/home/jewoo/ros2_ws/install/ros2_cpp_tutorial:/opt/ros/humble:/home/jewoo/ros2_ws/install/ros2_python_tutorial LD_LIBRARY_PATH=/home/jewoo/ros2_ws/install/ros2_interfaces_tutorial/lib:/usr/lib/x86_64-linux-gnu:/usr/lib/x86_64-linux-gnu:/usr/lib/x86_64-linux-gnu:/usr/lib/x86_64-linux-gnu:/usr/lib/x86_64-linux-gnu:/usr/lib/x86_64-linux-gnu:/usr/lib/x86_64-linux-gnu:/usr/lib/x86_64-linux-gnu:/usr/lib/x86_64-linux-gnu:/usr/lib/x86_64-linux-gnu:/usr/lib/x86_64-linux-gnu/gazebo-11/plugins:/opt/ros/humble/opt/rviz_ogre_vendor/lib:/opt/ros/humble/lib/x86_64-linux-gnu:/opt/ros/humble/lib:/usr/lib/x86_64-linux-gnu /usr/bin/cmake --install /home/jewoo/ros2_ws/build/ros2_cpp_tutorial
[16.772s] Level 1:colcon.colcon_core.environment:create_environment_scripts_only(ros2_cpp_tutorial)
[16.773s] Level 1:colcon.colcon_core.environment:checking '/home/jewoo/ros2_ws/install/ros2_cpp_tutorial' for CMake module files
[16.774s] DEBUG:colcon.colcon_core.event_handler.log_command:Invoked command in '/home/jewoo/ros2_ws/build/ros2_cpp_tutorial' returned '0': CMAKE_PREFIX_PATH=/home/jewoo/ros2_ws/install/ros2_interfaces_tutorial:/home/jewoo/ros2_ws/install/ros2_cpp_tutorial:/opt/ros/humble:/home/jewoo/ros2_ws/install/ros2_python_tutorial LD_LIBRARY_PATH=/home/jewoo/ros2_ws/install/ros2_interfaces_tutorial/lib:/usr/lib/x86_64-linux-gnu:/usr/lib/x86_64-linux-gnu:/usr/lib/x86_64-linux-gnu:/usr/lib/x86_64-linux-gnu:/usr/lib/x86_64-linux-gnu:/usr/lib/x86_64-linux-gnu:/usr/lib/x86_64-linux-gnu:/usr/lib/x86_64-linux-gnu:/usr/lib/x86_64-linux-gnu:/usr/lib/x86_64-linux-gnu:/usr/lib/x86_64-linux-gnu/gazebo-11/plugins:/opt/ros/humble/opt/rviz_ogre_vendor/lib:/opt/ros/humble/lib/x86_64-linux-gnu:/opt/ros/humble/lib:/usr/lib/x86_64-linux-gnu /usr/bin/cmake --install /home/jewoo/ros2_ws/build/ros2_cpp_tutorial
[16.775s] Level 1:colcon.colcon_core.environment:checking '/home/jewoo/ros2_ws/install/ros2_cpp_tutorial' for CMake config files
[16.775s] Level 1:colcon.colcon_core.shell:create_environment_hook('ros2_cpp_tutorial', 'cmake_prefix_path')
[16.776s] INFO:colcon.colcon_core.shell:Creating environment hook '/home/jewoo/ros2_ws/install/ros2_cpp_tutorial/share/ros2_cpp_tutorial/hook/cmake_prefix_path.ps1'
[16.776s] INFO:colcon.colcon_core.shell:Creating environment descriptor '/home/jewoo/ros2_ws/install/ros2_cpp_tutorial/share/ros2_cpp_tutorial/hook/cmake_prefix_path.dsv'
[16.777s] INFO:colcon.colcon_core.shell:Creating environment hook '/home/jewoo/ros2_ws/install/ros2_cpp_tutorial/share/ros2_cpp_tutorial/hook/cmake_prefix_path.sh'
[16.777s] Level 1:colcon.colcon_core.environment:checking '/home/jewoo/ros2_ws/install/ros2_cpp_tutorial/lib'
[16.778s] Level 1:colcon.colcon_core.environment:checking '/home/jewoo/ros2_ws/install/ros2_cpp_tutorial/bin'
[16.778s] Level 1:colcon.colcon_core.environment:checking '/home/jewoo/ros2_ws/install/ros2_cpp_tutorial/lib/pkgconfig/ros2_cpp_tutorial.pc'
[16.778s] Level 1:colcon.colcon_core.environment:checking '/home/jewoo/ros2_ws/install/ros2_cpp_tutorial/lib/python3.10/site-packages'
[16.778s] Level 1:colcon.colcon_core.environment:checking '/home/jewoo/ros2_ws/install/ros2_cpp_tutorial/bin'
[16.779s] INFO:colcon.colcon_core.shell:Creating package script '/home/jewoo/ros2_ws/install/ros2_cpp_tutorial/share/ros2_cpp_tutorial/package.ps1'
[16.780s] INFO:colcon.colcon_core.shell:Creating package descriptor '/home/jewoo/ros2_ws/install/ros2_cpp_tutorial/share/ros2_cpp_tutorial/package.dsv'
[16.780s] INFO:colcon.colcon_core.shell:Creating package script '/home/jewoo/ros2_ws/install/ros2_cpp_tutorial/share/ros2_cpp_tutorial/package.sh'
[16.781s] INFO:colcon.colcon_core.shell:Creating package script '/home/jewoo/ros2_ws/install/ros2_cpp_tutorial/share/ros2_cpp_tutorial/package.bash'
[16.781s] INFO:colcon.colcon_core.shell:Creating package script '/home/jewoo/ros2_ws/install/ros2_cpp_tutorial/share/ros2_cpp_tutorial/package.zsh'
[16.782s] Level 1:colcon.colcon_core.environment:create_file_with_runtime_dependencies(/home/jewoo/ros2_ws/install/ros2_cpp_tutorial/share/colcon-core/packages/ros2_cpp_tutorial)
[16.886s] Level 1:colcon.colcon_core.environment:create_environment_scripts_only(ros2_cpp_tutorial)
[16.886s] Level 1:colcon.colcon_core.environment:checking '/home/jewoo/ros2_ws/install/ros2_cpp_tutorial' for CMake module files
[16.887s] Level 1:colcon.colcon_core.environment:checking '/home/jewoo/ros2_ws/install/ros2_cpp_tutorial' for CMake config files
[16.888s] Level 1:colcon.colcon_core.shell:create_environment_hook('ros2_cpp_tutorial', 'cmake_prefix_path')
[16.888s] INFO:colcon.colcon_core.shell:Creating environment hook '/home/jewoo/ros2_ws/install/ros2_cpp_tutorial/share/ros2_cpp_tutorial/hook/cmake_prefix_path.ps1'
[16.889s] INFO:colcon.colcon_core.shell:Creating environment descriptor '/home/jewoo/ros2_ws/install/ros2_cpp_tutorial/share/ros2_cpp_tutorial/hook/cmake_prefix_path.dsv'
[16.889s] INFO:colcon.colcon_core.shell:Creating environment hook '/home/jewoo/ros2_ws/install/ros2_cpp_tutorial/share/ros2_cpp_tutorial/hook/cmake_prefix_path.sh'
[16.890s] Level 1:colcon.colcon_core.environment:checking '/home/jewoo/ros2_ws/install/ros2_cpp_tutorial/lib'
[16.890s] Level 1:colcon.colcon_core.environment:checking '/home/jewoo/ros2_ws/install/ros2_cpp_tutorial/bin'
[16.890s] Level 1:colcon.colcon_core.environment:checking '/home/jewoo/ros2_ws/install/ros2_cpp_tutorial/lib/pkgconfig/ros2_cpp_tutorial.pc'
[16.890s] Level 1:colcon.colcon_core.environment:checking '/home/jewoo/ros2_ws/install/ros2_cpp_tutorial/lib/python3.10/site-packages'
[16.891s] Level 1:colcon.colcon_core.environment:checking '/home/jewoo/ros2_ws/install/ros2_cpp_tutorial/bin'
[16.891s] INFO:colcon.colcon_core.shell:Creating package script '/home/jewoo/ros2_ws/install/ros2_cpp_tutorial/share/ros2_cpp_tutorial/package.ps1'
[16.892s] INFO:colcon.colcon_core.shell:Creating package descriptor '/home/jewoo/ros2_ws/install/ros2_cpp_tutorial/share/ros2_cpp_tutorial/package.dsv'
[16.893s] INFO:colcon.colcon_core.shell:Creating package script '/home/jewoo/ros2_ws/install/ros2_cpp_tutorial/share/ros2_cpp_tutorial/package.sh'
[16.894s] INFO:colcon.colcon_core.shell:Creating package script '/home/jewoo/ros2_ws/install/ros2_cpp_tutorial/share/ros2_cpp_tutorial/package.bash'
[16.895s] INFO:colcon.colcon_core.shell:Creating package script '/home/jewoo/ros2_ws/install/ros2_cpp_tutorial/share/ros2_cpp_tutorial/package.zsh'
[16.895s] Level 1:colcon.colcon_core.environment:create_file_with_runtime_dependencies(/home/jewoo/ros2_ws/install/ros2_cpp_tutorial/share/colcon-core/packages/ros2_cpp_tutorial)
[16.896s] DEBUG:colcon.colcon_parallel_executor.executor.parallel:closing loop
[16.897s] DEBUG:colcon.colcon_parallel_executor.executor.parallel:loop closed
[16.897s] DEBUG:colcon.colcon_parallel_executor.executor.parallel:run_until_complete finished with '0'
[16.898s] DEBUG:colcon.colcon_core.event_reactor:joining thread
[16.907s] INFO:colcon.colcon_core.plugin_system:Skipping extension 'colcon_notification.desktop_notification.terminal_notifier': Not used on non-Darwin systems
[16.907s] INFO:colcon.colcon_core.plugin_system:Skipping extension 'colcon_notification.desktop_notification.win32': Not used on non-Windows systems
[16.907s] INFO:colcon.colcon_notification.desktop_notification:Sending desktop notification using 'notify2'
[16.930s] DEBUG:colcon.colcon_core.event_reactor:joined thread
[16.931s] INFO:colcon.colcon_core.shell:Creating prefix script '/home/jewoo/ros2_ws/install/local_setup.ps1'
[16.933s] INFO:colcon.colcon_core.shell:Creating prefix util module '/home/jewoo/ros2_ws/install/_local_setup_util_ps1.py'
[16.937s] INFO:colcon.colcon_core.shell:Creating prefix chain script '/home/jewoo/ros2_ws/install/setup.ps1'
[16.940s] INFO:colcon.colcon_core.shell:Creating prefix script '/home/jewoo/ros2_ws/install/local_setup.sh'
[16.942s] INFO:colcon.colcon_core.shell:Creating prefix util module '/home/jewoo/ros2_ws/install/_local_setup_util_sh.py'
[16.943s] INFO:colcon.colcon_core.shell:Creating prefix chain script '/home/jewoo/ros2_ws/install/setup.sh'
[16.945s] INFO:colcon.colcon_core.shell:Creating prefix script '/home/jewoo/ros2_ws/install/local_setup.bash'
[16.946s] INFO:colcon.colcon_core.shell:Creating prefix chain script '/home/jewoo/ros2_ws/install/setup.bash'
[16.947s] INFO:colcon.colcon_core.shell:Creating prefix script '/home/jewoo/ros2_ws/install/local_setup.zsh'
[16.948s] INFO:colcon.colcon_core.shell:Creating prefix chain script '/home/jewoo/ros2_ws/install/setup.zsh'
