-- Found ament_cmake: 1.3.10 (/opt/ros/humble/share/ament_cmake/cmake)
-- Override CMake install command with custom implementation using symlinks instead of copying resources
-- Found geometry_msgs: 4.2.4 (/opt/ros/humble/share/geometry_msgs/cmake)
-- Found rosidl_generator_c: 3.1.5 (/opt/ros/humble/share/rosidl_generator_c/cmake)
-- Found rosidl_adapter: 3.1.5 (/opt/ros/humble/share/rosidl_adapter/cmake)
-- Found rosidl_generator_cpp: 3.1.5 (/opt/ros/humble/share/rosidl_generator_cpp/cmake)
-- Using all available rosidl_typesupport_c: rosidl_typesupport_fastrtps_c;rosidl_typesupport_introspection_c
-- Using all available rosidl_typesupport_cpp: rosidl_typesupport_fastrtps_cpp;rosidl_typesupport_introspection_cpp
-- Found rosidl_default_generators: 1.2.0 (/opt/ros/humble/share/rosidl_default_generators/cmake)
-- Found ament_cmake_ros: 0.10.0 (/opt/ros/humble/share/ament_cmake_ros/cmake)
-- Using all available rosidl_typesupport_c: rosidl_typesupport_fastrtps_c;rosidl_typesupport_introspection_c
-- Using all available rosidl_typesupport_cpp: rosidl_typesupport_fastrtps_cpp;rosidl_typesupport_introspection_cpp
-- Found python_cmake_module: 0.10.0 (/opt/ros/humble/share/python_cmake_module/cmake)
-- Using PYTHON_EXECUTABLE: /usr/bin/python3
-- Using PYTHON_INCLUDE_DIRS: /usr/include/python3.10
-- Using PYTHON_LIBRARIES: /usr/lib/x86_64-linux-gnu/libpython3.10.so
-- Found ament_lint_auto: 0.12.11 (/opt/ros/humble/share/ament_lint_auto/cmake)
-- Added test 'cppcheck' to perform static code analysis on C / C++ code
-- Configured cppcheck include dirs: 
-- Configured cppcheck exclude dirs and/or files: 
-- Added test 'flake8' to check Python code syntax and style conventions
-- Added test 'lint_cmake' to check CMake code style
-- Added test 'pep257' to check Python code against some of the docstring style conventions in PEP 257
-- Added test 'uncrustify' to check C / C++ code style
-- Configured uncrustify additional arguments: 
-- Added test 'xmllint' to check XML markup files
-- Configuring done
-- Generating done
-- Build files have been written to: /home/jewoo/ros2_ws/build/ros2_interfaces_tutorial
[35m[1mConsolidate compiler generated dependencies of target ros2_interfaces_tutorial__rosidl_generator_c[0m
[  2%] Built target ros2_interfaces_tutorial__cpp
[ 12%] Built target ros2_interfaces_tutorial__rosidl_generator_c
[ 12%] Built target ament_cmake_python_symlink_ros2_interfaces_tutorial
[35m[1mConsolidate compiler generated dependencies of target ros2_interfaces_tutorial__rosidl_typesupport_cpp[0m
[35m[1mConsolidate compiler generated dependencies of target ros2_interfaces_tutorial__rosidl_typesupport_introspection_cpp[0m
[35m[1mConsolidate compiler generated dependencies of target ros2_interfaces_tutorial__rosidl_typesupport_c[0m
[35m[1mConsolidate compiler generated dependencies of target ros2_interfaces_tutorial__rosidl_typesupport_fastrtps_cpp[0m
[35m[1mConsolidate compiler generated dependencies of target ros2_interfaces_tutorial__rosidl_typesupport_fastrtps_c[0m
[35m[1mConsolidate compiler generated dependencies of target ros2_interfaces_tutorial__rosidl_typesupport_introspection_c[0m
[ 23%] Built target ros2_interfaces_tutorial__rosidl_typesupport_cpp
[ 34%] Built target ros2_interfaces_tutorial__rosidl_typesupport_c
[ 44%] Built target ros2_interfaces_tutorial__rosidl_typesupport_introspection_cpp
[ 55%] Built target ros2_interfaces_tutorial__rosidl_typesupport_introspection_c
[ 65%] Built target ros2_interfaces_tutorial__rosidl_typesupport_fastrtps_cpp
[ 76%] Built target ros2_interfaces_tutorial__rosidl_typesupport_fastrtps_c
[ 76%] Built target ros2_interfaces_tutorial
[ 78%] Built target ros2_interfaces_tutorial__py
[35m[1mConsolidate compiler generated dependencies of target ros2_interfaces_tutorial__rosidl_generator_py[0m
[ 87%] Built target ros2_interfaces_tutorial__rosidl_generator_py
[35m[1mConsolidate compiler generated dependencies of target ros2_interfaces_tutorial__rosidl_typesupport_fastrtps_c__pyext[0m
[35m[1mConsolidate compiler generated dependencies of target ros2_interfaces_tutorial__rosidl_typesupport_c__pyext[0m
[35m[1mConsolidate compiler generated dependencies of target ros2_interfaces_tutorial__rosidl_typesupport_introspection_c__pyext[0m
[ 91%] Built target ros2_interfaces_tutorial__rosidl_typesupport_fastrtps_c__pyext
[ 95%] Built target ros2_interfaces_tutorial__rosidl_typesupport_c__pyext
[100%] Built target ros2_interfaces_tutorial__rosidl_typesupport_introspection_c__pyext
running egg_info
writing ros2_interfaces_tutorial.egg-info/PKG-INFO
writing dependency_links to ros2_interfaces_tutorial.egg-info/dependency_links.txt
writing top-level names to ros2_interfaces_tutorial.egg-info/top_level.txt
reading manifest file 'ros2_interfaces_tutorial.egg-info/SOURCES.txt'
writing manifest file 'ros2_interfaces_tutorial.egg-info/SOURCES.txt'
[100%] Built target ament_cmake_python_build_ros2_interfaces_tutorial_egg
-- Install configuration: "RelWithDebInfo"
-- Execute custom install script
-- Up-to-date symlink: /home/jewoo/ros2_ws/install/ros2_interfaces_tutorial/share/ament_index/resource_index/rosidl_interfaces/ros2_interfaces_tutorial
-- Up-to-date symlink: /home/jewoo/ros2_ws/install/ros2_interfaces_tutorial/include/ros2_interfaces_tutorial/ros2_interfaces_tutorial/msg/detail/sphere__functions.h
-- Up-to-date symlink: /home/jewoo/ros2_ws/install/ros2_interfaces_tutorial/include/ros2_interfaces_tutorial/ros2_interfaces_tutorial/msg/detail/sphere__struct.h
-- Up-to-date symlink: /home/jewoo/ros2_ws/install/ros2_interfaces_tutorial/include/ros2_interfaces_tutorial/ros2_interfaces_tutorial/msg/detail/sphere__type_support.h
-- Up-to-date symlink: /home/jewoo/ros2_ws/install/ros2_interfaces_tutorial/include/ros2_interfaces_tutorial/ros2_interfaces_tutorial/msg/detail/spheres__functions.h
-- Up-to-date symlink: /home/jewoo/ros2_ws/install/ros2_interfaces_tutorial/include/ros2_interfaces_tutorial/ros2_interfaces_tutorial/msg/detail/spheres__struct.h
-- Up-to-date symlink: /home/jewoo/ros2_ws/install/ros2_interfaces_tutorial/include/ros2_interfaces_tutorial/ros2_interfaces_tutorial/msg/detail/spheres__type_support.h
-- Up-to-date symlink: /home/jewoo/ros2_ws/install/ros2_interfaces_tutorial/include/ros2_interfaces_tutorial/ros2_interfaces_tutorial/msg/rosidl_generator_c__visibility_control.h
-- Up-to-date symlink: /home/jewoo/ros2_ws/install/ros2_interfaces_tutorial/include/ros2_interfaces_tutorial/ros2_interfaces_tutorial/msg/sphere.h
-- Up-to-date symlink: /home/jewoo/ros2_ws/install/ros2_interfaces_tutorial/include/ros2_interfaces_tutorial/ros2_interfaces_tutorial/msg/spheres.h
-- Up-to-date symlink: /home/jewoo/ros2_ws/install/ros2_interfaces_tutorial/include/ros2_interfaces_tutorial/ros2_interfaces_tutorial/srv/add_three_ints.h
-- Up-to-date symlink: /home/jewoo/ros2_ws/install/ros2_interfaces_tutorial/include/ros2_interfaces_tutorial/ros2_interfaces_tutorial/srv/detail/add_three_ints__functions.h
-- Up-to-date symlink: /home/jewoo/ros2_ws/install/ros2_interfaces_tutorial/include/ros2_interfaces_tutorial/ros2_interfaces_tutorial/srv/detail/add_three_ints__struct.h
-- Up-to-date symlink: /home/jewoo/ros2_ws/install/ros2_interfaces_tutorial/include/ros2_interfaces_tutorial/ros2_interfaces_tutorial/srv/detail/add_three_ints__type_support.h
-- Up-to-date symlink: /home/jewoo/ros2_ws/install/ros2_interfaces_tutorial/share/ros2_interfaces_tutorial/environment/library_path.sh
-- Up-to-date symlink: /home/jewoo/ros2_ws/install/ros2_interfaces_tutorial/share/ros2_interfaces_tutorial/environment/library_path.dsv
-- Up-to-date symlink: /home/jewoo/ros2_ws/install/ros2_interfaces_tutorial/include/ros2_interfaces_tutorial/ros2_interfaces_tutorial/msg/detail/sphere__rosidl_typesupport_fastrtps_c.h
-- Up-to-date symlink: /home/jewoo/ros2_ws/install/ros2_interfaces_tutorial/include/ros2_interfaces_tutorial/ros2_interfaces_tutorial/msg/detail/spheres__rosidl_typesupport_fastrtps_c.h
-- Up-to-date symlink: /home/jewoo/ros2_ws/install/ros2_interfaces_tutorial/include/ros2_interfaces_tutorial/ros2_interfaces_tutorial/msg/rosidl_typesupport_fastrtps_c__visibility_control.h
-- Up-to-date symlink: /home/jewoo/ros2_ws/install/ros2_interfaces_tutorial/include/ros2_interfaces_tutorial/ros2_interfaces_tutorial/srv/detail/add_three_ints__rosidl_typesupport_fastrtps_c.h
-- Up-to-date symlink: /home/jewoo/ros2_ws/install/ros2_interfaces_tutorial/include/ros2_interfaces_tutorial/ros2_interfaces_tutorial/msg/detail/sphere__builder.hpp
-- Up-to-date symlink: /home/jewoo/ros2_ws/install/ros2_interfaces_tutorial/include/ros2_interfaces_tutorial/ros2_interfaces_tutorial/msg/detail/sphere__struct.hpp
-- Up-to-date symlink: /home/jewoo/ros2_ws/install/ros2_interfaces_tutorial/include/ros2_interfaces_tutorial/ros2_interfaces_tutorial/msg/detail/sphere__traits.hpp
-- Up-to-date symlink: /home/jewoo/ros2_ws/install/ros2_interfaces_tutorial/include/ros2_interfaces_tutorial/ros2_interfaces_tutorial/msg/detail/spheres__builder.hpp
-- Up-to-date symlink: /home/jewoo/ros2_ws/install/ros2_interfaces_tutorial/include/ros2_interfaces_tutorial/ros2_interfaces_tutorial/msg/detail/spheres__struct.hpp
-- Up-to-date symlink: /home/jewoo/ros2_ws/install/ros2_interfaces_tutorial/include/ros2_interfaces_tutorial/ros2_interfaces_tutorial/msg/detail/spheres__traits.hpp
-- Up-to-date symlink: /home/jewoo/ros2_ws/install/ros2_interfaces_tutorial/include/ros2_interfaces_tutorial/ros2_interfaces_tutorial/msg/sphere.hpp
-- Up-to-date symlink: /home/jewoo/ros2_ws/install/ros2_interfaces_tutorial/include/ros2_interfaces_tutorial/ros2_interfaces_tutorial/msg/spheres.hpp
-- Up-to-date symlink: /home/jewoo/ros2_ws/install/ros2_interfaces_tutorial/include/ros2_interfaces_tutorial/ros2_interfaces_tutorial/srv/add_three_ints.hpp
-- Up-to-date symlink: /home/jewoo/ros2_ws/install/ros2_interfaces_tutorial/include/ros2_interfaces_tutorial/ros2_interfaces_tutorial/srv/detail/add_three_ints__builder.hpp
-- Up-to-date symlink: /home/jewoo/ros2_ws/install/ros2_interfaces_tutorial/include/ros2_interfaces_tutorial/ros2_interfaces_tutorial/srv/detail/add_three_ints__struct.hpp
-- Up-to-date symlink: /home/jewoo/ros2_ws/install/ros2_interfaces_tutorial/include/ros2_interfaces_tutorial/ros2_interfaces_tutorial/srv/detail/add_three_ints__traits.hpp
-- Up-to-date symlink: /home/jewoo/ros2_ws/install/ros2_interfaces_tutorial/include/ros2_interfaces_tutorial/ros2_interfaces_tutorial/msg/detail/sphere__rosidl_typesupport_fastrtps_cpp.hpp
-- Up-to-date symlink: /home/jewoo/ros2_ws/install/ros2_interfaces_tutorial/include/ros2_interfaces_tutorial/ros2_interfaces_tutorial/msg/detail/spheres__rosidl_typesupport_fastrtps_cpp.hpp
-- Up-to-date symlink: /home/jewoo/ros2_ws/install/ros2_interfaces_tutorial/include/ros2_interfaces_tutorial/ros2_interfaces_tutorial/msg/rosidl_typesupport_fastrtps_cpp__visibility_control.h
-- Up-to-date symlink: /home/jewoo/ros2_ws/install/ros2_interfaces_tutorial/include/ros2_interfaces_tutorial/ros2_interfaces_tutorial/srv/detail/add_three_ints__rosidl_typesupport_fastrtps_cpp.hpp
-- Up-to-date symlink: /home/jewoo/ros2_ws/install/ros2_interfaces_tutorial/include/ros2_interfaces_tutorial/ros2_interfaces_tutorial/msg/detail/sphere__rosidl_typesupport_introspection_c.h
-- Up-to-date symlink: /home/jewoo/ros2_ws/install/ros2_interfaces_tutorial/include/ros2_interfaces_tutorial/ros2_interfaces_tutorial/msg/detail/spheres__rosidl_typesupport_introspection_c.h
-- Up-to-date symlink: /home/jewoo/ros2_ws/install/ros2_interfaces_tutorial/include/ros2_interfaces_tutorial/ros2_interfaces_tutorial/msg/rosidl_typesupport_introspection_c__visibility_control.h
-- Up-to-date symlink: /home/jewoo/ros2_ws/install/ros2_interfaces_tutorial/include/ros2_interfaces_tutorial/ros2_interfaces_tutorial/srv/detail/add_three_ints__rosidl_typesupport_introspection_c.h
-- Up-to-date symlink: /home/jewoo/ros2_ws/install/ros2_interfaces_tutorial/include/ros2_interfaces_tutorial/ros2_interfaces_tutorial/msg/detail/sphere__rosidl_typesupport_introspection_cpp.hpp
-- Up-to-date symlink: /home/jewoo/ros2_ws/install/ros2_interfaces_tutorial/include/ros2_interfaces_tutorial/ros2_interfaces_tutorial/msg/detail/spheres__rosidl_typesupport_introspection_cpp.hpp
-- Up-to-date symlink: /home/jewoo/ros2_ws/install/ros2_interfaces_tutorial/include/ros2_interfaces_tutorial/ros2_interfaces_tutorial/srv/detail/add_three_ints__rosidl_typesupport_introspection_cpp.hpp
-- Up-to-date symlink: /home/jewoo/ros2_ws/install/ros2_interfaces_tutorial/share/ros2_interfaces_tutorial/environment/pythonpath.sh
-- Up-to-date symlink: /home/jewoo/ros2_ws/install/ros2_interfaces_tutorial/share/ros2_interfaces_tutorial/environment/pythonpath.dsv
-- Up-to-date symlink: /home/jewoo/ros2_ws/install/ros2_interfaces_tutorial/local/lib/python3.10/dist-packages/ros2_interfaces_tutorial-0.0.0-py3.10.egg-info/PKG-INFO
-- Up-to-date symlink: /home/jewoo/ros2_ws/install/ros2_interfaces_tutorial/local/lib/python3.10/dist-packages/ros2_interfaces_tutorial-0.0.0-py3.10.egg-info/SOURCES.txt
-- Up-to-date symlink: /home/jewoo/ros2_ws/install/ros2_interfaces_tutorial/local/lib/python3.10/dist-packages/ros2_interfaces_tutorial-0.0.0-py3.10.egg-info/dependency_links.txt
-- Up-to-date symlink: /home/jewoo/ros2_ws/install/ros2_interfaces_tutorial/local/lib/python3.10/dist-packages/ros2_interfaces_tutorial-0.0.0-py3.10.egg-info/top_level.txt
-- Up-to-date symlink: /home/jewoo/ros2_ws/install/ros2_interfaces_tutorial/local/lib/python3.10/dist-packages/ros2_interfaces_tutorial/__init__.py
-- Up-to-date symlink: /home/jewoo/ros2_ws/install/ros2_interfaces_tutorial/local/lib/python3.10/dist-packages/ros2_interfaces_tutorial/_ros2_interfaces_tutorial_s.ep.rosidl_typesupport_c.c
-- Up-to-date symlink: /home/jewoo/ros2_ws/install/ros2_interfaces_tutorial/local/lib/python3.10/dist-packages/ros2_interfaces_tutorial/_ros2_interfaces_tutorial_s.ep.rosidl_typesupport_fastrtps_c.c
-- Up-to-date symlink: /home/jewoo/ros2_ws/install/ros2_interfaces_tutorial/local/lib/python3.10/dist-packages/ros2_interfaces_tutorial/_ros2_interfaces_tutorial_s.ep.rosidl_typesupport_introspection_c.c
-- Up-to-date symlink: /home/jewoo/ros2_ws/install/ros2_interfaces_tutorial/local/lib/python3.10/dist-packages/ros2_interfaces_tutorial/libros2_interfaces_tutorial__rosidl_generator_py.so
-- Up-to-date symlink: /home/jewoo/ros2_ws/install/ros2_interfaces_tutorial/local/lib/python3.10/dist-packages/ros2_interfaces_tutorial/msg/__init__.py
-- Up-to-date symlink: /home/jewoo/ros2_ws/install/ros2_interfaces_tutorial/local/lib/python3.10/dist-packages/ros2_interfaces_tutorial/msg/_sphere.py
-- Up-to-date symlink: /home/jewoo/ros2_ws/install/ros2_interfaces_tutorial/local/lib/python3.10/dist-packages/ros2_interfaces_tutorial/msg/_sphere_s.c
-- Up-to-date symlink: /home/jewoo/ros2_ws/install/ros2_interfaces_tutorial/local/lib/python3.10/dist-packages/ros2_interfaces_tutorial/msg/_spheres.py
-- Up-to-date symlink: /home/jewoo/ros2_ws/install/ros2_interfaces_tutorial/local/lib/python3.10/dist-packages/ros2_interfaces_tutorial/msg/_spheres_s.c
-- Up-to-date symlink: /home/jewoo/ros2_ws/install/ros2_interfaces_tutorial/local/lib/python3.10/dist-packages/ros2_interfaces_tutorial/ros2_interfaces_tutorial_s__rosidl_typesupport_c.cpython-310-x86_64-linux-gnu.so
-- Up-to-date symlink: /home/jewoo/ros2_ws/install/ros2_interfaces_tutorial/local/lib/python3.10/dist-packages/ros2_interfaces_tutorial/ros2_interfaces_tutorial_s__rosidl_typesupport_fastrtps_c.cpython-310-x86_64-linux-gnu.so
-- Up-to-date symlink: /home/jewoo/ros2_ws/install/ros2_interfaces_tutorial/local/lib/python3.10/dist-packages/ros2_interfaces_tutorial/ros2_interfaces_tutorial_s__rosidl_typesupport_introspection_c.cpython-310-x86_64-linux-gnu.so
-- Up-to-date symlink: /home/jewoo/ros2_ws/install/ros2_interfaces_tutorial/local/lib/python3.10/dist-packages/ros2_interfaces_tutorial/srv/__init__.py
-- Up-to-date symlink: /home/jewoo/ros2_ws/install/ros2_interfaces_tutorial/local/lib/python3.10/dist-packages/ros2_interfaces_tutorial/srv/_add_three_ints.py
-- Up-to-date symlink: /home/jewoo/ros2_ws/install/ros2_interfaces_tutorial/local/lib/python3.10/dist-packages/ros2_interfaces_tutorial/srv/_add_three_ints_s.c
-- Up-to-date symlink: /home/jewoo/ros2_ws/install/ros2_interfaces_tutorial/local/lib/python3.10/dist-packages/ros2_interfaces_tutorial/ros2_interfaces_tutorial_s__rosidl_typesupport_fastrtps_c.cpython-310-x86_64-linux-gnu.so
-- Up-to-date symlink: /home/jewoo/ros2_ws/install/ros2_interfaces_tutorial/local/lib/python3.10/dist-packages/ros2_interfaces_tutorial/ros2_interfaces_tutorial_s__rosidl_typesupport_introspection_c.cpython-310-x86_64-linux-gnu.so
-- Up-to-date symlink: /home/jewoo/ros2_ws/install/ros2_interfaces_tutorial/local/lib/python3.10/dist-packages/ros2_interfaces_tutorial/ros2_interfaces_tutorial_s__rosidl_typesupport_c.cpython-310-x86_64-linux-gnu.so
-- Up-to-date symlink: /home/jewoo/ros2_ws/install/ros2_interfaces_tutorial/share/ros2_interfaces_tutorial/msg/Sphere.idl
-- Up-to-date symlink: /home/jewoo/ros2_ws/install/ros2_interfaces_tutorial/share/ros2_interfaces_tutorial/msg/Spheres.idl
-- Up-to-date symlink: /home/jewoo/ros2_ws/install/ros2_interfaces_tutorial/share/ros2_interfaces_tutorial/srv/AddThreeInts.idl
-- Up-to-date symlink: /home/jewoo/ros2_ws/install/ros2_interfaces_tutorial/share/ros2_interfaces_tutorial/msg/Sphere.msg
-- Up-to-date symlink: /home/jewoo/ros2_ws/install/ros2_interfaces_tutorial/share/ros2_interfaces_tutorial/msg/Spheres.msg
-- Up-to-date symlink: /home/jewoo/ros2_ws/install/ros2_interfaces_tutorial/share/ros2_interfaces_tutorial/srv/AddThreeInts.srv
-- Up-to-date symlink: /home/jewoo/ros2_ws/install/ros2_interfaces_tutorial/share/ros2_interfaces_tutorial/srv/AddThreeInts_Request.msg
-- Up-to-date symlink: /home/jewoo/ros2_ws/install/ros2_interfaces_tutorial/share/ros2_interfaces_tutorial/srv/AddThreeInts_Response.msg
-- Up-to-date symlink: /home/jewoo/ros2_ws/install/ros2_interfaces_tutorial/share/ament_index/resource_index/package_run_dependencies/ros2_interfaces_tutorial
-- Up-to-date symlink: /home/jewoo/ros2_ws/install/ros2_interfaces_tutorial/share/ament_index/resource_index/parent_prefix_path/ros2_interfaces_tutorial
-- Up-to-date symlink: /home/jewoo/ros2_ws/install/ros2_interfaces_tutorial/share/ros2_interfaces_tutorial/environment/ament_prefix_path.sh
-- Up-to-date symlink: /home/jewoo/ros2_ws/install/ros2_interfaces_tutorial/share/ros2_interfaces_tutorial/environment/ament_prefix_path.dsv
-- Up-to-date symlink: /home/jewoo/ros2_ws/install/ros2_interfaces_tutorial/share/ros2_interfaces_tutorial/environment/path.sh
-- Up-to-date symlink: /home/jewoo/ros2_ws/install/ros2_interfaces_tutorial/share/ros2_interfaces_tutorial/environment/path.dsv
-- Up-to-date symlink: /home/jewoo/ros2_ws/install/ros2_interfaces_tutorial/share/ros2_interfaces_tutorial/local_setup.bash
-- Up-to-date symlink: /home/jewoo/ros2_ws/install/ros2_interfaces_tutorial/share/ros2_interfaces_tutorial/local_setup.sh
-- Up-to-date symlink: /home/jewoo/ros2_ws/install/ros2_interfaces_tutorial/share/ros2_interfaces_tutorial/local_setup.zsh
-- Up-to-date symlink: /home/jewoo/ros2_ws/install/ros2_interfaces_tutorial/share/ros2_interfaces_tutorial/local_setup.dsv
-- Symlinking: /home/jewoo/ros2_ws/install/ros2_interfaces_tutorial/share/ros2_interfaces_tutorial/package.dsv
-- Up-to-date symlink: /home/jewoo/ros2_ws/install/ros2_interfaces_tutorial/share/ament_index/resource_index/packages/ros2_interfaces_tutorial
-- Up-to-date symlink: /home/jewoo/ros2_ws/install/ros2_interfaces_tutorial/share/ros2_interfaces_tutorial/cmake/rosidl_cmake-extras.cmake
-- Up-to-date symlink: /home/jewoo/ros2_ws/install/ros2_interfaces_tutorial/share/ros2_interfaces_tutorial/cmake/ament_cmake_export_dependencies-extras.cmake
-- Up-to-date symlink: /home/jewoo/ros2_ws/install/ros2_interfaces_tutorial/share/ros2_interfaces_tutorial/cmake/ament_cmake_export_include_directories-extras.cmake
-- Up-to-date symlink: /home/jewoo/ros2_ws/install/ros2_interfaces_tutorial/share/ros2_interfaces_tutorial/cmake/ament_cmake_export_libraries-extras.cmake
-- Up-to-date symlink: /home/jewoo/ros2_ws/install/ros2_interfaces_tutorial/share/ros2_interfaces_tutorial/cmake/ament_cmake_export_targets-extras.cmake
-- Up-to-date symlink: /home/jewoo/ros2_ws/install/ros2_interfaces_tutorial/share/ros2_interfaces_tutorial/cmake/rosidl_cmake_export_typesupport_targets-extras.cmake
-- Up-to-date symlink: /home/jewoo/ros2_ws/install/ros2_interfaces_tutorial/share/ros2_interfaces_tutorial/cmake/rosidl_cmake_export_typesupport_libraries-extras.cmake
-- Up-to-date symlink: /home/jewoo/ros2_ws/install/ros2_interfaces_tutorial/share/ros2_interfaces_tutorial/cmake/ros2_interfaces_tutorialConfig.cmake
-- Up-to-date symlink: /home/jewoo/ros2_ws/install/ros2_interfaces_tutorial/share/ros2_interfaces_tutorial/cmake/ros2_interfaces_tutorialConfig-version.cmake
-- Up-to-date symlink: /home/jewoo/ros2_ws/install/ros2_interfaces_tutorial/share/ros2_interfaces_tutorial/package.xml
-- Up-to-date: /home/jewoo/ros2_ws/install/ros2_interfaces_tutorial/lib/libros2_interfaces_tutorial__rosidl_generator_c.so
-- Up-to-date: /home/jewoo/ros2_ws/install/ros2_interfaces_tutorial/lib/libros2_interfaces_tutorial__rosidl_typesupport_fastrtps_c.so
-- Up-to-date: /home/jewoo/ros2_ws/install/ros2_interfaces_tutorial/lib/libros2_interfaces_tutorial__rosidl_typesupport_fastrtps_cpp.so
-- Up-to-date: /home/jewoo/ros2_ws/install/ros2_interfaces_tutorial/lib/libros2_interfaces_tutorial__rosidl_typesupport_introspection_c.so
-- Up-to-date: /home/jewoo/ros2_ws/install/ros2_interfaces_tutorial/lib/libros2_interfaces_tutorial__rosidl_typesupport_c.so
-- Up-to-date: /home/jewoo/ros2_ws/install/ros2_interfaces_tutorial/lib/libros2_interfaces_tutorial__rosidl_typesupport_introspection_cpp.so
-- Up-to-date: /home/jewoo/ros2_ws/install/ros2_interfaces_tutorial/lib/libros2_interfaces_tutorial__rosidl_typesupport_cpp.so
Listing '/home/jewoo/ros2_ws/install/ros2_interfaces_tutorial/local/lib/python3.10/dist-packages/ros2_interfaces_tutorial'...
Compiling '/home/jewoo/ros2_ws/install/ros2_interfaces_tutorial/local/lib/python3.10/dist-packages/ros2_interfaces_tutorial/__init__.py'...
Listing '/home/jewoo/ros2_ws/install/ros2_interfaces_tutorial/local/lib/python3.10/dist-packages/ros2_interfaces_tutorial/msg'...
Listing '/home/jewoo/ros2_ws/install/ros2_interfaces_tutorial/local/lib/python3.10/dist-packages/ros2_interfaces_tutorial/srv'...
-- Up-to-date: /home/jewoo/ros2_ws/install/ros2_interfaces_tutorial/lib/libros2_interfaces_tutorial__rosidl_generator_py.so
-- Up-to-date: /home/jewoo/ros2_ws/install/ros2_interfaces_tutorial/share/ros2_interfaces_tutorial/cmake/export_ros2_interfaces_tutorial__rosidl_generator_cExport.cmake
-- Up-to-date: /home/jewoo/ros2_ws/install/ros2_interfaces_tutorial/share/ros2_interfaces_tutorial/cmake/export_ros2_interfaces_tutorial__rosidl_generator_cExport-relwithdebinfo.cmake
-- Up-to-date: /home/jewoo/ros2_ws/install/ros2_interfaces_tutorial/share/ros2_interfaces_tutorial/cmake/export_ros2_interfaces_tutorial__rosidl_typesupport_fastrtps_cExport.cmake
-- Up-to-date: /home/jewoo/ros2_ws/install/ros2_interfaces_tutorial/share/ros2_interfaces_tutorial/cmake/export_ros2_interfaces_tutorial__rosidl_typesupport_fastrtps_cExport-relwithdebinfo.cmake
-- Up-to-date: /home/jewoo/ros2_ws/install/ros2_interfaces_tutorial/share/ros2_interfaces_tutorial/cmake/export_ros2_interfaces_tutorial__rosidl_generator_cppExport.cmake
-- Up-to-date: /home/jewoo/ros2_ws/install/ros2_interfaces_tutorial/share/ros2_interfaces_tutorial/cmake/export_ros2_interfaces_tutorial__rosidl_typesupport_fastrtps_cppExport.cmake
-- Up-to-date: /home/jewoo/ros2_ws/install/ros2_interfaces_tutorial/share/ros2_interfaces_tutorial/cmake/export_ros2_interfaces_tutorial__rosidl_typesupport_fastrtps_cppExport-relwithdebinfo.cmake
-- Up-to-date: /home/jewoo/ros2_ws/install/ros2_interfaces_tutorial/share/ros2_interfaces_tutorial/cmake/ros2_interfaces_tutorial__rosidl_typesupport_introspection_cExport.cmake
-- Up-to-date: /home/jewoo/ros2_ws/install/ros2_interfaces_tutorial/share/ros2_interfaces_tutorial/cmake/ros2_interfaces_tutorial__rosidl_typesupport_introspection_cExport-relwithdebinfo.cmake
-- Up-to-date: /home/jewoo/ros2_ws/install/ros2_interfaces_tutorial/share/ros2_interfaces_tutorial/cmake/ros2_interfaces_tutorial__rosidl_typesupport_cExport.cmake
-- Up-to-date: /home/jewoo/ros2_ws/install/ros2_interfaces_tutorial/share/ros2_interfaces_tutorial/cmake/ros2_interfaces_tutorial__rosidl_typesupport_cExport-relwithdebinfo.cmake
-- Up-to-date: /home/jewoo/ros2_ws/install/ros2_interfaces_tutorial/share/ros2_interfaces_tutorial/cmake/ros2_interfaces_tutorial__rosidl_typesupport_introspection_cppExport.cmake
-- Up-to-date: /home/jewoo/ros2_ws/install/ros2_interfaces_tutorial/share/ros2_interfaces_tutorial/cmake/ros2_interfaces_tutorial__rosidl_typesupport_introspection_cppExport-relwithdebinfo.cmake
-- Up-to-date: /home/jewoo/ros2_ws/install/ros2_interfaces_tutorial/share/ros2_interfaces_tutorial/cmake/ros2_interfaces_tutorial__rosidl_typesupport_cppExport.cmake
-- Up-to-date: /home/jewoo/ros2_ws/install/ros2_interfaces_tutorial/share/ros2_interfaces_tutorial/cmake/ros2_interfaces_tutorial__rosidl_typesupport_cppExport-relwithdebinfo.cmake
-- Up-to-date: /home/jewoo/ros2_ws/install/ros2_interfaces_tutorial/share/ros2_interfaces_tutorial/cmake/export_ros2_interfaces_tutorial__rosidl_generator_pyExport.cmake
-- Up-to-date: /home/jewoo/ros2_ws/install/ros2_interfaces_tutorial/share/ros2_interfaces_tutorial/cmake/export_ros2_interfaces_tutorial__rosidl_generator_pyExport-relwithdebinfo.cmake
