[0.016s] Invoking command in '/home/jewoo/ros2_ws/src/build/pic4rl': CMAKE_PREFIX_PATH=${CMAKE_PREFIX_PATH}:/home/jewoo/ros2_ws/install/ros2_python_tutorial /usr/bin/cmake /home/jewoo/ros2_ws/src/PIC4rl_gym/pic4rl -DAMENT_CMAKE_SYMLINK_INSTALL=1 -DCMAKE_INSTALL_PREFIX=/home/jewoo/ros2_ws/src/install/pic4rl
[0.226s] -- The C compiler identification is GNU 11.4.0
[0.226s] -- The CXX compiler identification is GNU 11.4.0
[0.226s] -- Detecting C compiler ABI info
[0.256s] -- Detecting C compiler ABI info - done
[0.263s] -- Check for working C compiler: /usr/bin/cc - skipped
[0.264s] -- Detecting C compile features
[0.264s] -- Detecting C compile features - done
[0.267s] -- Detecting CXX compiler ABI info
[0.340s] -- Detecting CXX compiler ABI info - done
[0.347s] -- Check for working CXX compiler: /usr/bin/c++ - skipped
[0.347s] -- Detecting CXX compile features
[0.348s] -- Detecting CXX compile features - done
[0.359s] [31mCMake Error at CMakeLists.txt:9 (find_package):
[0.359s]   By not providing "Findament_cmake.cmake" in CMAKE_MODULE_PATH this project
[0.359s]   has asked CMake to find a package configuration file provided by
[0.359s]   "ament_cmake", but CMake did not find one.
[0.359s] 
[0.359s]   Could not find a package configuration file provided by "ament_cmake" with
[0.359s]   any of the following names:
[0.359s] 
[0.359s]     ament_cmakeConfig.cmake
[0.359s]     ament_cmake-config.cmake
[0.360s] 
[0.360s]   Add the installation prefix of "ament_cmake" to CMAKE_PREFIX_PATH or set
[0.360s]   "ament_cmake_DIR" to a directory containing one of the above files.  If
[0.360s]   "ament_cmake" provides a separate development package or SDK, be sure it
[0.360s]   has been installed.
[0.360s] 
[0.360s] [0m
[0.361s] -- Configuring incomplete, errors occurred!
[0.361s] See also "/home/jewoo/ros2_ws/src/build/pic4rl/CMakeFiles/CMakeOutput.log".
[0.432s] Invoked command in '/home/jewoo/ros2_ws/src/build/pic4rl' returned '1': CMAKE_PREFIX_PATH=${CMAKE_PREFIX_PATH}:/home/jewoo/ros2_ws/install/ros2_python_tutorial /usr/bin/cmake /home/jewoo/ros2_ws/src/PIC4rl_gym/pic4rl -DAMENT_CMAKE_SYMLINK_INSTALL=1 -DCMAKE_INSTALL_PREFIX=/home/jewoo/ros2_ws/src/install/pic4rl
