[0.097s] DEBUG:colcon:Command line arguments: ['/usr/bin/colcon', 'build', '--symlink-install']
[0.097s] DEBUG:colcon:Parsed command line arguments: Namespace(log_base=None, log_level=None, verb_name='build', build_base='build', install_base='install', merge_install=False, symlink_install=True, test_result_base=None, continue_on_error=False, executor='parallel', parallel_workers=12, event_handlers=None, ignore_user_meta=False, metas=['./colcon.meta'], base_paths=['.'], packages_ignore=None, packages_ignore_regex=None, paths=None, packages_up_to=None, packages_up_to_regex=None, packages_above=None, packages_above_and_dependencies=None, packages_above_depth=None, packages_select_by_dep=None, packages_skip_by_dep=None, packages_skip_up_to=None, packages_select_build_failed=False, packages_skip_build_finished=False, packages_select_test_failures=False, packages_skip_test_passed=False, packages_select=None, packages_skip=None, packages_select_regex=None, packages_skip_regex=None, packages_start=None, packages_end=None, allow_overriding=[], cmake_args=None, cmake_target=None, cmake_target_skip_unavailable=False, cmake_clean_cache=False, cmake_clean_first=False, cmake_force_configure=False, ament_cmake_args=None, catkin_cmake_args=None, catkin_skip_building_tests=False, verb_parser=<colcon_defaults.argument_parser.defaults.DefaultArgumentsDecorator object at 0x79e521e35060>, verb_extension=<colcon_core.verb.build.BuildVerb object at 0x79e521e34220>, main=<bound method BuildVerb.main of <colcon_core.verb.build.BuildVerb object at 0x79e521e34220>>)
[0.255s] Level 1:colcon.colcon_core.package_discovery:discover_packages(colcon_meta) check parameters
[0.255s] Level 1:colcon.colcon_core.package_discovery:discover_packages(recursive) check parameters
[0.255s] Level 1:colcon.colcon_core.package_discovery:discover_packages(ignore) check parameters
[0.255s] Level 1:colcon.colcon_core.package_discovery:discover_packages(path) check parameters
[0.255s] Level 1:colcon.colcon_core.package_discovery:discover_packages(colcon_meta) discover
[0.255s] Level 1:colcon.colcon_core.package_discovery:discover_packages(recursive) discover
[0.255s] INFO:colcon.colcon_core.package_discovery:Crawling recursively for packages in '/home/jewoo/ros2_ws'
[0.255s] Level 1:colcon.colcon_core.package_identification:_identify(.) by extensions ['ignore', 'ignore_ament_install']
[0.256s] Level 1:colcon.colcon_core.package_identification:_identify(.) by extension 'ignore'
[0.256s] Level 1:colcon.colcon_core.package_identification:_identify(.) by extension 'ignore_ament_install'
[0.256s] Level 1:colcon.colcon_core.package_identification:_identify(.) by extensions ['colcon_pkg']
[0.256s] Level 1:colcon.colcon_core.package_identification:_identify(.) by extension 'colcon_pkg'
[0.256s] Level 1:colcon.colcon_core.package_identification:_identify(.) by extensions ['colcon_meta']
[0.256s] Level 1:colcon.colcon_core.package_identification:_identify(.) by extension 'colcon_meta'
[0.256s] Level 1:colcon.colcon_core.package_identification:_identify(.) by extensions ['ros']
[0.256s] Level 1:colcon.colcon_core.package_identification:_identify(.) by extension 'ros'
[0.276s] Level 1:colcon.colcon_core.package_identification:_identify(.) by extensions ['cmake', 'python']
[0.276s] Level 1:colcon.colcon_core.package_identification:_identify(.) by extension 'cmake'
[0.276s] Level 1:colcon.colcon_core.package_identification:_identify(.) by extension 'python'
[0.276s] Level 1:colcon.colcon_core.package_identification:_identify(.) by extensions ['python_setup_py']
[0.276s] Level 1:colcon.colcon_core.package_identification:_identify(.) by extension 'python_setup_py'
[0.276s] Level 1:colcon.colcon_core.package_identification:_identify(build) by extensions ['ignore', 'ignore_ament_install']
[0.276s] Level 1:colcon.colcon_core.package_identification:_identify(build) by extension 'ignore'
[0.276s] Level 1:colcon.colcon_core.package_identification:_identify(build) ignored
[0.276s] Level 1:colcon.colcon_core.package_identification:_identify(install) by extensions ['ignore', 'ignore_ament_install']
[0.276s] Level 1:colcon.colcon_core.package_identification:_identify(install) by extension 'ignore'
[0.276s] Level 1:colcon.colcon_core.package_identification:_identify(install) ignored
[0.277s] Level 1:colcon.colcon_core.package_identification:_identify(log) by extensions ['ignore', 'ignore_ament_install']
[0.277s] Level 1:colcon.colcon_core.package_identification:_identify(log) by extension 'ignore'
[0.277s] Level 1:colcon.colcon_core.package_identification:_identify(log) ignored
[0.277s] Level 1:colcon.colcon_core.package_identification:_identify(src) by extensions ['ignore', 'ignore_ament_install']
[0.277s] Level 1:colcon.colcon_core.package_identification:_identify(src) by extension 'ignore'
[0.277s] Level 1:colcon.colcon_core.package_identification:_identify(src) by extension 'ignore_ament_install'
[0.277s] Level 1:colcon.colcon_core.package_identification:_identify(src) by extensions ['colcon_pkg']
[0.277s] Level 1:colcon.colcon_core.package_identification:_identify(src) by extension 'colcon_pkg'
[0.277s] Level 1:colcon.colcon_core.package_identification:_identify(src) by extensions ['colcon_meta']
[0.277s] Level 1:colcon.colcon_core.package_identification:_identify(src) by extension 'colcon_meta'
[0.277s] Level 1:colcon.colcon_core.package_identification:_identify(src) by extensions ['ros']
[0.277s] Level 1:colcon.colcon_core.package_identification:_identify(src) by extension 'ros'
[0.277s] Level 1:colcon.colcon_core.package_identification:_identify(src) by extensions ['cmake', 'python']
[0.277s] Level 1:colcon.colcon_core.package_identification:_identify(src) by extension 'cmake'
[0.277s] Level 1:colcon.colcon_core.package_identification:_identify(src) by extension 'python'
[0.277s] Level 1:colcon.colcon_core.package_identification:_identify(src) by extensions ['python_setup_py']
[0.277s] Level 1:colcon.colcon_core.package_identification:_identify(src) by extension 'python_setup_py'
[0.277s] Level 1:colcon.colcon_core.package_identification:_identify(src/build) by extensions ['ignore', 'ignore_ament_install']
[0.277s] Level 1:colcon.colcon_core.package_identification:_identify(src/build) by extension 'ignore'
[0.278s] Level 1:colcon.colcon_core.package_identification:_identify(src/build) ignored
[0.278s] Level 1:colcon.colcon_core.package_identification:_identify(src/install) by extensions ['ignore', 'ignore_ament_install']
[0.278s] Level 1:colcon.colcon_core.package_identification:_identify(src/install) by extension 'ignore'
[0.278s] Level 1:colcon.colcon_core.package_identification:_identify(src/install) ignored
[0.278s] Level 1:colcon.colcon_core.package_identification:_identify(src/log) by extensions ['ignore', 'ignore_ament_install']
[0.278s] Level 1:colcon.colcon_core.package_identification:_identify(src/log) by extension 'ignore'
[0.278s] Level 1:colcon.colcon_core.package_identification:_identify(src/log) ignored
[0.278s] Level 1:colcon.colcon_core.package_identification:_identify(src/ros2_cpp_tutorial) by extensions ['ignore', 'ignore_ament_install']
[0.278s] Level 1:colcon.colcon_core.package_identification:_identify(src/ros2_cpp_tutorial) by extension 'ignore'
[0.278s] Level 1:colcon.colcon_core.package_identification:_identify(src/ros2_cpp_tutorial) by extension 'ignore_ament_install'
[0.278s] Level 1:colcon.colcon_core.package_identification:_identify(src/ros2_cpp_tutorial) by extensions ['colcon_pkg']
[0.278s] Level 1:colcon.colcon_core.package_identification:_identify(src/ros2_cpp_tutorial) by extension 'colcon_pkg'
[0.278s] Level 1:colcon.colcon_core.package_identification:_identify(src/ros2_cpp_tutorial) by extensions ['colcon_meta']
[0.278s] Level 1:colcon.colcon_core.package_identification:_identify(src/ros2_cpp_tutorial) by extension 'colcon_meta'
[0.278s] Level 1:colcon.colcon_core.package_identification:_identify(src/ros2_cpp_tutorial) by extensions ['ros']
[0.278s] Level 1:colcon.colcon_core.package_identification:_identify(src/ros2_cpp_tutorial) by extension 'ros'
[0.281s] DEBUG:colcon.colcon_core.package_identification:Package 'src/ros2_cpp_tutorial' with type 'ros.ament_cmake' and name 'ros2_cpp_tutorial'
[0.281s] Level 1:colcon.colcon_core.package_identification:_identify(src/ros2_interfaces_tutorial) by extensions ['ignore', 'ignore_ament_install']
[0.281s] Level 1:colcon.colcon_core.package_identification:_identify(src/ros2_interfaces_tutorial) by extension 'ignore'
[0.281s] Level 1:colcon.colcon_core.package_identification:_identify(src/ros2_interfaces_tutorial) by extension 'ignore_ament_install'
[0.281s] Level 1:colcon.colcon_core.package_identification:_identify(src/ros2_interfaces_tutorial) by extensions ['colcon_pkg']
[0.281s] Level 1:colcon.colcon_core.package_identification:_identify(src/ros2_interfaces_tutorial) by extension 'colcon_pkg'
[0.281s] Level 1:colcon.colcon_core.package_identification:_identify(src/ros2_interfaces_tutorial) by extensions ['colcon_meta']
[0.281s] Level 1:colcon.colcon_core.package_identification:_identify(src/ros2_interfaces_tutorial) by extension 'colcon_meta'
[0.281s] Level 1:colcon.colcon_core.package_identification:_identify(src/ros2_interfaces_tutorial) by extensions ['ros']
[0.281s] Level 1:colcon.colcon_core.package_identification:_identify(src/ros2_interfaces_tutorial) by extension 'ros'
[0.282s] DEBUG:colcon.colcon_core.package_identification:Package 'src/ros2_interfaces_tutorial' with type 'ros.ament_cmake' and name 'ros2_interfaces_tutorial'
[0.282s] Level 1:colcon.colcon_core.package_identification:_identify(src/ros2_python_tutorial) by extensions ['ignore', 'ignore_ament_install']
[0.282s] Level 1:colcon.colcon_core.package_identification:_identify(src/ros2_python_tutorial) by extension 'ignore'
[0.282s] Level 1:colcon.colcon_core.package_identification:_identify(src/ros2_python_tutorial) by extension 'ignore_ament_install'
[0.282s] Level 1:colcon.colcon_core.package_identification:_identify(src/ros2_python_tutorial) by extensions ['colcon_pkg']
[0.282s] Level 1:colcon.colcon_core.package_identification:_identify(src/ros2_python_tutorial) by extension 'colcon_pkg'
[0.282s] Level 1:colcon.colcon_core.package_identification:_identify(src/ros2_python_tutorial) by extensions ['colcon_meta']
[0.282s] Level 1:colcon.colcon_core.package_identification:_identify(src/ros2_python_tutorial) by extension 'colcon_meta'
[0.282s] Level 1:colcon.colcon_core.package_identification:_identify(src/ros2_python_tutorial) by extensions ['ros']
[0.282s] Level 1:colcon.colcon_core.package_identification:_identify(src/ros2_python_tutorial) by extension 'ros'
[0.283s] DEBUG:colcon.colcon_core.package_identification:Package 'src/ros2_python_tutorial' with type 'ros.ament_python' and name 'ros2_python_tutorial'
[0.283s] Level 1:colcon.colcon_core.package_discovery:discover_packages(recursive) using defaults
[0.283s] Level 1:colcon.colcon_core.package_discovery:discover_packages(ignore) discover
[0.283s] Level 1:colcon.colcon_core.package_discovery:discover_packages(ignore) using defaults
[0.283s] Level 1:colcon.colcon_core.package_discovery:discover_packages(path) discover
[0.283s] Level 1:colcon.colcon_core.package_discovery:discover_packages(path) using defaults
[0.300s] Level 1:colcon.colcon_core.package_discovery:discover_packages(prefix_path) check parameters
[0.300s] Level 1:colcon.colcon_core.package_discovery:discover_packages(prefix_path) discover
[0.301s] DEBUG:colcon.colcon_installed_package_information.package_discovery:Found 3 installed packages in /home/jewoo/ros2_ws/install
[0.303s] DEBUG:colcon.colcon_installed_package_information.package_discovery:Found 376 installed packages in /opt/ros/humble
[0.312s] Level 1:colcon.colcon_core.package_discovery:discover_packages(prefix_path) using defaults
[0.356s] Level 5:colcon.colcon_core.verb:set package 'ros2_interfaces_tutorial' build argument 'cmake_args' from command line to 'None'
[0.356s] Level 5:colcon.colcon_core.verb:set package 'ros2_interfaces_tutorial' build argument 'cmake_target' from command line to 'None'
[0.356s] Level 5:colcon.colcon_core.verb:set package 'ros2_interfaces_tutorial' build argument 'cmake_target_skip_unavailable' from command line to 'False'
[0.356s] Level 5:colcon.colcon_core.verb:set package 'ros2_interfaces_tutorial' build argument 'cmake_clean_cache' from command line to 'False'
[0.356s] Level 5:colcon.colcon_core.verb:set package 'ros2_interfaces_tutorial' build argument 'cmake_clean_first' from command line to 'False'
[0.356s] Level 5:colcon.colcon_core.verb:set package 'ros2_interfaces_tutorial' build argument 'cmake_force_configure' from command line to 'False'
[0.356s] Level 5:colcon.colcon_core.verb:set package 'ros2_interfaces_tutorial' build argument 'ament_cmake_args' from command line to 'None'
[0.356s] Level 5:colcon.colcon_core.verb:set package 'ros2_interfaces_tutorial' build argument 'catkin_cmake_args' from command line to 'None'
[0.356s] Level 5:colcon.colcon_core.verb:set package 'ros2_interfaces_tutorial' build argument 'catkin_skip_building_tests' from command line to 'False'
[0.356s] DEBUG:colcon.colcon_core.verb:Building package 'ros2_interfaces_tutorial' with the following arguments: {'ament_cmake_args': None, 'build_base': '/home/jewoo/ros2_ws/build/ros2_interfaces_tutorial', 'catkin_cmake_args': None, 'catkin_skip_building_tests': False, 'cmake_args': None, 'cmake_clean_cache': False, 'cmake_clean_first': False, 'cmake_force_configure': False, 'cmake_target': None, 'cmake_target_skip_unavailable': False, 'install_base': '/home/jewoo/ros2_ws/install/ros2_interfaces_tutorial', 'merge_install': False, 'path': '/home/jewoo/ros2_ws/src/ros2_interfaces_tutorial', 'symlink_install': True, 'test_result_base': None}
[0.356s] Level 5:colcon.colcon_core.verb:set package 'ros2_python_tutorial' build argument 'cmake_args' from command line to 'None'
[0.356s] Level 5:colcon.colcon_core.verb:set package 'ros2_python_tutorial' build argument 'cmake_target' from command line to 'None'
[0.356s] Level 5:colcon.colcon_core.verb:set package 'ros2_python_tutorial' build argument 'cmake_target_skip_unavailable' from command line to 'False'
[0.356s] Level 5:colcon.colcon_core.verb:set package 'ros2_python_tutorial' build argument 'cmake_clean_cache' from command line to 'False'
[0.356s] Level 5:colcon.colcon_core.verb:set package 'ros2_python_tutorial' build argument 'cmake_clean_first' from command line to 'False'
[0.356s] Level 5:colcon.colcon_core.verb:set package 'ros2_python_tutorial' build argument 'cmake_force_configure' from command line to 'False'
[0.357s] Level 5:colcon.colcon_core.verb:set package 'ros2_python_tutorial' build argument 'ament_cmake_args' from command line to 'None'
[0.357s] Level 5:colcon.colcon_core.verb:set package 'ros2_python_tutorial' build argument 'catkin_cmake_args' from command line to 'None'
[0.357s] Level 5:colcon.colcon_core.verb:set package 'ros2_python_tutorial' build argument 'catkin_skip_building_tests' from command line to 'False'
[0.357s] DEBUG:colcon.colcon_core.verb:Building package 'ros2_python_tutorial' with the following arguments: {'ament_cmake_args': None, 'build_base': '/home/jewoo/ros2_ws/build/ros2_python_tutorial', 'catkin_cmake_args': None, 'catkin_skip_building_tests': False, 'cmake_args': None, 'cmake_clean_cache': False, 'cmake_clean_first': False, 'cmake_force_configure': False, 'cmake_target': None, 'cmake_target_skip_unavailable': False, 'install_base': '/home/jewoo/ros2_ws/install/ros2_python_tutorial', 'merge_install': False, 'path': '/home/jewoo/ros2_ws/src/ros2_python_tutorial', 'symlink_install': True, 'test_result_base': None}
[0.357s] Level 5:colcon.colcon_core.verb:set package 'ros2_cpp_tutorial' build argument 'cmake_args' from command line to 'None'
[0.357s] Level 5:colcon.colcon_core.verb:set package 'ros2_cpp_tutorial' build argument 'cmake_target' from command line to 'None'
[0.357s] Level 5:colcon.colcon_core.verb:set package 'ros2_cpp_tutorial' build argument 'cmake_target_skip_unavailable' from command line to 'False'
[0.357s] Level 5:colcon.colcon_core.verb:set package 'ros2_cpp_tutorial' build argument 'cmake_clean_cache' from command line to 'False'
[0.357s] Level 5:colcon.colcon_core.verb:set package 'ros2_cpp_tutorial' build argument 'cmake_clean_first' from command line to 'False'
[0.357s] Level 5:colcon.colcon_core.verb:set package 'ros2_cpp_tutorial' build argument 'cmake_force_configure' from command line to 'False'
[0.357s] Level 5:colcon.colcon_core.verb:set package 'ros2_cpp_tutorial' build argument 'ament_cmake_args' from command line to 'None'
[0.357s] Level 5:colcon.colcon_core.verb:set package 'ros2_cpp_tutorial' build argument 'catkin_cmake_args' from command line to 'None'
[0.357s] Level 5:colcon.colcon_core.verb:set package 'ros2_cpp_tutorial' build argument 'catkin_skip_building_tests' from command line to 'False'
[0.357s] DEBUG:colcon.colcon_core.verb:Building package 'ros2_cpp_tutorial' with the following arguments: {'ament_cmake_args': None, 'build_base': '/home/jewoo/ros2_ws/build/ros2_cpp_tutorial', 'catkin_cmake_args': None, 'catkin_skip_building_tests': False, 'cmake_args': None, 'cmake_clean_cache': False, 'cmake_clean_first': False, 'cmake_force_configure': False, 'cmake_target': None, 'cmake_target_skip_unavailable': False, 'install_base': '/home/jewoo/ros2_ws/install/ros2_cpp_tutorial', 'merge_install': False, 'path': '/home/jewoo/ros2_ws/src/ros2_cpp_tutorial', 'symlink_install': True, 'test_result_base': None}
[0.357s] INFO:colcon.colcon_core.executor:Executing jobs using 'parallel' executor
[0.358s] DEBUG:colcon.colcon_parallel_executor.executor.parallel:run_until_complete
[0.358s] INFO:colcon.colcon_ros.task.ament_cmake.build:Building ROS package in '/home/jewoo/ros2_ws/src/ros2_interfaces_tutorial' with build type 'ament_cmake'
[0.358s] INFO:colcon.colcon_cmake.task.cmake.build:Building CMake package in '/home/jewoo/ros2_ws/src/ros2_interfaces_tutorial'
[0.360s] INFO:colcon.colcon_core.plugin_system:Skipping extension 'colcon_core.shell.bat': Not used on non-Windows systems
[0.360s] INFO:colcon.colcon_core.shell:Skip shell extension 'powershell' for command environment: Not usable outside of PowerShell
[0.360s] DEBUG:colcon.colcon_core.shell:Skip shell extension 'dsv' for command environment
[0.371s] INFO:colcon.colcon_ros.task.ament_python.build:Building ROS package in '/home/jewoo/ros2_ws/src/ros2_python_tutorial' with build type 'ament_python'
[0.371s] Level 1:colcon.colcon_core.shell:create_environment_hook('ros2_python_tutorial', 'ament_prefix_path')
[0.371s] INFO:colcon.colcon_core.shell:Creating environment hook '/home/jewoo/ros2_ws/install/ros2_python_tutorial/share/ros2_python_tutorial/hook/ament_prefix_path.ps1'
[0.373s] INFO:colcon.colcon_core.shell:Creating environment descriptor '/home/jewoo/ros2_ws/install/ros2_python_tutorial/share/ros2_python_tutorial/hook/ament_prefix_path.dsv'
[0.374s] INFO:colcon.colcon_core.shell:Creating environment hook '/home/jewoo/ros2_ws/install/ros2_python_tutorial/share/ros2_python_tutorial/hook/ament_prefix_path.sh'
[0.375s] INFO:colcon.colcon_core.shell:Skip shell extension 'powershell' for command environment: Not usable outside of PowerShell
[0.375s] DEBUG:colcon.colcon_core.shell:Skip shell extension 'dsv' for command environment
[0.387s] DEBUG:colcon.colcon_core.event_handler.log_command:Invoking command in '/home/jewoo/ros2_ws/build/ros2_interfaces_tutorial': CMAKE_PREFIX_PATH=${CMAKE_PREFIX_PATH}:/opt/ros/humble:/home/jewoo/ros2_ws/install/ros2_python_tutorial /usr/bin/cmake --build /home/jewoo/ros2_ws/build/ros2_interfaces_tutorial -- -j12 -l12
[0.665s] INFO:colcon.colcon_core.task.python.build:Building Python package in '/home/jewoo/ros2_ws/src/ros2_python_tutorial'
[0.665s] INFO:colcon.colcon_core.shell:Skip shell extension 'powershell' for command environment: Not usable outside of PowerShell
[0.666s] DEBUG:colcon.colcon_core.shell:Skip shell extension 'dsv' for command environment
[0.771s] DEBUG:colcon.colcon_core.event_handler.log_command:Invoked command in '/home/jewoo/ros2_ws/build/ros2_interfaces_tutorial' returned '0': CMAKE_PREFIX_PATH=${CMAKE_PREFIX_PATH}:/opt/ros/humble:/home/jewoo/ros2_ws/install/ros2_python_tutorial /usr/bin/cmake --build /home/jewoo/ros2_ws/build/ros2_interfaces_tutorial -- -j12 -l12
[0.857s] DEBUG:colcon.colcon_core.event_handler.log_command:Invoking command in '/home/jewoo/ros2_ws/build/ros2_interfaces_tutorial': CMAKE_PREFIX_PATH=${CMAKE_PREFIX_PATH}:/opt/ros/humble:/home/jewoo/ros2_ws/install/ros2_python_tutorial /usr/bin/cmake --install /home/jewoo/ros2_ws/build/ros2_interfaces_tutorial
[0.934s] Level 1:colcon.colcon_core.environment:create_environment_scripts_only(ros2_interfaces_tutorial)
[0.935s] DEBUG:colcon.colcon_core.event_handler.log_command:Invoked command in '/home/jewoo/ros2_ws/build/ros2_interfaces_tutorial' returned '0': CMAKE_PREFIX_PATH=${CMAKE_PREFIX_PATH}:/opt/ros/humble:/home/jewoo/ros2_ws/install/ros2_python_tutorial /usr/bin/cmake --install /home/jewoo/ros2_ws/build/ros2_interfaces_tutorial
[0.937s] Level 1:colcon.colcon_core.environment:checking '/home/jewoo/ros2_ws/install/ros2_interfaces_tutorial' for CMake module files
[0.937s] Level 1:colcon.colcon_core.environment:checking '/home/jewoo/ros2_ws/install/ros2_interfaces_tutorial' for CMake config files
[0.937s] Level 1:colcon.colcon_core.shell:create_environment_hook('ros2_interfaces_tutorial', 'cmake_prefix_path')
[0.938s] INFO:colcon.colcon_core.shell:Creating environment hook '/home/jewoo/ros2_ws/install/ros2_interfaces_tutorial/share/ros2_interfaces_tutorial/hook/cmake_prefix_path.ps1'
[0.938s] INFO:colcon.colcon_core.shell:Creating environment descriptor '/home/jewoo/ros2_ws/install/ros2_interfaces_tutorial/share/ros2_interfaces_tutorial/hook/cmake_prefix_path.dsv'
[0.938s] INFO:colcon.colcon_core.shell:Creating environment hook '/home/jewoo/ros2_ws/install/ros2_interfaces_tutorial/share/ros2_interfaces_tutorial/hook/cmake_prefix_path.sh'
[0.939s] Level 1:colcon.colcon_core.environment:checking '/home/jewoo/ros2_ws/install/ros2_interfaces_tutorial/lib'
[0.939s] Level 1:colcon.colcon_core.shell:create_environment_hook('ros2_interfaces_tutorial', 'ld_library_path_lib')
[0.939s] INFO:colcon.colcon_core.shell:Creating environment hook '/home/jewoo/ros2_ws/install/ros2_interfaces_tutorial/share/ros2_interfaces_tutorial/hook/ld_library_path_lib.ps1'
[0.939s] INFO:colcon.colcon_core.shell:Creating environment descriptor '/home/jewoo/ros2_ws/install/ros2_interfaces_tutorial/share/ros2_interfaces_tutorial/hook/ld_library_path_lib.dsv'
[0.940s] INFO:colcon.colcon_core.shell:Creating environment hook '/home/jewoo/ros2_ws/install/ros2_interfaces_tutorial/share/ros2_interfaces_tutorial/hook/ld_library_path_lib.sh'
[0.940s] Level 1:colcon.colcon_core.environment:checking '/home/jewoo/ros2_ws/install/ros2_interfaces_tutorial/bin'
[0.940s] Level 1:colcon.colcon_core.environment:checking '/home/jewoo/ros2_ws/install/ros2_interfaces_tutorial/lib/pkgconfig/ros2_interfaces_tutorial.pc'
[0.940s] Level 1:colcon.colcon_core.environment:checking '/home/jewoo/ros2_ws/install/ros2_interfaces_tutorial/lib/python3.10/site-packages'
[0.940s] Level 1:colcon.colcon_core.environment:checking '/home/jewoo/ros2_ws/install/ros2_interfaces_tutorial/bin'
[0.941s] INFO:colcon.colcon_core.shell:Creating package script '/home/jewoo/ros2_ws/install/ros2_interfaces_tutorial/share/ros2_interfaces_tutorial/package.ps1'
[0.941s] INFO:colcon.colcon_core.shell:Creating package descriptor '/home/jewoo/ros2_ws/install/ros2_interfaces_tutorial/share/ros2_interfaces_tutorial/package.dsv'
[0.942s] INFO:colcon.colcon_core.shell:Creating package script '/home/jewoo/ros2_ws/install/ros2_interfaces_tutorial/share/ros2_interfaces_tutorial/package.sh'
[0.942s] INFO:colcon.colcon_core.shell:Creating package script '/home/jewoo/ros2_ws/install/ros2_interfaces_tutorial/share/ros2_interfaces_tutorial/package.bash'
[0.943s] INFO:colcon.colcon_core.shell:Creating package script '/home/jewoo/ros2_ws/install/ros2_interfaces_tutorial/share/ros2_interfaces_tutorial/package.zsh'
[0.944s] Level 1:colcon.colcon_core.environment:create_file_with_runtime_dependencies(/home/jewoo/ros2_ws/install/ros2_interfaces_tutorial/share/colcon-core/packages/ros2_interfaces_tutorial)
[1.022s] Level 1:colcon.colcon_core.environment:create_environment_scripts_only(ros2_interfaces_tutorial)
[1.022s] Level 1:colcon.colcon_core.environment:checking '/home/jewoo/ros2_ws/install/ros2_interfaces_tutorial' for CMake module files
[1.023s] Level 1:colcon.colcon_core.environment:checking '/home/jewoo/ros2_ws/install/ros2_interfaces_tutorial' for CMake config files
[1.023s] Level 1:colcon.colcon_core.shell:create_environment_hook('ros2_interfaces_tutorial', 'cmake_prefix_path')
[1.023s] INFO:colcon.colcon_core.shell:Creating environment hook '/home/jewoo/ros2_ws/install/ros2_interfaces_tutorial/share/ros2_interfaces_tutorial/hook/cmake_prefix_path.ps1'
[1.024s] INFO:colcon.colcon_core.shell:Creating environment descriptor '/home/jewoo/ros2_ws/install/ros2_interfaces_tutorial/share/ros2_interfaces_tutorial/hook/cmake_prefix_path.dsv'
[1.024s] INFO:colcon.colcon_core.shell:Creating environment hook '/home/jewoo/ros2_ws/install/ros2_interfaces_tutorial/share/ros2_interfaces_tutorial/hook/cmake_prefix_path.sh'
[1.025s] Level 1:colcon.colcon_core.environment:checking '/home/jewoo/ros2_ws/install/ros2_interfaces_tutorial/lib'
[1.025s] Level 1:colcon.colcon_core.shell:create_environment_hook('ros2_interfaces_tutorial', 'ld_library_path_lib')
[1.025s] INFO:colcon.colcon_core.shell:Creating environment hook '/home/jewoo/ros2_ws/install/ros2_interfaces_tutorial/share/ros2_interfaces_tutorial/hook/ld_library_path_lib.ps1'
[1.025s] INFO:colcon.colcon_core.shell:Creating environment descriptor '/home/jewoo/ros2_ws/install/ros2_interfaces_tutorial/share/ros2_interfaces_tutorial/hook/ld_library_path_lib.dsv'
[1.025s] INFO:colcon.colcon_core.shell:Creating environment hook '/home/jewoo/ros2_ws/install/ros2_interfaces_tutorial/share/ros2_interfaces_tutorial/hook/ld_library_path_lib.sh'
[1.026s] Level 1:colcon.colcon_core.environment:checking '/home/jewoo/ros2_ws/install/ros2_interfaces_tutorial/bin'
[1.026s] Level 1:colcon.colcon_core.environment:checking '/home/jewoo/ros2_ws/install/ros2_interfaces_tutorial/lib/pkgconfig/ros2_interfaces_tutorial.pc'
[1.026s] Level 1:colcon.colcon_core.environment:checking '/home/jewoo/ros2_ws/install/ros2_interfaces_tutorial/lib/python3.10/site-packages'
[1.026s] Level 1:colcon.colcon_core.environment:checking '/home/jewoo/ros2_ws/install/ros2_interfaces_tutorial/bin'
[1.026s] INFO:colcon.colcon_core.shell:Creating package script '/home/jewoo/ros2_ws/install/ros2_interfaces_tutorial/share/ros2_interfaces_tutorial/package.ps1'
[1.027s] INFO:colcon.colcon_core.shell:Creating package descriptor '/home/jewoo/ros2_ws/install/ros2_interfaces_tutorial/share/ros2_interfaces_tutorial/package.dsv'
[1.027s] INFO:colcon.colcon_core.shell:Creating package script '/home/jewoo/ros2_ws/install/ros2_interfaces_tutorial/share/ros2_interfaces_tutorial/package.sh'
[1.028s] INFO:colcon.colcon_core.shell:Creating package script '/home/jewoo/ros2_ws/install/ros2_interfaces_tutorial/share/ros2_interfaces_tutorial/package.bash'
[1.028s] INFO:colcon.colcon_core.shell:Creating package script '/home/jewoo/ros2_ws/install/ros2_interfaces_tutorial/share/ros2_interfaces_tutorial/package.zsh'
[1.028s] Level 1:colcon.colcon_core.environment:create_file_with_runtime_dependencies(/home/jewoo/ros2_ws/install/ros2_interfaces_tutorial/share/colcon-core/packages/ros2_interfaces_tutorial)
[1.029s] INFO:colcon.colcon_ros.task.ament_cmake.build:Building ROS package in '/home/jewoo/ros2_ws/src/ros2_cpp_tutorial' with build type 'ament_cmake'
[1.029s] INFO:colcon.colcon_cmake.task.cmake.build:Building CMake package in '/home/jewoo/ros2_ws/src/ros2_cpp_tutorial'
[1.029s] INFO:colcon.colcon_core.shell:Skip shell extension 'powershell' for command environment: Not usable outside of PowerShell
[1.029s] DEBUG:colcon.colcon_core.shell:Skip shell extension 'dsv' for command environment
[1.038s] DEBUG:colcon.colcon_core.event_handler.log_command:Invoking command in '/home/jewoo/ros2_ws/build/ros2_cpp_tutorial': CMAKE_PREFIX_PATH=/home/jewoo/ros2_ws/install/ros2_interfaces_tutorial:/home/jewoo/ros2_ws/install/ros2_cpp_tutorial:/opt/ros/humble:/home/jewoo/ros2_ws/install/ros2_python_tutorial LD_LIBRARY_PATH=/home/jewoo/ros2_ws/install/ros2_interfaces_tutorial/lib:/usr/lib/x86_64-linux-gnu:/usr/lib/x86_64-linux-gnu:/usr/lib/x86_64-linux-gnu:/usr/lib/x86_64-linux-gnu:/usr/lib/x86_64-linux-gnu:/usr/lib/x86_64-linux-gnu:/usr/lib/x86_64-linux-gnu:/usr/lib/x86_64-linux-gnu:/usr/lib/x86_64-linux-gnu:/usr/lib/x86_64-linux-gnu:/usr/lib/x86_64-linux-gnu:/usr/lib/x86_64-linux-gnu:/usr/lib/x86_64-linux-gnu:/usr/lib/x86_64-linux-gnu:/usr/lib/x86_64-linux-gnu:/usr/lib/x86_64-linux-gnu:/usr/lib/x86_64-linux-gnu:/usr/lib/x86_64-linux-gnu:/usr/lib/x86_64-linux-gnu:/usr/lib/x86_64-linux-gnu:/usr/lib/x86_64-linux-gnu:/usr/lib/x86_64-linux-gnu:/usr/lib/x86_64-linux-gnu/gazebo-11/plugins:/opt/ros/humble/opt/rviz_ogre_vendor/lib:/opt/ros/humble/lib/x86_64-linux-gnu:/opt/ros/humble/lib:/usr/lib/x86_64-linux-gnu /usr/bin/cmake --build /home/jewoo/ros2_ws/build/ros2_cpp_tutorial -- -j12 -l12
[1.097s] DEBUG:colcon.colcon_core.event_handler.log_command:Invoking command in '/home/jewoo/ros2_ws/build/ros2_python_tutorial': PYTHONPATH=/home/jewoo/ros2_ws/build/ros2_python_tutorial/prefix_override:/usr/lib/python3/dist-packages/colcon_core/task/python/colcon_distutils_commands:/home/jewoo/ros2_ws/install/ros2_python_tutorial/lib/python3.10/site-packages:${PYTHONPATH} /usr/bin/python3 -W ignore:setup.py install is deprecated setup.py develop --editable --build-directory /home/jewoo/ros2_ws/build/ros2_python_tutorial/build --no-deps symlink_data
[1.161s] DEBUG:colcon.colcon_core.event_handler.log_command:Invoked command in '/home/jewoo/ros2_ws/build/ros2_cpp_tutorial' returned '0': CMAKE_PREFIX_PATH=/home/jewoo/ros2_ws/install/ros2_interfaces_tutorial:/home/jewoo/ros2_ws/install/ros2_cpp_tutorial:/opt/ros/humble:/home/jewoo/ros2_ws/install/ros2_python_tutorial LD_LIBRARY_PATH=/home/jewoo/ros2_ws/install/ros2_interfaces_tutorial/lib:/usr/lib/x86_64-linux-gnu:/usr/lib/x86_64-linux-gnu:/usr/lib/x86_64-linux-gnu:/usr/lib/x86_64-linux-gnu:/usr/lib/x86_64-linux-gnu:/usr/lib/x86_64-linux-gnu:/usr/lib/x86_64-linux-gnu:/usr/lib/x86_64-linux-gnu:/usr/lib/x86_64-linux-gnu:/usr/lib/x86_64-linux-gnu:/usr/lib/x86_64-linux-gnu:/usr/lib/x86_64-linux-gnu:/usr/lib/x86_64-linux-gnu:/usr/lib/x86_64-linux-gnu:/usr/lib/x86_64-linux-gnu:/usr/lib/x86_64-linux-gnu:/usr/lib/x86_64-linux-gnu:/usr/lib/x86_64-linux-gnu:/usr/lib/x86_64-linux-gnu:/usr/lib/x86_64-linux-gnu:/usr/lib/x86_64-linux-gnu:/usr/lib/x86_64-linux-gnu:/usr/lib/x86_64-linux-gnu/gazebo-11/plugins:/opt/ros/humble/opt/rviz_ogre_vendor/lib:/opt/ros/humble/lib/x86_64-linux-gnu:/opt/ros/humble/lib:/usr/lib/x86_64-linux-gnu /usr/bin/cmake --build /home/jewoo/ros2_ws/build/ros2_cpp_tutorial -- -j12 -l12
[1.215s] DEBUG:colcon.colcon_core.event_handler.log_command:Invoking command in '/home/jewoo/ros2_ws/build/ros2_cpp_tutorial': CMAKE_PREFIX_PATH=/home/jewoo/ros2_ws/install/ros2_interfaces_tutorial:/home/jewoo/ros2_ws/install/ros2_cpp_tutorial:/opt/ros/humble:/home/jewoo/ros2_ws/install/ros2_python_tutorial LD_LIBRARY_PATH=/home/jewoo/ros2_ws/install/ros2_interfaces_tutorial/lib:/usr/lib/x86_64-linux-gnu:/usr/lib/x86_64-linux-gnu:/usr/lib/x86_64-linux-gnu:/usr/lib/x86_64-linux-gnu:/usr/lib/x86_64-linux-gnu:/usr/lib/x86_64-linux-gnu:/usr/lib/x86_64-linux-gnu:/usr/lib/x86_64-linux-gnu:/usr/lib/x86_64-linux-gnu:/usr/lib/x86_64-linux-gnu:/usr/lib/x86_64-linux-gnu:/usr/lib/x86_64-linux-gnu:/usr/lib/x86_64-linux-gnu:/usr/lib/x86_64-linux-gnu:/usr/lib/x86_64-linux-gnu:/usr/lib/x86_64-linux-gnu:/usr/lib/x86_64-linux-gnu:/usr/lib/x86_64-linux-gnu:/usr/lib/x86_64-linux-gnu:/usr/lib/x86_64-linux-gnu:/usr/lib/x86_64-linux-gnu:/usr/lib/x86_64-linux-gnu:/usr/lib/x86_64-linux-gnu/gazebo-11/plugins:/opt/ros/humble/opt/rviz_ogre_vendor/lib:/opt/ros/humble/lib/x86_64-linux-gnu:/opt/ros/humble/lib:/usr/lib/x86_64-linux-gnu /usr/bin/cmake --install /home/jewoo/ros2_ws/build/ros2_cpp_tutorial
[1.241s] Level 1:colcon.colcon_core.environment:create_environment_scripts_only(ros2_cpp_tutorial)
[1.242s] Level 1:colcon.colcon_core.environment:checking '/home/jewoo/ros2_ws/install/ros2_cpp_tutorial' for CMake module files
[1.242s] DEBUG:colcon.colcon_core.event_handler.log_command:Invoked command in '/home/jewoo/ros2_ws/build/ros2_cpp_tutorial' returned '0': CMAKE_PREFIX_PATH=/home/jewoo/ros2_ws/install/ros2_interfaces_tutorial:/home/jewoo/ros2_ws/install/ros2_cpp_tutorial:/opt/ros/humble:/home/jewoo/ros2_ws/install/ros2_python_tutorial LD_LIBRARY_PATH=/home/jewoo/ros2_ws/install/ros2_interfaces_tutorial/lib:/usr/lib/x86_64-linux-gnu:/usr/lib/x86_64-linux-gnu:/usr/lib/x86_64-linux-gnu:/usr/lib/x86_64-linux-gnu:/usr/lib/x86_64-linux-gnu:/usr/lib/x86_64-linux-gnu:/usr/lib/x86_64-linux-gnu:/usr/lib/x86_64-linux-gnu:/usr/lib/x86_64-linux-gnu:/usr/lib/x86_64-linux-gnu:/usr/lib/x86_64-linux-gnu:/usr/lib/x86_64-linux-gnu:/usr/lib/x86_64-linux-gnu:/usr/lib/x86_64-linux-gnu:/usr/lib/x86_64-linux-gnu:/usr/lib/x86_64-linux-gnu:/usr/lib/x86_64-linux-gnu:/usr/lib/x86_64-linux-gnu:/usr/lib/x86_64-linux-gnu:/usr/lib/x86_64-linux-gnu:/usr/lib/x86_64-linux-gnu:/usr/lib/x86_64-linux-gnu:/usr/lib/x86_64-linux-gnu/gazebo-11/plugins:/opt/ros/humble/opt/rviz_ogre_vendor/lib:/opt/ros/humble/lib/x86_64-linux-gnu:/opt/ros/humble/lib:/usr/lib/x86_64-linux-gnu /usr/bin/cmake --install /home/jewoo/ros2_ws/build/ros2_cpp_tutorial
[1.243s] Level 1:colcon.colcon_core.environment:checking '/home/jewoo/ros2_ws/install/ros2_cpp_tutorial' for CMake config files
[1.243s] Level 1:colcon.colcon_core.shell:create_environment_hook('ros2_cpp_tutorial', 'cmake_prefix_path')
[1.243s] INFO:colcon.colcon_core.shell:Creating environment hook '/home/jewoo/ros2_ws/install/ros2_cpp_tutorial/share/ros2_cpp_tutorial/hook/cmake_prefix_path.ps1'
[1.244s] INFO:colcon.colcon_core.shell:Creating environment descriptor '/home/jewoo/ros2_ws/install/ros2_cpp_tutorial/share/ros2_cpp_tutorial/hook/cmake_prefix_path.dsv'
[1.244s] INFO:colcon.colcon_core.shell:Creating environment hook '/home/jewoo/ros2_ws/install/ros2_cpp_tutorial/share/ros2_cpp_tutorial/hook/cmake_prefix_path.sh'
[1.244s] Level 1:colcon.colcon_core.environment:checking '/home/jewoo/ros2_ws/install/ros2_cpp_tutorial/lib'
[1.245s] Level 1:colcon.colcon_core.environment:checking '/home/jewoo/ros2_ws/install/ros2_cpp_tutorial/bin'
[1.245s] Level 1:colcon.colcon_core.environment:checking '/home/jewoo/ros2_ws/install/ros2_cpp_tutorial/lib/pkgconfig/ros2_cpp_tutorial.pc'
[1.245s] Level 1:colcon.colcon_core.environment:checking '/home/jewoo/ros2_ws/install/ros2_cpp_tutorial/lib/python3.10/site-packages'
[1.245s] Level 1:colcon.colcon_core.environment:checking '/home/jewoo/ros2_ws/install/ros2_cpp_tutorial/bin'
[1.245s] INFO:colcon.colcon_core.shell:Creating package script '/home/jewoo/ros2_ws/install/ros2_cpp_tutorial/share/ros2_cpp_tutorial/package.ps1'
[1.246s] INFO:colcon.colcon_core.shell:Creating package descriptor '/home/jewoo/ros2_ws/install/ros2_cpp_tutorial/share/ros2_cpp_tutorial/package.dsv'
[1.246s] INFO:colcon.colcon_core.shell:Creating package script '/home/jewoo/ros2_ws/install/ros2_cpp_tutorial/share/ros2_cpp_tutorial/package.sh'
[1.246s] INFO:colcon.colcon_core.shell:Creating package script '/home/jewoo/ros2_ws/install/ros2_cpp_tutorial/share/ros2_cpp_tutorial/package.bash'
[1.247s] INFO:colcon.colcon_core.shell:Creating package script '/home/jewoo/ros2_ws/install/ros2_cpp_tutorial/share/ros2_cpp_tutorial/package.zsh'
[1.247s] Level 1:colcon.colcon_core.environment:create_file_with_runtime_dependencies(/home/jewoo/ros2_ws/install/ros2_cpp_tutorial/share/colcon-core/packages/ros2_cpp_tutorial)
[1.301s] Level 1:colcon.colcon_core.environment:create_environment_scripts_only(ros2_cpp_tutorial)
[1.301s] Level 1:colcon.colcon_core.environment:checking '/home/jewoo/ros2_ws/install/ros2_cpp_tutorial' for CMake module files
[1.302s] Level 1:colcon.colcon_core.environment:checking '/home/jewoo/ros2_ws/install/ros2_cpp_tutorial' for CMake config files
[1.302s] Level 1:colcon.colcon_core.shell:create_environment_hook('ros2_cpp_tutorial', 'cmake_prefix_path')
[1.302s] INFO:colcon.colcon_core.shell:Creating environment hook '/home/jewoo/ros2_ws/install/ros2_cpp_tutorial/share/ros2_cpp_tutorial/hook/cmake_prefix_path.ps1'
[1.303s] INFO:colcon.colcon_core.shell:Creating environment descriptor '/home/jewoo/ros2_ws/install/ros2_cpp_tutorial/share/ros2_cpp_tutorial/hook/cmake_prefix_path.dsv'
[1.303s] INFO:colcon.colcon_core.shell:Creating environment hook '/home/jewoo/ros2_ws/install/ros2_cpp_tutorial/share/ros2_cpp_tutorial/hook/cmake_prefix_path.sh'
[1.303s] Level 1:colcon.colcon_core.environment:checking '/home/jewoo/ros2_ws/install/ros2_cpp_tutorial/lib'
[1.304s] Level 1:colcon.colcon_core.environment:checking '/home/jewoo/ros2_ws/install/ros2_cpp_tutorial/bin'
[1.304s] Level 1:colcon.colcon_core.environment:checking '/home/jewoo/ros2_ws/install/ros2_cpp_tutorial/lib/pkgconfig/ros2_cpp_tutorial.pc'
[1.304s] Level 1:colcon.colcon_core.environment:checking '/home/jewoo/ros2_ws/install/ros2_cpp_tutorial/lib/python3.10/site-packages'
[1.304s] Level 1:colcon.colcon_core.environment:checking '/home/jewoo/ros2_ws/install/ros2_cpp_tutorial/bin'
[1.304s] INFO:colcon.colcon_core.shell:Creating package script '/home/jewoo/ros2_ws/install/ros2_cpp_tutorial/share/ros2_cpp_tutorial/package.ps1'
[1.305s] INFO:colcon.colcon_core.shell:Creating package descriptor '/home/jewoo/ros2_ws/install/ros2_cpp_tutorial/share/ros2_cpp_tutorial/package.dsv'
[1.305s] INFO:colcon.colcon_core.shell:Creating package script '/home/jewoo/ros2_ws/install/ros2_cpp_tutorial/share/ros2_cpp_tutorial/package.sh'
[1.305s] INFO:colcon.colcon_core.shell:Creating package script '/home/jewoo/ros2_ws/install/ros2_cpp_tutorial/share/ros2_cpp_tutorial/package.bash'
[1.306s] INFO:colcon.colcon_core.shell:Creating package script '/home/jewoo/ros2_ws/install/ros2_cpp_tutorial/share/ros2_cpp_tutorial/package.zsh'
[1.306s] Level 1:colcon.colcon_core.environment:create_file_with_runtime_dependencies(/home/jewoo/ros2_ws/install/ros2_cpp_tutorial/share/colcon-core/packages/ros2_cpp_tutorial)
[1.652s] Level 1:colcon.colcon_core.shell:create_environment_hook('ros2_python_tutorial', 'pythonpath_develop')
[1.652s] INFO:colcon.colcon_core.shell:Creating environment hook '/home/jewoo/ros2_ws/build/ros2_python_tutorial/share/ros2_python_tutorial/hook/pythonpath_develop.ps1'
[1.652s] DEBUG:colcon.colcon_core.event_handler.log_command:Invoked command in '/home/jewoo/ros2_ws/build/ros2_python_tutorial' returned '0': PYTHONPATH=/home/jewoo/ros2_ws/build/ros2_python_tutorial/prefix_override:/usr/lib/python3/dist-packages/colcon_core/task/python/colcon_distutils_commands:/home/jewoo/ros2_ws/install/ros2_python_tutorial/lib/python3.10/site-packages:${PYTHONPATH} /usr/bin/python3 -W ignore:setup.py install is deprecated setup.py develop --editable --build-directory /home/jewoo/ros2_ws/build/ros2_python_tutorial/build --no-deps symlink_data
[1.653s] INFO:colcon.colcon_core.shell:Creating environment descriptor '/home/jewoo/ros2_ws/build/ros2_python_tutorial/share/ros2_python_tutorial/hook/pythonpath_develop.dsv'
[1.653s] INFO:colcon.colcon_core.shell:Creating environment hook '/home/jewoo/ros2_ws/build/ros2_python_tutorial/share/ros2_python_tutorial/hook/pythonpath_develop.sh'
[1.654s] Level 1:colcon.colcon_core.environment:checking '/home/jewoo/ros2_ws/install/ros2_python_tutorial' for CMake module files
[1.654s] Level 1:colcon.colcon_core.environment:checking '/home/jewoo/ros2_ws/install/ros2_python_tutorial' for CMake config files
[1.655s] Level 1:colcon.colcon_core.environment:checking '/home/jewoo/ros2_ws/install/ros2_python_tutorial/lib'
[1.655s] Level 1:colcon.colcon_core.environment:checking '/home/jewoo/ros2_ws/install/ros2_python_tutorial/bin'
[1.655s] Level 1:colcon.colcon_core.environment:checking '/home/jewoo/ros2_ws/install/ros2_python_tutorial/lib/pkgconfig/ros2_python_tutorial.pc'
[1.655s] Level 1:colcon.colcon_core.environment:checking '/home/jewoo/ros2_ws/install/ros2_python_tutorial/lib/python3.10/site-packages'
[1.655s] Level 1:colcon.colcon_core.shell:create_environment_hook('ros2_python_tutorial', 'pythonpath')
[1.655s] INFO:colcon.colcon_core.shell:Creating environment hook '/home/jewoo/ros2_ws/install/ros2_python_tutorial/share/ros2_python_tutorial/hook/pythonpath.ps1'
[1.655s] INFO:colcon.colcon_core.shell:Creating environment descriptor '/home/jewoo/ros2_ws/install/ros2_python_tutorial/share/ros2_python_tutorial/hook/pythonpath.dsv'
[1.656s] INFO:colcon.colcon_core.shell:Creating environment hook '/home/jewoo/ros2_ws/install/ros2_python_tutorial/share/ros2_python_tutorial/hook/pythonpath.sh'
[1.656s] Level 1:colcon.colcon_core.environment:checking '/home/jewoo/ros2_ws/install/ros2_python_tutorial/bin'
[1.656s] Level 1:colcon.colcon_core.environment:create_environment_scripts_only(ros2_python_tutorial)
[1.656s] INFO:colcon.colcon_core.shell:Creating package script '/home/jewoo/ros2_ws/install/ros2_python_tutorial/share/ros2_python_tutorial/package.ps1'
[1.657s] INFO:colcon.colcon_core.shell:Creating package descriptor '/home/jewoo/ros2_ws/install/ros2_python_tutorial/share/ros2_python_tutorial/package.dsv'
[1.657s] INFO:colcon.colcon_core.shell:Creating package script '/home/jewoo/ros2_ws/install/ros2_python_tutorial/share/ros2_python_tutorial/package.sh'
[1.658s] INFO:colcon.colcon_core.shell:Creating package script '/home/jewoo/ros2_ws/install/ros2_python_tutorial/share/ros2_python_tutorial/package.bash'
[1.658s] INFO:colcon.colcon_core.shell:Creating package script '/home/jewoo/ros2_ws/install/ros2_python_tutorial/share/ros2_python_tutorial/package.zsh'
[1.658s] Level 1:colcon.colcon_core.environment:create_file_with_runtime_dependencies(/home/jewoo/ros2_ws/install/ros2_python_tutorial/share/colcon-core/packages/ros2_python_tutorial)
[1.658s] DEBUG:colcon.colcon_parallel_executor.executor.parallel:closing loop
[1.658s] DEBUG:colcon.colcon_parallel_executor.executor.parallel:loop closed
[1.658s] DEBUG:colcon.colcon_parallel_executor.executor.parallel:run_until_complete finished with '0'
[1.659s] DEBUG:colcon.colcon_core.event_reactor:joining thread
[1.664s] INFO:colcon.colcon_core.plugin_system:Skipping extension 'colcon_notification.desktop_notification.terminal_notifier': Not used on non-Darwin systems
[1.664s] INFO:colcon.colcon_core.plugin_system:Skipping extension 'colcon_notification.desktop_notification.win32': Not used on non-Windows systems
[1.664s] INFO:colcon.colcon_notification.desktop_notification:Sending desktop notification using 'notify2'
[1.673s] DEBUG:colcon.colcon_core.event_reactor:joined thread
[1.673s] INFO:colcon.colcon_core.shell:Creating prefix script '/home/jewoo/ros2_ws/install/local_setup.ps1'
[1.674s] INFO:colcon.colcon_core.shell:Creating prefix util module '/home/jewoo/ros2_ws/install/_local_setup_util_ps1.py'
[1.675s] INFO:colcon.colcon_core.shell:Creating prefix chain script '/home/jewoo/ros2_ws/install/setup.ps1'
[1.676s] INFO:colcon.colcon_core.shell:Creating prefix script '/home/jewoo/ros2_ws/install/local_setup.sh'
[1.677s] INFO:colcon.colcon_core.shell:Creating prefix util module '/home/jewoo/ros2_ws/install/_local_setup_util_sh.py'
[1.677s] INFO:colcon.colcon_core.shell:Creating prefix chain script '/home/jewoo/ros2_ws/install/setup.sh'
[1.679s] INFO:colcon.colcon_core.shell:Creating prefix script '/home/jewoo/ros2_ws/install/local_setup.bash'
[1.679s] INFO:colcon.colcon_core.shell:Creating prefix chain script '/home/jewoo/ros2_ws/install/setup.bash'
[1.680s] INFO:colcon.colcon_core.shell:Creating prefix script '/home/jewoo/ros2_ws/install/local_setup.zsh'
[1.681s] INFO:colcon.colcon_core.shell:Creating prefix chain script '/home/jewoo/ros2_ws/install/setup.zsh'
