[0.173s] DEBUG:colcon:Command line arguments: ['/usr/bin/colcon', 'build', '--allow-overriding', 'ros2_interfaces_tutorial']
[0.173s] DEBUG:colcon:Parsed command line arguments: Namespace(log_base=None, log_level=None, verb_name='build', build_base='build', install_base='install', merge_install=False, symlink_install=False, test_result_base=None, continue_on_error=False, executor='parallel', parallel_workers=12, event_handlers=None, ignore_user_meta=False, metas=['./colcon.meta'], base_paths=['.'], packages_ignore=None, packages_ignore_regex=None, paths=None, packages_up_to=None, packages_up_to_regex=None, packages_above=None, packages_above_and_dependencies=None, packages_above_depth=None, packages_select_by_dep=None, packages_skip_by_dep=None, packages_skip_up_to=None, packages_select_build_failed=False, packages_skip_build_finished=False, packages_select_test_failures=False, packages_skip_test_passed=False, packages_select=None, packages_skip=None, packages_select_regex=None, packages_skip_regex=None, packages_start=None, packages_end=None, allow_overriding=['ros2_interfaces_tutorial'], cmake_args=None, cmake_target=None, cmake_target_skip_unavailable=False, cmake_clean_cache=False, cmake_clean_first=False, cmake_force_configure=False, ament_cmake_args=None, catkin_cmake_args=None, catkin_skip_building_tests=False, verb_parser=<colcon_defaults.argument_parser.defaults.DefaultArgumentsDecorator object at 0x7077bd72c640>, verb_extension=<colcon_core.verb.build.BuildVerb object at 0x7077bd8f3e50>, main=<bound method BuildVerb.main of <colcon_core.verb.build.BuildVerb object at 0x7077bd8f3e50>>)
[0.435s] Level 1:colcon.colcon_core.package_discovery:discover_packages(colcon_meta) check parameters
[0.435s] Level 1:colcon.colcon_core.package_discovery:discover_packages(recursive) check parameters
[0.435s] Level 1:colcon.colcon_core.package_discovery:discover_packages(ignore) check parameters
[0.435s] Level 1:colcon.colcon_core.package_discovery:discover_packages(path) check parameters
[0.435s] Level 1:colcon.colcon_core.package_discovery:discover_packages(colcon_meta) discover
[0.435s] Level 1:colcon.colcon_core.package_discovery:discover_packages(recursive) discover
[0.435s] INFO:colcon.colcon_core.package_discovery:Crawling recursively for packages in '/home/jewoo/ros2_ws/src/ros2_interfaces_tutorial'
[0.435s] Level 1:colcon.colcon_core.package_identification:_identify(.) by extensions ['ignore', 'ignore_ament_install']
[0.435s] Level 1:colcon.colcon_core.package_identification:_identify(.) by extension 'ignore'
[0.436s] Level 1:colcon.colcon_core.package_identification:_identify(.) by extension 'ignore_ament_install'
[0.436s] Level 1:colcon.colcon_core.package_identification:_identify(.) by extensions ['colcon_pkg']
[0.436s] Level 1:colcon.colcon_core.package_identification:_identify(.) by extension 'colcon_pkg'
[0.436s] Level 1:colcon.colcon_core.package_identification:_identify(.) by extensions ['colcon_meta']
[0.436s] Level 1:colcon.colcon_core.package_identification:_identify(.) by extension 'colcon_meta'
[0.436s] Level 1:colcon.colcon_core.package_identification:_identify(.) by extensions ['ros']
[0.436s] Level 1:colcon.colcon_core.package_identification:_identify(.) by extension 'ros'
[0.458s] DEBUG:colcon.colcon_core.package_identification:Package '.' with type 'ros.ament_cmake' and name 'ros2_interfaces_tutorial'
[0.458s] Level 1:colcon.colcon_core.package_discovery:discover_packages(recursive) using defaults
[0.458s] Level 1:colcon.colcon_core.package_discovery:discover_packages(ignore) discover
[0.458s] Level 1:colcon.colcon_core.package_discovery:discover_packages(ignore) using defaults
[0.458s] Level 1:colcon.colcon_core.package_discovery:discover_packages(path) discover
[0.458s] Level 1:colcon.colcon_core.package_discovery:discover_packages(path) using defaults
[0.489s] Level 1:colcon.colcon_core.package_discovery:discover_packages(prefix_path) check parameters
[0.489s] Level 1:colcon.colcon_core.package_discovery:discover_packages(prefix_path) discover
[0.492s] DEBUG:colcon.colcon_installed_package_information.package_discovery:Found 4 installed packages in /home/jewoo/ros2_ws/install
[0.494s] DEBUG:colcon.colcon_installed_package_information.package_discovery:Found 270 installed packages in /opt/ros/humble
[0.496s] Level 1:colcon.colcon_core.package_discovery:discover_packages(prefix_path) using defaults
[0.570s] Level 5:colcon.colcon_core.verb:set package 'ros2_interfaces_tutorial' build argument 'cmake_args' from command line to 'None'
[0.570s] Level 5:colcon.colcon_core.verb:set package 'ros2_interfaces_tutorial' build argument 'cmake_target' from command line to 'None'
[0.570s] Level 5:colcon.colcon_core.verb:set package 'ros2_interfaces_tutorial' build argument 'cmake_target_skip_unavailable' from command line to 'False'
[0.570s] Level 5:colcon.colcon_core.verb:set package 'ros2_interfaces_tutorial' build argument 'cmake_clean_cache' from command line to 'False'
[0.570s] Level 5:colcon.colcon_core.verb:set package 'ros2_interfaces_tutorial' build argument 'cmake_clean_first' from command line to 'False'
[0.571s] Level 5:colcon.colcon_core.verb:set package 'ros2_interfaces_tutorial' build argument 'cmake_force_configure' from command line to 'False'
[0.571s] Level 5:colcon.colcon_core.verb:set package 'ros2_interfaces_tutorial' build argument 'ament_cmake_args' from command line to 'None'
[0.571s] Level 5:colcon.colcon_core.verb:set package 'ros2_interfaces_tutorial' build argument 'catkin_cmake_args' from command line to 'None'
[0.571s] Level 5:colcon.colcon_core.verb:set package 'ros2_interfaces_tutorial' build argument 'catkin_skip_building_tests' from command line to 'False'
[0.571s] DEBUG:colcon.colcon_core.verb:Building package 'ros2_interfaces_tutorial' with the following arguments: {'ament_cmake_args': None, 'build_base': '/home/jewoo/ros2_ws/src/ros2_interfaces_tutorial/build/ros2_interfaces_tutorial', 'catkin_cmake_args': None, 'catkin_skip_building_tests': False, 'cmake_args': None, 'cmake_clean_cache': False, 'cmake_clean_first': False, 'cmake_force_configure': False, 'cmake_target': None, 'cmake_target_skip_unavailable': False, 'install_base': '/home/jewoo/ros2_ws/src/ros2_interfaces_tutorial/install/ros2_interfaces_tutorial', 'merge_install': False, 'path': '/home/jewoo/ros2_ws/src/ros2_interfaces_tutorial', 'symlink_install': False, 'test_result_base': None}
[0.571s] INFO:colcon.colcon_core.executor:Executing jobs using 'parallel' executor
[0.572s] DEBUG:colcon.colcon_parallel_executor.executor.parallel:run_until_complete
[0.572s] INFO:colcon.colcon_ros.task.ament_cmake.build:Building ROS package in '/home/jewoo/ros2_ws/src/ros2_interfaces_tutorial' with build type 'ament_cmake'
[0.573s] INFO:colcon.colcon_cmake.task.cmake.build:Building CMake package in '/home/jewoo/ros2_ws/src/ros2_interfaces_tutorial'
[0.576s] INFO:colcon.colcon_core.plugin_system:Skipping extension 'colcon_core.shell.bat': Not used on non-Windows systems
[0.576s] INFO:colcon.colcon_core.shell:Skip shell extension 'powershell' for command environment: Not usable outside of PowerShell
[0.576s] DEBUG:colcon.colcon_core.shell:Skip shell extension 'dsv' for command environment
[0.589s] DEBUG:colcon.colcon_core.event_handler.log_command:Invoking command in '/home/jewoo/ros2_ws/src/ros2_interfaces_tutorial/build/ros2_interfaces_tutorial': CMAKE_PREFIX_PATH=${CMAKE_PREFIX_PATH}:/opt/ros/humble:/home/jewoo/ros2_ws/install/ros2_python_tutorial /usr/bin/cmake /home/jewoo/ros2_ws/src/ros2_interfaces_tutorial -DCMAKE_INSTALL_PREFIX=/home/jewoo/ros2_ws/src/ros2_interfaces_tutorial/install/ros2_interfaces_tutorial
[2.885s] DEBUG:colcon.colcon_core.event_handler.log_command:Invoked command in '/home/jewoo/ros2_ws/src/ros2_interfaces_tutorial/build/ros2_interfaces_tutorial' returned '0': CMAKE_PREFIX_PATH=${CMAKE_PREFIX_PATH}:/opt/ros/humble:/home/jewoo/ros2_ws/install/ros2_python_tutorial /usr/bin/cmake /home/jewoo/ros2_ws/src/ros2_interfaces_tutorial -DCMAKE_INSTALL_PREFIX=/home/jewoo/ros2_ws/src/ros2_interfaces_tutorial/install/ros2_interfaces_tutorial
[2.888s] DEBUG:colcon.colcon_core.event_handler.log_command:Invoking command in '/home/jewoo/ros2_ws/src/ros2_interfaces_tutorial/build/ros2_interfaces_tutorial': CMAKE_PREFIX_PATH=${CMAKE_PREFIX_PATH}:/opt/ros/humble:/home/jewoo/ros2_ws/install/ros2_python_tutorial /usr/bin/cmake --build /home/jewoo/ros2_ws/src/ros2_interfaces_tutorial/build/ros2_interfaces_tutorial -- -j12 -l12
[3.450s] DEBUG:colcon.colcon_core.event_handler.log_command:Invoked command in '/home/jewoo/ros2_ws/src/ros2_interfaces_tutorial/build/ros2_interfaces_tutorial' returned '0': CMAKE_PREFIX_PATH=${CMAKE_PREFIX_PATH}:/opt/ros/humble:/home/jewoo/ros2_ws/install/ros2_python_tutorial /usr/bin/cmake --build /home/jewoo/ros2_ws/src/ros2_interfaces_tutorial/build/ros2_interfaces_tutorial -- -j12 -l12
[3.601s] DEBUG:colcon.colcon_core.event_handler.log_command:Invoking command in '/home/jewoo/ros2_ws/src/ros2_interfaces_tutorial/build/ros2_interfaces_tutorial': CMAKE_PREFIX_PATH=${CMAKE_PREFIX_PATH}:/opt/ros/humble:/home/jewoo/ros2_ws/install/ros2_python_tutorial /usr/bin/cmake --install /home/jewoo/ros2_ws/src/ros2_interfaces_tutorial/build/ros2_interfaces_tutorial
[3.741s] Level 1:colcon.colcon_core.environment:create_environment_scripts_only(ros2_interfaces_tutorial)
[3.742s] DEBUG:colcon.colcon_core.event_handler.log_command:Invoked command in '/home/jewoo/ros2_ws/src/ros2_interfaces_tutorial/build/ros2_interfaces_tutorial' returned '0': CMAKE_PREFIX_PATH=${CMAKE_PREFIX_PATH}:/opt/ros/humble:/home/jewoo/ros2_ws/install/ros2_python_tutorial /usr/bin/cmake --install /home/jewoo/ros2_ws/src/ros2_interfaces_tutorial/build/ros2_interfaces_tutorial
[3.745s] Level 1:colcon.colcon_core.environment:checking '/home/jewoo/ros2_ws/src/ros2_interfaces_tutorial/install/ros2_interfaces_tutorial' for CMake module files
[3.746s] Level 1:colcon.colcon_core.environment:checking '/home/jewoo/ros2_ws/src/ros2_interfaces_tutorial/install/ros2_interfaces_tutorial' for CMake config files
[3.747s] Level 1:colcon.colcon_core.shell:create_environment_hook('ros2_interfaces_tutorial', 'cmake_prefix_path')
[3.747s] INFO:colcon.colcon_core.shell:Creating environment hook '/home/jewoo/ros2_ws/src/ros2_interfaces_tutorial/install/ros2_interfaces_tutorial/share/ros2_interfaces_tutorial/hook/cmake_prefix_path.ps1'
[3.748s] INFO:colcon.colcon_core.shell:Creating environment descriptor '/home/jewoo/ros2_ws/src/ros2_interfaces_tutorial/install/ros2_interfaces_tutorial/share/ros2_interfaces_tutorial/hook/cmake_prefix_path.dsv'
[3.749s] INFO:colcon.colcon_core.shell:Creating environment hook '/home/jewoo/ros2_ws/src/ros2_interfaces_tutorial/install/ros2_interfaces_tutorial/share/ros2_interfaces_tutorial/hook/cmake_prefix_path.sh'
[3.750s] Level 1:colcon.colcon_core.environment:checking '/home/jewoo/ros2_ws/src/ros2_interfaces_tutorial/install/ros2_interfaces_tutorial/lib'
[3.750s] Level 1:colcon.colcon_core.shell:create_environment_hook('ros2_interfaces_tutorial', 'ld_library_path_lib')
[3.751s] INFO:colcon.colcon_core.shell:Creating environment hook '/home/jewoo/ros2_ws/src/ros2_interfaces_tutorial/install/ros2_interfaces_tutorial/share/ros2_interfaces_tutorial/hook/ld_library_path_lib.ps1'
[3.751s] INFO:colcon.colcon_core.shell:Creating environment descriptor '/home/jewoo/ros2_ws/src/ros2_interfaces_tutorial/install/ros2_interfaces_tutorial/share/ros2_interfaces_tutorial/hook/ld_library_path_lib.dsv'
[3.751s] INFO:colcon.colcon_core.shell:Creating environment hook '/home/jewoo/ros2_ws/src/ros2_interfaces_tutorial/install/ros2_interfaces_tutorial/share/ros2_interfaces_tutorial/hook/ld_library_path_lib.sh'
[3.752s] Level 1:colcon.colcon_core.environment:checking '/home/jewoo/ros2_ws/src/ros2_interfaces_tutorial/install/ros2_interfaces_tutorial/bin'
[3.752s] Level 1:colcon.colcon_core.environment:checking '/home/jewoo/ros2_ws/src/ros2_interfaces_tutorial/install/ros2_interfaces_tutorial/lib/pkgconfig/ros2_interfaces_tutorial.pc'
[3.752s] Level 1:colcon.colcon_core.environment:checking '/home/jewoo/ros2_ws/src/ros2_interfaces_tutorial/install/ros2_interfaces_tutorial/lib/python3.10/site-packages'
[3.753s] Level 1:colcon.colcon_core.environment:checking '/home/jewoo/ros2_ws/src/ros2_interfaces_tutorial/install/ros2_interfaces_tutorial/bin'
[3.753s] INFO:colcon.colcon_core.shell:Creating package script '/home/jewoo/ros2_ws/src/ros2_interfaces_tutorial/install/ros2_interfaces_tutorial/share/ros2_interfaces_tutorial/package.ps1'
[3.754s] INFO:colcon.colcon_core.shell:Creating package descriptor '/home/jewoo/ros2_ws/src/ros2_interfaces_tutorial/install/ros2_interfaces_tutorial/share/ros2_interfaces_tutorial/package.dsv'
[3.755s] INFO:colcon.colcon_core.shell:Creating package script '/home/jewoo/ros2_ws/src/ros2_interfaces_tutorial/install/ros2_interfaces_tutorial/share/ros2_interfaces_tutorial/package.sh'
[3.756s] INFO:colcon.colcon_core.shell:Creating package script '/home/jewoo/ros2_ws/src/ros2_interfaces_tutorial/install/ros2_interfaces_tutorial/share/ros2_interfaces_tutorial/package.bash'
[3.757s] INFO:colcon.colcon_core.shell:Creating package script '/home/jewoo/ros2_ws/src/ros2_interfaces_tutorial/install/ros2_interfaces_tutorial/share/ros2_interfaces_tutorial/package.zsh'
[3.758s] Level 1:colcon.colcon_core.environment:create_file_with_runtime_dependencies(/home/jewoo/ros2_ws/src/ros2_interfaces_tutorial/install/ros2_interfaces_tutorial/share/colcon-core/packages/ros2_interfaces_tutorial)
[3.894s] Level 1:colcon.colcon_core.environment:create_environment_scripts_only(ros2_interfaces_tutorial)
[3.894s] Level 1:colcon.colcon_core.environment:checking '/home/jewoo/ros2_ws/src/ros2_interfaces_tutorial/install/ros2_interfaces_tutorial' for CMake module files
[3.895s] Level 1:colcon.colcon_core.environment:checking '/home/jewoo/ros2_ws/src/ros2_interfaces_tutorial/install/ros2_interfaces_tutorial' for CMake config files
[3.896s] Level 1:colcon.colcon_core.shell:create_environment_hook('ros2_interfaces_tutorial', 'cmake_prefix_path')
[3.896s] INFO:colcon.colcon_core.shell:Creating environment hook '/home/jewoo/ros2_ws/src/ros2_interfaces_tutorial/install/ros2_interfaces_tutorial/share/ros2_interfaces_tutorial/hook/cmake_prefix_path.ps1'
[3.897s] INFO:colcon.colcon_core.shell:Creating environment descriptor '/home/jewoo/ros2_ws/src/ros2_interfaces_tutorial/install/ros2_interfaces_tutorial/share/ros2_interfaces_tutorial/hook/cmake_prefix_path.dsv'
[3.897s] INFO:colcon.colcon_core.shell:Creating environment hook '/home/jewoo/ros2_ws/src/ros2_interfaces_tutorial/install/ros2_interfaces_tutorial/share/ros2_interfaces_tutorial/hook/cmake_prefix_path.sh'
[3.898s] Level 1:colcon.colcon_core.environment:checking '/home/jewoo/ros2_ws/src/ros2_interfaces_tutorial/install/ros2_interfaces_tutorial/lib'
[3.898s] Level 1:colcon.colcon_core.shell:create_environment_hook('ros2_interfaces_tutorial', 'ld_library_path_lib')
[3.899s] INFO:colcon.colcon_core.shell:Creating environment hook '/home/jewoo/ros2_ws/src/ros2_interfaces_tutorial/install/ros2_interfaces_tutorial/share/ros2_interfaces_tutorial/hook/ld_library_path_lib.ps1'
[3.899s] INFO:colcon.colcon_core.shell:Creating environment descriptor '/home/jewoo/ros2_ws/src/ros2_interfaces_tutorial/install/ros2_interfaces_tutorial/share/ros2_interfaces_tutorial/hook/ld_library_path_lib.dsv'
[3.900s] INFO:colcon.colcon_core.shell:Creating environment hook '/home/jewoo/ros2_ws/src/ros2_interfaces_tutorial/install/ros2_interfaces_tutorial/share/ros2_interfaces_tutorial/hook/ld_library_path_lib.sh'
[3.900s] Level 1:colcon.colcon_core.environment:checking '/home/jewoo/ros2_ws/src/ros2_interfaces_tutorial/install/ros2_interfaces_tutorial/bin'
[3.900s] Level 1:colcon.colcon_core.environment:checking '/home/jewoo/ros2_ws/src/ros2_interfaces_tutorial/install/ros2_interfaces_tutorial/lib/pkgconfig/ros2_interfaces_tutorial.pc'
[3.901s] Level 1:colcon.colcon_core.environment:checking '/home/jewoo/ros2_ws/src/ros2_interfaces_tutorial/install/ros2_interfaces_tutorial/lib/python3.10/site-packages'
[3.901s] Level 1:colcon.colcon_core.environment:checking '/home/jewoo/ros2_ws/src/ros2_interfaces_tutorial/install/ros2_interfaces_tutorial/bin'
[3.901s] INFO:colcon.colcon_core.shell:Creating package script '/home/jewoo/ros2_ws/src/ros2_interfaces_tutorial/install/ros2_interfaces_tutorial/share/ros2_interfaces_tutorial/package.ps1'
[3.902s] INFO:colcon.colcon_core.shell:Creating package descriptor '/home/jewoo/ros2_ws/src/ros2_interfaces_tutorial/install/ros2_interfaces_tutorial/share/ros2_interfaces_tutorial/package.dsv'
[3.903s] INFO:colcon.colcon_core.shell:Creating package script '/home/jewoo/ros2_ws/src/ros2_interfaces_tutorial/install/ros2_interfaces_tutorial/share/ros2_interfaces_tutorial/package.sh'
[3.903s] INFO:colcon.colcon_core.shell:Creating package script '/home/jewoo/ros2_ws/src/ros2_interfaces_tutorial/install/ros2_interfaces_tutorial/share/ros2_interfaces_tutorial/package.bash'
[3.904s] INFO:colcon.colcon_core.shell:Creating package script '/home/jewoo/ros2_ws/src/ros2_interfaces_tutorial/install/ros2_interfaces_tutorial/share/ros2_interfaces_tutorial/package.zsh'
[3.905s] Level 1:colcon.colcon_core.environment:create_file_with_runtime_dependencies(/home/jewoo/ros2_ws/src/ros2_interfaces_tutorial/install/ros2_interfaces_tutorial/share/colcon-core/packages/ros2_interfaces_tutorial)
[3.905s] DEBUG:colcon.colcon_parallel_executor.executor.parallel:closing loop
[3.905s] DEBUG:colcon.colcon_parallel_executor.executor.parallel:loop closed
[3.906s] DEBUG:colcon.colcon_parallel_executor.executor.parallel:run_until_complete finished with '0'
[3.906s] DEBUG:colcon.colcon_core.event_reactor:joining thread
[3.913s] INFO:colcon.colcon_core.plugin_system:Skipping extension 'colcon_notification.desktop_notification.terminal_notifier': Not used on non-Darwin systems
[3.914s] INFO:colcon.colcon_core.plugin_system:Skipping extension 'colcon_notification.desktop_notification.win32': Not used on non-Windows systems
[3.914s] INFO:colcon.colcon_notification.desktop_notification:Sending desktop notification using 'notify2'
[3.934s] DEBUG:colcon.colcon_core.event_reactor:joined thread
[3.934s] INFO:colcon.colcon_core.shell:Creating prefix script '/home/jewoo/ros2_ws/src/ros2_interfaces_tutorial/install/local_setup.ps1'
[3.937s] INFO:colcon.colcon_core.shell:Creating prefix util module '/home/jewoo/ros2_ws/src/ros2_interfaces_tutorial/install/_local_setup_util_ps1.py'
[3.940s] INFO:colcon.colcon_core.shell:Creating prefix chain script '/home/jewoo/ros2_ws/src/ros2_interfaces_tutorial/install/setup.ps1'
[3.943s] INFO:colcon.colcon_core.shell:Creating prefix script '/home/jewoo/ros2_ws/src/ros2_interfaces_tutorial/install/local_setup.sh'
[3.944s] INFO:colcon.colcon_core.shell:Creating prefix util module '/home/jewoo/ros2_ws/src/ros2_interfaces_tutorial/install/_local_setup_util_sh.py'
[3.945s] INFO:colcon.colcon_core.shell:Creating prefix chain script '/home/jewoo/ros2_ws/src/ros2_interfaces_tutorial/install/setup.sh'
[3.949s] INFO:colcon.colcon_core.shell:Creating prefix script '/home/jewoo/ros2_ws/src/ros2_interfaces_tutorial/install/local_setup.bash'
[3.950s] INFO:colcon.colcon_core.shell:Creating prefix chain script '/home/jewoo/ros2_ws/src/ros2_interfaces_tutorial/install/setup.bash'
[3.952s] INFO:colcon.colcon_core.shell:Creating prefix script '/home/jewoo/ros2_ws/src/ros2_interfaces_tutorial/install/local_setup.zsh'
[3.953s] INFO:colcon.colcon_core.shell:Creating prefix chain script '/home/jewoo/ros2_ws/src/ros2_interfaces_tutorial/install/setup.zsh'
