[0.015s] Invoking command in '/home/jewoo/ros2_ws/build/ros2_interfaces_tutorial': CMAKE_PREFIX_PATH=${CMAKE_PREFIX_PATH}:/opt/ros/humble:/home/jewoo/ros2_ws/install/ros2_python_tutorial /usr/bin/cmake --build /home/jewoo/ros2_ws/build/ros2_interfaces_tutorial -- -j12 -l12
[0.061s] [  2%] Built target ros2_interfaces_tutorial__cpp
[0.062s] [ 12%] Built target ros2_interfaces_tutorial__rosidl_generator_c
[0.068s] [ 12%] Built target ament_cmake_python_symlink_ros2_interfaces_tutorial
[0.082s] [ 23%] Built target ros2_interfaces_tutorial__rosidl_typesupport_introspection_c
[0.082s] [ 34%] Built target ros2_interfaces_tutorial__rosidl_typesupport_fastrtps_cpp
[0.084s] [ 44%] Built target ros2_interfaces_tutorial__rosidl_typesupport_c
[0.087s] [ 55%] Built target ros2_interfaces_tutorial__rosidl_typesupport_cpp
[0.087s] [ 76%] Built target ros2_interfaces_tutorial__rosidl_typesupport_introspection_cpp
[0.087s] [ 76%] Built target ros2_interfaces_tutorial__rosidl_typesupport_fastrtps_c
[0.104s] [ 76%] Built target ros2_interfaces_tutorial
[0.123s] [ 78%] Built target ros2_interfaces_tutorial__py
[0.142s] [ 87%] Built target ros2_interfaces_tutorial__rosidl_generator_py
[0.162s] [100%] Built target ros2_interfaces_tutorial__rosidl_typesupport_fastrtps_c__pyext
[0.162s] [100%] Built target ros2_interfaces_tutorial__rosidl_typesupport_c__pyext
[0.162s] [100%] Built target ros2_interfaces_tutorial__rosidl_typesupport_introspection_c__pyext
[0.328s] running egg_info
[0.329s] writing ros2_interfaces_tutorial.egg-info/PKG-INFO
[0.329s] writing dependency_links to ros2_interfaces_tutorial.egg-info/dependency_links.txt
[0.329s] writing top-level names to ros2_interfaces_tutorial.egg-info/top_level.txt
[0.358s] reading manifest file 'ros2_interfaces_tutorial.egg-info/SOURCES.txt'
[0.359s] writing manifest file 'ros2_interfaces_tutorial.egg-info/SOURCES.txt'
[0.382s] [100%] Built target ament_cmake_python_build_ros2_interfaces_tutorial_egg
[0.393s] Invoked command in '/home/jewoo/ros2_ws/build/ros2_interfaces_tutorial' returned '0': CMAKE_PREFIX_PATH=${CMAKE_PREFIX_PATH}:/opt/ros/humble:/home/jewoo/ros2_ws/install/ros2_python_tutorial /usr/bin/cmake --build /home/jewoo/ros2_ws/build/ros2_interfaces_tutorial -- -j12 -l12
[0.479s] Invoking command in '/home/jewoo/ros2_ws/build/ros2_interfaces_tutorial': CMAKE_PREFIX_PATH=${CMAKE_PREFIX_PATH}:/opt/ros/humble:/home/jewoo/ros2_ws/install/ros2_python_tutorial /usr/bin/cmake --install /home/jewoo/ros2_ws/build/ros2_interfaces_tutorial
[0.485s] -- Install configuration: ""
[0.485s] -- Execute custom install script
[0.485s] -- Up-to-date symlink: /home/jewoo/ros2_ws/install/ros2_interfaces_tutorial/share/ament_index/resource_index/rosidl_interfaces/ros2_interfaces_tutorial
[0.486s] -- Up-to-date symlink: /home/jewoo/ros2_ws/install/ros2_interfaces_tutorial/include/ros2_interfaces_tutorial/ros2_interfaces_tutorial/msg/detail/sphere__functions.h
[0.486s] -- Up-to-date symlink: /home/jewoo/ros2_ws/install/ros2_interfaces_tutorial/include/ros2_interfaces_tutorial/ros2_interfaces_tutorial/msg/detail/sphere__struct.h
[0.486s] -- Up-to-date symlink: /home/jewoo/ros2_ws/install/ros2_interfaces_tutorial/include/ros2_interfaces_tutorial/ros2_interfaces_tutorial/msg/detail/sphere__type_support.h
[0.486s] -- Up-to-date symlink: /home/jewoo/ros2_ws/install/ros2_interfaces_tutorial/include/ros2_interfaces_tutorial/ros2_interfaces_tutorial/msg/detail/spheres__functions.h
[0.486s] -- Up-to-date symlink: /home/jewoo/ros2_ws/install/ros2_interfaces_tutorial/include/ros2_interfaces_tutorial/ros2_interfaces_tutorial/msg/detail/spheres__struct.h
[0.486s] -- Up-to-date symlink: /home/jewoo/ros2_ws/install/ros2_interfaces_tutorial/include/ros2_interfaces_tutorial/ros2_interfaces_tutorial/msg/detail/spheres__type_support.h
[0.487s] -- Up-to-date symlink: /home/jewoo/ros2_ws/install/ros2_interfaces_tutorial/include/ros2_interfaces_tutorial/ros2_interfaces_tutorial/msg/rosidl_generator_c__visibility_control.h
[0.487s] -- Up-to-date symlink: /home/jewoo/ros2_ws/install/ros2_interfaces_tutorial/include/ros2_interfaces_tutorial/ros2_interfaces_tutorial/msg/sphere.h
[0.487s] -- Up-to-date symlink: /home/jewoo/ros2_ws/install/ros2_interfaces_tutorial/include/ros2_interfaces_tutorial/ros2_interfaces_tutorial/msg/spheres.h
[0.487s] -- Up-to-date symlink: /home/jewoo/ros2_ws/install/ros2_interfaces_tutorial/include/ros2_interfaces_tutorial/ros2_interfaces_tutorial/srv/add_three_ints.h
[0.487s] -- Up-to-date symlink: /home/jewoo/ros2_ws/install/ros2_interfaces_tutorial/include/ros2_interfaces_tutorial/ros2_interfaces_tutorial/srv/detail/add_three_ints__functions.h
[0.487s] -- Up-to-date symlink: /home/jewoo/ros2_ws/install/ros2_interfaces_tutorial/include/ros2_interfaces_tutorial/ros2_interfaces_tutorial/srv/detail/add_three_ints__struct.h
[0.487s] -- Up-to-date symlink: /home/jewoo/ros2_ws/install/ros2_interfaces_tutorial/include/ros2_interfaces_tutorial/ros2_interfaces_tutorial/srv/detail/add_three_ints__type_support.h
[0.487s] -- Up-to-date symlink: /home/jewoo/ros2_ws/install/ros2_interfaces_tutorial/share/ros2_interfaces_tutorial/environment/library_path.sh
[0.487s] -- Up-to-date symlink: /home/jewoo/ros2_ws/install/ros2_interfaces_tutorial/share/ros2_interfaces_tutorial/environment/library_path.dsv
[0.488s] -- Up-to-date symlink: /home/jewoo/ros2_ws/install/ros2_interfaces_tutorial/include/ros2_interfaces_tutorial/ros2_interfaces_tutorial/msg/detail/sphere__rosidl_typesupport_fastrtps_c.h
[0.488s] -- Up-to-date symlink: /home/jewoo/ros2_ws/install/ros2_interfaces_tutorial/include/ros2_interfaces_tutorial/ros2_interfaces_tutorial/msg/detail/spheres__rosidl_typesupport_fastrtps_c.h
[0.488s] -- Up-to-date symlink: /home/jewoo/ros2_ws/install/ros2_interfaces_tutorial/include/ros2_interfaces_tutorial/ros2_interfaces_tutorial/msg/rosidl_typesupport_fastrtps_c__visibility_control.h
[0.488s] -- Up-to-date symlink: /home/jewoo/ros2_ws/install/ros2_interfaces_tutorial/include/ros2_interfaces_tutorial/ros2_interfaces_tutorial/srv/detail/add_three_ints__rosidl_typesupport_fastrtps_c.h
[0.489s] -- Up-to-date symlink: /home/jewoo/ros2_ws/install/ros2_interfaces_tutorial/include/ros2_interfaces_tutorial/ros2_interfaces_tutorial/msg/detail/sphere__builder.hpp
[0.489s] -- Up-to-date symlink: /home/jewoo/ros2_ws/install/ros2_interfaces_tutorial/include/ros2_interfaces_tutorial/ros2_interfaces_tutorial/msg/detail/sphere__struct.hpp
[0.489s] -- Up-to-date symlink: /home/jewoo/ros2_ws/install/ros2_interfaces_tutorial/include/ros2_interfaces_tutorial/ros2_interfaces_tutorial/msg/detail/sphere__traits.hpp
[0.489s] -- Up-to-date symlink: /home/jewoo/ros2_ws/install/ros2_interfaces_tutorial/include/ros2_interfaces_tutorial/ros2_interfaces_tutorial/msg/detail/spheres__builder.hpp
[0.489s] -- Up-to-date symlink: /home/jewoo/ros2_ws/install/ros2_interfaces_tutorial/include/ros2_interfaces_tutorial/ros2_interfaces_tutorial/msg/detail/spheres__struct.hpp
[0.489s] -- Up-to-date symlink: /home/jewoo/ros2_ws/install/ros2_interfaces_tutorial/include/ros2_interfaces_tutorial/ros2_interfaces_tutorial/msg/detail/spheres__traits.hpp
[0.489s] -- Up-to-date symlink: /home/jewoo/ros2_ws/install/ros2_interfaces_tutorial/include/ros2_interfaces_tutorial/ros2_interfaces_tutorial/msg/sphere.hpp
[0.489s] -- Up-to-date symlink: /home/jewoo/ros2_ws/install/ros2_interfaces_tutorial/include/ros2_interfaces_tutorial/ros2_interfaces_tutorial/msg/spheres.hpp
[0.489s] -- Up-to-date symlink: /home/jewoo/ros2_ws/install/ros2_interfaces_tutorial/include/ros2_interfaces_tutorial/ros2_interfaces_tutorial/srv/add_three_ints.hpp
[0.490s] -- Up-to-date symlink: /home/jewoo/ros2_ws/install/ros2_interfaces_tutorial/include/ros2_interfaces_tutorial/ros2_interfaces_tutorial/srv/detail/add_three_ints__builder.hpp
[0.490s] -- Up-to-date symlink: /home/jewoo/ros2_ws/install/ros2_interfaces_tutorial/include/ros2_interfaces_tutorial/ros2_interfaces_tutorial/srv/detail/add_three_ints__struct.hpp
[0.490s] -- Up-to-date symlink: /home/jewoo/ros2_ws/install/ros2_interfaces_tutorial/include/ros2_interfaces_tutorial/ros2_interfaces_tutorial/srv/detail/add_three_ints__traits.hpp
[0.490s] -- Up-to-date symlink: /home/jewoo/ros2_ws/install/ros2_interfaces_tutorial/include/ros2_interfaces_tutorial/ros2_interfaces_tutorial/msg/detail/sphere__rosidl_typesupport_fastrtps_cpp.hpp
[0.490s] -- Up-to-date symlink: /home/jewoo/ros2_ws/install/ros2_interfaces_tutorial/include/ros2_interfaces_tutorial/ros2_interfaces_tutorial/msg/detail/spheres__rosidl_typesupport_fastrtps_cpp.hpp
[0.490s] -- Up-to-date symlink: /home/jewoo/ros2_ws/install/ros2_interfaces_tutorial/include/ros2_interfaces_tutorial/ros2_interfaces_tutorial/msg/rosidl_typesupport_fastrtps_cpp__visibility_control.h
[0.491s] -- Up-to-date symlink: /home/jewoo/ros2_ws/install/ros2_interfaces_tutorial/include/ros2_interfaces_tutorial/ros2_interfaces_tutorial/srv/detail/add_three_ints__rosidl_typesupport_fastrtps_cpp.hpp
[0.491s] -- Up-to-date symlink: /home/jewoo/ros2_ws/install/ros2_interfaces_tutorial/include/ros2_interfaces_tutorial/ros2_interfaces_tutorial/msg/detail/sphere__rosidl_typesupport_introspection_c.h
[0.491s] -- Up-to-date symlink: /home/jewoo/ros2_ws/install/ros2_interfaces_tutorial/include/ros2_interfaces_tutorial/ros2_interfaces_tutorial/msg/detail/spheres__rosidl_typesupport_introspection_c.h
[0.491s] -- Up-to-date symlink: /home/jewoo/ros2_ws/install/ros2_interfaces_tutorial/include/ros2_interfaces_tutorial/ros2_interfaces_tutorial/msg/rosidl_typesupport_introspection_c__visibility_control.h
[0.491s] -- Up-to-date symlink: /home/jewoo/ros2_ws/install/ros2_interfaces_tutorial/include/ros2_interfaces_tutorial/ros2_interfaces_tutorial/srv/detail/add_three_ints__rosidl_typesupport_introspection_c.h
[0.492s] -- Up-to-date symlink: /home/jewoo/ros2_ws/install/ros2_interfaces_tutorial/include/ros2_interfaces_tutorial/ros2_interfaces_tutorial/msg/detail/sphere__rosidl_typesupport_introspection_cpp.hpp
[0.492s] -- Up-to-date symlink: /home/jewoo/ros2_ws/install/ros2_interfaces_tutorial/include/ros2_interfaces_tutorial/ros2_interfaces_tutorial/msg/detail/spheres__rosidl_typesupport_introspection_cpp.hpp
[0.492s] -- Up-to-date symlink: /home/jewoo/ros2_ws/install/ros2_interfaces_tutorial/include/ros2_interfaces_tutorial/ros2_interfaces_tutorial/srv/detail/add_three_ints__rosidl_typesupport_introspection_cpp.hpp
[0.492s] -- Up-to-date symlink: /home/jewoo/ros2_ws/install/ros2_interfaces_tutorial/share/ros2_interfaces_tutorial/environment/pythonpath.sh
[0.492s] -- Up-to-date symlink: /home/jewoo/ros2_ws/install/ros2_interfaces_tutorial/share/ros2_interfaces_tutorial/environment/pythonpath.dsv
[0.492s] -- Up-to-date symlink: /home/jewoo/ros2_ws/install/ros2_interfaces_tutorial/local/lib/python3.10/dist-packages/ros2_interfaces_tutorial-0.0.0-py3.10.egg-info/PKG-INFO
[0.493s] -- Up-to-date symlink: /home/jewoo/ros2_ws/install/ros2_interfaces_tutorial/local/lib/python3.10/dist-packages/ros2_interfaces_tutorial-0.0.0-py3.10.egg-info/SOURCES.txt
[0.493s] -- Up-to-date symlink: /home/jewoo/ros2_ws/install/ros2_interfaces_tutorial/local/lib/python3.10/dist-packages/ros2_interfaces_tutorial-0.0.0-py3.10.egg-info/dependency_links.txt
[0.493s] -- Up-to-date symlink: /home/jewoo/ros2_ws/install/ros2_interfaces_tutorial/local/lib/python3.10/dist-packages/ros2_interfaces_tutorial-0.0.0-py3.10.egg-info/top_level.txt
[0.493s] -- Up-to-date symlink: /home/jewoo/ros2_ws/install/ros2_interfaces_tutorial/local/lib/python3.10/dist-packages/ros2_interfaces_tutorial/__init__.py
[0.493s] -- Up-to-date symlink: /home/jewoo/ros2_ws/install/ros2_interfaces_tutorial/local/lib/python3.10/dist-packages/ros2_interfaces_tutorial/_ros2_interfaces_tutorial_s.ep.rosidl_typesupport_c.c
[0.494s] -- Up-to-date symlink: /home/jewoo/ros2_ws/install/ros2_interfaces_tutorial/local/lib/python3.10/dist-packages/ros2_interfaces_tutorial/_ros2_interfaces_tutorial_s.ep.rosidl_typesupport_fastrtps_c.c
[0.494s] -- Up-to-date symlink: /home/jewoo/ros2_ws/install/ros2_interfaces_tutorial/local/lib/python3.10/dist-packages/ros2_interfaces_tutorial/_ros2_interfaces_tutorial_s.ep.rosidl_typesupport_introspection_c.c
[0.494s] -- Up-to-date symlink: /home/jewoo/ros2_ws/install/ros2_interfaces_tutorial/local/lib/python3.10/dist-packages/ros2_interfaces_tutorial/libros2_interfaces_tutorial__rosidl_generator_py.so
[0.494s] -- Up-to-date symlink: /home/jewoo/ros2_ws/install/ros2_interfaces_tutorial/local/lib/python3.10/dist-packages/ros2_interfaces_tutorial/msg/__init__.py
[0.494s] -- Up-to-date symlink: /home/jewoo/ros2_ws/install/ros2_interfaces_tutorial/local/lib/python3.10/dist-packages/ros2_interfaces_tutorial/msg/_sphere.py
[0.494s] -- Up-to-date symlink: /home/jewoo/ros2_ws/install/ros2_interfaces_tutorial/local/lib/python3.10/dist-packages/ros2_interfaces_tutorial/msg/_sphere_s.c
[0.494s] -- Up-to-date symlink: /home/jewoo/ros2_ws/install/ros2_interfaces_tutorial/local/lib/python3.10/dist-packages/ros2_interfaces_tutorial/msg/_spheres.py
[0.494s] -- Up-to-date symlink: /home/jewoo/ros2_ws/install/ros2_interfaces_tutorial/local/lib/python3.10/dist-packages/ros2_interfaces_tutorial/msg/_spheres_s.c
[0.494s] -- Up-to-date symlink: /home/jewoo/ros2_ws/install/ros2_interfaces_tutorial/local/lib/python3.10/dist-packages/ros2_interfaces_tutorial/ros2_interfaces_tutorial_s__rosidl_typesupport_c.cpython-310-x86_64-linux-gnu.so
[0.494s] -- Up-to-date symlink: /home/jewoo/ros2_ws/install/ros2_interfaces_tutorial/local/lib/python3.10/dist-packages/ros2_interfaces_tutorial/ros2_interfaces_tutorial_s__rosidl_typesupport_fastrtps_c.cpython-310-x86_64-linux-gnu.so
[0.495s] -- Up-to-date symlink: /home/jewoo/ros2_ws/install/ros2_interfaces_tutorial/local/lib/python3.10/dist-packages/ros2_interfaces_tutorial/ros2_interfaces_tutorial_s__rosidl_typesupport_introspection_c.cpython-310-x86_64-linux-gnu.so
[0.495s] -- Up-to-date symlink: /home/jewoo/ros2_ws/install/ros2_interfaces_tutorial/local/lib/python3.10/dist-packages/ros2_interfaces_tutorial/srv/__init__.py
[0.495s] -- Up-to-date symlink: /home/jewoo/ros2_ws/install/ros2_interfaces_tutorial/local/lib/python3.10/dist-packages/ros2_interfaces_tutorial/srv/_add_three_ints.py
[0.495s] -- Up-to-date symlink: /home/jewoo/ros2_ws/install/ros2_interfaces_tutorial/local/lib/python3.10/dist-packages/ros2_interfaces_tutorial/srv/_add_three_ints_s.c
[0.495s] -- Up-to-date symlink: /home/jewoo/ros2_ws/install/ros2_interfaces_tutorial/local/lib/python3.10/dist-packages/ros2_interfaces_tutorial/ros2_interfaces_tutorial_s__rosidl_typesupport_fastrtps_c.cpython-310-x86_64-linux-gnu.so
[0.495s] -- Up-to-date symlink: /home/jewoo/ros2_ws/install/ros2_interfaces_tutorial/local/lib/python3.10/dist-packages/ros2_interfaces_tutorial/ros2_interfaces_tutorial_s__rosidl_typesupport_introspection_c.cpython-310-x86_64-linux-gnu.so
[0.496s] -- Up-to-date symlink: /home/jewoo/ros2_ws/install/ros2_interfaces_tutorial/local/lib/python3.10/dist-packages/ros2_interfaces_tutorial/ros2_interfaces_tutorial_s__rosidl_typesupport_c.cpython-310-x86_64-linux-gnu.so
[0.496s] -- Up-to-date symlink: /home/jewoo/ros2_ws/install/ros2_interfaces_tutorial/share/ros2_interfaces_tutorial/msg/Sphere.idl
[0.496s] -- Up-to-date symlink: /home/jewoo/ros2_ws/install/ros2_interfaces_tutorial/share/ros2_interfaces_tutorial/msg/Spheres.idl
[0.496s] -- Up-to-date symlink: /home/jewoo/ros2_ws/install/ros2_interfaces_tutorial/share/ros2_interfaces_tutorial/srv/AddThreeInts.idl
[0.496s] -- Up-to-date symlink: /home/jewoo/ros2_ws/install/ros2_interfaces_tutorial/share/ros2_interfaces_tutorial/msg/Sphere.msg
[0.496s] -- Up-to-date symlink: /home/jewoo/ros2_ws/install/ros2_interfaces_tutorial/share/ros2_interfaces_tutorial/msg/Spheres.msg
[0.497s] -- Up-to-date symlink: /home/jewoo/ros2_ws/install/ros2_interfaces_tutorial/share/ros2_interfaces_tutorial/srv/AddThreeInts.srv
[0.497s] -- Up-to-date symlink: /home/jewoo/ros2_ws/install/ros2_interfaces_tutorial/share/ros2_interfaces_tutorial/srv/AddThreeInts_Request.msg
[0.497s] -- Up-to-date symlink: /home/jewoo/ros2_ws/install/ros2_interfaces_tutorial/share/ros2_interfaces_tutorial/srv/AddThreeInts_Response.msg
[0.497s] -- Up-to-date symlink: /home/jewoo/ros2_ws/install/ros2_interfaces_tutorial/share/ament_index/resource_index/package_run_dependencies/ros2_interfaces_tutorial
[0.497s] -- Up-to-date symlink: /home/jewoo/ros2_ws/install/ros2_interfaces_tutorial/share/ament_index/resource_index/parent_prefix_path/ros2_interfaces_tutorial
[0.497s] -- Up-to-date symlink: /home/jewoo/ros2_ws/install/ros2_interfaces_tutorial/share/ros2_interfaces_tutorial/environment/ament_prefix_path.sh
[0.497s] -- Up-to-date symlink: /home/jewoo/ros2_ws/install/ros2_interfaces_tutorial/share/ros2_interfaces_tutorial/environment/ament_prefix_path.dsv
[0.498s] -- Up-to-date symlink: /home/jewoo/ros2_ws/install/ros2_interfaces_tutorial/share/ros2_interfaces_tutorial/environment/path.sh
[0.498s] -- Up-to-date symlink: /home/jewoo/ros2_ws/install/ros2_interfaces_tutorial/share/ros2_interfaces_tutorial/environment/path.dsv
[0.498s] -- Up-to-date symlink: /home/jewoo/ros2_ws/install/ros2_interfaces_tutorial/share/ros2_interfaces_tutorial/local_setup.bash
[0.498s] -- Up-to-date symlink: /home/jewoo/ros2_ws/install/ros2_interfaces_tutorial/share/ros2_interfaces_tutorial/local_setup.sh
[0.498s] -- Up-to-date symlink: /home/jewoo/ros2_ws/install/ros2_interfaces_tutorial/share/ros2_interfaces_tutorial/local_setup.zsh
[0.498s] -- Up-to-date symlink: /home/jewoo/ros2_ws/install/ros2_interfaces_tutorial/share/ros2_interfaces_tutorial/local_setup.dsv
[0.498s] -- Symlinking: /home/jewoo/ros2_ws/install/ros2_interfaces_tutorial/share/ros2_interfaces_tutorial/package.dsv
[0.506s] -- Up-to-date symlink: /home/jewoo/ros2_ws/install/ros2_interfaces_tutorial/share/ament_index/resource_index/packages/ros2_interfaces_tutorial
[0.506s] -- Up-to-date symlink: /home/jewoo/ros2_ws/install/ros2_interfaces_tutorial/share/ros2_interfaces_tutorial/cmake/rosidl_cmake-extras.cmake
[0.506s] -- Up-to-date symlink: /home/jewoo/ros2_ws/install/ros2_interfaces_tutorial/share/ros2_interfaces_tutorial/cmake/ament_cmake_export_dependencies-extras.cmake
[0.506s] -- Up-to-date symlink: /home/jewoo/ros2_ws/install/ros2_interfaces_tutorial/share/ros2_interfaces_tutorial/cmake/ament_cmake_export_include_directories-extras.cmake
[0.506s] -- Up-to-date symlink: /home/jewoo/ros2_ws/install/ros2_interfaces_tutorial/share/ros2_interfaces_tutorial/cmake/ament_cmake_export_libraries-extras.cmake
[0.506s] -- Up-to-date symlink: /home/jewoo/ros2_ws/install/ros2_interfaces_tutorial/share/ros2_interfaces_tutorial/cmake/ament_cmake_export_targets-extras.cmake
[0.507s] -- Up-to-date symlink: /home/jewoo/ros2_ws/install/ros2_interfaces_tutorial/share/ros2_interfaces_tutorial/cmake/rosidl_cmake_export_typesupport_targets-extras.cmake
[0.507s] -- Up-to-date symlink: /home/jewoo/ros2_ws/install/ros2_interfaces_tutorial/share/ros2_interfaces_tutorial/cmake/rosidl_cmake_export_typesupport_libraries-extras.cmake
[0.507s] -- Up-to-date symlink: /home/jewoo/ros2_ws/install/ros2_interfaces_tutorial/share/ros2_interfaces_tutorial/cmake/ros2_interfaces_tutorialConfig.cmake
[0.507s] -- Up-to-date symlink: /home/jewoo/ros2_ws/install/ros2_interfaces_tutorial/share/ros2_interfaces_tutorial/cmake/ros2_interfaces_tutorialConfig-version.cmake
[0.507s] -- Up-to-date symlink: /home/jewoo/ros2_ws/install/ros2_interfaces_tutorial/share/ros2_interfaces_tutorial/package.xml
[0.507s] -- Up-to-date: /home/jewoo/ros2_ws/install/ros2_interfaces_tutorial/lib/libros2_interfaces_tutorial__rosidl_generator_c.so
[0.508s] -- Up-to-date: /home/jewoo/ros2_ws/install/ros2_interfaces_tutorial/lib/libros2_interfaces_tutorial__rosidl_typesupport_fastrtps_c.so
[0.508s] -- Up-to-date: /home/jewoo/ros2_ws/install/ros2_interfaces_tutorial/lib/libros2_interfaces_tutorial__rosidl_typesupport_fastrtps_cpp.so
[0.508s] -- Up-to-date: /home/jewoo/ros2_ws/install/ros2_interfaces_tutorial/lib/libros2_interfaces_tutorial__rosidl_typesupport_introspection_c.so
[0.509s] -- Up-to-date: /home/jewoo/ros2_ws/install/ros2_interfaces_tutorial/lib/libros2_interfaces_tutorial__rosidl_typesupport_c.so
[0.509s] -- Up-to-date: /home/jewoo/ros2_ws/install/ros2_interfaces_tutorial/lib/libros2_interfaces_tutorial__rosidl_typesupport_introspection_cpp.so
[0.509s] -- Up-to-date: /home/jewoo/ros2_ws/install/ros2_interfaces_tutorial/lib/libros2_interfaces_tutorial__rosidl_typesupport_cpp.so
[0.539s] Listing '/home/jewoo/ros2_ws/install/ros2_interfaces_tutorial/local/lib/python3.10/dist-packages/ros2_interfaces_tutorial'...
[0.539s] Listing '/home/jewoo/ros2_ws/install/ros2_interfaces_tutorial/local/lib/python3.10/dist-packages/ros2_interfaces_tutorial/msg'...
[0.539s] Listing '/home/jewoo/ros2_ws/install/ros2_interfaces_tutorial/local/lib/python3.10/dist-packages/ros2_interfaces_tutorial/srv'...
[0.542s] -- Up-to-date: /home/jewoo/ros2_ws/install/ros2_interfaces_tutorial/lib/libros2_interfaces_tutorial__rosidl_generator_py.so
[0.543s] -- Up-to-date: /home/jewoo/ros2_ws/install/ros2_interfaces_tutorial/share/ros2_interfaces_tutorial/cmake/export_ros2_interfaces_tutorial__rosidl_generator_cExport.cmake
[0.543s] -- Up-to-date: /home/jewoo/ros2_ws/install/ros2_interfaces_tutorial/share/ros2_interfaces_tutorial/cmake/export_ros2_interfaces_tutorial__rosidl_generator_cExport-noconfig.cmake
[0.543s] -- Up-to-date: /home/jewoo/ros2_ws/install/ros2_interfaces_tutorial/share/ros2_interfaces_tutorial/cmake/export_ros2_interfaces_tutorial__rosidl_typesupport_fastrtps_cExport.cmake
[0.543s] -- Up-to-date: /home/jewoo/ros2_ws/install/ros2_interfaces_tutorial/share/ros2_interfaces_tutorial/cmake/export_ros2_interfaces_tutorial__rosidl_typesupport_fastrtps_cExport-noconfig.cmake
[0.543s] -- Up-to-date: /home/jewoo/ros2_ws/install/ros2_interfaces_tutorial/share/ros2_interfaces_tutorial/cmake/export_ros2_interfaces_tutorial__rosidl_generator_cppExport.cmake
[0.543s] -- Up-to-date: /home/jewoo/ros2_ws/install/ros2_interfaces_tutorial/share/ros2_interfaces_tutorial/cmake/export_ros2_interfaces_tutorial__rosidl_typesupport_fastrtps_cppExport.cmake
[0.543s] -- Up-to-date: /home/jewoo/ros2_ws/install/ros2_interfaces_tutorial/share/ros2_interfaces_tutorial/cmake/export_ros2_interfaces_tutorial__rosidl_typesupport_fastrtps_cppExport-noconfig.cmake
[0.544s] -- Up-to-date: /home/jewoo/ros2_ws/install/ros2_interfaces_tutorial/share/ros2_interfaces_tutorial/cmake/ros2_interfaces_tutorial__rosidl_typesupport_introspection_cExport.cmake
[0.544s] -- Up-to-date: /home/jewoo/ros2_ws/install/ros2_interfaces_tutorial/share/ros2_interfaces_tutorial/cmake/ros2_interfaces_tutorial__rosidl_typesupport_introspection_cExport-noconfig.cmake
[0.544s] -- Up-to-date: /home/jewoo/ros2_ws/install/ros2_interfaces_tutorial/share/ros2_interfaces_tutorial/cmake/ros2_interfaces_tutorial__rosidl_typesupport_cExport.cmake
[0.544s] -- Up-to-date: /home/jewoo/ros2_ws/install/ros2_interfaces_tutorial/share/ros2_interfaces_tutorial/cmake/ros2_interfaces_tutorial__rosidl_typesupport_cExport-noconfig.cmake
[0.544s] -- Up-to-date: /home/jewoo/ros2_ws/install/ros2_interfaces_tutorial/share/ros2_interfaces_tutorial/cmake/ros2_interfaces_tutorial__rosidl_typesupport_introspection_cppExport.cmake
[0.544s] -- Up-to-date: /home/jewoo/ros2_ws/install/ros2_interfaces_tutorial/share/ros2_interfaces_tutorial/cmake/ros2_interfaces_tutorial__rosidl_typesupport_introspection_cppExport-noconfig.cmake
[0.544s] -- Up-to-date: /home/jewoo/ros2_ws/install/ros2_interfaces_tutorial/share/ros2_interfaces_tutorial/cmake/ros2_interfaces_tutorial__rosidl_typesupport_cppExport.cmake
[0.544s] -- Up-to-date: /home/jewoo/ros2_ws/install/ros2_interfaces_tutorial/share/ros2_interfaces_tutorial/cmake/ros2_interfaces_tutorial__rosidl_typesupport_cppExport-noconfig.cmake
[0.544s] -- Up-to-date: /home/jewoo/ros2_ws/install/ros2_interfaces_tutorial/share/ros2_interfaces_tutorial/cmake/export_ros2_interfaces_tutorial__rosidl_generator_pyExport.cmake
[0.544s] -- Up-to-date: /home/jewoo/ros2_ws/install/ros2_interfaces_tutorial/share/ros2_interfaces_tutorial/cmake/export_ros2_interfaces_tutorial__rosidl_generator_pyExport-noconfig.cmake
[0.545s] Invoked command in '/home/jewoo/ros2_ws/build/ros2_interfaces_tutorial' returned '0': CMAKE_PREFIX_PATH=${CMAKE_PREFIX_PATH}:/opt/ros/humble:/home/jewoo/ros2_ws/install/ros2_python_tutorial /usr/bin/cmake --install /home/jewoo/ros2_ws/build/ros2_interfaces_tutorial
