[0.040s] Invoking command in '/home/jewoo/ros2_ws/src/build/rqt_gui_cpp': /usr/bin/cmake /home/jewoo/ros2_ws/src/rqt/rqt_gui_cpp -DCATKIN_INSTALL_INTO_PREFIX_ROOT=0 -DCATKIN_SYMLINK_INSTALL=ON -DCMAKE_INSTALL_PREFIX=/home/jewoo/ros2_ws/src/install/rqt_gui_cpp
[0.645s] -- The C compiler identification is GNU 11.4.0
[0.646s] -- The CXX compiler identification is GNU 11.4.0
[0.646s] -- Detecting C compiler ABI info
[0.646s] -- Detecting C compiler ABI info - done
[0.647s] -- Check for working C compiler: /usr/bin/cc - skipped
[0.649s] -- Detecting C compile features
[0.649s] -- Detecting C compile features - done
[0.649s] -- Detecting CXX compiler ABI info
[0.649s] -- Detecting CXX compiler ABI info - done
[0.650s] -- Check for working CXX compiler: /usr/bin/c++ - skipped
[0.650s] -- Detecting CXX compile features
[0.650s] -- Detecting CXX compile features - done
[0.652s] -- Configuring incomplete, errors occurred!
[0.652s] See also "/home/jewoo/ros2_ws/src/build/rqt_gui_cpp/CMakeFiles/CMakeOutput.log".
[0.652s] [31mCMake Error at CMakeLists.txt:4 (find_package):
[0.652s]   By not providing "Findcatkin.cmake" in CMAKE_MODULE_PATH this project has
[0.653s]   asked CMake to find a package configuration file provided by "catkin", but
[0.653s]   CMake did not find one.
[0.653s] 
[0.653s]   Could not find a package configuration file provided by "catkin" with any
[0.654s]   of the following names:
[0.654s] 
[0.654s]     catkinConfig.cmake
[0.656s]     catkin-config.cmake
[0.656s] 
[0.656s]   Add the installation prefix of "catkin" to CMAKE_PREFIX_PATH or set
[0.656s]   "catkin_DIR" to a directory containing one of the above files.  If "catkin"
[0.657s]   provides a separate development package or SDK, be sure it has been
[0.657s]   installed.
[0.657s] 
[0.658s] [0m
[0.658s] Invoked command in '/home/jewoo/ros2_ws/src/build/rqt_gui_cpp' returned '1': /usr/bin/cmake /home/jewoo/ros2_ws/src/rqt/rqt_gui_cpp -DCATKIN_INSTALL_INTO_PREFIX_ROOT=0 -DCATKIN_SYMLINK_INSTALL=ON -DCMAKE_INSTALL_PREFIX=/home/jewoo/ros2_ws/src/install/rqt_gui_cpp
