[0.701s] Invoking command in '/home/jewoo/ros2_ws/build/ros2_python_tutorial': PYTHONPATH=/home/jewoo/ros2_ws/build/ros2_python_tutorial/prefix_override:/usr/lib/python3/dist-packages/colcon_core/task/python/colcon_distutils_commands:/home/jewoo/ros2_ws/install/ros2_python_tutorial/lib/python3.10/site-packages:${PYTHONPATH} /usr/bin/python3 -W ignore:setup.py install is deprecated setup.py develop --editable --build-directory /home/jewoo/ros2_ws/build/ros2_python_tutorial/build --no-deps symlink_data
[1.009s] running develop
[1.187s] running egg_info
[1.188s] creating ros2_python_tutorial.egg-info
[1.188s] writing ros2_python_tutorial.egg-info/PKG-INFO
[1.188s] writing dependency_links to ros2_python_tutorial.egg-info/dependency_links.txt
[1.188s] writing entry points to ros2_python_tutorial.egg-info/entry_points.txt
[1.188s] writing requirements to ros2_python_tutorial.egg-info/requires.txt
[1.188s] writing top-level names to ros2_python_tutorial.egg-info/top_level.txt
[1.188s] writing manifest file 'ros2_python_tutorial.egg-info/SOURCES.txt'
[1.228s] reading manifest file 'ros2_python_tutorial.egg-info/SOURCES.txt'
[1.229s] writing manifest file 'ros2_python_tutorial.egg-info/SOURCES.txt'
[1.230s] running build_ext
[1.230s] Creating /home/jewoo/ros2_ws/install/ros2_python_tutorial/lib/python3.10/site-packages/ros2-python-tutorial.egg-link (link to .)
[1.232s] Installing client script to /home/jewoo/ros2_ws/install/ros2_python_tutorial/lib/ros2_python_tutorial
[1.232s] Installing custom_msg_publisher script to /home/jewoo/ros2_ws/install/ros2_python_tutorial/lib/ros2_python_tutorial
[1.232s] Installing double_listener script to /home/jewoo/ros2_ws/install/ros2_python_tutorial/lib/ros2_python_tutorial
[1.232s] Installing double_talker script to /home/jewoo/ros2_ws/install/ros2_python_tutorial/lib/ros2_python_tutorial
[1.232s] Installing fast_agent script to /home/jewoo/ros2_ws/install/ros2_python_tutorial/lib/ros2_python_tutorial
[1.233s] Installing listener script to /home/jewoo/ros2_ws/install/ros2_python_tutorial/lib/ros2_python_tutorial
[1.233s] Installing python_node script to /home/jewoo/ros2_ws/install/ros2_python_tutorial/lib/ros2_python_tutorial
[1.233s] Installing server script to /home/jewoo/ros2_ws/install/ros2_python_tutorial/lib/ros2_python_tutorial
[1.233s] Installing slow_agent script to /home/jewoo/ros2_ws/install/ros2_python_tutorial/lib/ros2_python_tutorial
[1.233s] Installing talker script to /home/jewoo/ros2_ws/install/ros2_python_tutorial/lib/ros2_python_tutorial
[1.233s] Installing toggle_led_client script to /home/jewoo/ros2_ws/install/ros2_python_tutorial/lib/ros2_python_tutorial
[1.233s] Installing toggle_led_service script to /home/jewoo/ros2_ws/install/ros2_python_tutorial/lib/ros2_python_tutorial
[1.234s] 
[1.234s] Installed /home/jewoo/ros2_ws/build/ros2_python_tutorial
[1.234s] running symlink_data
[1.234s] creating /home/jewoo/ros2_ws/install/ros2_python_tutorial/share/ament_index
[1.234s] creating /home/jewoo/ros2_ws/install/ros2_python_tutorial/share/ament_index/resource_index
[1.234s] creating /home/jewoo/ros2_ws/install/ros2_python_tutorial/share/ament_index/resource_index/packages
[1.234s] symbolically linking /home/jewoo/ros2_ws/build/ros2_python_tutorial/resource/ros2_python_tutorial -> /home/jewoo/ros2_ws/install/ros2_python_tutorial/share/ament_index/resource_index/packages
[1.235s] symbolically linking /home/jewoo/ros2_ws/build/ros2_python_tutorial/package.xml -> /home/jewoo/ros2_ws/install/ros2_python_tutorial/share/ros2_python_tutorial
[1.235s] creating /home/jewoo/ros2_ws/install/ros2_python_tutorial/share/ros2_python_tutorial/launch
[1.235s] symbolically linking /home/jewoo/ros2_ws/build/ros2_python_tutorial/launch/turtlesim_mimic_launch.py -> /home/jewoo/ros2_ws/install/ros2_python_tutorial/share/ros2_python_tutorial/launch
[1.235s] symbolically linking /home/jewoo/ros2_ws/build/ros2_python_tutorial/launch/turtlebot_square_control_launch.py -> /home/jewoo/ros2_ws/install/ros2_python_tutorial/share/ros2_python_tutorial/launch
[1.273s] Invoked command in '/home/jewoo/ros2_ws/build/ros2_python_tutorial' returned '0': PYTHONPATH=/home/jewoo/ros2_ws/build/ros2_python_tutorial/prefix_override:/usr/lib/python3/dist-packages/colcon_core/task/python/colcon_distutils_commands:/home/jewoo/ros2_ws/install/ros2_python_tutorial/lib/python3.10/site-packages:${PYTHONPATH} /usr/bin/python3 -W ignore:setup.py install is deprecated setup.py develop --editable --build-directory /home/jewoo/ros2_ws/build/ros2_python_tutorial/build --no-deps symlink_data
