[  2%] Built target ros2_interfaces_tutorial__cpp
[ 12%] Built target ros2_interfaces_tutorial__rosidl_generator_c
[ 12%] Built target ament_cmake_python_symlink_ros2_interfaces_tutorial
[ 51%] Built target ros2_interfaces_tutorial__rosidl_typesupport_cpp
[ 51%] Built target ros2_interfaces_tutorial__rosidl_typesupport_fastrtps_cpp
[ 55%] Built target ros2_interfaces_tutorial__rosidl_typesupport_introspection_c
[ 55%] Built target ros2_interfaces_tutorial__rosidl_typesupport_introspection_cpp
[ 65%] Built target ros2_interfaces_tutorial__rosidl_typesupport_c
[ 76%] Built target ros2_interfaces_tutorial__rosidl_typesupport_fastrtps_c
[ 76%] Built target ros2_interfaces_tutorial
[ 78%] Built target ros2_interfaces_tutorial__py
[ 87%] Built target ros2_interfaces_tutorial__rosidl_generator_py
[ 91%] Built target ros2_interfaces_tutorial__rosidl_typesupport_fastrtps_c__pyext
[ 95%] Built target ros2_interfaces_tutorial__rosidl_typesupport_introspection_c__pyext
[100%] Built target ros2_interfaces_tutorial__rosidl_typesupport_c__pyext
running egg_info
writing ros2_interfaces_tutorial.egg-info/PKG-INFO
writing dependency_links to ros2_interfaces_tutorial.egg-info/dependency_links.txt
writing top-level names to ros2_interfaces_tutorial.egg-info/top_level.txt
reading manifest file 'ros2_interfaces_tutorial.egg-info/SOURCES.txt'
writing manifest file 'ros2_interfaces_tutorial.egg-info/SOURCES.txt'
[100%] Built target ament_cmake_python_build_ros2_interfaces_tutorial_egg
