[0.042s] Invoking command in '/home/jewoo/ros2_ws/src/build/ros2_interfaces_tutorial': CMAKE_PREFIX_PATH=${CMAKE_PREFIX_PATH}:/opt/ros/humble:/home/jewoo/ros2_ws/install/ros2_python_tutorial:/home/jewoo/ros2_ws/install/gazebo_sim /usr/bin/cmake --build /home/jewoo/ros2_ws/src/build/ros2_interfaces_tutorial -- -j12 -l12
[0.648s] [  2%] Built target ros2_interfaces_tutorial__cpp
[0.648s] [ 12%] Built target ros2_interfaces_tutorial__rosidl_generator_c
[0.648s] [ 12%] Built target ament_cmake_python_symlink_ros2_interfaces_tutorial
[0.649s] [ 51%] Built target ros2_interfaces_tutorial__rosidl_typesupport_cpp
[0.649s] [ 51%] Built target ros2_interfaces_tutorial__rosidl_typesupport_fastrtps_cpp
[0.649s] [ 55%] Built target ros2_interfaces_tutorial__rosidl_typesupport_introspection_c
[0.649s] [ 55%] Built target ros2_interfaces_tutorial__rosidl_typesupport_introspection_cpp
[0.649s] [ 65%] Built target ros2_interfaces_tutorial__rosidl_typesupport_c
[0.649s] [ 76%] Built target ros2_interfaces_tutorial__rosidl_typesupport_fastrtps_c
[0.650s] [ 76%] Built target ros2_interfaces_tutorial
[0.650s] [ 78%] Built target ros2_interfaces_tutorial__py
[0.650s] [ 87%] Built target ros2_interfaces_tutorial__rosidl_generator_py
[0.651s] [ 91%] Built target ros2_interfaces_tutorial__rosidl_typesupport_fastrtps_c__pyext
[0.652s] [ 95%] Built target ros2_interfaces_tutorial__rosidl_typesupport_introspection_c__pyext
[0.652s] [100%] Built target ros2_interfaces_tutorial__rosidl_typesupport_c__pyext
[0.705s] running egg_info
[0.707s] writing ros2_interfaces_tutorial.egg-info/PKG-INFO
[0.707s] writing dependency_links to ros2_interfaces_tutorial.egg-info/dependency_links.txt
[0.708s] writing top-level names to ros2_interfaces_tutorial.egg-info/top_level.txt
[0.762s] reading manifest file 'ros2_interfaces_tutorial.egg-info/SOURCES.txt'
[0.764s] writing manifest file 'ros2_interfaces_tutorial.egg-info/SOURCES.txt'
[0.812s] [100%] Built target ament_cmake_python_build_ros2_interfaces_tutorial_egg
