[0.031s] Invoking command in '/home/jewoo/ros2_ws/build/ros2_cpp_tutorial': CMAKE_PREFIX_PATH=${CMAKE_PREFIX_PATH}:/opt/ros/humble:/home/jewoo/ros2_ws/install/ros2_python_tutorial /usr/bin/cmake /home/jewoo/ros2_ws/src/ros2_cpp_tutorial -DCMAKE_BUILD_TYPE=RelWithDebInfo -DAMENT_CMAKE_SYMLINK_INSTALL=1 -DCMAKE_INSTALL_PREFIX=/home/jewoo/ros2_ws/install/ros2_cpp_tutorial
[0.553s] -- Found ament_cmake: 1.3.10 (/opt/ros/humble/share/ament_cmake/cmake)
[0.556s] -- Override CMake install command with custom implementation using symlinks instead of copying resources
[0.556s] -- Found rclcpp: 16.0.10 (/opt/ros/humble/share/rclcpp/cmake)
[0.557s] -- Found rosidl_generator_c: 3.1.5 (/opt/ros/humble/share/rosidl_generator_c/cmake)
[0.557s] -- Found rosidl_adapter: 3.1.5 (/opt/ros/humble/share/rosidl_adapter/cmake)
[0.557s] -- Found rosidl_generator_cpp: 3.1.5 (/opt/ros/humble/share/rosidl_generator_cpp/cmake)
[0.557s] -- Using all available rosidl_typesupport_c: rosidl_typesupport_fastrtps_c;rosidl_typesupport_introspection_c
[0.558s] -- Using all available rosidl_typesupport_cpp: rosidl_typesupport_fastrtps_cpp;rosidl_typesupport_introspection_cpp
[0.558s] -- Found rmw_implementation_cmake: 6.1.2 (/opt/ros/humble/share/rmw_implementation_cmake/cmake)
[0.558s] -- Found rmw_fastrtps_cpp: 6.2.7 (/opt/ros/humble/share/rmw_fastrtps_cpp/cmake)
[0.682s] -- Using RMW implementation 'rmw_fastrtps_cpp' as default
[0.792s] -- Found example_interfaces: 0.9.3 (/opt/ros/humble/share/example_interfaces/cmake)
[0.876s] -- Found ament_lint_auto: 0.12.11 (/opt/ros/humble/share/ament_lint_auto/cmake)
[1.036s] [31mCMake Error at CMakeLists.txt:50 (find_package):
[1.036s]   By not providing "Findros2_interfaces_tutorial.cmake" in CMAKE_MODULE_PATH
[1.036s]   this project has asked CMake to find a package configuration file provided
[1.036s]   by "ros2_interfaces_tutorial", but CMake did not find one.
[1.037s] 
[1.037s]   Could not find a package configuration file provided by
[1.037s]   "ros2_interfaces_tutorial" with any of the following names:
[1.037s] 
[1.037s]     ros2_interfaces_tutorialConfig.cmake
[1.038s]     ros2_interfaces_tutorial-config.cmake
[1.038s] 
[1.038s]   Add the installation prefix of "ros2_interfaces_tutorial" to
[1.038s]   CMAKE_PREFIX_PATH or set "ros2_interfaces_tutorial_DIR" to a directory
[1.038s]   containing one of the above files.  If "ros2_interfaces_tutorial" provides
[1.039s]   a separate development package or SDK, be sure it has been installed.
[1.039s] 
[1.039s] [0m
[1.039s] -- Configuring incomplete, errors occurred!
[1.039s] See also "/home/jewoo/ros2_ws/build/ros2_cpp_tutorial/CMakeFiles/CMakeOutput.log".
[1.050s] Invoked command in '/home/jewoo/ros2_ws/build/ros2_cpp_tutorial' returned '1': CMAKE_PREFIX_PATH=${CMAKE_PREFIX_PATH}:/opt/ros/humble:/home/jewoo/ros2_ws/install/ros2_python_tutorial /usr/bin/cmake /home/jewoo/ros2_ws/src/ros2_cpp_tutorial -DCMAKE_BUILD_TYPE=RelWithDebInfo -DAMENT_CMAKE_SYMLINK_INSTALL=1 -DCMAKE_INSTALL_PREFIX=/home/jewoo/ros2_ws/install/ros2_cpp_tutorial
